[2024-05-30 08:29:49.734] START: Starting up data/logs/2024/05-May/30-Thursday/round-04-29-26.
[2024-05-30 08:29:51.965] ADMIN: Loading jobban_rank
[2024-05-30 08:29:51.965] ADMIN: jobban_keylist was empty
[2024-05-30 08:29:52.031] ADMIN: Loading Banlist
[2024-05-30 08:29:54.804] GAME: Magmatic Geyser loaded at at 213,28,5
[2024-05-30 08:30:05.497] GAME: Prepper Bunker loaded at at 153,94,5
[2024-05-30 08:30:05.616] GAME: The Killer Rabbit loaded at at 200,42,5
[2024-05-30 08:30:05.636] GAME: Mine Vault 3 loaded at at 67,78,5
[2024-05-30 08:30:06.325] GAME: Cursed Sword Cave loaded at at 21,85,5
[2024-05-30 08:30:06.700] GAME: Quarantined Shuttle loaded at at 74,23,5
[2024-05-30 08:30:06.744] GAME: Supply Drop 1 loaded at at 38,9,5
[2024-05-30 08:30:06.764] GAME: Oregrub Den loaded at at 78,59,5
[2024-05-30 08:30:06.836] GAME: Blast Mine 1 loaded at at 193,106,5
[2024-05-30 08:30:07.187] GAME: Crashed Med Shuttle loaded at at 8,21,5
[2024-05-30 08:30:07.335] GAME: Speakeasy loaded at at 173,33,5
[2024-05-30 08:30:07.557] GAME: spatial anomaly loaded at at 187,160,5
[2024-05-30 08:30:07.578] GAME: Snow 4 loaded at at 184,21,4
[2024-05-30 08:30:07.605] GAME: Lone Kururak Den loaded at at 48,190,4
[2024-05-30 08:30:07.658] GAME: Emergency Pod 2 loaded at at 191,163,4
[2024-05-30 08:30:07.784] GAME: Pride Rock loaded at at 166,68,4
[2024-05-30 08:30:07.891] GAME: VR Den loaded at at 196,138,4
[2024-05-30 08:30:07.950] GAME: Construction Site loaded at at 211,14,4
[2024-05-30 08:30:08.258] GAME: Farm loaded at at 16,46,4
[2024-05-30 08:30:08.516] GAME: Old Library loaded at at 13,210,4
[2024-05-30 08:30:08.555] GAME: Snow 5 loaded at at 218,32,4
[2024-05-30 08:30:08.600] GAME: Irradiated Manhole Cover loaded at at 187,71,4
[2024-05-30 08:30:08.610] GAME: Buried Treasure loaded at at 83,106,4
[2024-05-30 08:30:08.639] GAME: Snow loaded at at 185,55,4
[2024-05-30 08:30:08.893] GAME: Old Hotel loaded at at 96,84,4
[2024-05-30 08:30:09.039] GAME: Empty Explorer's Home loaded at at 44,199,4
[2024-05-30 08:30:09.090] GAME: Camp Site loaded at at 48,115,4
[2024-05-30 08:30:09.118] GAME: Emergency Pod loaded at at 125,102,4
[2024-05-30 08:30:09.140] GAME: Wrecked Shelter loaded at at 171,57,4
[2024-05-30 08:30:09.310] GAME: Hot Spring loaded at at 12,19,4
[2024-05-30 08:30:09.474] GAME: Mechpit loaded at at 152,32,4
[2024-05-30 08:30:09.548] GAME: Ruptured Canister loaded at at 193,76,4
[2024-05-30 08:30:09.574] GAME: Abandoned Bonfire loaded at at 35,26,4
[2024-05-30 08:30:09.596] GAME: Old Supply Drop loaded at at 169,17,4
[2024-05-30 08:30:09.641] GAME: Ration Cache loaded at at 237,21,4
[2024-05-30 08:30:09.676] GAME: Rocky Outcrop loaded at at 80,47,4
[2024-05-30 08:30:09.804] GAME: Snowrock 1 loaded at at 55,73,9
[2024-05-30 08:30:09.942] GAME: Rocky 3 loaded at at 32,62,9
[2024-05-30 08:30:10.118] GAME: Lab 1 loaded at at 75,70,9
[2024-05-30 08:30:10.275] GAME: Frost Oasis loaded at at 203,61,9
[2024-05-30 08:30:10.281] GAME: Musk loaded at at 128,50,9
[2024-05-30 08:30:10.305] GAME: Spider Nest 1 loaded at at 22,51,9
[2024-05-30 08:30:10.669] GAME: Demon Pool loaded at at 96,43,9
[2024-05-30 08:30:10.969] GAME: Drug Den loaded at at 160,58,9
[2024-05-30 08:30:11.027] GAME: Rocky 4 loaded at at 30,90,9
[2024-05-30 08:30:11.075] GAME: Kururak Den loaded at at 63,63,9
[2024-05-30 08:30:11.152] GAME: Mudpit loaded at at 135,67,9
[2024-05-30 08:30:11.505] GAME: Decoupled Engine loaded at at 90,8,9
[2024-05-30 08:30:11.534] GAME: Butcher Shack loaded at at 8,53,9
[2024-05-30 08:30:11.571] GAME: Frostfly Nest loaded at at 106,69,9
[2024-05-30 08:30:11.612] GAME: Spider Nest 1 loaded at at 207,83,9
[2024-05-30 08:30:11.793] GAME: Wolf Den loaded at at 188,16,9
[2024-05-30 08:30:11.854] GAME: Shelter 1 loaded at at 66,39,9
[2024-05-30 08:30:12.036] GAME: Spider Nest 1 loaded at at 138,58,9
[2024-05-30 08:30:12.134] GAME: Emergency Pod 4 loaded at at 51,29,9
[2024-05-30 08:30:12.807] GAME: Cragzone 1 loaded at at 179,29,9
[2024-05-30 08:30:13.762] GAME: Chasm loaded at at 130,35,9
[2024-05-30 08:30:14.382] GAME: Forest Lake loaded at at 27,10,9
[2024-05-30 08:30:16.417] GAME: Smol 1 loaded at at 167,44,9
[2024-05-30 08:30:16.535] GAME: Empty Cabin loaded at at 50,49,9
[2024-05-30 08:30:16.605] GAME: Government Patrol loaded at at 103,89,9
[2024-05-30 08:30:16.709] GAME: Shack 1 loaded at at 79,44,9
[2024-05-30 08:30:16.729] GAME: Spider Nest 1 loaded at at 74,53,9
[2024-05-30 08:30:17.315] GAME: Rocky 1 loaded at at 65,13,9
[2024-05-30 08:30:17.620] GAME: Black Shuttle Down loaded at at 122,170,9
[2024-05-30 08:30:17.777] GAME: Leopardmander Den loaded at at 53,120,9
[2024-05-30 08:30:17.905] GAME: Death Spice Den loaded at at 60,159,9
[2024-05-30 08:30:17.952] GAME: Syndi Drone loaded at at 88,134,9
[2024-05-30 08:30:18.651] GAME: Cliff lake Base loaded at at 160,179,9
[2024-05-30 08:30:18.897] GAME: Great Wolf Den loaded at at 102,135,9
[2024-05-30 08:30:19.096] GAME: Elite Bounty Hunter Den loaded at at 97,165,9
[2024-05-30 08:30:20.586] GAME: DoomP loaded at at 159,114,9
[2024-05-30 08:30:20.892] GAME: Otie Shelter loaded at at 48,217,9
[2024-05-30 08:30:20.971] GAME: DJOutpost 4 loaded at at 9,220,9
[2024-05-30 08:30:21.434] GAME: CaveS loaded at at 9,159,9
[2024-05-30 08:30:21.984] GAME: Chapel 1 loaded at at 213,195,9
[2024-05-30 08:30:22.208] GAME: Raided Mech Hanger loaded at at 108,204,9
[2024-05-30 08:30:22.246] GAME: Emergency Pod 3 loaded at at 114,112,9
[2024-05-30 08:30:22.382] GAME: Plant Den loaded at at 56,45,10
[2024-05-30 08:30:22.647] GAME: Maze loaded at at 162,202,10
[2024-05-30 08:30:22.898] GAME: Fallen Lab loaded at at 112,9,10
[2024-05-30 08:30:23.024] GAME: Leppy Den loaded at at 53,225,10
[2024-05-30 08:30:23.180] GAME: Puzzle Dungeon loaded at at 67,196,10
[2024-05-30 08:30:23.435] GAME: Dragon Den loaded at at 106,209,10
[2024-05-30 08:30:23.885] GAME: Carrier Shuttle loaded at at 209,202,10
[2024-05-30 08:30:24.330] GAME: Vault loaded at at 148,16,10
[2024-05-30 08:30:24.623] GAME: Warzone loaded at at 179,154,10
[2024-05-30 08:30:24.811] GAME: Mouse Takeover loaded at at 108,90,10
[2024-05-30 08:30:25.028] GAME: Eclipse Xenobio Lab loaded at at 182,90,10
[2024-05-30 08:30:25.509] GAME: Blood Church loaded at at 147,156,10
[2024-05-30 08:30:25.667] GAME: Xenobio Lab loaded at at 141,74,10
[2024-05-30 08:30:25.866] GAME: Assualt Base loaded at at 109,64,10
[2024-05-30 08:30:26.509] GAME: Red Shuttle Down loaded at at 85,147,10
[2024-05-30 08:30:28.110] GAME: Raided Pod loaded at at 159,135,10
[2024-05-30 08:30:34.985] GAME: Eclipse Prison loaded at at 13,105,10
[2024-05-30 08:31:30.035] GAME: Z-level VR World loaded at at 1,1,11
[2024-05-30 08:31:30.551] GAME: Z-level Fuel Depot - Z1 Space loaded at at 1,1,12
[2024-05-30 08:31:41.657] GAME: Z-level Thor Surface loaded at at 1,1,13
[2024-05-30 08:31:55.401] GAME: Z-level Snow Field loaded at at 1,1,14
[2024-05-30 08:31:55.401] GAME: Extra z-level Snow Field has no associated map datum
[2024-05-30 08:32:30.317] MISC: a the gibber didn't find an input plate.
[2024-05-30 08:32:33.417] MISC: a the gibber didn't find an input plate.
[2024-05-30 08:38:33.019] GAME: TIDI: 13;3.9;0.78;0.078
[2024-05-30 08:39:33.020] GAME: TIDI: 0;2.73;1.17;0.1872
[2024-05-30 08:40:33.019] GAME: TIDI: 0;1.911;1.3182;0.3003
[2024-05-30 08:41:33.752] GAME: TIDI: 1.16667;1.6877;1.3921;0.40948
[2024-05-30 08:42:25.906] EMOTE: INVALID/(Fitz) (191,144,9): <B>Fitz</B> makes an excited booping sound!
[2024-05-30 08:42:33.824] GAME: TIDI: 0.166667;1.23139;1.35996;0.504528
[2024-05-30 08:42:54.270] GAME: Error: /icon([0x2101a817]) took longer than 0.5 seconds to delete (took 6.1 seconds to delete)
[2024-05-30 08:43:43.494] GAME: TIDI: 16;5.66197;2.22036;0.676111
[2024-05-30 08:43:45.829] EMOTE: INVALID/(Fitz) (191,144,9): <B>Fitz</B> makes an excited booping sound!
[2024-05-30 08:44:38.135] EMOTE: INVALID/(Fitz) (191,144,9): <B>Fitz</B> makes an excited booping sound!
[2024-05-30 08:44:48.905] GAME: TIDI: 9.16667;6.71338;3.11897;0.920397
[2024-05-30 08:45:17.286] EMOTE: INVALID/(Fitz) (191,144,9): <B>Fitz</B> makes an excited booping sound!
[2024-05-30 08:45:54.275] GAME: TIDI: 8.83333;7.34937;3.96505;1.22486
[2024-05-30 08:46:54.417] GAME: TIDI: 0.333333;5.24456;4.22095;1.52447
[2024-05-30 08:47:12.548] EMOTE: INVALID/(Fitz) (191,144,9): <B>Fitz</B> makes an excited booping sound!
[2024-05-30 08:47:52.560] EMOTE: INVALID/(Fitz) (191,144,9): <B>Fitz</B> makes an excited booping sound!
[2024-05-30 08:47:54.502] GAME: TIDI: 0.166667;3.72119;4.121;1.78412
[2024-05-30 08:48:54.956] GAME: TIDI: 0.666667;2.80483;3.85776;1.99149
[2024-05-30 08:49:55.019] GAME: TIDI: 0.166667;2.01338;3.48889;2.14123
[2024-05-30 08:50:17.094] EMOTE: INVALID/(Fitz) (191,144,9): <B>Fitz</B> makes an excited booping sound!
[2024-05-30 08:50:41.105] EMOTE: INVALID/(Fitz) (191,144,9): <B>Fitz</B> makes an excited booping sound!
[2024-05-30 08:50:55.045] GAME: TIDI: 0;1.40937;3.07298;2.2344
[2024-05-30 08:51:55.824] GAME: TIDI: 1.33333;1.38656;2.7357;2.28453
[2024-05-30 08:52:29.915] EMOTE: INVALID/(Fitz) (191,144,9): <B>Fitz</B> makes an excited booping sound!
[2024-05-30 08:52:55.866] GAME: TIDI: 0;0.97059;2.38268;2.29435
[2024-05-30 08:53:39.995] EMOTE: INVALID/(Fitz) (191,144,9): <B>Fitz</B> makes an excited booping sound!
[2024-05-30 08:53:55.942] GAME: TIDI: 0.166667;0.729413;2.05202;2.27011
[2024-05-30 08:54:56.098] GAME: TIDI: 0.166667;0.560589;1.75374;2.21848
[2024-05-30 08:55:56.129] GAME: TIDI: 0.166667;0.442413;1.49147;2.14578
[2024-05-30 08:56:56.186] GAME: TIDI: 0;0.309689;1.25512;2.05671
[2024-05-30 08:57:10.266] EMOTE: INVALID/(Fitz) (191,144,9): <B>Fitz</B> makes an excited booping sound!
[2024-05-30 08:57:12.264] EMOTE: INVALID/(Fitz) (191,144,9): <B>Fitz</B> makes an excited booping sound!
[2024-05-30 08:57:30.278] EMOTE: INVALID/(Fitz) (191,144,9): <B>Fitz</B> makes an excited booping sound!
[2024-05-30 08:57:56.240] GAME: TIDI: 0.166667;0.266782;1.05745;1.95678
[2024-05-30 08:58:50.345] EMOTE: INVALID/(Fitz) (191,144,9): <B>Fitz</B> makes an excited booping sound!
[2024-05-30 08:58:56.354] GAME: TIDI: 0.0832639;0.211727;0.888305;1.84994
[2024-05-30 08:58:56.354] EMOTE: INVALID/(Fitz) (191,144,9): <B>Fitz</B> makes an excited booping sound!
[2024-05-30 08:59:56.402] GAME: TIDI: 0.166667;0.198209;0.750285;1.73997
[2024-05-30 09:00:56.456] GAME: TIDI: 0;0.138746;0.627978;1.62877
[2024-05-30 09:01:56.721] GAME: TIDI: 0.5;0.247122;0.551807;1.52107
[2024-05-30 09:02:57.362] GAME: TIDI: 1;0.472986;0.536042;1.42257
[2024-05-30 09:03:27.562] EMOTE: INVALID/(Fitz) (191,144,9): <B>Fitz</B> makes an excited booping sound!
[2024-05-30 09:03:57.612] GAME: TIDI: 0.5;0.48109;0.525052;1.33282
[2024-05-30 09:04:57.683] GAME: TIDI: 0;0.336763;0.487394;1.24828
[2024-05-30 09:05:58.107] GAME: TIDI: 0.833333;0.485734;0.487062;1.17216
[2024-05-30 09:06:10.110] EMOTE: INVALID/(Fitz) (191,144,9): <B>Fitz</B> makes an excited booping sound!
[2024-05-30 09:06:36.171] EMOTE: INVALID/(Fitz) (191,144,9): <B>Fitz</B> makes an excited booping sound!
[2024-05-30 09:06:58.179] GAME: TIDI: 0;0.340014;0.457653;1.10071
[2024-05-30 09:07:58.234] GAME: TIDI: 0.166667;0.28801;0.423724;1.03301
[2024-05-30 09:08:00.243] EMOTE: INVALID/(Fitz) (191,144,9): <B>Fitz</B> makes an excited booping sound!
[2024-05-30 09:08:58.387] GAME: TIDI: 0.166667;0.251607;0.389301;0.968636
[2024-05-30 09:09:24.419] EMOTE: INVALID/(Fitz) (191,144,9): <B>Fitz</B> makes an excited booping sound!
[2024-05-30 09:09:58.455] GAME: TIDI: 0.166667;0.226125;0.356665;0.907439
[2024-05-30 09:10:30.514] EMOTE: INVALID/(Fitz) (191,144,9): <B>Fitz</B> makes an excited booping sound!
[2024-05-30 09:10:58.528] GAME: TIDI: 0.166667;0.208287;0.32699;0.849394
[2024-05-30 09:11:58.586] GAME: TIDI: 0;0.145801;0.290752;0.79353
[2024-05-30 09:12:58.878] GAME: TIDI: 0.5;0.252061;0.283014;0.742478
[2024-05-30 09:13:59.836] GAME: TIDI: 1.66667;0.676443;0.3617;0.7044
[2024-05-30 09:14:18.749] EMOTE: INVALID/(Fitz) (191,144,9): <B>Fitz</B> makes an excited booping sound!
[2024-05-30 09:15:00.806] GAME: TIDI: 1.66667;0.97351;0.484062;0.682367
[2024-05-30 09:16:00.889] GAME: TIDI: 0;0.681457;0.523541;0.666484
[2024-05-30 09:16:36.915] EMOTE: INVALID/(Fitz) (191,144,9): <B>Fitz</B> makes an excited booping sound!
[2024-05-30 09:17:00.929] GAME: TIDI: 0.166667;0.52702;0.524237;0.652259
[2024-05-30 09:18:00.986] GAME: TIDI: 0;0.368914;0.493172;0.636351
[2024-05-30 09:19:01.804] GAME: TIDI: 1.5;0.70824;0.536186;0.626334
[2024-05-30 09:19:09.820] EMOTE: INVALID/(Fitz) (191,144,9): <B>Fitz</B> makes an excited booping sound!
[2024-05-30 09:19:33.843] EMOTE: INVALID/(Fitz) (191,144,9): <B>Fitz</B> makes an excited booping sound!
[2024-05-30 09:20:01.870] GAME: TIDI: 0;0.495768;0.528102;0.616511
[2024-05-30 09:20:03.873] EMOTE: INVALID/(Fitz) (191,144,9): <B>Fitz</B> makes an excited booping sound!
[2024-05-30 09:20:09.888] EMOTE: INVALID/(Fitz) (191,144,9): <B>Fitz</B> makes an excited booping sound!
[2024-05-30 09:21:02.135] GAME: TIDI: 0.5;0.497037;0.521889;0.607049
[2024-05-30 09:22:02.208] GAME: TIDI: 0.166667;0.397926;0.497097;0.596053
[2024-05-30 09:23:02.282] GAME: TIDI: 0;0.278548;0.453387;0.581787
[2024-05-30 09:23:14.288] EMOTE: INVALID/(Fitz) (191,144,9): <B>Fitz</B> makes an excited booping sound!
[2024-05-30 09:23:32.317] EMOTE: INVALID/(Fitz) (191,144,9): <B>Fitz</B> makes an excited booping sound!
[2024-05-30 09:24:02.341] GAME: TIDI: 0.166667;0.244984;0.411706;0.564779
[2024-05-30 09:25:02.414] GAME: TIDI: 0.166667;0.221489;0.373663;0.545667
[2024-05-30 09:25:44.457] EMOTE: INVALID/(Fitz) (191,144,9): <B>Fitz</B> makes an excited booping sound!
[2024-05-30 09:26:02.481] GAME: TIDI: 0;0.155042;0.329939;0.524094
[2024-05-30 09:26:34.522] EMOTE: INVALID/(Fitz) (191,144,9): <B>Fitz</B> makes an excited booping sound!
[2024-05-30 09:27:02.543] GAME: TIDI: 0.166667;0.158529;0.295657;0.501251
[2024-05-30 09:27:20.564] EMOTE: INVALID/(Fitz) (191,144,9): <B>Fitz</B> makes an excited booping sound!
[2024-05-30 09:28:02.597] GAME: TIDI: 0;0.110971;0.25872;0.476997
[2024-05-30 09:28:22.608] EMOTE: INVALID/(Fitz) (191,144,9): <B>Fitz</B> makes an excited booping sound!
[2024-05-30 09:29:02.679] GAME: TIDI: 0.166667;0.127679;0.232512;0.452549
[2024-05-30 09:29:02.679] EMOTE: INVALID/(Fitz) (191,144,9): <B>Fitz</B> makes an excited booping sound!
[2024-05-30 09:30:02.801] GAME: TIDI: 0.333333;0.189376;0.223884;0.429682
[2024-05-30 09:30:20.822] EMOTE: INVALID/(Fitz) (191,144,9): <B>Fitz</B> makes an excited booping sound!
[2024-05-30 09:31:02.840] GAME: TIDI: 0;0.132563;0.20562;0.407276
[2024-05-30 09:32:02.953] GAME: TIDI: 0.166667;0.142794;0.193055;0.385854
[2024-05-30 09:33:02.999] GAME: TIDI: 0;0.0999558;0.174435;0.364712
[2024-05-30 09:34:03.051] GAME: TIDI: 0.166667;0.119969;0.163542;0.344595
[2024-05-30 09:34:21.063] EMOTE: INVALID/(Fitz) (191,144,9): <B>Fitz</B> makes an excited booping sound!
[2024-05-30 09:35:03.104] GAME: TIDI: 0.166667;0.133978;0.157629;0.325898
[2024-05-30 09:35:33.130] EMOTE: INVALID/(Fitz) (191,144,9): <B>Fitz</B> makes an excited booping sound!
[2024-05-30 09:36:03.160] GAME: TIDI: 0;0.0937849;0.14486;0.307795
[2024-05-30 09:36:27.256] EMOTE: INVALID/(Fitz) (191,144,9): <B>Fitz</B> makes an excited booping sound!
[2024-05-30 09:37:03.284] GAME: TIDI: 0.166667;0.115649;0.139018;0.290917
[2024-05-30 09:37:37.320] EMOTE: INVALID/(Fitz) (191,144,9): <B>Fitz</B> makes an excited booping sound!
[2024-05-30 09:38:03.352] GAME: TIDI: 0.166667;0.130955;0.137405;0.275566
[2024-05-30 09:39:03.404] GAME: TIDI: 0.166667;0.141668;0.138258;0.261835
[2024-05-30 09:40:03.459] GAME: TIDI: 0;0.0991677;0.13044;0.248695
[2024-05-30 09:41:03.498] GAME: TIDI: 0;0.0694174;0.118235;0.235649
[2024-05-30 09:42:03.554] GAME: TIDI: 0.166667;0.0985922;0.114307;0.223515
[2024-05-30 09:43:03.611] GAME: TIDI: 0.166667;0.119015;0.115248;0.212689
[2024-05-30 09:43:03.611] EMOTE: INVALID/(Fitz) (191,144,9): <B>Fitz</B> makes an excited booping sound!
[2024-05-30 09:43:17.632] EMOTE: INVALID/(Fitz) (191,144,9): <B>Fitz</B> makes an excited booping sound!
[2024-05-30 09:43:25.637] EMOTE: INVALID/(Fitz) (191,144,9): <B>Fitz</B> makes an excited booping sound!
[2024-05-30 09:44:03.646] GAME: TIDI: 0;0.0833102;0.108861;0.202306
[2024-05-30 09:45:03.693] GAME: TIDI: 0;0.0583171;0.098752;0.19195
[2024-05-30 09:46:03.738] GAME: TIDI: 0.166667;0.090822;0.097166;0.182472
[2024-05-30 09:47:03.780] GAME: TIDI: 0;0.0635754;0.0904479;0.173269
[2024-05-30 09:48:03.932] GAME: TIDI: 0.333333;0.144503;0.101259;0.166068
[2024-05-30 09:48:31.944] EMOTE: INVALID/(Fitz) (191,144,9): <B>Fitz</B> makes an excited booping sound!
[2024-05-30 09:48:37.944] EMOTE: INVALID/(Fitz) (191,144,9): <B>Fitz</B> makes an excited booping sound!
[2024-05-30 09:49:03.952] GAME: TIDI: 0;0.101152;0.101237;0.159585
[2024-05-30 09:50:04.083] GAME: TIDI: 0.166667;0.120806;0.105151;0.154142
[2024-05-30 09:50:06.082] EMOTE: INVALID/(Fitz) (191,144,9): <B>Fitz</B> makes an excited booping sound!
[2024-05-30 09:51:04.095] GAME: TIDI: 0;0.0845645;0.101034;0.148831
[2024-05-30 09:51:58.152] EMOTE: INVALID/(Fitz) (191,144,9): <B>Fitz</B> makes an excited booping sound!
[2024-05-30 09:52:04.152] GAME: TIDI: 0.166667;0.109195;0.102666;0.144215
[2024-05-30 09:52:12.171] EMOTE: INVALID/(Fitz) (191,144,9): <B>Fitz</B> makes an excited booping sound!
[2024-05-30 09:52:24.177] EMOTE: INVALID/(Fitz) (191,144,9): <B>Fitz</B> makes an excited booping sound!
[2024-05-30 09:53:04.187] GAME: TIDI: 0;0.0764366;0.0974202;0.139535
[2024-05-30 09:53:52.207] EMOTE: INVALID/(Fitz) (191,144,9): <B>Fitz</B> makes an excited booping sound!
[2024-05-30 09:54:04.222] GAME: TIDI: 0.166667;0.103506;0.0986373;0.135445
[2024-05-30 09:54:32.229] EMOTE: INVALID/(Fitz) (191,144,9): <B>Fitz</B> makes an excited booping sound!
[2024-05-30 09:55:04.252] GAME: TIDI: 0;0.0724539;0.0934006;0.131241
[2024-05-30 09:56:04.273] GAME: TIDI: 0;0.0507177;0.0848641;0.126603
[2024-05-30 09:57:04.324] GAME: TIDI: 0.166667;0.0855024;0.0849917;0.122442
[2024-05-30 09:58:04.464] GAME: TIDI: 0.166667;0.109852;0.0899637;0.119194
[2024-05-30 09:59:04.492] GAME: TIDI: 0;0.0768962;0.0873502;0.11601
[2024-05-30 09:59:08.493] EMOTE: INVALID/(Fitz) (191,144,9): <B>Fitz</B> makes an excited booping sound!
[2024-05-30 10:00:04.559] GAME: TIDI: 0.166667;0.103827;0.0906456;0.113473
[2024-05-30 10:00:50.587] EMOTE: INVALID/(Fitz) (191,144,9): <B>Fitz</B> makes an excited booping sound!
[2024-05-30 10:01:04.585] GAME: TIDI: 0;0.0726791;0.0870524;0.110831
[2024-05-30 10:01:32.603] EMOTE: INVALID/(Fitz) (191,144,9): <B>Fitz</B> makes an excited booping sound!
[2024-05-30 10:02:04.615] GAME: TIDI: 0.166667;0.100875;0.089817;0.10873
[2024-05-30 10:03:04.669] GAME: TIDI: 0;0.0706128;0.0859761;0.106454
[2024-05-30 10:04:05.140] GAME: TIDI: 0.833333;0.299429;0.128667;0.108676
[2024-05-30 10:04:57.153] EMOTE: INVALID/(Fitz) (191,144,9): <B>Fitz</B> makes an excited booping sound!
[2024-05-30 10:05:05.157] GAME: TIDI: 0;0.2096;0.144853;0.112293
[2024-05-30 10:06:03.169] EMOTE: INVALID/(Fitz) (191,144,9): <B>Fitz</B> makes an excited booping sound!
[2024-05-30 10:06:05.170] GAME: TIDI: 0;0.14672;0.145227;0.115587
[2024-05-30 10:07:05.233] GAME: TIDI: 0.166667;0.152704;0.146722;0.1187
[2024-05-30 10:07:47.256] EMOTE: INVALID/(Fitz) (191,144,9): <B>Fitz</B> makes an excited booping sound!
[2024-05-30 10:08:05.263] GAME: TIDI: 0;0.106893;0.138756;0.120706
[2024-05-30 10:09:05.274] GAME: TIDI: 0;0.074825;0.12597;0.121232
[2024-05-30 10:09:09.275] EMOTE: INVALID/(Fitz) (191,144,9): <B>Fitz</B> makes an excited booping sound!
[2024-05-30 10:09:23.278] EMOTE: INVALID/(Fitz) (191,144,9): <B>Fitz</B> makes an excited booping sound!
[2024-05-30 10:10:05.530] GAME: TIDI: 0.5;0.202378;0.141252;0.123234
[2024-05-30 10:10:53.549] EMOTE: INVALID/(Fitz) (191,144,9): <B>Fitz</B> makes an excited booping sound!
[2024-05-30 10:11:05.549] GAME: TIDI: 0;0.141664;0.141334;0.125044
[2024-05-30 10:11:33.556] EMOTE: INVALID/(Fitz) (191,144,9): <B>Fitz</B> makes an excited booping sound!
[2024-05-30 10:11:57.564] EMOTE: INVALID/(Fitz) (191,144,9): <B>Fitz</B> makes an excited booping sound!
[2024-05-30 10:12:05.564] GAME: TIDI: 0;0.099165;0.1329;0.12583
[2024-05-30 10:12:39.574] EMOTE: INVALID/(Fitz) (191,144,9): <B>Fitz</B> makes an excited booping sound!
[2024-05-30 10:13:05.581] GAME: TIDI: 0;0.0694155;0.120203;0.125267
[2024-05-30 10:14:05.606] GAME: TIDI: 0.166667;0.0985908;0.115881;0.124329
[2024-05-30 10:15:05.626] GAME: TIDI: 0;0.0690136;0.106507;0.122546
[2024-05-30 10:15:45.662] EMOTE: INVALID/(Fitz) (191,144,9): <B>Fitz</B> makes an excited booping sound!
[2024-05-30 10:15:55.666] EMOTE: INVALID/(Fitz) (191,144,9): <B>Fitz</B> makes an excited booping sound!
[2024-05-30 10:16:05.669] GAME: TIDI: 0;0.0483095;0.0948678;0.119779
[2024-05-30 10:17:05.694] GAME: TIDI: 0;0.0338167;0.0826576;0.116066
[2024-05-30 10:18:05.717] GAME: TIDI: 0.166667;0.0736717;0.0808604;0.112546
[2024-05-30 10:19:03.747] EMOTE: INVALID/(Fitz) (191,144,9): <B>Fitz</B> makes an excited booping sound!
[2024-05-30 10:19:05.747] GAME: TIDI: 0;0.0515702;0.0750024;0.108792
[2024-05-30 10:20:01.771] EMOTE: INVALID/(Fitz) (191,144,9): <B>Fitz</B> makes an excited booping sound!
[2024-05-30 10:20:05.770] GAME: TIDI: 0;0.0360991;0.0672217;0.104635
[2024-05-30 10:20:05.771] EMOTE: INVALID/(Fitz) (191,144,9): <B>Fitz</B> makes an excited booping sound!
[2024-05-30 10:21:05.787] GAME: TIDI: 0;0.0252694;0.0588312;0.100054
[2024-05-30 10:21:13.788] EMOTE: INVALID/(Fitz) (191,144,9): <B>Fitz</B> makes an excited booping sound!
[2024-05-30 10:22:06.038] GAME: TIDI: 0.5;0.167689;0.0806027;0.0981091
[2024-05-30 10:22:36.048] EMOTE: INVALID/(Fitz) (191,144,9): <B>Fitz</B> makes an excited booping sound!
[2024-05-30 10:23:06.054] GAME: TIDI: 0;0.117382;0.0879586;0.097094
[2024-05-30 10:24:06.109] GAME: TIDI: 0.166667;0.132167;0.0968003;0.0970646
[2024-05-30 10:25:06.141] GAME: TIDI: 0;0.0925172;0.0959437;0.0969525
[2024-05-30 10:26:06.164] GAME: TIDI: 0;0.064762;0.0897074;0.096228
[2024-05-30 10:27:04.210] EMOTE: INVALID/(Fitz) (191,144,9): <B>Fitz</B> makes an excited booping sound!
[2024-05-30 10:27:06.211] GAME: TIDI: 0.166667;0.0953334;0.0908326;0.0956885
[2024-05-30 10:27:38.226] EMOTE: INVALID/(Fitz) (191,144,9): <B>Fitz</B> makes an excited booping sound!
[2024-05-30 10:28:06.230] GAME: TIDI: 0;0.0667334;0.0860128;0.0947209
[2024-05-30 10:29:06.266] GAME: TIDI: 0;0.0467134;0.0781529;0.0930641
[2024-05-30 10:30:00.289] EMOTE: INVALID/(Fitz) (191,144,9): <B>Fitz</B> makes an excited booping sound!
[2024-05-30 10:30:06.289] GAME: TIDI: 0;0.0326994;0.0690622;0.0906639
[2024-05-30 10:31:06.308] GAME: TIDI: 0.166667;0.0728896;0.0698277;0.0885803
[2024-05-30 10:31:18.307] EMOTE: INVALID/(Fitz) (191,144,9): <B>Fitz</B> makes an excited booping sound!
[2024-05-30 10:32:06.348] GAME: TIDI: 0;0.0510227;0.0660667;0.0863289
[2024-05-30 10:33:06.374] GAME: TIDI: 0;0.0357159;0.0599965;0.0836957
[2024-05-30 10:34:06.385] GAME: TIDI: 0;0.0250011;0.0529974;0.0806258
[2024-05-30 10:35:06.410] GAME: TIDI: 0.166667;0.0675008;0.0558981;0.0781531
[2024-05-30 10:35:20.413] EMOTE: INVALID/(Fitz) (191,144,9): <B>Fitz</B> makes an excited booping sound!
[2024-05-30 10:36:06.440] GAME: TIDI: 0;0.0472506;0.0541686;0.0757546
[2024-05-30 10:37:06.477] GAME: TIDI: 0;0.0330754;0.04995;0.0731742
[2024-05-30 10:37:26.491] EMOTE: INVALID/(Fitz) (191,144,9): <B>Fitz</B> makes an excited booping sound!
[2024-05-30 10:38:06.539] GAME: TIDI: 0.166667;0.0731528;0.0545905;0.0713158
[2024-05-30 10:38:28.554] EMOTE: INVALID/(Fitz) (191,144,9): <B>Fitz</B> makes an excited booping sound!
[2024-05-30 10:39:06.574] GAME: TIDI: 0;0.0512069;0.0539138;0.0695756
[2024-05-30 10:40:06.605] GAME: TIDI: 0.166667;0.0858449;0.0603;0.068648
[2024-05-30 10:41:06.647] GAME: TIDI: 0;0.0600914;0.0602583;0.0678091
[2024-05-30 10:41:48.664] EMOTE: INVALID/(Fitz) (191,144,9): <B>Fitz</B> makes an excited booping sound!
[2024-05-30 10:42:06.681] GAME: TIDI: 0;0.042064;0.0566194;0.0666901
[2024-05-30 10:42:16.683] EMOTE: INVALID/(Fitz) (191,144,9): <B>Fitz</B> makes an excited booping sound!
[2024-05-30 10:43:06.712] GAME: TIDI: 0.166667;0.0794448;0.0611845;0.0661395
[2024-05-30 10:44:06.762] GAME: TIDI: 0;0.0556113;0.0600699;0.0655326
[2024-05-30 10:44:20.766] EMOTE: INVALID/(Fitz) (191,144,9): <B>Fitz</B> makes an excited booping sound!
[2024-05-30 10:45:06.790] GAME: TIDI: 0;0.0389279;0.0558415;0.0645635
[2024-05-30 10:45:28.798] EMOTE: INVALID/(Fitz) (191,144,9): <B>Fitz</B> makes an excited booping sound!
[2024-05-30 10:46:06.828] GAME: TIDI: 0.166667;0.0772496;0.0601231;0.0641194
[2024-05-30 10:47:06.915] GAME: TIDI: 0.166667;0.104075;0.0689134;0.0645988
[2024-05-30 10:47:48.934] EMOTE: INVALID/(Fitz) (191,144,9): <B>Fitz</B> makes an excited booping sound!
[2024-05-30 10:48:06.943] GAME: TIDI: 0;0.0728523;0.0697012;0.0651091
[2024-05-30 10:49:06.967] GAME: TIDI: 0;0.0509966;0.0659603;0.0651942
[2024-05-30 10:49:30.970] EMOTE: INVALID/(Fitz) (191,144,9): <B>Fitz</B> makes an excited booping sound!
[2024-05-30 10:50:06.995] GAME: TIDI: 0;0.0356976;0.0599077;0.0646655
[2024-05-30 10:51:07.048] GAME: TIDI: 0.166667;0.0749883;0.0629239;0.0644914
[2024-05-30 10:52:07.309] GAME: TIDI: 0.5;0.202492;0.0908375;0.067126
[2024-05-30 10:53:07.320] GAME: TIDI: 0;0.141744;0.101019;0.0705153
[2024-05-30 10:54:07.334] GAME: TIDI: 0;0.099221;0.100659;0.0735297
[2024-05-30 10:54:27.336] EMOTE: INVALID/(Fitz) (191,144,9): <B>Fitz</B> makes an excited booping sound!
[2024-05-30 10:55:07.363] GAME: TIDI: 0;0.0694547;0.0944184;0.0756185
[2024-05-30 10:55:23.490] EMOTE: INVALID/(Fitz) (191,144,9): <B>Fitz</B> makes an excited booping sound!
[2024-05-30 10:55:43.496] EMOTE: INVALID/(Fitz) (191,144,9): <B>Fitz</B> makes an excited booping sound!
[2024-05-30 10:56:07.686] GAME: TIDI: 0.5;0.198618;0.115258;0.0795825
[2024-05-30 10:56:47.777] EMOTE: INVALID/(Fitz) (191,144,9): <B>Fitz</B> makes an excited booping sound!
[2024-05-30 10:56:53.777] EMOTE: INVALID/(Fitz) (191,144,9): <B>Fitz</B> makes an excited booping sound!
[2024-05-30 10:57:07.785] GAME: TIDI: 0.166667;0.189033;0.130013;0.0846256
[2024-05-30 10:58:07.802] GAME: TIDI: 0.166667;0.182323;0.140475;0.0902105
[2024-05-30 10:59:07.929] GAME: TIDI: 0.166667;0.177626;0.147905;0.09598
[2024-05-30 10:59:23.951] EMOTE: INVALID/(Fitz) (191,144,9): <B>Fitz</B> makes an excited booping sound!
[2024-05-30 11:00:05.972] EMOTE: INVALID/(Fitz) (191,144,9): <B>Fitz</B> makes an excited booping sound!
[2024-05-30 11:00:08.012] GAME: TIDI: 0.0832639;0.149317;0.148188;0.101201
[2024-05-30 11:01:08.053] GAME: TIDI: 0;0.104522;0.139455;0.105026
[2024-05-30 11:02:08.084] GAME: TIDI: 0;0.0731655;0.126197;0.107143
[2024-05-30 11:03:06.073] EMOTE: INVALID/(Fitz) (191,144,9): <B>Fitz</B> makes an excited booping sound!
[2024-05-30 11:03:08.112] GAME: TIDI: 0.166667;0.101216;0.121201;0.108549
[2024-05-30 11:03:36.092] EMOTE: INVALID/(Fitz) (191,144,9): <B>Fitz</B> makes an excited booping sound!
[2024-05-30 11:03:50.106] EMOTE: INVALID/(Fitz) (191,144,9): <B>Fitz</B> makes an excited booping sound!
[2024-05-30 11:04:08.159] GAME: TIDI: 0;0.0708511;0.111131;0.108807
[2024-05-30 11:05:08.179] GAME: TIDI: 0;0.0495958;0.0988238;0.107809
[2024-05-30 11:05:18.142] EMOTE: INVALID/(Fitz) (191,144,9): <B>Fitz</B> makes an excited booping sound!
[2024-05-30 11:05:32.145] EMOTE: INVALID/(Fitz) (191,144,9): <B>Fitz</B> makes an excited booping sound!
[2024-05-30 11:05:38.148] EMOTE: INVALID/(Fitz) (191,144,9): <B>Fitz</B> makes an excited booping sound!
[2024-05-30 11:06:08.214] GAME: TIDI: 0.166667;0.0847171;0.0960024;0.106628
[2024-05-30 11:07:08.227] GAME: TIDI: 0;0.0593019;0.0886623;0.104832
[2024-05-30 11:07:54.213] EMOTE: INVALID/(Fitz) (191,144,9): <B>Fitz</B> makes an excited booping sound!
[2024-05-30 11:08:08.261] GAME: TIDI: 0;0.0415114;0.0792321;0.102272
[2024-05-30 11:08:52.254] EMOTE: INVALID/(Fitz) (191,144,9): <B>Fitz</B> makes an excited booping sound!
[2024-05-30 11:09:08.292] GAME: TIDI: 0;0.0290579;0.0691973;0.0989642
[2024-05-30 11:09:12.255] EMOTE: INVALID/(Fitz) (191,144,9): <B>Fitz</B> makes an excited booping sound!
[2024-05-30 11:10:08.327] GAME: TIDI: 0.166667;0.0703406;0.0694259;0.0960104
[2024-05-30 11:10:24.305] EMOTE: INVALID/(Fitz) (191,144,9): <B>Fitz</B> makes an excited booping sound!
[2024-05-30 11:10:28.306] EMOTE: INVALID/(Fitz) (191,144,9): <B>Fitz</B> makes an excited booping sound!
[2024-05-30 11:11:08.362] GAME: TIDI: 0;0.0492384;0.0653884;0.0929482
[2024-05-30 11:12:08.457] GAME: TIDI: 0.166667;0.0844669;0.0692041;0.0905738
[2024-05-30 11:13:04.457] EMOTE: INVALID/(Fitz) (191,144,9): <B>Fitz</B> makes an excited booping sound!
[2024-05-30 11:13:08.499] GAME: TIDI: 0;0.0591268;0.0671887;0.0882353
[2024-05-30 11:13:38.482] EMOTE: INVALID/(Fitz) (191,144,9): <B>Fitz</B> makes an excited booping sound!
[2024-05-30 11:13:50.488] EMOTE: INVALID/(Fitz) (191,144,9): <B>Fitz</B> makes an excited booping sound!
[2024-05-30 11:14:08.538] GAME: TIDI: 0.166667;0.0913888;0.0720287;0.0866146
[2024-05-30 11:15:08.573] GAME: TIDI: 0;0.0639721;0.0704174;0.0849949
[2024-05-30 11:16:08.615] GAME: TIDI: 0.166667;0.0947805;0.07529;0.0840244
[2024-05-30 11:16:46.597] EMOTE: INVALID/(Fitz) (191,144,9): <B>Fitz</B> makes an excited booping sound!
[2024-05-30 11:17:08.649] GAME: TIDI: 0;0.0663464;0.0735013;0.0829721
[2024-05-30 11:18:08.692] EMOTE: INVALID/(Fitz) (191,144,9): <B>Fitz</B> makes an excited booping sound!
[2024-05-30 11:18:08.734] GAME: TIDI: 0.166667;0.0964425;0.0780895;0.0824838
[2024-05-30 11:19:08.762] GAME: TIDI: 0;0.0675097;0.0759736;0.0818328
[2024-05-30 11:19:48.766] EMOTE: INVALID/(Fitz) (191,144,9): <B>Fitz</B> makes an excited booping sound!
[2024-05-30 11:20:08.812] GAME: TIDI: 0.166667;0.0972568;0.0802302;0.0816725
[2024-05-30 11:21:08.850] GAME: TIDI: 0;0.0680798;0.0778001;0.0812853
[2024-05-30 11:22:08.890] GAME: TIDI: 0;0.0476558;0.0717713;0.0803339
[2024-05-30 11:23:08.918] GAME: TIDI: 0.166667;0.0833591;0.0740888;0.0797094
[2024-05-30 11:24:08.999] GAME: TIDI: 0;0.0583514;0.0709413;0.0788326
[2024-05-30 11:24:59.001] EMOTE: INVALID/(Fitz) (191,144,9): <B>Fitz</B> makes an excited booping sound!
[2024-05-30 11:25:09.048] GAME: TIDI: 0.166667;0.090846;0.0749223;0.0784416
[2024-05-30 11:25:25.041] EMOTE: INVALID/(Fitz) (191,144,9): <B>Fitz</B> makes an excited booping sound!
[2024-05-30 11:26:09.081] GAME: TIDI: 0;0.0635922;0.0726562;0.077863
[2024-05-30 11:27:09.190] GAME: TIDI: 0.166667;0.0945145;0.0770279;0.0777795
[2024-05-30 11:27:45.177] EMOTE: INVALID/(Fitz) (191,144,9): <B>Fitz</B> makes an excited booping sound!
[2024-05-30 11:28:09.234] GAME: TIDI: 0.166667;0.11616;0.0848544;0.078487
[2024-05-30 11:28:45.288] EMOTE: INVALID/(Fitz) (191,144,9): <B>Fitz</B> makes an excited booping sound!
[2024-05-30 11:29:09.348] GAME: TIDI: 0.166667;0.131312;0.0941459;0.0800529
[2024-05-30 11:29:27.308] EMOTE: INVALID/(Fitz) (191,144,9): <B>Fitz</B> makes an excited booping sound!
[2024-05-30 11:29:49.321] EMOTE: INVALID/(Fitz) (191,144,9): <B>Fitz</B> makes an excited booping sound!
[2024-05-30 11:30:09.532] GAME: TIDI: 0.249792;0.166856;0.108688;0.0829164
[2024-05-30 11:30:43.472] EMOTE: INVALID/(Fitz) (191,144,9): <B>Fitz</B> makes an excited booping sound!
[2024-05-30 11:31:09.575] GAME: TIDI: 0;0.116799;0.11031;0.0856558
[2024-05-30 11:31:21.497] EMOTE: INVALID/(Fitz) (191,144,9): <B>Fitz</B> makes an excited booping sound!
[2024-05-30 11:32:09.602] GAME: TIDI: 0.166667;0.131759;0.1146;0.0885502
[2024-05-30 11:32:15.519] EMOTE: INVALID/(Fitz) (191,144,9): <B>Fitz</B> makes an excited booping sound!
[2024-05-30 11:32:35.543] EMOTE: INVALID/(Fitz) (191,144,9): <B>Fitz</B> makes an excited booping sound!
[2024-05-30 11:32:45.542] EMOTE: INVALID/(Fitz) (191,144,9): <B>Fitz</B> makes an excited booping sound!
[2024-05-30 11:33:09.668] GAME: TIDI: 0;0.0922316;0.110126;0.0907078
[2024-05-30 11:34:09.733] GAME: TIDI: 0.166667;0.114562;0.111014;0.0927384
[2024-05-30 11:34:15.643] EMOTE: INVALID/(Fitz) (191,144,9): <B>Fitz</B> makes an excited booping sound!
[2024-05-30 11:35:09.751] GAME: TIDI: 0;0.0801935;0.10485;0.0939495
[2024-05-30 11:36:09.794] GAME: TIDI: 0;0.0561354;0.0951067;0.0940652
[2024-05-30 11:37:09.832] GAME: TIDI: 0.166667;0.0892948;0.0939443;0.0940531
[2024-05-30 11:37:49.764] EMOTE: INVALID/(Fitz) (191,144,9): <B>Fitz</B> makes an excited booping sound!
[2024-05-30 11:38:09.869] GAME: TIDI: 0;0.0625064;0.0876567;0.0934135
[2024-05-30 11:39:09.900] GAME: TIDI: 0.166667;0.0937545;0.0888763;0.0929598
[2024-05-30 11:39:21.824] EMOTE: INVALID/(Fitz) (191,144,9): <B>Fitz</B> makes an excited booping sound!
[2024-05-30 11:40:09.952] GAME: TIDI: 0;0.0656281;0.0842267;0.0920864
[2024-05-30 11:40:45.889] EMOTE: INVALID/(Fitz) (191,144,9): <B>Fitz</B> makes an excited booping sound!
[2024-05-30 11:41:09.993] GAME: TIDI: 0;0.0459397;0.0765693;0.0905347
[2024-05-30 11:42:10.044] GAME: TIDI: 0.166667;0.0821578;0.077687;0.0892499
[2024-05-30 11:43:10.106] GAME: TIDI: 0.166667;0.10751;0.0836517;0.0886901
[2024-05-30 11:44:10.145] GAME: TIDI: 0;0.0752573;0.0819728;0.0880184
[2024-05-30 11:45:10.179] GAME: TIDI: 0;0.0526801;0.0761143;0.086828
[2024-05-30 11:46:10.202] GAME: TIDI: 0.166667;0.0868761;0.0782666;0.0859718
[2024-05-30 11:47:10.234] GAME: TIDI: 0;0.0608133;0.074776;0.0848522
[2024-05-30 11:48:10.274] GAME: TIDI: 0;0.0425693;0.0683346;0.0832005
[2024-05-30 11:48:18.191] EMOTE: INVALID/(Fitz) (191,144,9): <B>Fitz</B> makes an excited booping sound!
[2024-05-30 11:49:10.307] GAME: TIDI: 0.166667;0.0797985;0.0706274;0.0819432
[2024-05-30 11:50:10.344] GAME: TIDI: 0;0.055859;0.0676737;0.0805162
[2024-05-30 11:51:06.279] EMOTE: INVALID/(Fitz) (191,144,9): <B>Fitz</B> makes an excited booping sound!
[2024-05-30 11:51:10.368] GAME: TIDI: 0;0.0391013;0.0619592;0.0786605
[2024-05-30 11:52:10.428] GAME: TIDI: 0.166667;0.0773709;0.0650416;0.0772986
[2024-05-30 11:53:10.462] GAME: TIDI: 0;0.0541596;0.0628652;0.0758553
[2024-05-30 11:54:10.498] GAME: TIDI: 0;0.0379117;0.0578745;0.0740572
[2024-05-30 11:54:40.437] EMOTE: INVALID/(Fitz) (191,144,9): <B>Fitz</B> makes an excited booping sound!
[2024-05-30 11:55:10.552] GAME: TIDI: 0.166667;0.0765382;0.0616072;0.0728122
[2024-05-30 11:55:38.628] EMOTE: INVALID/(Fitz) (191,144,9): <B>Fitz</B> makes an excited booping sound!
[2024-05-30 11:55:52.637] EMOTE: INVALID/(Fitz) (191,144,9): <B>Fitz</B> makes an excited booping sound!
[2024-05-30 11:56:10.742] GAME: TIDI: 0.333333;0.153577;0.0800011;0.0735311
[2024-05-30 11:56:20.656] EMOTE: INVALID/(Fitz) (191,144,9): <B>Fitz</B> makes an excited booping sound!
[2024-05-30 11:57:10.796] GAME: TIDI: 0;0.107504;0.0855017;0.0747281
[2024-05-30 11:58:10.868] GAME: TIDI: 0.166667;0.125253;0.0934519;0.0766005
[2024-05-30 11:59:10.910] GAME: TIDI: 0.166667;0.137677;0.102297;0.0791701
[2024-05-30 12:00:10.966] GAME: TIDI: 0;0.0963738;0.101112;0.0813643
[2024-05-30 12:01:10.986] GAME: TIDI: 0;0.0674616;0.0943821;0.0826661
[2024-05-30 12:02:02.933] EMOTE: INVALID/(Fitz) (191,144,9): <B>Fitz</B> makes an excited booping sound!
[2024-05-30 12:02:11.025] GAME: TIDI: 0.166667;0.0972232;0.0949503;0.0838946
[2024-05-30 12:03:11.049] GAME: TIDI: 0;0.0680562;0.0895715;0.0844622
[2024-05-30 12:04:11.093] GAME: TIDI: 0;0.0476393;0.0811851;0.0841345
[2024-05-30 12:05:11.110] GAME: TIDI: 0.166667;0.0833475;0.0816176;0.0838828
[2024-05-30 12:05:15.030] EMOTE: INVALID/(Fitz) (191,144,9): <B>Fitz</B> makes an excited booping sound!
[2024-05-30 12:05:19.070] EMOTE: INVALID/(Fitz) (191,144,9): <B>Fitz</B> makes an excited booping sound!
[2024-05-30 12:06:11.199] GAME: TIDI: 0;0.0583433;0.0769627;0.0831908
[2024-05-30 12:07:11.233] GAME: TIDI: 0.166667;0.0908403;0.0797382;0.0828456
[2024-05-30 12:07:49.186] EMOTE: INVALID/(Fitz) (191,144,9): <B>Fitz</B> makes an excited booping sound!
[2024-05-30 12:08:11.273] GAME: TIDI: 0;0.0635882;0.0765082;0.0822118
[2024-05-30 12:09:11.394] GAME: TIDI: 0.166667;0.0945117;0.0801089;0.0820015
[2024-05-30 12:10:11.477] GAME: TIDI: 0.166667;0.116158;0.0873188;0.0825333
[2024-05-30 12:11:11.512] GAME: TIDI: 0.166667;0.131311;0.0961172;0.0838916
[2024-05-30 12:11:29.458] EMOTE: INVALID/(Fitz) (191,144,9): <B>Fitz</B> makes an excited booping sound!
[2024-05-30 12:11:47.468] EMOTE: INVALID/(Fitz) (191,144,9): <B>Fitz</B> makes an excited booping sound!
[2024-05-30 12:12:11.578] GAME: TIDI: 0;0.0919175;0.0952773;0.0850302
[2024-05-30 12:13:11.625] GAME: TIDI: 0.166667;0.114342;0.0990903;0.0864362
[2024-05-30 12:14:11.670] GAME: TIDI: 0;0.0800396;0.0952801;0.0873206
[2024-05-30 12:15:11.697] GAME: TIDI: 0;0.0560277;0.0874297;0.0873315
[2024-05-30 12:16:11.747] GAME: TIDI: 0.166667;0.0892194;0.0877876;0.0873771
[2024-05-30 12:16:57.695] EMOTE: INVALID/(Fitz) (191,144,9): <B>Fitz</B> makes an excited booping sound!
[2024-05-30 12:17:11.784] GAME: TIDI: 0;0.0624536;0.0827208;0.0869115
[2024-05-30 12:18:11.816] GAME: TIDI: 0.166667;0.0937175;0.0849202;0.0867123
[2024-05-30 12:19:11.916] GAME: TIDI: 0.166667;0.115602;0.0910566;0.0871468
[2024-05-30 12:20:12.005] GAME: TIDI: 0.166667;0.130922;0.0990296;0.0883351
[2024-05-30 12:20:25.929] EMOTE: INVALID/(Fitz) (191,144,9): <B>Fitz</B> makes an excited booping sound!
[2024-05-30 12:21:12.033] GAME: TIDI: 0;0.0916451;0.0975527;0.0892568
[2024-05-30 12:22:12.067] GAME: TIDI: 0;0.0641516;0.0908725;0.0894184
[2024-05-30 12:22:25.986] EMOTE: INVALID/(Fitz) (191,144,9): <B>Fitz</B> makes an excited booping sound!
[2024-05-30 12:23:12.102] GAME: TIDI: 0.166667;0.0949061;0.0916792;0.0896445
[2024-05-30 12:23:20.020] EMOTE: INVALID/(Fitz) (191,144,9): <B>Fitz</B> makes an excited booping sound!
[2024-05-30 12:23:50.201] EMOTE: INVALID/(Fitz) (191,144,9): <B>Fitz</B> makes an excited booping sound!
[2024-05-30 12:24:12.298] GAME: TIDI: 0.166667;0.116434;0.0966302;0.090343
[2024-05-30 12:24:58.404] EMOTE: INVALID/(Fitz) (191,144,9): <B>Fitz</B> makes an excited booping sound!
[2024-05-30 12:25:14.695] GAME: TIDI: 4;1.2815;0.333605;0.114669
