[2024-05-30 21:39:52.416] START: Starting up data/logs/2024/05-May/30-Thursday/round-17-39-37.
[2024-05-30 21:55:36.537] RUNTIME: [2024-05-30T17:55:36] Runtime in code/modules/mob/living/carbon/human/human_organs.dm,208: bad gender
[2024-05-30 21:55:36.568] RUNTIME:   proc name: set gender (/mob/living/carbon/human/proc/set_gender)
[2024-05-30 21:55:36.572] RUNTIME:   usr: Sgt. Slabadon Beefivich (/mob/living/carbon/human) @ (the floor) (13,245,7) (/turf/unsimulated/floor) (ckey=riotscopez)
[2024-05-30 21:55:36.576] RUNTIME:   usr.loc: (the floor) (13,245,7) (/turf/unsimulated/floor)
[2024-05-30 21:55:36.611] RUNTIME:   src: Sgt. Slabadon Beefivich (/mob/living/carbon/human)
[2024-05-30 21:55:36.615] RUNTIME:   src.loc: the floor (13,245,7) (/turf/unsimulated/floor)
[2024-05-30 21:55:36.619] RUNTIME:   call stack:
[2024-05-30 21:55:36.623] RUNTIME:   Sgt. Slabadon Beefivich (/mob/living/carbon/human): set gender("Male")
[2024-05-30 21:55:36.627] RUNTIME:   RiotScopez (/client): Edit Appearance()
[2024-05-30 21:56:05.766] RUNTIME: [2024-05-30T17:56:05] Runtime in code/modules/mob/living/carbon/human/human_organs.dm,208: bad gender
[2024-05-30 21:56:05.769] RUNTIME:   proc name: set gender (/mob/living/carbon/human/proc/set_gender)
[2024-05-30 21:56:05.773] RUNTIME:   usr: Sgt. Slabadon Beefivich (/mob/living/carbon/human) @ (the floor) (13,245,7) (/turf/unsimulated/floor) (ckey=riotscopez)
[2024-05-30 21:56:05.777] RUNTIME:   usr.loc: (the floor) (13,245,7) (/turf/unsimulated/floor)
[2024-05-30 21:56:05.780] RUNTIME:   src: Sgt. Slabadon Beefivich (/mob/living/carbon/human)
[2024-05-30 21:56:05.783] RUNTIME:   src.loc: the floor (13,245,7) (/turf/unsimulated/floor)
[2024-05-30 21:56:05.788] RUNTIME:   call stack:
[2024-05-30 21:56:05.793] RUNTIME:   Sgt. Slabadon Beefivich (/mob/living/carbon/human): set gender("Male")
[2024-05-30 21:56:05.798] RUNTIME:   RiotScopez (/client): Edit Appearance()
[2024-05-30 23:07:28.070] RUNTIME: [2024-05-30T19:07:28] Runtime in code/datums/signals.dm,73: Cannot read null._listen_lookup
[2024-05-30 23:07:28.165] RUNTIME:   proc name: UnregisterSignal (/datum/proc/UnregisterSignal)
[2024-05-30 23:07:28.206] RUNTIME:   src: SalonPro Nano-Mirror&trade; (/datum/tgui_module/appearance_changer/mirror)
[2024-05-30 23:07:28.211] RUNTIME:   call stack:
[2024-05-30 23:07:28.216] RUNTIME:   SalonPro Nano-Mirror&trade; (/datum/tgui_module/appearance_changer/mirror): UnregisterSignal(null, "observer_move")
[2024-05-30 23:07:28.222] RUNTIME:   SalonPro Nano-Mirror&trade; (/datum/tgui_module/appearance_changer/mirror): Destroy(0)
[2024-05-30 23:07:28.227] RUNTIME:   qdel(SalonPro Nano-Mirror&trade; (/datum/tgui_module/appearance_changer/mirror), 0)
[2024-05-30 23:07:28.233] RUNTIME:   the mirror (/obj/structure/mirror): Destroy(0)
[2024-05-30 23:07:28.238] RUNTIME:   qdel(the mirror (/obj/structure/mirror), 0)
[2024-05-30 23:07:28.246] RUNTIME:   the mirror (/obj/structure/mirror): cultify()
[2024-05-30 23:07:28.252] RUNTIME:   Nar-Sie (/obj/singularity/narsie/large): new narsie(the mirror (/obj/structure/mirror))
[2024-05-30 23:07:28.257] RUNTIME:   Nar-Sie (/obj/singularity/narsie/large): consume(the mirror (/obj/structure/mirror))
[2024-05-30 23:07:28.262] RUNTIME:   Nar-Sie (/obj/singularity/narsie/large): new narsie(the floor (140,99,3) (/turf/simulated/floor/tiled/freezer))
[2024-05-30 23:07:28.268] RUNTIME:   Nar-Sie (/obj/singularity/narsie/large): consume(the floor (140,99,3) (/turf/simulated/floor/tiled/freezer))
[2024-05-30 23:07:28.273] RUNTIME:   Nar-Sie (/obj/singularity/narsie/large): eat()
[2024-05-30 23:07:28.277] RUNTIME:   Nar-Sie (/obj/singularity/narsie/large): process(20)
[2024-05-30 23:07:28.282] RUNTIME:   Objects (/datum/controller/subsystem/processing/obj): fire(0)
[2024-05-30 23:07:28.286] RUNTIME:   Objects (/datum/controller/subsystem/processing/obj): ignite(0)
[2024-05-30 23:07:28.291] RUNTIME:   Master (/datum/controller/master): RunQueue()
[2024-05-30 23:07:28.296] RUNTIME:   Master (/datum/controller/master): Loop()
[2024-05-30 23:07:28.300] RUNTIME:   Master (/datum/controller/master): StartProcessing(0)
[2024-05-30 23:07:35.339] RUNTIME: [2024-05-30T19:07:35] Runtime in code/datums/signals.dm,73: Cannot read null._listen_lookup
[2024-05-30 23:07:35.343] RUNTIME:   proc name: UnregisterSignal (/datum/proc/UnregisterSignal)
[2024-05-30 23:07:35.347] RUNTIME:   src: SalonPro Nano-Mirror&trade; (/datum/tgui_module/appearance_changer/mirror)
[2024-05-30 23:07:35.351] RUNTIME:   call stack:
[2024-05-30 23:07:35.355] RUNTIME:   SalonPro Nano-Mirror&trade; (/datum/tgui_module/appearance_changer/mirror): UnregisterSignal(null, "observer_move")
[2024-05-30 23:07:35.359] RUNTIME:   SalonPro Nano-Mirror&trade; (/datum/tgui_module/appearance_changer/mirror): Destroy(0)
[2024-05-30 23:07:35.364] RUNTIME:   qdel(SalonPro Nano-Mirror&trade; (/datum/tgui_module/appearance_changer/mirror), 0)
[2024-05-30 23:07:35.368] RUNTIME:   the mirror (/obj/structure/mirror): Destroy(0)
[2024-05-30 23:07:35.372] RUNTIME:   qdel(the mirror (/obj/structure/mirror), 0)
[2024-05-30 23:07:35.375] RUNTIME:   the mirror (/obj/structure/mirror): cultify()
[2024-05-30 23:07:35.378] RUNTIME:   Nar-Sie (/obj/singularity/narsie/large): new narsie(the mirror (/obj/structure/mirror))
[2024-05-30 23:07:35.382] RUNTIME:   Nar-Sie (/obj/singularity/narsie/large): consume(the mirror (/obj/structure/mirror))
[2024-05-30 23:07:35.385] RUNTIME:   Nar-Sie (/obj/singularity/narsie/large): new narsie(the floor (138,99,3) (/turf/simulated/floor/tiled/freezer))
[2024-05-30 23:07:35.389] RUNTIME:   Nar-Sie (/obj/singularity/narsie/large): consume(the floor (138,99,3) (/turf/simulated/floor/tiled/freezer))
[2024-05-30 23:07:35.392] RUNTIME:   Nar-Sie (/obj/singularity/narsie/large): eat()
[2024-05-30 23:07:35.395] RUNTIME:   Nar-Sie (/obj/singularity/narsie/large): process(20)
[2024-05-30 23:07:35.399] RUNTIME:   Objects (/datum/controller/subsystem/processing/obj): fire(0)
[2024-05-30 23:07:35.402] RUNTIME:   Objects (/datum/controller/subsystem/processing/obj): ignite(0)
[2024-05-30 23:07:35.407] RUNTIME:   Master (/datum/controller/master): RunQueue()
[2024-05-30 23:07:35.412] RUNTIME:   Master (/datum/controller/master): Loop()
[2024-05-30 23:07:35.418] RUNTIME:   Master (/datum/controller/master): StartProcessing(0)
[2024-05-30 23:07:35.917] RUNTIME: [2024-05-30T19:07:35] Runtime in code/datums/signals.dm,73: Cannot read null._listen_lookup
[2024-05-30 23:07:35.922] RUNTIME:   proc name: UnregisterSignal (/datum/proc/UnregisterSignal)
[2024-05-30 23:07:35.926] RUNTIME:   src: SalonPro Nano-Mirror&trade; (/datum/tgui_module/appearance_changer/mirror)
[2024-05-30 23:07:35.930] RUNTIME:   call stack:
[2024-05-30 23:07:35.934] RUNTIME:   SalonPro Nano-Mirror&trade; (/datum/tgui_module/appearance_changer/mirror): UnregisterSignal(null, "observer_move")
[2024-05-30 23:07:35.938] RUNTIME:   SalonPro Nano-Mirror&trade; (/datum/tgui_module/appearance_changer/mirror): Destroy(0)
[2024-05-30 23:07:35.942] RUNTIME:   qdel(SalonPro Nano-Mirror&trade; (/datum/tgui_module/appearance_changer/mirror), 0)
[2024-05-30 23:07:35.946] RUNTIME:   the mirror (/obj/structure/mirror): Destroy(0)
[2024-05-30 23:07:35.949] RUNTIME:   qdel(the mirror (/obj/structure/mirror), 0)
[2024-05-30 23:07:35.953] RUNTIME:   the mirror (/obj/structure/mirror): cultify()
[2024-05-30 23:07:35.957] RUNTIME:   Nar-Sie (/obj/singularity/narsie/large): new narsie(the mirror (/obj/structure/mirror))
[2024-05-30 23:07:35.960] RUNTIME:   Nar-Sie (/obj/singularity/narsie/large): consume(the mirror (/obj/structure/mirror))
[2024-05-30 23:07:35.964] RUNTIME:   Nar-Sie (/obj/singularity/narsie/large): new narsie(the floor (142,89,3) (/turf/simulated/floor/tiled/freezer))
[2024-05-30 23:07:35.967] RUNTIME:   Nar-Sie (/obj/singularity/narsie/large): consume(the floor (142,89,3) (/turf/simulated/floor/tiled/freezer))
[2024-05-30 23:07:35.971] RUNTIME:   Nar-Sie (/obj/singularity/narsie/large): eat()
[2024-05-30 23:07:35.976] RUNTIME:   Nar-Sie (/obj/singularity/narsie/large): process(20)
[2024-05-30 23:07:35.981] RUNTIME:   Objects (/datum/controller/subsystem/processing/obj): fire(0)
[2024-05-30 23:07:35.985] RUNTIME:   Objects (/datum/controller/subsystem/processing/obj): ignite(0)
[2024-05-30 23:07:35.990] RUNTIME:   Master (/datum/controller/master): RunQueue()
[2024-05-30 23:07:35.995] RUNTIME:   Master (/datum/controller/master): Loop()
[2024-05-30 23:07:35.999] RUNTIME:   Master (/datum/controller/master): StartProcessing(0)
[2024-05-30 23:07:36.007] RUNTIME: [2024-05-30T19:07:36] Runtime in code/datums/signals.dm,73: Cannot read null._listen_lookup
[2024-05-30 23:07:36.010] RUNTIME:   proc name: UnregisterSignal (/datum/proc/UnregisterSignal)
[2024-05-30 23:07:36.014] RUNTIME:   src: SalonPro Nano-Mirror&trade; (/datum/tgui_module/appearance_changer/mirror)
[2024-05-30 23:07:36.018] RUNTIME:   call stack:
[2024-05-30 23:07:36.023] RUNTIME:   SalonPro Nano-Mirror&trade; (/datum/tgui_module/appearance_changer/mirror): UnregisterSignal(null, "observer_move")
[2024-05-30 23:07:36.028] RUNTIME:   SalonPro Nano-Mirror&trade; (/datum/tgui_module/appearance_changer/mirror): Destroy(0)
[2024-05-30 23:07:36.032] RUNTIME:   qdel(SalonPro Nano-Mirror&trade; (/datum/tgui_module/appearance_changer/mirror), 0)
[2024-05-30 23:07:36.036] RUNTIME:   the mirror (/obj/structure/mirror): Destroy(0)
[2024-05-30 23:07:36.040] RUNTIME:   qdel(the mirror (/obj/structure/mirror), 0)
[2024-05-30 23:07:36.044] RUNTIME:   the mirror (/obj/structure/mirror): cultify()
[2024-05-30 23:07:36.048] RUNTIME:   Nar-Sie (/obj/singularity/narsie/large): new narsie(the mirror (/obj/structure/mirror))
[2024-05-30 23:07:36.051] RUNTIME:   Nar-Sie (/obj/singularity/narsie/large): consume(the mirror (/obj/structure/mirror))
[2024-05-30 23:07:36.055] RUNTIME:   Nar-Sie (/obj/singularity/narsie/large): new narsie(the floor (146,89,3) (/turf/simulated/floor/tiled/freezer))
[2024-05-30 23:07:36.059] RUNTIME:   Nar-Sie (/obj/singularity/narsie/large): consume(the floor (146,89,3) (/turf/simulated/floor/tiled/freezer))
[2024-05-30 23:07:36.063] RUNTIME:   Nar-Sie (/obj/singularity/narsie/large): eat()
[2024-05-30 23:07:36.066] RUNTIME:   Nar-Sie (/obj/singularity/narsie/large): process(20)
[2024-05-30 23:07:36.070] RUNTIME:   Objects (/datum/controller/subsystem/processing/obj): fire(0)
[2024-05-30 23:07:36.073] RUNTIME:   Objects (/datum/controller/subsystem/processing/obj): ignite(0)
[2024-05-30 23:07:36.077] RUNTIME:   Master (/datum/controller/master): RunQueue()
[2024-05-30 23:07:36.081] RUNTIME:   Master (/datum/controller/master): Loop()
[2024-05-30 23:07:36.086] RUNTIME:   Master (/datum/controller/master): StartProcessing(0)
[2024-05-30 23:07:45.556] RUNTIME: [2024-05-30T19:07:45] Runtime in code/datums/signals.dm,73: Cannot read null._listen_lookup
[2024-05-30 23:07:45.560] RUNTIME:   proc name: UnregisterSignal (/datum/proc/UnregisterSignal)
[2024-05-30 23:07:45.565] RUNTIME:   src: SalonPro Nano-Mirror&trade; (/datum/tgui_module/appearance_changer/mirror)
[2024-05-30 23:07:45.569] RUNTIME:   call stack:
[2024-05-30 23:07:45.573] RUNTIME:   SalonPro Nano-Mirror&trade; (/datum/tgui_module/appearance_changer/mirror): UnregisterSignal(null, "observer_move")
[2024-05-30 23:07:45.577] RUNTIME:   SalonPro Nano-Mirror&trade; (/datum/tgui_module/appearance_changer/mirror): Destroy(0)
[2024-05-30 23:07:45.582] RUNTIME:   qdel(SalonPro Nano-Mirror&trade; (/datum/tgui_module/appearance_changer/mirror), 0)
[2024-05-30 23:07:45.586] RUNTIME:   the mirror (/obj/structure/mirror): Destroy(0)
[2024-05-30 23:07:45.589] RUNTIME:   qdel(the mirror (/obj/structure/mirror), 0)
[2024-05-30 23:07:45.593] RUNTIME:   the mirror (/obj/structure/mirror): cultify()
[2024-05-30 23:07:45.599] RUNTIME:   Nar-Sie (/obj/singularity/narsie/large): new narsie(the mirror (/obj/structure/mirror))
[2024-05-30 23:07:45.604] RUNTIME:   Nar-Sie (/obj/singularity/narsie/large): consume(the mirror (/obj/structure/mirror))
[2024-05-30 23:07:45.610] RUNTIME:   Nar-Sie (/obj/singularity/narsie/large): new narsie(the floor (136,88,3) (/turf/simulated/floor/tiled/freezer))
[2024-05-30 23:07:45.619] RUNTIME:   Nar-Sie (/obj/singularity/narsie/large): consume(the floor (136,88,3) (/turf/simulated/floor/tiled/freezer))
[2024-05-30 23:07:45.623] RUNTIME:   Nar-Sie (/obj/singularity/narsie/large): eat()
[2024-05-30 23:07:45.628] RUNTIME:   Nar-Sie (/obj/singularity/narsie/large): process(20)
[2024-05-30 23:07:45.633] RUNTIME:   Objects (/datum/controller/subsystem/processing/obj): fire(0)
[2024-05-30 23:07:45.637] RUNTIME:   Objects (/datum/controller/subsystem/processing/obj): ignite(0)
[2024-05-30 23:07:45.641] RUNTIME:   Master (/datum/controller/master): RunQueue()
[2024-05-30 23:07:45.645] RUNTIME:   Master (/datum/controller/master): Loop()
[2024-05-30 23:07:45.650] RUNTIME:   Master (/datum/controller/master): StartProcessing(0)
[2024-05-30 23:07:50.788] RUNTIME: [2024-05-30T19:07:50] Runtime in code/modules/entopics_vr/entopics.dm,91: Cannot read null.client
[2024-05-30 23:07:50.792] RUNTIME:   proc name: unregister entopic (/datum/entopic/proc/unregister_entopic)
[2024-05-30 23:07:50.799] RUNTIME:   src: /datum/entopic (/datum/entopic)
[2024-05-30 23:07:50.803] RUNTIME:   call stack:
[2024-05-30 23:07:50.807] RUNTIME:   /datum/entopic (/datum/entopic): unregister entopic()
[2024-05-30 23:07:50.810] RUNTIME:   /datum/entopic (/datum/entopic): Destroy(0)
[2024-05-30 23:07:50.814] RUNTIME:   qdel(/datum/entopic (/datum/entopic), 0)
[2024-05-30 23:07:50.819] RUNTIME:   NIFSoft Shop (/obj/machinery/vending/nifsoft_shop): Destroy(0)
[2024-05-30 23:07:50.823] RUNTIME:   qdel(NIFSoft Shop (/obj/machinery/vending/nifsoft_shop), 0)
[2024-05-30 23:07:50.827] RUNTIME:   NIFSoft Shop (/obj/machinery/vending/nifsoft_shop): cultify()
[2024-05-30 23:07:50.831] RUNTIME:   Nar-Sie (/obj/singularity/narsie/large): new narsie(NIFSoft Shop (/obj/machinery/vending/nifsoft_shop))
[2024-05-30 23:07:50.835] RUNTIME:   Nar-Sie (/obj/singularity/narsie/large): consume(NIFSoft Shop (/obj/machinery/vending/nifsoft_shop))
[2024-05-30 23:07:50.840] RUNTIME:   Nar-Sie (/obj/singularity/narsie/large): new narsie(the floor (134,95,3) (/turf/simulated/floor/tiled))
[2024-05-30 23:07:50.844] RUNTIME:   Nar-Sie (/obj/singularity/narsie/large): consume(the floor (134,95,3) (/turf/simulated/floor/tiled))
[2024-05-30 23:07:50.849] RUNTIME:   Nar-Sie (/obj/singularity/narsie/large): eat()
[2024-05-30 23:07:50.854] RUNTIME:   Nar-Sie (/obj/singularity/narsie/large): process(20)
[2024-05-30 23:07:50.858] RUNTIME:   Objects (/datum/controller/subsystem/processing/obj): fire(0)
[2024-05-30 23:07:50.861] RUNTIME:   Objects (/datum/controller/subsystem/processing/obj): ignite(0)
[2024-05-30 23:07:50.864] RUNTIME:   Master (/datum/controller/master): RunQueue()
[2024-05-30 23:07:50.868] RUNTIME:   Master (/datum/controller/master): Loop()
[2024-05-30 23:07:50.872] RUNTIME:   Master (/datum/controller/master): StartProcessing(0)
[2024-05-30 23:08:03.058] RUNTIME: [2024-05-30T19:08:03] Runtime in code/datums/signals.dm,73: Cannot read null._listen_lookup
[2024-05-30 23:08:03.062] RUNTIME:   proc name: UnregisterSignal (/datum/proc/UnregisterSignal)
[2024-05-30 23:08:03.066] RUNTIME:   src: SalonPro Nano-Mirror&trade; (/datum/tgui_module/appearance_changer/mirror)
[2024-05-30 23:08:03.071] RUNTIME:   call stack:
[2024-05-30 23:08:03.075] RUNTIME:   SalonPro Nano-Mirror&trade; (/datum/tgui_module/appearance_changer/mirror): UnregisterSignal(null, "observer_move")
[2024-05-30 23:08:03.081] RUNTIME:   SalonPro Nano-Mirror&trade; (/datum/tgui_module/appearance_changer/mirror): Destroy(0)
[2024-05-30 23:08:03.086] RUNTIME:   qdel(SalonPro Nano-Mirror&trade; (/datum/tgui_module/appearance_changer/mirror), 0)
[2024-05-30 23:08:03.089] RUNTIME:   the mirror (/obj/structure/mirror): Destroy(0)
[2024-05-30 23:08:03.093] RUNTIME:   qdel(the mirror (/obj/structure/mirror), 0)
[2024-05-30 23:08:03.097] RUNTIME:   the mirror (/obj/structure/mirror): cultify()
[2024-05-30 23:08:03.103] RUNTIME:   Nar-Sie (/obj/singularity/narsie/large): new narsie(the mirror (/obj/structure/mirror))
[2024-05-30 23:08:03.109] RUNTIME:   Nar-Sie (/obj/singularity/narsie/large): consume(the mirror (/obj/structure/mirror))
[2024-05-30 23:08:03.115] RUNTIME:   Nar-Sie (/obj/singularity/narsie/large): new narsie(the floor (131,88,3) (/turf/simulated/floor/tiled/freezer))
[2024-05-30 23:08:03.120] RUNTIME:   Nar-Sie (/obj/singularity/narsie/large): consume(the floor (131,88,3) (/turf/simulated/floor/tiled/freezer))
[2024-05-30 23:08:03.124] RUNTIME:   Nar-Sie (/obj/singularity/narsie/large): eat()
[2024-05-30 23:08:03.128] RUNTIME:   Nar-Sie (/obj/singularity/narsie/large): process(20)
[2024-05-30 23:08:03.134] RUNTIME:   Objects (/datum/controller/subsystem/processing/obj): fire(0)
[2024-05-30 23:08:03.138] RUNTIME:   Objects (/datum/controller/subsystem/processing/obj): ignite(0)
[2024-05-30 23:08:03.142] RUNTIME:   Master (/datum/controller/master): RunQueue()
[2024-05-30 23:08:03.145] RUNTIME:   Master (/datum/controller/master): Loop()
[2024-05-30 23:08:03.149] RUNTIME:   Master (/datum/controller/master): StartProcessing(0)
[2024-05-30 23:08:09.309] RUNTIME: [2024-05-30T19:08:09] Runtime in code/datums/signals.dm,73: Cannot read null._listen_lookup
[2024-05-30 23:08:09.313] RUNTIME:   proc name: UnregisterSignal (/datum/proc/UnregisterSignal)
[2024-05-30 23:08:09.316] RUNTIME:   src: SalonPro Nano-Mirror&trade; (/datum/tgui_module/appearance_changer/mirror)
[2024-05-30 23:08:09.320] RUNTIME:   call stack:
[2024-05-30 23:08:09.324] RUNTIME:   SalonPro Nano-Mirror&trade; (/datum/tgui_module/appearance_changer/mirror): UnregisterSignal(null, "observer_move")
[2024-05-30 23:08:09.327] RUNTIME:   SalonPro Nano-Mirror&trade; (/datum/tgui_module/appearance_changer/mirror): Destroy(0)
[2024-05-30 23:08:09.330] RUNTIME:   qdel(SalonPro Nano-Mirror&trade; (/datum/tgui_module/appearance_changer/mirror), 0)
[2024-05-30 23:08:09.333] RUNTIME:   the mirror (/obj/structure/mirror): Destroy(0)
[2024-05-30 23:08:09.337] RUNTIME:   qdel(the mirror (/obj/structure/mirror), 0)
[2024-05-30 23:08:09.340] RUNTIME:   the mirror (/obj/structure/mirror): cultify()
[2024-05-30 23:08:09.343] RUNTIME:   Nar-Sie (/obj/singularity/narsie/large): new narsie(the mirror (/obj/structure/mirror))
[2024-05-30 23:08:09.347] RUNTIME:   Nar-Sie (/obj/singularity/narsie/large): consume(the mirror (/obj/structure/mirror))
[2024-05-30 23:08:09.351] RUNTIME:   Nar-Sie (/obj/singularity/narsie/large): new narsie(the floor (129,81,3) (/turf/simulated/floor/tiled/freezer))
[2024-05-30 23:08:09.355] RUNTIME:   Nar-Sie (/obj/singularity/narsie/large): consume(the floor (129,81,3) (/turf/simulated/floor/tiled/freezer))
[2024-05-30 23:08:09.358] RUNTIME:   Nar-Sie (/obj/singularity/narsie/large): eat()
[2024-05-30 23:08:09.361] RUNTIME:   Nar-Sie (/obj/singularity/narsie/large): process(20)
[2024-05-30 23:08:09.364] RUNTIME:   Objects (/datum/controller/subsystem/processing/obj): fire(0)
[2024-05-30 23:08:09.367] RUNTIME:   Objects (/datum/controller/subsystem/processing/obj): ignite(0)
[2024-05-30 23:08:09.370] RUNTIME:   Master (/datum/controller/master): RunQueue()
[2024-05-30 23:08:09.374] RUNTIME:   Master (/datum/controller/master): Loop()
[2024-05-30 23:08:09.377] RUNTIME:   Master (/datum/controller/master): StartProcessing(0)
[2024-05-30 23:08:09.392] RUNTIME: [2024-05-30T19:08:09] Runtime in code/datums/signals.dm,73: Cannot read null._listen_lookup
[2024-05-30 23:08:09.395] RUNTIME:   proc name: UnregisterSignal (/datum/proc/UnregisterSignal)
[2024-05-30 23:08:09.402] RUNTIME:   src: SalonPro Nano-Mirror&trade; (/datum/tgui_module/appearance_changer/mirror)
[2024-05-30 23:08:09.406] RUNTIME:   call stack:
[2024-05-30 23:08:09.411] RUNTIME:   SalonPro Nano-Mirror&trade; (/datum/tgui_module/appearance_changer/mirror): UnregisterSignal(null, "observer_move")
[2024-05-30 23:08:09.416] RUNTIME:   SalonPro Nano-Mirror&trade; (/datum/tgui_module/appearance_changer/mirror): Destroy(0)
[2024-05-30 23:08:09.421] RUNTIME:   qdel(SalonPro Nano-Mirror&trade; (/datum/tgui_module/appearance_changer/mirror), 0)
[2024-05-30 23:08:09.425] RUNTIME:   the mirror (/obj/structure/mirror): Destroy(0)
[2024-05-30 23:08:09.430] RUNTIME:   qdel(the mirror (/obj/structure/mirror), 0)
[2024-05-30 23:08:09.434] RUNTIME:   the mirror (/obj/structure/mirror): cultify()
[2024-05-30 23:08:09.439] RUNTIME:   Nar-Sie (/obj/singularity/narsie/large): new narsie(the mirror (/obj/structure/mirror))
[2024-05-30 23:08:09.443] RUNTIME:   Nar-Sie (/obj/singularity/narsie/large): consume(the mirror (/obj/structure/mirror))
[2024-05-30 23:08:09.448] RUNTIME:   Nar-Sie (/obj/singularity/narsie/large): new narsie(the floor (129,88,3) (/turf/simulated/floor/tiled/freezer))
[2024-05-30 23:08:09.452] RUNTIME:   Nar-Sie (/obj/singularity/narsie/large): consume(the floor (129,88,3) (/turf/simulated/floor/tiled/freezer))
[2024-05-30 23:08:09.456] RUNTIME:   Nar-Sie (/obj/singularity/narsie/large): eat()
[2024-05-30 23:08:09.460] RUNTIME:   Nar-Sie (/obj/singularity/narsie/large): process(20)
[2024-05-30 23:08:09.464] RUNTIME:   Objects (/datum/controller/subsystem/processing/obj): fire(0)
[2024-05-30 23:08:09.468] RUNTIME:   Objects (/datum/controller/subsystem/processing/obj): ignite(0)
[2024-05-30 23:08:09.472] RUNTIME:   Master (/datum/controller/master): RunQueue()
[2024-05-30 23:08:09.477] RUNTIME:   Master (/datum/controller/master): Loop()
[2024-05-30 23:08:09.480] RUNTIME:   Master (/datum/controller/master): StartProcessing(0)
[2024-05-30 23:08:46.914] RUNTIME: [2024-05-30T19:08:46] Runtime in code/datums/signals.dm,73: Cannot read null._listen_lookup
[2024-05-30 23:08:46.917] RUNTIME:   proc name: UnregisterSignal (/datum/proc/UnregisterSignal)
[2024-05-30 23:08:46.921] RUNTIME:   src: SalonPro Nano-Mirror&trade; (/datum/tgui_module/appearance_changer/mirror)
[2024-05-30 23:08:46.925] RUNTIME:   call stack:
[2024-05-30 23:08:46.928] RUNTIME:   SalonPro Nano-Mirror&trade; (/datum/tgui_module/appearance_changer/mirror): UnregisterSignal(null, "observer_move")
[2024-05-30 23:08:46.932] RUNTIME:   SalonPro Nano-Mirror&trade; (/datum/tgui_module/appearance_changer/mirror): Destroy(0)
[2024-05-30 23:08:46.936] RUNTIME:   qdel(SalonPro Nano-Mirror&trade; (/datum/tgui_module/appearance_changer/mirror), 0)
[2024-05-30 23:08:46.940] RUNTIME:   the mirror (/obj/structure/mirror): Destroy(0)
[2024-05-30 23:08:46.943] RUNTIME:   qdel(the mirror (/obj/structure/mirror), 0)
[2024-05-30 23:08:46.947] RUNTIME:   the mirror (/obj/structure/mirror): cultify()
[2024-05-30 23:08:46.951] RUNTIME:   Nar-Sie (/obj/singularity/narsie/large): new narsie(the mirror (/obj/structure/mirror))
[2024-05-30 23:08:46.956] RUNTIME:   Nar-Sie (/obj/singularity/narsie/large): consume(the mirror (/obj/structure/mirror))
[2024-05-30 23:08:46.960] RUNTIME:   Nar-Sie (/obj/singularity/narsie/large): new narsie(the floor (124,88,3) (/turf/simulated/floor/tiled/freezer))
[2024-05-30 23:08:46.965] RUNTIME:   Nar-Sie (/obj/singularity/narsie/large): consume(the floor (124,88,3) (/turf/simulated/floor/tiled/freezer))
[2024-05-30 23:08:46.968] RUNTIME:   Nar-Sie (/obj/singularity/narsie/large): eat()
[2024-05-30 23:08:46.971] RUNTIME:   Nar-Sie (/obj/singularity/narsie/large): process(20)
[2024-05-30 23:08:46.975] RUNTIME:   Objects (/datum/controller/subsystem/processing/obj): fire(0)
[2024-05-30 23:08:46.978] RUNTIME:   Objects (/datum/controller/subsystem/processing/obj): ignite(0)
[2024-05-30 23:08:46.981] RUNTIME:   Master (/datum/controller/master): RunQueue()
[2024-05-30 23:08:46.984] RUNTIME:   Master (/datum/controller/master): Loop()
[2024-05-30 23:08:46.988] RUNTIME:   Master (/datum/controller/master): StartProcessing(0)
[2024-05-30 23:09:11.166] RUNTIME: [2024-05-30T19:09:11] Runtime in code/game/machinery/atmoalter/portable_atmospherics.dm,44: Cannot execute null.react().
[2024-05-30 23:09:11.171] RUNTIME:   proc name: process (/obj/machinery/portable_atmospherics/process)
[2024-05-30 23:09:11.176] RUNTIME:   src: Portable Air Scrubber (/obj/machinery/portable_atmospherics/powered/scrubber)
[2024-05-30 23:09:11.181] RUNTIME:   src.loc: null
[2024-05-30 23:09:11.185] RUNTIME:   call stack:
[2024-05-30 23:09:11.190] RUNTIME:   Portable Air Scrubber (/obj/machinery/portable_atmospherics/powered/scrubber): process(20)
[2024-05-30 23:09:11.195] RUNTIME:   Portable Air Scrubber (/obj/machinery/portable_atmospherics/powered/scrubber): process(20)
[2024-05-30 23:09:11.199] RUNTIME:   Machines (/datum/controller/subsystem/machines): process machinery(1)
[2024-05-30 23:09:11.203] RUNTIME:   Machines (/datum/controller/subsystem/machines): fire(1)
[2024-05-30 23:09:11.208] RUNTIME:   Machines (/datum/controller/subsystem/machines): ignite(1)
[2024-05-30 23:09:11.213] RUNTIME:   Master (/datum/controller/master): RunQueue()
[2024-05-30 23:09:11.219] RUNTIME:   Master (/datum/controller/master): Loop()
[2024-05-30 23:09:11.223] RUNTIME:   Master (/datum/controller/master): StartProcessing(0)
[2024-05-30 23:09:40.408] RUNTIME: [2024-05-30T19:09:40] Runtime in code/game/machinery/doors/airlock_control.dm,190: Cannot execute null.return pressure().
[2024-05-30 23:09:40.412] RUNTIME:   proc name: process (/obj/machinery/airlock_sensor/process)
[2024-05-30 23:09:40.416] RUNTIME:   src: the airlock sensor (/obj/machinery/airlock_sensor)
[2024-05-30 23:09:40.420] RUNTIME:   src.loc: null
[2024-05-30 23:09:40.425] RUNTIME:   call stack:
[2024-05-30 23:09:40.429] RUNTIME:   the airlock sensor (/obj/machinery/airlock_sensor): process(20)
[2024-05-30 23:09:40.433] RUNTIME:   Machines (/datum/controller/subsystem/machines): process machinery(1)
[2024-05-30 23:09:40.436] RUNTIME:   Machines (/datum/controller/subsystem/machines): fire(1)
[2024-05-30 23:09:40.441] RUNTIME:   Machines (/datum/controller/subsystem/machines): ignite(1)
[2024-05-30 23:09:40.445] RUNTIME:   Master (/datum/controller/master): RunQueue()
[2024-05-30 23:09:40.449] RUNTIME:   Master (/datum/controller/master): Loop()
[2024-05-30 23:09:40.452] RUNTIME:   Master (/datum/controller/master): StartProcessing(0)
[2024-05-30 23:10:03.459] RUNTIME: [2024-05-30T19:10:03] Runtime in code/datums/signals.dm,73: Cannot read null._listen_lookup
[2024-05-30 23:10:03.463] RUNTIME:   proc name: UnregisterSignal (/datum/proc/UnregisterSignal)
[2024-05-30 23:10:03.467] RUNTIME:   src: SalonPro Nano-Mirror&trade; (/datum/tgui_module/appearance_changer/mirror)
[2024-05-30 23:10:03.471] RUNTIME:   call stack:
[2024-05-30 23:10:03.475] RUNTIME:   SalonPro Nano-Mirror&trade; (/datum/tgui_module/appearance_changer/mirror): UnregisterSignal(null, "observer_move")
[2024-05-30 23:10:03.479] RUNTIME:   SalonPro Nano-Mirror&trade; (/datum/tgui_module/appearance_changer/mirror): Destroy(0)
[2024-05-30 23:10:03.485] RUNTIME:   qdel(SalonPro Nano-Mirror&trade; (/datum/tgui_module/appearance_changer/mirror), 0)
[2024-05-30 23:10:03.489] RUNTIME:   the mirror (/obj/structure/mirror): Destroy(0)
[2024-05-30 23:10:03.492] RUNTIME:   qdel(the mirror (/obj/structure/mirror), 0)
[2024-05-30 23:10:03.497] RUNTIME:   the mirror (/obj/structure/mirror): cultify()
[2024-05-30 23:10:03.501] RUNTIME:   Nar-Sie (/obj/singularity/narsie/large): new narsie(the mirror (/obj/structure/mirror))
[2024-05-30 23:10:03.506] RUNTIME:   Nar-Sie (/obj/singularity/narsie/large): consume(the mirror (/obj/structure/mirror))
[2024-05-30 23:10:03.510] RUNTIME:   Nar-Sie (/obj/singularity/narsie/large): new narsie(the floor (143,132,3) (/turf/simulated/floor/tiled/freezer))
[2024-05-30 23:10:03.515] RUNTIME:   Nar-Sie (/obj/singularity/narsie/large): consume(the floor (143,132,3) (/turf/simulated/floor/tiled/freezer))
[2024-05-30 23:10:03.519] RUNTIME:   Nar-Sie (/obj/singularity/narsie/large): eat()
[2024-05-30 23:10:03.524] RUNTIME:   Nar-Sie (/obj/singularity/narsie/large): process(20)
[2024-05-30 23:10:03.529] RUNTIME:   Objects (/datum/controller/subsystem/processing/obj): fire(0)
[2024-05-30 23:10:03.534] RUNTIME:   Objects (/datum/controller/subsystem/processing/obj): ignite(0)
[2024-05-30 23:10:03.539] RUNTIME:   Master (/datum/controller/master): RunQueue()
[2024-05-30 23:10:03.543] RUNTIME:   Master (/datum/controller/master): Loop()
[2024-05-30 23:10:03.548] RUNTIME:   Master (/datum/controller/master): StartProcessing(0)
