[2024-04-04 11:08:28.483] START: Starting up data/logs/2024/04-April/04-Thursday/round-07-08-09.
[2024-04-04 11:08:30.115] ADMIN: Loading jobban_rank
[2024-04-04 11:08:30.115] ADMIN: jobban_keylist was empty
[2024-04-04 11:08:30.118] ADMIN: Loading Banlist
[2024-04-04 11:08:40.328] GAME: Quarantined Shuttle loaded at at 171,70,5
[2024-04-04 11:08:40.507] GAME: Abandoned Mineshaft 1 loaded at at 157,90,5
[2024-04-04 11:08:41.008] GAME: Ice Cave 1A loaded at at 16,98,5
[2024-04-04 11:08:41.028] GAME: Mine Vault 1 loaded at at 45,86,5
[2024-04-04 11:08:41.049] GAME: Crystal Cave 1 loaded at at 141,112,5
[2024-04-04 11:08:41.114] GAME: Oregrub Den loaded at at 177,31,5
[2024-04-04 11:08:41.141] GAME: Fenced Geyser loaded at at 22,62,5
[2024-04-04 11:08:41.158] GAME: Lost Explorer loaded at at 20,41,5
[2024-04-04 11:08:41.226] GAME: Blast Mine 1 loaded at at 175,16,5
[2024-04-04 11:08:41.308] GAME: Rat Den loaded at at 199,28,5
[2024-04-04 11:08:41.565] GAME: Abandoned Temple loaded at at 32,18,5
[2024-04-04 11:08:43.449] GAME: Ore-Topped Cliff loaded at at 9,86,5
[2024-04-04 11:08:43.658] GAME: spatial anomaly loaded at at 75,197,5
[2024-04-04 11:08:43.689] GAME: Camp Site loaded at at 53,57,4
[2024-04-04 11:08:43.883] GAME: Hot Spring loaded at at 201,76,4
[2024-04-04 11:08:44.197] GAME: Farm loaded at at 19,28,4
[2024-04-04 11:08:44.222] GAME: Lone Kururak Den loaded at at 188,26,4
[2024-04-04 11:08:44.243] GAME: Snow loaded at at 20,225,4
[2024-04-04 11:08:44.414] GAME: Old Library loaded at at 82,46,4
[2024-04-04 11:08:44.465] GAME: Rocky Outcrop loaded at at 14,188,4
[2024-04-04 11:08:44.501] GAME: Snow 2 loaded at at 160,37,4
[2024-04-04 11:08:44.520] GAME: Old Supply Drop loaded at at 180,51,4
[2024-04-04 11:08:44.574] GAME: Snow 3 loaded at at 177,58,4
[2024-04-04 11:08:44.610] GAME: Ration Cache loaded at at 87,93,4
[2024-04-04 11:08:44.763] GAME: Pride Rock loaded at at 204,9,4
[2024-04-04 11:08:44.860] GAME: Thieves' Cave loaded at at 39,201,4
[2024-04-04 11:08:44.869] GAME: Buried Treasure 3 loaded at at 118,123,4
[2024-04-04 11:08:45.211] GAME: Meth Lab loaded at at 37,83,4
[2024-04-04 11:08:45.238] GAME: Abandoned Bonfire loaded at at 138,68,4
[2024-04-04 11:08:45.279] GAME: Emergency Pod 2 loaded at at 57,27,4
[2024-04-04 11:08:45.372] GAME: Ruptured Canister loaded at at 145,48,4
[2024-04-04 11:08:45.394] GAME: Snow 4 loaded at at 134,102,4
[2024-04-04 11:08:45.467] GAME: Emergency Pod loaded at at 201,139,4
[2024-04-04 11:08:45.661] GAME: Diner loaded at at 19,157,4
[2024-04-04 11:08:45.776] GAME: VR Den loaded at at 115,98,4
[2024-04-04 11:08:45.868] GAME: Emergency Pod 4 loaded at at 117,85,9
[2024-04-04 11:08:46.155] GAME: Decoupled Engine loaded at at 105,52,9
[2024-04-04 11:08:46.331] GAME: Chasm loaded at at 75,40,9
[2024-04-04 11:08:46.422] GAME: Mudpit loaded at at 108,8,9
[2024-04-04 11:08:46.428] GAME: Musk loaded at at 208,62,9
[2024-04-04 11:08:46.578] GAME: Drug Den loaded at at 40,36,9
[2024-04-04 11:08:46.691] GAME: Rocky 1 loaded at at 31,62,9
[2024-04-04 11:08:47.160] GAME: Cragzone 1 loaded at at 184,32,9
[2024-04-04 11:08:47.902] GAME: Demon Pool loaded at at 8,55,9
[2024-04-04 11:08:48.049] GAME: Frost Oasis loaded at at 61,16,9
[2024-04-04 11:08:48.079] GAME: Spider Nest 1 loaded at at 168,79,9
[2024-04-04 11:08:48.291] GAME: Rocky 1 loaded at at 142,61,9
[2024-04-04 11:08:48.433] GAME: Snowrock 1 loaded at at 56,66,9
[2024-04-04 11:08:48.492] GAME: Government Patrol loaded at at 214,55,9
[2024-04-04 11:08:48.558] GAME: Smol 1 loaded at at 71,90,9
[2024-04-04 11:08:48.574] GAME: Spider Nest 1 loaded at at 103,82,9
[2024-04-04 11:08:48.904] GAME: Forest Lake loaded at at 115,31,9
[2024-04-04 11:08:48.939] GAME: Frostfly Nest loaded at at 139,88,9
[2024-04-04 11:08:48.985] GAME: Butcher Shack loaded at at 84,89,9
[2024-04-04 11:08:49.406] GAME: Kururak Den loaded at at 198,78,9
[2024-04-04 11:08:50.397] GAME: Rocky 4 loaded at at 32,85,9
[2024-04-04 11:08:50.880] GAME: Rocky 1 loaded at at 156,34,9
[2024-04-04 11:08:50.956] GAME: Wolf Den loaded at at 79,69,9
[2024-04-04 11:08:51.017] GAME: Spider Nest 1 loaded at at 52,98,9
[2024-04-04 11:08:51.118] GAME: Shelter 1 loaded at at 211,82,9
[2024-04-04 11:08:51.158] GAME: Shack 1 loaded at at 46,15,9
[2024-04-04 11:08:51.288] GAME: Military Camp 1 loaded at at 9,87,9
[2024-04-04 11:08:51.303] GAME: Spider Nest 1 loaded at at 34,101,9
[2024-04-04 11:08:51.484] GAME: Rocky 2 loaded at at 83,13,9
[2024-04-04 11:08:51.784] GAME: Black Shuttle Down loaded at at 43,198,9
[2024-04-04 11:08:51.981] GAME: Bounty Hunter Den loaded at at 167,131,9
[2024-04-04 11:08:52.146] GAME: Xeno Hive loaded at at 201,139,9
[2024-04-04 11:08:52.286] GAME: Leopardmander Den loaded at at 106,206,9
[2024-04-04 11:08:52.949] GAME: Dragon Island loaded at at 12,145,9
[2024-04-04 11:08:53.280] GAME: CaveS loaded at at 134,179,9
[2024-04-04 11:08:53.502] GAME: Spider Base loaded at at 88,145,9
[2024-04-04 11:08:53.571] GAME: DJOutpost 2 loaded at at 209,179,9
[2024-04-04 11:08:53.733] GAME: Death Den loaded at at 198,209,9
[2024-04-04 11:08:53.766] GAME: Emergency Pod 3 loaded at at 9,191,9
[2024-04-04 11:08:54.456] GAME: Cliff Base loaded at at 118,138,9
[2024-04-04 11:08:56.190] GAME: Abandoned Lab loaded at at 206,104,9
[2024-04-04 11:08:56.236] GAME: Syndi Drone loaded at at 213,169,9
[2024-04-04 11:08:56.343] GAME: Raided Mech Hanger loaded at at 59,131,9
[2024-04-04 11:08:56.387] GAME: Lone Wolf loaded at at 8,125,9
[2024-04-04 11:08:56.525] GAME: Blob Den loaded at at 163,199,10
[2024-04-04 11:08:56.924] GAME: Eclipse Base Dig loaded at at 120,196,10
[2024-04-04 11:08:57.111] GAME: Frost Lake loaded at at 194,16,10
[2024-04-04 11:08:57.199] GAME: Solar Pond loaded at at 129,36,10
[2024-04-04 11:08:57.416] GAME: Maus HQ loaded at at 212,215,10
[2024-04-04 11:08:57.755] GAME: Pirate Cove loaded at at 35,12,10
[2024-04-04 11:08:58.074] GAME: Carrier Shuttle loaded at at 154,24,10
[2024-04-04 11:08:58.499] GAME: Aquatic Xenos loaded at at 57,194,10
[2024-04-04 11:08:58.957] GAME: Blood Church loaded at at 105,142,10
[2024-04-04 11:08:59.438] GAME: Demon Ranch loaded at at 182,70,10
[2024-04-04 11:08:59.595] GAME: Mouse Takeover loaded at at 142,75,10
[2024-04-04 11:08:59.854] GAME: Vox Pirates loaded at at 76,75,10
[2024-04-04 11:09:00.346] GAME: Cult Bar loaded at at 177,157,10
[2024-04-04 11:09:00.839] GAME: Siege Point loaded at at 147,140,10
[2024-04-04 11:09:01.151] GAME: Xenobio Lab loaded at at 139,98,10
[2024-04-04 11:09:01.321] GAME: Leech Pond loaded at at 111,68,10
[2024-04-04 11:09:01.887] GAME: Unfinished Outpost loaded at at 13,106,10
[2024-04-04 11:09:52.682] GAME: Z-level VR World loaded at at 1,1,11
[2024-04-04 11:09:53.171] GAME: Z-level Fuel Depot - Z1 Space loaded at at 1,1,12
[2024-04-04 11:10:05.032] GAME: Z-level Thor Surface loaded at at 1,1,13
[2024-04-04 11:10:13.173] GAME: Z-level Abandoned City loaded at at 1,1,14
[2024-04-04 11:10:45.893] MISC: a the gibber didn't find an input plate.
[2024-04-04 11:10:49.135] MISC: a the gibber didn't find an input plate.
[2024-04-04 11:15:53.809] GAME: TIDI: 9;2.7;0.54;0.054
[2024-04-04 11:16:53.809] GAME: TIDI: 0;1.89;0.81;0.1296
[2024-04-04 11:17:53.809] GAME: TIDI: 0;1.323;0.9126;0.2079
[2024-04-04 11:18:54.800] GAME: TIDI: 1.66667;1.4261;1.0153;0.28864
[2024-04-04 11:19:54.839] GAME: TIDI: 0;0.99827;1.01189;0.360965
[2024-04-04 11:20:59.750] GAME: TIDI: 8.16667;3.14879;1.43927;0.468796
[2024-04-04 11:22:05.521] GAME: TIDI: 9.66667;5.10415;2.17225;0.639141
[2024-04-04 11:23:05.967] GAME: TIDI: 0.666667;3.77291;2.49238;0.824465
[2024-04-04 11:24:01.822] EMOTE: INVALID/(Cleanbot) (93,164,9): <B>Cleanbot</B> makes an excited booping sound!
[2024-04-04 11:24:07.206] GAME: TIDI: 2.16667;3.29103;2.65211;1.00723
[2024-04-04 11:25:07.234] GAME: TIDI: 0;2.30372;2.58243;1.16475
[2024-04-04 11:26:07.396] GAME: TIDI: 0.166667;1.66261;2.39847;1.28812
[2024-04-04 11:27:07.423] GAME: TIDI: 0.166667;1.21382;2.16154;1.37546
[2024-04-04 11:27:22.043] EMOTE: INVALID/(Cleanbot) (93,164,9): <B>Cleanbot</B> makes an excited booping sound!
[2024-04-04 11:27:24.039] EMOTE: INVALID/(Cleanbot) (93,164,9): <B>Cleanbot</B> makes an excited booping sound!
[2024-04-04 11:28:07.443] GAME: TIDI: 0;0.849677;1.89917;1.42783
[2024-04-04 11:29:08.422] GAME: TIDI: 1.66667;1.09477;1.73829;1.45888
[2024-04-04 11:30:08.454] GAME: TIDI: 0;0.766342;1.5439;1.46738
[2024-04-04 11:31:08.474] GAME: TIDI: 0;0.536439;1.34241;1.45488
[2024-04-04 11:32:08.490] GAME: TIDI: 0;0.375507;1.14903;1.4243
[2024-04-04 11:33:08.511] GAME: TIDI: 0.166667;0.312855;0.981793;1.38005
[2024-04-04 11:33:35.135] EMOTE: INVALID/(Cleanbot) (93,164,9): <B>Cleanbot</B> makes an excited booping sound!
[2024-04-04 11:34:08.536] GAME: TIDI: 0;0.218999;0.829234;1.32497
[2024-04-04 11:35:08.556] GAME: TIDI: 0;0.153299;0.694047;1.26187
[2024-04-04 11:36:08.570] GAME: TIDI: 0;0.107309;0.5767;1.19336
[2024-04-04 11:37:08.593] GAME: TIDI: 0;0.0751165;0.476383;1.12166
[2024-04-04 11:38:08.613] GAME: TIDI: 0.166667;0.102582;0.401623;1.04966
[2024-04-04 11:38:11.228] EMOTE: INVALID/(Cleanbot) (93,164,9): <B>Cleanbot</B> makes an excited booping sound!
[2024-04-04 11:39:08.624] GAME: TIDI: 0;0.0718071;0.33566;0.978256
[2024-04-04 11:39:31.256] EMOTE: INVALID/(Cleanbot) (93,164,9): <B>Cleanbot</B> makes an excited booping sound!
[2024-04-04 11:40:08.652] GAME: TIDI: 0;0.050265;0.278581;0.908289
[2024-04-04 11:41:08.673] GAME: TIDI: 0;0.0351855;0.229902;0.84045
[2024-04-04 11:42:08.702] GAME: TIDI: 0.166667;0.0746298;0.198847;0.77629
[2024-04-04 11:43:08.734] GAME: TIDI: 0;0.0522409;0.169526;0.715613
[2024-04-04 11:44:08.759] GAME: TIDI: 0;0.0365686;0.142935;0.658345
[2024-04-04 11:45:08.779] GAME: TIDI: 0;0.025598;0.119467;0.604458
[2024-04-04 11:45:27.408] EMOTE: INVALID/(Cleanbot) (93,164,9): <B>Cleanbot</B> makes an excited booping sound!
[2024-04-04 11:46:08.789] GAME: TIDI: 0;0.0179186;0.0991575;0.553928
[2024-04-04 11:47:08.816] GAME: TIDI: 0.166667;0.062543;0.0918346;0.507718
[2024-04-04 11:48:08.835] GAME: TIDI: 0;0.0437801;0.0822237;0.465169
[2024-04-04 11:49:08.915] GAME: TIDI: 0.166667;0.0806461;0.0819082;0.426843
[2024-04-04 11:50:08.925] GAME: TIDI: 0;0.0564523;0.076817;0.39184
[2024-04-04 11:50:47.556] EMOTE: INVALID/(Cleanbot) (93,164,9): <B>Cleanbot</B> makes an excited booping sound!
[2024-04-04 11:51:08.951] GAME: TIDI: 0;0.0395166;0.0693569;0.359592
[2024-04-04 11:51:13.569] EMOTE: INVALID/(Cleanbot) (93,164,9): <B>Cleanbot</B> makes an excited booping sound!
[2024-04-04 11:52:08.971] GAME: TIDI: 0;0.0276616;0.0610179;0.329734
[2024-04-04 11:53:08.996] GAME: TIDI: 0;0.0193631;0.0526869;0.30203
[2024-04-04 11:53:21.681] EMOTE: INVALID/(Cleanbot) (93,164,9): <B>Cleanbot</B> makes an excited booping sound!
[2024-04-04 11:53:41.698] EMOTE: INVALID/(Cleanbot) (93,164,9): <B>Cleanbot</B> makes an excited booping sound!
[2024-04-04 11:54:07.713] EMOTE: INVALID/(Cleanbot) (93,164,9): <B>Cleanbot</B> makes an excited booping sound!
[2024-04-04 11:54:09.091] GAME: TIDI: 0.166667;0.0635542;0.0548604;0.277313
[2024-04-04 11:55:09.119] GAME: TIDI: 0.166667;0.0944879;0.0627859;0.25586
[2024-04-04 11:56:09.139] GAME: TIDI: 0;0.0661416;0.063457;0.23662
[2024-04-04 11:57:09.156] GAME: TIDI: 0;0.0462991;0.0600254;0.21896
[2024-04-04 11:57:47.781] EMOTE: INVALID/(Cleanbot) (93,164,9): <B>Cleanbot</B> makes an excited booping sound!
[2024-04-04 11:57:55.790] EMOTE: INVALID/(Cleanbot) (93,164,9): <B>Cleanbot</B> makes an excited booping sound!
[2024-04-04 11:58:09.169] GAME: TIDI: 0;0.0324094;0.0545022;0.202514
[2024-04-04 11:58:29.797] EMOTE: INVALID/(Cleanbot) (93,164,9): <B>Cleanbot</B> makes an excited booping sound!
[2024-04-04 11:58:57.813] EMOTE: INVALID/(Cleanbot) (93,164,9): <B>Cleanbot</B> makes an excited booping sound!
[2024-04-04 11:59:09.185] GAME: TIDI: 0;0.0226866;0.0481391;0.187077
[2024-04-04 12:00:09.214] GAME: TIDI: 0.166667;0.0658806;0.0516874;0.173538
[2024-04-04 12:01:07.910] EMOTE: INVALID/(Cleanbot) (93,164,9): <B>Cleanbot</B> makes an excited booping sound!
[2024-04-04 12:01:09.294] GAME: TIDI: 0;0.0461164;0.0505732;0.161242
[2024-04-04 12:02:09.332] GAME: TIDI: 0.166667;0.0822815;0.0569149;0.150809
[2024-04-04 12:03:09.415] GAME: TIDI: 0.166667;0.107597;0.0670513;0.142433
[2024-04-04 12:03:16.036] EMOTE: INVALID/(Cleanbot) (93,164,9): <B>Cleanbot</B> makes an excited booping sound!
[2024-04-04 12:03:38.036] EMOTE: INVALID/(Cleanbot) (93,164,9): <B>Cleanbot</B> makes an excited booping sound!
[2024-04-04 12:04:09.426] GAME: TIDI: 0;0.0753179;0.0687046;0.13506
[2024-04-04 12:04:24.051] EMOTE: INVALID/(Cleanbot) (93,164,9): <B>Cleanbot</B> makes an excited booping sound!
[2024-04-04 12:05:09.449] GAME: TIDI: 0;0.0527226;0.0655082;0.128105
[2024-04-04 12:06:09.468] GAME: TIDI: 0;0.0369058;0.0597877;0.121273
[2024-04-04 12:07:09.482] GAME: TIDI: 0;0.0258341;0.052997;0.114446
[2024-04-04 12:07:16.099] EMOTE: INVALID/(Cleanbot) (93,164,9): <B>Cleanbot</B> makes an excited booping sound!
[2024-04-04 12:07:54.186] EMOTE: INVALID/(Cleanbot) (93,164,9): <B>Cleanbot</B> makes an excited booping sound!
[2024-04-04 12:08:09.572] GAME: TIDI: 0.166667;0.0680838;0.0560144;0.108603
[2024-04-04 12:08:40.208] EMOTE: INVALID/(Cleanbot) (93,164,9): <B>Cleanbot</B> makes an excited booping sound!
[2024-04-04 12:09:09.590] GAME: TIDI: 0;0.0476587;0.0543432;0.103177
[2024-04-04 12:10:09.609] GAME: TIDI: 0.166667;0.0833611;0.0601468;0.0988736
[2024-04-04 12:11:09.641] GAME: TIDI: 0;0.0583528;0.059788;0.094965
[2024-04-04 12:11:44.267] EMOTE: INVALID/(Cleanbot) (93,164,9): <B>Cleanbot</B> makes an excited booping sound!
[2024-04-04 12:12:09.657] GAME: TIDI: 0;0.0408469;0.0559998;0.0910685
[2024-04-04 12:13:09.687] GAME: TIDI: 0;0.0285929;0.0505184;0.0870135
[2024-04-04 12:14:09.698] GAME: TIDI: 0;0.020015;0.0444177;0.0827539
[2024-04-04 12:14:12.315] EMOTE: INVALID/(Cleanbot) (93,164,9): <B>Cleanbot</B> makes an excited booping sound!
[2024-04-04 12:14:22.321] EMOTE: INVALID/(Cleanbot) (93,164,9): <B>Cleanbot</B> makes an excited booping sound!
[2024-04-04 12:14:42.325] EMOTE: INVALID/(Cleanbot) (93,164,9): <B>Cleanbot</B> makes an excited booping sound!
[2024-04-04 12:14:48.326] EMOTE: INVALID/(Cleanbot) (93,164,9): <B>Cleanbot</B> makes an excited booping sound!
[2024-04-04 12:15:09.709] GAME: TIDI: 0.166667;0.0640105;0.0483363;0.0793121
[2024-04-04 12:15:44.333] EMOTE: INVALID/(Cleanbot) (93,164,9): <B>Cleanbot</B> makes an excited booping sound!
[2024-04-04 12:16:09.720] GAME: TIDI: 0;0.0448073;0.0476305;0.076144
[2024-04-04 12:17:09.735] GAME: TIDI: 0;0.0313651;0.0443774;0.0729673
[2024-04-04 12:17:28.357] EMOTE: INVALID/(Cleanbot) (93,164,9): <B>Cleanbot</B> makes an excited booping sound!
[2024-04-04 12:18:09.803] GAME: TIDI: 0.0832639;0.0469348;0.0448889;0.0701595
[2024-04-04 12:19:09.825] GAME: TIDI: 0;0.0328544;0.042482;0.0673917
[2024-04-04 12:19:12.393] EMOTE: INVALID/(Cleanbot) (93,164,9): <B>Cleanbot</B> makes an excited booping sound!
[2024-04-04 12:20:09.852] GAME: TIDI: 0;0.022998;0.0385852;0.0645111
[2024-04-04 12:21:09.870] GAME: TIDI: 0;0.0160986;0.0340879;0.0614688
[2024-04-04 12:22:09.901] GAME: TIDI: 0.166667;0.061269;0.0395241;0.0592743
[2024-04-04 12:23:10.008] GAME: TIDI: 0.166667;0.0928883;0.050197;0.0583666
[2024-04-04 12:24:10.028] GAME: TIDI: 0;0.0650218;0.0531619;0.0578461
[2024-04-04 12:25:10.058] GAME: TIDI: 0;0.0455153;0.0516326;0.0572247
[2024-04-04 12:26:10.090] GAME: TIDI: 0;0.0318607;0.0476782;0.0562701
[2024-04-04 12:26:10.656] EMOTE: INVALID/(Cleanbot) (93,164,9): <B>Cleanbot</B> makes an excited booping sound!
[2024-04-04 12:27:10.125] GAME: TIDI: 0.166667;0.0723025;0.0526031;0.0559034
[2024-04-04 12:28:10.154] GAME: TIDI: 0;0.0506117;0.0522048;0.0555335
[2024-04-04 12:28:16.731] EMOTE: INVALID/(Cleanbot) (93,164,9): <B>Cleanbot</B> makes an excited booping sound!
[2024-04-04 12:29:10.254] GAME: TIDI: 0.166667;0.0854282;0.0588495;0.0558651
[2024-04-04 12:29:12.827] EMOTE: INVALID/(Cleanbot) (93,164,9): <B>Cleanbot</B> makes an excited booping sound!
[2024-04-04 12:30:10.289] GAME: TIDI: 0;0.0597998;0.0590396;0.0561826
[2024-04-04 12:31:10.338] GAME: TIDI: 0.166667;0.0918598;0.0656036;0.0571247
[2024-04-04 12:31:44.938] EMOTE: INVALID/(Cleanbot) (93,164,9): <B>Cleanbot</B> makes an excited booping sound!
[2024-04-04 12:32:10.372] GAME: TIDI: 0;0.0643019;0.0653433;0.0579465
[2024-04-04 12:32:10.941] EMOTE: INVALID/(Cleanbot) (93,164,9): <B>Cleanbot</B> makes an excited booping sound!
[2024-04-04 12:33:10.401] GAME: TIDI: 0.166667;0.0950113;0.0712769;0.0592796
[2024-04-04 12:34:10.426] GAME: TIDI: 0;0.0665079;0.0703231;0.0603839
[2024-04-04 12:35:10.438] GAME: TIDI: 0;0.0465555;0.0655696;0.0609025
[2024-04-04 12:35:13.006] EMOTE: INVALID/(Cleanbot) (93,164,9): <B>Cleanbot</B> makes an excited booping sound!
[2024-04-04 12:36:10.462] GAME: TIDI: 0;0.0325889;0.0589734;0.0607096
[2024-04-04 12:36:53.104] EMOTE: INVALID/(Cleanbot) (93,164,9): <B>Cleanbot</B> makes an excited booping sound!
[2024-04-04 12:37:10.541] GAME: TIDI: 0.166667;0.0728122;0.0617412;0.0608127
[2024-04-04 12:38:10.635] GAME: TIDI: 0.166667;0.100969;0.0695867;0.0616901
[2024-04-04 12:38:45.222] EMOTE: INVALID/(Cleanbot) (93,164,9): <B>Cleanbot</B> makes an excited booping sound!
[2024-04-04 12:39:10.670] GAME: TIDI: 0;0.070678;0.0698049;0.0625016
[2024-04-04 12:39:55.258] EMOTE: INVALID/(Cleanbot) (93,164,9): <B>Cleanbot</B> makes an excited booping sound!
[2024-04-04 12:40:10.697] GAME: TIDI: 0;0.0494746;0.0657389;0.0628253
[2024-04-04 12:40:49.283] EMOTE: INVALID/(Cleanbot) (93,164,9): <B>Cleanbot</B> makes an excited booping sound!
[2024-04-04 12:41:10.717] GAME: TIDI: 0.166667;0.0846322;0.0695175;0.0634945
[2024-04-04 12:41:11.283] EMOTE: INVALID/(Cleanbot) (93,164,9): <B>Cleanbot</B> makes an excited booping sound!
[2024-04-04 12:41:27.358] EMOTE: INVALID/(Cleanbot) (93,164,9): <B>Cleanbot</B> makes an excited booping sound!
[2024-04-04 12:42:10.806] GAME: TIDI: 0.166667;0.109243;0.0774625;0.0648913
[2024-04-04 12:42:27.383] EMOTE: INVALID/(Cleanbot) (93,164,9): <B>Cleanbot</B> makes an excited booping sound!
[2024-04-04 12:42:31.386] EMOTE: INVALID/(Cleanbot) (93,164,9): <B>Cleanbot</B> makes an excited booping sound!
[2024-04-04 12:43:10.833] GAME: TIDI: 0;0.0764698;0.077264;0.0661286
[2024-04-04 12:44:09.426] EMOTE: INVALID/(Cleanbot) (93,164,9): <B>Cleanbot</B> makes an excited booping sound!
[2024-04-04 12:44:10.857] GAME: TIDI: 0;0.0535288;0.072517;0.0667674
[2024-04-04 12:45:10.883] GAME: TIDI: 0;0.0374702;0.0655076;0.0666415
[2024-04-04 12:45:29.490] EMOTE: INVALID/(Cleanbot) (93,164,9): <B>Cleanbot</B> makes an excited booping sound!
[2024-04-04 12:46:10.929] GAME: TIDI: 0.166667;0.0762291;0.0676519;0.0667425
[2024-04-04 12:47:10.953] GAME: TIDI: 0;0.0533604;0.0647936;0.0665476
[2024-04-04 12:47:39.592] EMOTE: INVALID/(Cleanbot) (93,164,9): <B>Cleanbot</B> makes an excited booping sound!
[2024-04-04 12:48:11.042] GAME: TIDI: 0.166667;0.0873523;0.0693053;0.0668234
[2024-04-04 12:48:23.617] EMOTE: INVALID/(Cleanbot) (93,164,9): <B>Cleanbot</B> makes an excited booping sound!
[2024-04-04 12:49:11.059] GAME: TIDI: 0;0.0611466;0.0676736;0.0669084
[2024-04-04 12:49:39.652] EMOTE: INVALID/(Cleanbot) (93,164,9): <B>Cleanbot</B> makes an excited booping sound!
[2024-04-04 12:50:11.114] GAME: TIDI: 0.166667;0.0928026;0.0726994;0.0674875
[2024-04-04 12:51:11.155] GAME: TIDI: 0;0.0649618;0.0711519;0.0678539
[2024-04-04 12:52:11.245] GAME: TIDI: 0.166667;0.0954733;0.0760162;0.0686702
[2024-04-04 12:53:11.277] GAME: TIDI: 0;0.0668313;0.0741792;0.0692211
[2024-04-04 12:54:11.316] GAME: TIDI: 0.166667;0.0967819;0.0786997;0.0701689
[2024-04-04 12:55:11.336] GAME: TIDI: 0;0.0677473;0.0765093;0.070803
[2024-04-04 12:55:13.904] EMOTE: INVALID/(Cleanbot) (93,164,9): <B>Cleanbot</B> makes an excited booping sound!
[2024-04-04 12:56:11.364] GAME: TIDI: 0;0.0474231;0.070692;0.0707919
[2024-04-04 12:57:11.388] GAME: TIDI: 0;0.0331962;0.0631929;0.070032
[2024-04-04 12:57:37.973] EMOTE: INVALID/(Cleanbot) (93,164,9): <B>Cleanbot</B> makes an excited booping sound!
[2024-04-04 12:57:51.977] EMOTE: INVALID/(Cleanbot) (93,164,9): <B>Cleanbot</B> makes an excited booping sound!
[2024-04-04 12:58:05.996] EMOTE: INVALID/(Cleanbot) (93,164,9): <B>Cleanbot</B> makes an excited booping sound!
[2024-04-04 12:58:11.416] GAME: TIDI: 0.166667;0.0732373;0.0652018;0.0695489
[2024-04-04 12:59:11.442] GAME: TIDI: 0;0.0512661;0.0624146;0.0688355
[2024-04-04 13:00:11.464] GAME: TIDI: 0;0.0358863;0.057109;0.0676629
[2024-04-04 13:01:11.496] GAME: TIDI: 0;0.0251204;0.0507113;0.0659677
[2024-04-04 13:02:11.540] GAME: TIDI: 0.166667;0.0675843;0.0540859;0.0647795
[2024-04-04 13:03:11.586] GAME: TIDI: 0;0.047309;0.0527305;0.0635746
[2024-04-04 13:04:11.609] GAME: TIDI: 0.166667;0.0831163;0.0588077;0.0630979
[2024-04-04 13:04:42.202] EMOTE: INVALID/(Cleanbot) (93,164,9): <B>Cleanbot</B> makes an excited booping sound!
[2024-04-04 13:05:11.631] GAME: TIDI: 0;0.0581814;0.0586824;0.0626564
[2024-04-04 13:06:02.226] EMOTE: INVALID/(Cleanbot) (93,164,9): <B>Cleanbot</B> makes an excited booping sound!
[2024-04-04 13:06:11.669] GAME: TIDI: 0;0.040727;0.0550913;0.0618999
[2024-04-04 13:06:32.252] EMOTE: INVALID/(Cleanbot) (93,164,9): <B>Cleanbot</B> makes an excited booping sound!
[2024-04-04 13:07:04.269] EMOTE: INVALID/(Cleanbot) (93,164,9): <B>Cleanbot</B> makes an excited booping sound!
[2024-04-04 13:07:11.711] GAME: TIDI: 0.166667;0.0785089;0.0597748;0.0616874
[2024-04-04 13:07:34.292] EMOTE: INVALID/(Cleanbot) (93,164,9): <B>Cleanbot</B> makes an excited booping sound!
[2024-04-04 13:08:11.743] GAME: TIDI: 0;0.0549562;0.0588111;0.0613997
[2024-04-04 13:09:11.778] GAME: TIDI: 0;0.0384694;0.0547428;0.060734
[2024-04-04 13:10:11.811] GAME: TIDI: 0.166667;0.0769286;0.0591799;0.0605786
[2024-04-04 13:11:11.847] GAME: TIDI: 0;0.05385;0.0581139;0.0603321
[2024-04-04 13:12:11.864] GAME: TIDI: 0;0.037695;0.0540301;0.0597019
[2024-04-04 13:13:11.883] GAME: TIDI: 0;0.0263865;0.0485014;0.0585819
[2024-04-04 13:14:11.971] GAME: TIDI: 0.166667;0.0684706;0.0524952;0.0579732
[2024-04-04 13:14:44.560] EMOTE: INVALID/(Cleanbot) (93,164,9): <B>Cleanbot</B> makes an excited booping sound!
[2024-04-04 13:14:58.565] EMOTE: INVALID/(Cleanbot) (93,164,9): <B>Cleanbot</B> makes an excited booping sound!
[2024-04-04 13:15:12.004] GAME: TIDI: 0.166667;0.0979294;0.0615821;0.0583341
[2024-04-04 13:15:26.590] EMOTE: INVALID/(Cleanbot) (93,164,9): <B>Cleanbot</B> makes an excited booping sound!
[2024-04-04 13:15:32.590] EMOTE: INVALID/(Cleanbot) (93,164,9): <B>Cleanbot</B> makes an excited booping sound!
[2024-04-04 13:16:00.603] EMOTE: INVALID/(Cleanbot) (93,164,9): <B>Cleanbot</B> makes an excited booping sound!
[2024-04-04 13:16:12.034] GAME: TIDI: 0;0.0685506;0.0629758;0.0587983
[2024-04-04 13:16:34.616] EMOTE: INVALID/(Cleanbot) (93,164,9): <B>Cleanbot</B> makes an excited booping sound!
[2024-04-04 13:17:12.065] GAME: TIDI: 0;0.0479854;0.0599777;0.0589162
[2024-04-04 13:18:12.103] GAME: TIDI: 0.166667;0.0835898;0.0647001;0.0594946
[2024-04-04 13:18:28.689] EMOTE: INVALID/(Cleanbot) (93,164,9): <B>Cleanbot</B> makes an excited booping sound!
[2024-04-04 13:19:08.712] EMOTE: INVALID/(Cleanbot) (93,164,9): <B>Cleanbot</B> makes an excited booping sound!
[2024-04-04 13:19:12.146] GAME: TIDI: 0;0.0585128;0.0634627;0.0598914
[2024-04-04 13:19:12.721] EMOTE: INVALID/(Cleanbot) (93,164,9): <B>Cleanbot</B> makes an excited booping sound!
[2024-04-04 13:19:44.727] EMOTE: INVALID/(Cleanbot) (93,164,9): <B>Cleanbot</B> makes an excited booping sound!
[2024-04-04 13:20:12.165] GAME: TIDI: 0;0.040959;0.0589619;0.0597985
[2024-04-04 13:21:12.180] GAME: TIDI: 0;0.0286713;0.0529038;0.059109
[2024-04-04 13:21:12.757] EMOTE: INVALID/(Cleanbot) (93,164,9): <B>Cleanbot</B> makes an excited booping sound!
[2024-04-04 13:22:12.217] GAME: TIDI: 0.166667;0.0700699;0.056337;0.0588318
[2024-04-04 13:22:50.799] EMOTE: INVALID/(Cleanbot) (93,164,9): <B>Cleanbot</B> makes an excited booping sound!
[2024-04-04 13:23:12.244] GAME: TIDI: 0;0.0490489;0.0548794;0.0584366
[2024-04-04 13:24:12.260] GAME: TIDI: 0;0.0343343;0.0507704;0.0576699
[2024-04-04 13:25:12.282] GAME: TIDI: 0;0.024034;0.0454231;0.0564453
[2024-04-04 13:25:22.854] EMOTE: INVALID/(Cleanbot) (93,164,9): <B>Cleanbot</B> makes an excited booping sound!
[2024-04-04 13:26:12.319] GAME: TIDI: 0.166667;0.0668238;0.0497032;0.0557711
[2024-04-04 13:27:12.343] GAME: TIDI: 0;0.0467767;0.0491179;0.0551057
[2024-04-04 13:28:06.942] EMOTE: INVALID/(Cleanbot) (93,164,9): <B>Cleanbot</B> makes an excited booping sound!
[2024-04-04 13:28:12.365] GAME: TIDI: 0;0.0327437;0.0458431;0.0541795
[2024-04-04 13:28:16.940] EMOTE: INVALID/(Cleanbot) (93,164,9): <B>Cleanbot</B> makes an excited booping sound!
[2024-04-04 13:28:44.946] EMOTE: INVALID/(Cleanbot) (93,164,9): <B>Cleanbot</B> makes an excited booping sound!
[2024-04-04 13:29:12.389] GAME: TIDI: 0;0.0229206;0.0412586;0.0528874
[2024-04-04 13:30:12.556] GAME: TIDI: 0.249792;0.090982;0.0512033;0.052719
[2024-04-04 13:30:17.078] EMOTE: INVALID/(Cleanbot) (93,164,9): <B>Cleanbot</B> makes an excited booping sound!
[2024-04-04 13:31:12.590] GAME: TIDI: 0;0.0636874;0.0537001;0.0528171
[2024-04-04 13:32:12.674] GAME: TIDI: 0.0832639;0.0695603;0.0568721;0.0532226
[2024-04-04 13:33:12.701] GAME: TIDI: 0.166667;0.0986922;0.0652362;0.0544239
[2024-04-04 13:34:12.733] GAME: TIDI: 0;0.0690846;0.0660058;0.0555821
[2024-04-04 13:35:12.766] GAME: TIDI: 0;0.0483592;0.0624765;0.0562716
[2024-04-04 13:35:41.233] EMOTE: INVALID/(Cleanbot) (93,164,9): <B>Cleanbot</B> makes an excited booping sound!
[2024-04-04 13:36:12.783] GAME: TIDI: 0;0.0338514;0.0567515;0.0563196
[2024-04-04 13:37:12.817] GAME: TIDI: 0.166667;0.073696;0.0601404;0.0567016
[2024-04-04 13:37:31.288] EMOTE: INVALID/(Cleanbot) (93,164,9): <B>Cleanbot</B> makes an excited booping sound!
[2024-04-04 13:38:09.394] EMOTE: INVALID/(Cleanbot) (93,164,9): <B>Cleanbot</B> makes an excited booping sound!
[2024-04-04 13:38:12.941] GAME: TIDI: 0.166667;0.101587;0.0684298;0.0578744
[2024-04-04 13:39:12.963] GAME: TIDI: 0;0.071111;0.068966;0.0589836
[2024-04-04 13:39:43.503] EMOTE: INVALID/(Cleanbot) (93,164,9): <B>Cleanbot</B> makes an excited booping sound!
[2024-04-04 13:40:13.057] GAME: TIDI: 0.166667;0.0997777;0.0751284;0.0605981
[2024-04-04 13:41:13.074] GAME: TIDI: 0;0.0698444;0.0740716;0.0619454
[2024-04-04 13:41:27.538] EMOTE: INVALID/(Cleanbot) (93,164,9): <B>Cleanbot</B> makes an excited booping sound!
[2024-04-04 13:41:37.554] EMOTE: INVALID/(Cleanbot) (93,164,9): <B>Cleanbot</B> makes an excited booping sound!
[2024-04-04 13:42:13.101] GAME: TIDI: 0.166667;0.0988911;0.0790355;0.0636544
[2024-04-04 13:42:19.560] EMOTE: INVALID/(Cleanbot) (93,164,9): <B>Cleanbot</B> makes an excited booping sound!
[2024-04-04 13:43:09.586] EMOTE: INVALID/(Cleanbot) (93,164,9): <B>Cleanbot</B> makes an excited booping sound!
[2024-04-04 13:43:13.143] GAME: TIDI: 0;0.0692238;0.0770731;0.0649963
[2024-04-04 13:44:13.163] GAME: TIDI: 0;0.0484566;0.0713498;0.0656317
[2024-04-04 13:45:13.209] GAME: TIDI: 0.166667;0.0839196;0.0738638;0.0664549
[2024-04-04 13:45:15.669] EMOTE: INVALID/(Cleanbot) (93,164,9): <B>Cleanbot</B> makes an excited booping sound!
[2024-04-04 13:45:55.703] EMOTE: INVALID/(Cleanbot) (93,164,9): <B>Cleanbot</B> makes an excited booping sound!
[2024-04-04 13:46:13.253] GAME: TIDI: 0;0.0587437;0.0708398;0.0668934
[2024-04-04 13:47:13.276] GAME: TIDI: 0;0.0411206;0.064896;0.0666936
[2024-04-04 13:48:13.353] GAME: TIDI: 0.166667;0.0787844;0.0676737;0.0667916
[2024-04-04 13:48:55.831] EMOTE: INVALID/(Cleanbot) (93,164,9): <B>Cleanbot</B> makes an excited booping sound!
[2024-04-04 13:49:13.372] GAME: TIDI: 0;0.0551491;0.0651687;0.0666293
[2024-04-04 13:49:51.846] EMOTE: INVALID/(Cleanbot) (93,164,9): <B>Cleanbot</B> makes an excited booping sound!
[2024-04-04 13:50:13.389] GAME: TIDI: 0;0.0386044;0.0598559;0.065952
[2024-04-04 13:51:13.414] GAME: TIDI: 0.166667;0.0770231;0.0632893;0.0656857
[2024-04-04 13:52:13.416] GAME: TIDI: 0;0.0539161;0.0614147;0.0652586
[2024-04-04 13:53:13.426] GAME: TIDI: 0;0.0377413;0.05668;0.0644007
[2024-04-04 13:53:45.980] EMOTE: INVALID/(Cleanbot) (93,164,9): <B>Cleanbot</B> makes an excited booping sound!
[2024-04-04 13:53:47.978] EMOTE: INVALID/(Cleanbot) (93,164,9): <B>Cleanbot</B> makes an excited booping sound!
[2024-04-04 13:54:13.523] GAME: TIDI: 0.166667;0.0764189;0.0606278;0.0640235
[2024-04-04 13:54:39.998] EMOTE: INVALID/(Cleanbot) (93,164,9): <B>Cleanbot</B> makes an excited booping sound!
[2024-04-04 13:55:13.549] GAME: TIDI: 0;0.0534932;0.0592009;0.0635412
[2024-04-04 13:55:52.031] EMOTE: INVALID/(Cleanbot) (93,164,9): <B>Cleanbot</B> makes an excited booping sound!
[2024-04-04 13:56:13.576] GAME: TIDI: 0;0.0374453;0.0548498;0.062672
[2024-04-04 13:56:34.049] EMOTE: INVALID/(Cleanbot) (93,164,9): <B>Cleanbot</B> makes an excited booping sound!
[2024-04-04 13:56:48.061] EMOTE: INVALID/(Cleanbot) (93,164,9): <B>Cleanbot</B> makes an excited booping sound!
[2024-04-04 13:56:54.059] EMOTE: INVALID/(Cleanbot) (93,164,9): <B>Cleanbot</B> makes an excited booping sound!
[2024-04-04 13:57:13.603] GAME: TIDI: 0.166667;0.0762117;0.0591221;0.0623171
[2024-04-04 13:58:13.621] GAME: TIDI: 0;0.0533482;0.0579674;0.0618821
[2024-04-04 13:59:13.636] GAME: TIDI: 0;0.0373437;0.0538426;0.0610781
[2024-04-04 14:00:13.645] GAME: TIDI: 0;0.0261406;0.0483022;0.0598005
[2024-04-04 14:00:42.122] EMOTE: INVALID/(Cleanbot) (93,164,9): <B>Cleanbot</B> makes an excited booping sound!
[2024-04-04 14:01:12.128] EMOTE: INVALID/(Cleanbot) (93,164,9): <B>Cleanbot</B> makes an excited booping sound!
[2024-04-04 14:01:13.664] GAME: TIDI: 0;0.0182984;0.0423015;0.0580506
[2024-04-04 14:02:13.766] GAME: TIDI: 0.166667;0.0628089;0.046403;0.0568859
[2024-04-04 14:03:13.780] GAME: TIDI: 0;0.0439662;0.0459156;0.0557888
[2024-04-04 14:03:30.249] EMOTE: INVALID/(Cleanbot) (93,164,9): <B>Cleanbot</B> makes an excited booping sound!
[2024-04-04 14:04:13.798] GAME: TIDI: 0;0.0307764;0.0428878;0.0544987
[2024-04-04 14:05:13.815] GAME: TIDI: 0.166667;0.0715435;0.0486189;0.0539107
[2024-04-04 14:05:14.276] EMOTE: INVALID/(Cleanbot) (93,164,9): <B>Cleanbot</B> makes an excited booping sound!
[2024-04-04 14:06:13.822] GAME: TIDI: 0;0.0500804;0.0489112;0.0534108
[2024-04-04 14:06:58.303] EMOTE: INVALID/(Cleanbot) (93,164,9): <B>Cleanbot</B> makes an excited booping sound!
[2024-04-04 14:07:00.299] EMOTE: INVALID/(Cleanbot) (93,164,9): <B>Cleanbot</B> makes an excited booping sound!
[2024-04-04 14:07:13.842] GAME: TIDI: 0;0.0350563;0.0461402;0.0526837
[2024-04-04 14:08:13.861] GAME: TIDI: 0;0.0245394;0.0418201;0.0515974
[2024-04-04 14:08:54.352] EMOTE: INVALID/(Cleanbot) (93,164,9): <B>Cleanbot</B> makes an excited booping sound!
[2024-04-04 14:09:13.888] GAME: TIDI: 0;0.0171776;0.0368916;0.0501268
[2024-04-04 14:09:56.388] EMOTE: INVALID/(Cleanbot) (93,164,9): <B>Cleanbot</B> makes an excited booping sound!
[2024-04-04 14:10:13.927] GAME: TIDI: 0.166667;0.0620243;0.0419181;0.0493059
[2024-04-04 14:10:14.394] EMOTE: INVALID/(Cleanbot) (93,164,9): <B>Cleanbot</B> makes an excited booping sound!
[2024-04-04 14:10:46.401] EMOTE: INVALID/(Cleanbot) (93,164,9): <B>Cleanbot</B> makes an excited booping sound!
[2024-04-04 14:11:13.948] GAME: TIDI: 0;0.043417;0.0422179;0.0485971
[2024-04-04 14:11:56.440] EMOTE: INVALID/(Cleanbot) (93,164,9): <B>Cleanbot</B> makes an excited booping sound!
[2024-04-04 14:12:13.985] GAME: TIDI: 0;0.0303919;0.0398527;0.0477227
[2024-04-04 14:12:22.448] EMOTE: INVALID/(Cleanbot) (93,164,9): <B>Cleanbot</B> makes an excited booping sound!
[2024-04-04 14:13:12.451] EMOTE: INVALID/(Cleanbot) (93,164,9): <B>Cleanbot</B> makes an excited booping sound!
[2024-04-04 14:13:13.991] GAME: TIDI: 0;0.0212743;0.036137;0.0465641
[2024-04-04 14:14:14.016] GAME: TIDI: 0.166667;0.064892;0.041888;0.0460965
[2024-04-04 14:15:14.042] GAME: TIDI: 0;0.0454244;0.0425953;0.0457464
[2024-04-04 14:15:30.507] EMOTE: INVALID/(Cleanbot) (93,164,9): <B>Cleanbot</B> makes an excited booping sound!
[2024-04-04 14:15:44.517] EMOTE: INVALID/(Cleanbot) (93,164,9): <B>Cleanbot</B> makes an excited booping sound!
[2024-04-04 14:16:14.069] GAME: TIDI: 0;0.0317971;0.0404357;0.0452153
[2024-04-04 14:17:14.093] GAME: TIDI: 0;0.022258;0.0368001;0.0443738
[2024-04-04 14:18:14.117] GAME: TIDI: 0.166667;0.0655806;0.0425562;0.044192
[2024-04-04 14:18:26.583] EMOTE: INVALID/(Cleanbot) (93,164,9): <B>Cleanbot</B> makes an excited booping sound!
[2024-04-04 14:18:30.587] EMOTE: INVALID/(Cleanbot) (93,164,9): <B>Cleanbot</B> makes an excited booping sound!
[2024-04-04 14:19:14.143] GAME: TIDI: 0;0.0459064;0.0432263;0.0440954
[2024-04-04 14:19:54.607] EMOTE: INVALID/(Cleanbot) (93,164,9): <B>Cleanbot</B> makes an excited booping sound!
[2024-04-04 14:20:10.615] EMOTE: INVALID/(Cleanbot) (93,164,9): <B>Cleanbot</B> makes an excited booping sound!
[2024-04-04 14:20:14.151] GAME: TIDI: 0;0.0321345;0.0410079;0.0437867
[2024-04-04 14:20:36.682] EMOTE: INVALID/(Cleanbot) (93,164,9): <B>Cleanbot</B> makes an excited booping sound!
[2024-04-04 14:20:58.692] EMOTE: INVALID/(Cleanbot) (93,164,9): <B>Cleanbot</B> makes an excited booping sound!
[2024-04-04 14:21:02.693] EMOTE: INVALID/(Cleanbot) (93,164,9): <B>Cleanbot</B> makes an excited booping sound!
[2024-04-04 14:21:14.230] GAME: TIDI: 0.166667;0.0724941;0.0473052;0.0441385
[2024-04-04 14:22:10.736] EMOTE: INVALID/(Cleanbot) (93,164,9): <B>Cleanbot</B> makes an excited booping sound!
[2024-04-04 14:22:14.275] GAME: TIDI: 0;0.0507459;0.0479933;0.044524
[2024-04-04 14:23:02.782] EMOTE: INVALID/(Cleanbot) (93,164,9): <B>Cleanbot</B> makes an excited booping sound!
[2024-04-04 14:23:14.321] GAME: TIDI: 0.166667;0.0855221;0.0554991;0.0456215
[2024-04-04 14:24:08.803] EMOTE: INVALID/(Cleanbot) (93,164,9): <B>Cleanbot</B> makes an excited booping sound!
[2024-04-04 14:24:14.350] GAME: TIDI: 0;0.0598655;0.0563724;0.0466966
[2024-04-04 14:25:14.381] GAME: TIDI: 0;0.0419058;0.0534791;0.0473749
[2024-04-04 14:26:14.413] GAME: TIDI: 0.166667;0.0793341;0.0586501;0.0485024
[2024-04-04 14:27:14.518] GAME: TIDI: 0.166667;0.105534;0.0680268;0.0504548
[2024-04-04 14:27:52.987] EMOTE: INVALID/(Cleanbot) (93,164,9): <B>Cleanbot</B> makes an excited booping sound!
[2024-04-04 14:28:14.538] GAME: TIDI: 0;0.0738737;0.0691962;0.052329
[2024-04-04 14:29:14.559] GAME: TIDI: 0;0.0517116;0.0656993;0.053666
[2024-04-04 14:30:14.648] GAME: TIDI: 0.166667;0.0861981;0.0697991;0.0552793
[2024-04-04 14:30:21.114] EMOTE: INVALID/(Cleanbot) (93,164,9): <B>Cleanbot</B> makes an excited booping sound!
[2024-04-04 14:30:51.136] EMOTE: INVALID/(Cleanbot) (93,164,9): <B>Cleanbot</B> makes an excited booping sound!
[2024-04-04 14:31:14.676] GAME: TIDI: 0;0.0603387;0.067907;0.0565421
[2024-04-04 14:31:21.143] EMOTE: INVALID/(Cleanbot) (93,164,9): <B>Cleanbot</B> makes an excited booping sound!
[2024-04-04 14:31:35.150] EMOTE: INVALID/(Cleanbot) (93,164,9): <B>Cleanbot</B> makes an excited booping sound!
[2024-04-04 14:32:14.706] GAME: TIDI: 0.166667;0.0922371;0.072773;0.0581651
[2024-04-04 14:32:27.177] EMOTE: INVALID/(Cleanbot) (93,164,9): <B>Cleanbot</B> makes an excited booping sound!
[2024-04-04 14:32:49.199] EMOTE: INVALID/(Cleanbot) (93,164,9): <B>Cleanbot</B> makes an excited booping sound!
[2024-04-04 14:33:14.746] GAME: TIDI: 0;0.064566;0.0711316;0.0594618
[2024-04-04 14:33:19.210] EMOTE: INVALID/(Cleanbot) (93,164,9): <B>Cleanbot</B> makes an excited booping sound!
[2024-04-04 14:33:25.225] EMOTE: INVALID/(Cleanbot) (93,164,9): <B>Cleanbot</B> makes an excited booping sound!
[2024-04-04 14:34:14.776] GAME: TIDI: 0;0.0451962;0.0659445;0.0601101
[2024-04-04 14:35:14.826] GAME: TIDI: 0.166667;0.0816373;0.0690831;0.0610074
[2024-04-04 14:36:07.334] EMOTE: INVALID/(Cleanbot) (93,164,9): <B>Cleanbot</B> makes an excited booping sound!
[2024-04-04 14:36:14.876] GAME: TIDI: 0;0.0571461;0.0666957;0.0615762
[2024-04-04 14:37:14.968] GAME: TIDI: 0.166667;0.0900023;0.071357;0.0625543
[2024-04-04 14:38:14.993] GAME: TIDI: 0;0.0630016;0.0696859;0.0632674
[2024-04-04 14:39:15.015] GAME: TIDI: 0.166667;0.0941011;0.074569;0.0643976
[2024-04-04 14:39:43.495] EMOTE: INVALID/(Cleanbot) (93,164,9): <B>Cleanbot</B> makes an excited booping sound!
[2024-04-04 14:40:15.041] GAME: TIDI: 0;0.0658708;0.0728293;0.0652408
[2024-04-04 14:41:15.066] GAME: TIDI: 0;0.0461096;0.0674854;0.0654652
[2024-04-04 14:42:15.100] GAME: TIDI: 0.166667;0.0822767;0.0704436;0.0659631
[2024-04-04 14:43:15.126] GAME: TIDI: 0;0.0575937;0.0678736;0.0661541
[2024-04-04 14:44:15.171] GAME: TIDI: 0;0.0403156;0.062362;0.0657749
[2024-04-04 14:45:15.216] GAME: TIDI: 0.166667;0.0782209;0.0655338;0.0657508
[2024-04-04 14:46:01.706] EMOTE: INVALID/(Cleanbot) (93,164,9): <B>Cleanbot</B> makes an excited booping sound!
[2024-04-04 14:46:15.241] GAME: TIDI: 0;0.0547546;0.063378;0.0655135
[2024-04-04 14:47:11.724] EMOTE: INVALID/(Cleanbot) (93,164,9): <B>Cleanbot</B> makes an excited booping sound!
[2024-04-04 14:47:15.257] GAME: TIDI: 0;0.0383282;0.058368;0.064799
[2024-04-04 14:48:15.280] GAME: TIDI: 0;0.0268298;0.0520604;0.0635251
[2024-04-04 14:49:15.293] GAME: TIDI: 0;0.0187808;0.0454045;0.061713
[2024-04-04 14:49:57.771] EMOTE: INVALID/(Cleanbot) (93,164,9): <B>Cleanbot</B> makes an excited booping sound!
[2024-04-04 14:50:15.301] GAME: TIDI: 0.166667;0.0631466;0.0489529;0.060437
[2024-04-04 14:51:15.373] GAME: TIDI: 0;0.0442026;0.0480028;0.0591936
[2024-04-04 14:52:15.384] GAME: TIDI: 0;0.0309418;0.0445906;0.0577333
[2024-04-04 14:53:15.402] GAME: TIDI: 0.166667;0.0716593;0.0500044;0.0569604
[2024-04-04 14:54:15.437] GAME: TIDI: 0;0.0501615;0.0500358;0.0562679
[2024-04-04 14:55:15.480] GAME: TIDI: 0;0.035113;0.0470512;0.0553463
[2024-04-04 14:56:15.512] GAME: TIDI: 0.166667;0.0745791;0.0525568;0.0550673
[2024-04-04 14:57:15.596] GAME: TIDI: 0;0.0522054;0.0524865;0.0548092
[2024-04-04 14:58:15.640] GAME: TIDI: 0.166667;0.0865438;0.059298;0.0552581
[2024-04-04 14:59:15.684] GAME: TIDI: 0;0.0605806;0.0595545;0.0556878
[2024-04-04 14:59:30.166] EMOTE: INVALID/(Cleanbot) (93,164,9): <B>Cleanbot</B> makes an excited booping sound!
[2024-04-04 15:00:15.712] GAME: TIDI: 0.166667;0.0924065;0.0661249;0.0567315
[2024-04-04 15:01:15.760] GAME: TIDI: 0;0.0646845;0.0658368;0.057642
[2024-04-04 15:02:15.814] GAME: TIDI: 0.166667;0.0952792;0.0717253;0.0590503
[2024-04-04 15:02:38.318] EMOTE: INVALID/(Cleanbot) (93,164,9): <B>Cleanbot</B> makes an excited booping sound!
[2024-04-04 15:02:48.323] EMOTE: INVALID/(Cleanbot) (93,164,9): <B>Cleanbot</B> makes an excited booping sound!
[2024-04-04 15:03:15.878] GAME: TIDI: 0;0.0666954;0.0707193;0.0602172
[2024-04-04 15:04:15.902] GAME: TIDI: 0.166667;0.0966868;0.0759128;0.0617868
[2024-04-04 15:05:15.948] GAME: TIDI: 0;0.0676808;0.0742664;0.0630348
[2024-04-04 15:05:48.445] EMOTE: INVALID/(Cleanbot) (93,164,9): <B>Cleanbot</B> makes an excited booping sound!
[2024-04-04 15:06:14.455] EMOTE: INVALID/(Cleanbot) (93,164,9): <B>Cleanbot</B> makes an excited booping sound!
[2024-04-04 15:06:15.985] GAME: TIDI: 0;0.0473765;0.0688884;0.0636201
[2024-04-04 15:07:12.546] EMOTE: INVALID/(Cleanbot) (93,164,9): <B>Cleanbot</B> makes an excited booping sound!
[2024-04-04 15:07:16.083] GAME: TIDI: 0.166667;0.0831636;0.0717435;0.0644325
[2024-04-04 15:08:16.126] GAME: TIDI: 0.166667;0.108215;0.0790377;0.065893
[2024-04-04 15:09:16.172] GAME: TIDI: 0;0.0757501;0.0783802;0.0671417
[2024-04-04 15:10:00.657] EMOTE: INVALID/(Cleanbot) (93,164,9): <B>Cleanbot</B> makes an excited booping sound!
[2024-04-04 15:10:16.199] GAME: TIDI: 0;0.0530251;0.0733092;0.0677584
[2024-04-04 15:11:00.698] EMOTE: INVALID/(Cleanbot) (93,164,9): <B>Cleanbot</B> makes an excited booping sound!
[2024-04-04 15:11:16.235] GAME: TIDI: 0.166667;0.0871176;0.0760708;0.0685897
[2024-04-04 15:11:52.732] EMOTE: INVALID/(Cleanbot) (93,164,9): <B>Cleanbot</B> makes an excited booping sound!
[2024-04-04 15:11:56.733] EMOTE: INVALID/(Cleanbot) (93,164,9): <B>Cleanbot</B> makes an excited booping sound!
[2024-04-04 15:12:16.275] GAME: TIDI: 0;0.0609823;0.0730531;0.069036
[2024-04-04 15:13:16.368] GAME: TIDI: 0.166667;0.0926876;0.07698;0.0698304
[2024-04-04 15:14:12.861] EMOTE: INVALID/(Cleanbot) (93,164,9): <B>Cleanbot</B> makes an excited booping sound!
[2024-04-04 15:14:16.393] GAME: TIDI: 0;0.0648813;0.0745603;0.0703034
[2024-04-04 15:14:26.875] EMOTE: INVALID/(Cleanbot) (93,164,9): <B>Cleanbot</B> makes an excited booping sound!
[2024-04-04 15:15:16.446] GAME: TIDI: 0.166667;0.0954169;0.0787316;0.0711462
[2024-04-04 15:15:56.926] EMOTE: INVALID/(Cleanbot) (93,164,9): <B>Cleanbot</B> makes an excited booping sound!
[2024-04-04 15:16:16.482] GAME: TIDI: 0;0.0667919;0.0763437;0.071666
[2024-04-04 15:17:16.492] GAME: TIDI: 0;0.0467543;0.0704258;0.0715419
[2024-04-04 15:18:10.989] EMOTE: INVALID/(Cleanbot) (93,164,9): <B>Cleanbot</B> makes an excited booping sound!
[2024-04-04 15:18:16.519] GAME: TIDI: 0.166667;0.082728;0.0728862;0.0716764
[2024-04-04 15:19:16.540] GAME: TIDI: 0;0.0579096;0.0698909;0.0714978
[2024-04-04 15:19:19.004] EMOTE: INVALID/(Cleanbot) (93,164,9): <B>Cleanbot</B> makes an excited booping sound!
[2024-04-04 15:20:16.566] GAME: TIDI: 0;0.0405367;0.0640201;0.0707501
[2024-04-04 15:20:25.032] EMOTE: INVALID/(Cleanbot) (93,164,9): <B>Cleanbot</B> makes an excited booping sound!
[2024-04-04 15:20:45.044] EMOTE: INVALID/(Cleanbot) (93,164,9): <B>Cleanbot</B> makes an excited booping sound!
[2024-04-04 15:21:16.593] GAME: TIDI: 0;0.0283757;0.0568912;0.0693642
[2024-04-04 15:21:17.066] EMOTE: INVALID/(Cleanbot) (93,164,9): <B>Cleanbot</B> makes an excited booping sound!
[2024-04-04 15:22:16.718] GAME: TIDI: 0.333333;0.119863;0.0694856;0.0693763
[2024-04-04 15:23:16.778] GAME: TIDI: 0;0.0839041;0.0723693;0.0696756
[2024-04-04 15:23:17.248] EMOTE: INVALID/(Cleanbot) (93,164,9): <B>Cleanbot</B> makes an excited booping sound!
[2024-04-04 15:24:16.788] GAME: TIDI: 0;0.0587329;0.069642;0.0696722
[2024-04-04 15:25:16.823] GAME: TIDI: 0.166667;0.091113;0.0739362;0.0700986
[2024-04-04 15:26:16.853] GAME: TIDI: 0;0.0637791;0.0719048;0.0702793
[2024-04-04 15:27:16.870] GAME: TIDI: 0;0.0446454;0.0664529;0.0698966
[2024-04-04 15:28:16.889] GAME: TIDI: 0;0.0312518;0.0594127;0.0688482
[2024-04-04 15:29:09.379] EMOTE: INVALID/(Cleanbot) (93,164,9): <B>Cleanbot</B> makes an excited booping sound!
[2024-04-04 15:29:16.910] GAME: TIDI: 0.166667;0.0718762;0.0619054;0.0681539
[2024-04-04 15:29:51.401] EMOTE: INVALID/(Cleanbot) (93,164,9): <B>Cleanbot</B> makes an excited booping sound!
[2024-04-04 15:30:16.951] GAME: TIDI: 0;0.0503134;0.059587;0.0672972
[2024-04-04 15:31:13.435] EMOTE: INVALID/(Cleanbot) (93,164,9): <B>Cleanbot</B> makes an excited booping sound!
[2024-04-04 15:31:16.982] GAME: TIDI: 0;0.0352194;0.0547135;0.0660389
[2024-04-04 15:31:55.464] EMOTE: INVALID/(Cleanbot) (93,164,9): <B>Cleanbot</B> makes an excited booping sound!
[2024-04-04 15:32:17.008] GAME: TIDI: 0.166667;0.0746536;0.0587015;0.0653051
[2024-04-04 15:33:07.499] EMOTE: INVALID/(Cleanbot) (93,164,9): <B>Cleanbot</B> makes an excited booping sound!
[2024-04-04 15:33:17.032] GAME: TIDI: 0;0.0522575;0.0574127;0.0645159
[2024-04-04 15:34:17.067] GAME: TIDI: 0;0.0365802;0.0532462;0.0633889
[2024-04-04 15:35:17.111] GAME: TIDI: 0.166667;0.0756062;0.0577182;0.0628218
[2024-04-04 15:35:55.595] EMOTE: INVALID/(Cleanbot) (93,164,9): <B>Cleanbot</B> makes an excited booping sound!
[2024-04-04 15:36:17.141] GAME: TIDI: 0;0.0529243;0.0567594;0.0622156
[2024-04-04 15:36:31.632] EMOTE: INVALID/(Cleanbot) (93,164,9): <B>Cleanbot</B> makes an excited booping sound!
[2024-04-04 15:37:17.158] GAME: TIDI: 0;0.037047;0.0528169;0.0612757
[2024-04-04 15:37:57.708] EMOTE: INVALID/(Cleanbot) (93,164,9): <B>Cleanbot</B> makes an excited booping sound!
[2024-04-04 15:38:17.236] GAME: TIDI: 0.166667;0.0759329;0.0574401;0.0608922
[2024-04-04 15:39:17.249] GAME: TIDI: 0;0.053153;0.0565827;0.0604612
[2024-04-04 15:40:17.260] GAME: TIDI: 0;0.0372071;0.0527076;0.0596859
[2024-04-04 15:41:17.410] GAME: TIDI: 0.333333;0.126045;0.0673751;0.0604548
[2024-04-04 15:42:17.433] GAME: TIDI: 0;0.0882315;0.0715464;0.0615639
[2024-04-04 15:43:17.495] GAME: TIDI: 0;0.0617621;0.0695895;0.0623665
[2024-04-04 15:44:07.972] EMOTE: INVALID/(Cleanbot) (93,164,9): <B>Cleanbot</B> makes an excited booping sound!
[2024-04-04 15:44:17.501] GAME: TIDI: 0.166667;0.0932334;0.0743183;0.0635617
[2024-04-04 15:45:17.515] GAME: TIDI: 0;0.0652634;0.0725073;0.0644562
[2024-04-04 15:45:33.983] EMOTE: INVALID/(Cleanbot) (93,164,9): <B>Cleanbot</B> makes an excited booping sound!
[2024-04-04 15:46:17.527] GAME: TIDI: 0;0.0456844;0.0671427;0.0647249
[2024-04-04 15:47:17.530] GAME: TIDI: 0;0.0319791;0.06011;0.0642634
[2024-04-04 15:48:17.546] GAME: TIDI: 0;0.0223853;0.0525651;0.0630936
[2024-04-04 15:48:54.031] EMOTE: INVALID/(Cleanbot) (93,164,9): <B>Cleanbot</B> makes an excited booping sound!
[2024-04-04 15:48:56.026] EMOTE: INVALID/(Cleanbot) (93,164,9): <B>Cleanbot</B> makes an excited booping sound!
[2024-04-04 15:49:17.558] GAME: TIDI: 0;0.0156697;0.045186;0.0613028
[2024-04-04 15:49:18.024] EMOTE: INVALID/(Cleanbot) (93,164,9): <B>Cleanbot</B> makes an excited booping sound!
[2024-04-04 15:50:17.572] GAME: TIDI: 0;0.0109688;0.0383426;0.0590068
[2024-04-04 15:51:16.052] EMOTE: INVALID/(Cleanbot) (93,164,9): <B>Cleanbot</B> makes an excited booping sound!
[2024-04-04 15:51:17.580] GAME: TIDI: 0;0.00767817;0.0322097;0.0563271
[2024-04-04 15:52:17.603] GAME: TIDI: 0.166667;0.0553747;0.0368427;0.0543786
[2024-04-04 15:53:17.607] GAME: TIDI: 0;0.0387623;0.0372266;0.0526634
[2024-04-04 15:54:00.090] EMOTE: INVALID/(Cleanbot) (93,164,9): <B>Cleanbot</B> makes an excited booping sound!
[2024-04-04 15:54:02.085] EMOTE: INVALID/(Cleanbot) (93,164,9): <B>Cleanbot</B> makes an excited booping sound!
[2024-04-04 15:54:17.622] GAME: TIDI: 0;0.0271336;0.035208;0.0509179
[2024-04-04 15:54:38.095] EMOTE: INVALID/(Cleanbot) (93,164,9): <B>Cleanbot</B> makes an excited booping sound!
[2024-04-04 15:55:17.631] GAME: TIDI: 0;0.0189935;0.0319651;0.0490226
[2024-04-04 15:56:17.646] GAME: TIDI: 0;0.0132955;0.0282312;0.0469435
[2024-04-04 15:57:17.661] GAME: TIDI: 0;0.00930683;0.0244463;0.0446937
[2024-04-04 15:58:17.681] GAME: TIDI: 0;0.00651478;0.02086;0.0423104
[2024-04-04 15:58:36.155] EMOTE: INVALID/(Cleanbot) (93,164,9): <B>Cleanbot</B> makes an excited booping sound!
[2024-04-04 15:59:17.683] GAME: TIDI: 0;0.00456035;0.0176001;0.0398393
[2024-04-04 16:00:02.161] EMOTE: INVALID/(Cleanbot) (93,164,9): <B>Cleanbot</B> makes an excited booping sound!
[2024-04-04 16:00:17.694] GAME: TIDI: 0;0.00319224;0.0147185;0.0373273
[2024-04-04 16:01:00.174] EMOTE: INVALID/(Cleanbot) (93,164,9): <B>Cleanbot</B> makes an excited booping sound!
[2024-04-04 16:01:17.712] GAME: TIDI: 0.166667;0.0522346;0.0222217;0.0358167
[2024-04-04 16:01:32.180] EMOTE: INVALID/(Cleanbot) (93,164,9): <B>Cleanbot</B> makes an excited booping sound!
[2024-04-04 16:02:17.729] GAME: TIDI: 0;0.0365642;0.0250902;0.0347441
[2024-04-04 16:03:17.745] GAME: TIDI: 0;0.0255949;0.0251912;0.0337888
[2024-04-04 16:04:17.767] GAME: TIDI: 0;0.0179165;0.0237362;0.0327835
[2024-04-04 16:05:17.778] GAME: TIDI: 0;0.0125415;0.0214973;0.0316549
[2024-04-04 16:05:24.257] EMOTE: INVALID/(Cleanbot) (93,164,9): <B>Cleanbot</B> makes an excited booping sound!
[2024-04-04 16:06:17.780] GAME: TIDI: 0;0.00877906;0.0189536;0.0303848
[2024-04-04 16:07:17.836] GAME: TIDI: 0.166667;0.0561453;0.026392;0.0299855
[2024-04-04 16:08:14.323] EMOTE: INVALID/(Cleanbot) (93,164,9): <B>Cleanbot</B> makes an excited booping sound!
[2024-04-04 16:08:17.856] GAME: TIDI: 0;0.0393017;0.0289739;0.0298843
[2024-04-04 16:09:17.873] GAME: TIDI: 0;0.0275112;0.0286814;0.029764
[2024-04-04 16:09:20.355] EMOTE: INVALID/(Cleanbot) (93,164,9): <B>Cleanbot</B> makes an excited booping sound!
[2024-04-04 16:09:30.352] EMOTE: INVALID/(Cleanbot) (93,164,9): <B>Cleanbot</B> makes an excited booping sound!
[2024-04-04 16:10:17.963] GAME: TIDI: 0.166667;0.0692579;0.0367967;0.0304673
[2024-04-04 16:11:17.975] GAME: TIDI: 0;0.0484805;0.0391334;0.0313339
[2024-04-04 16:12:17.981] GAME: TIDI: 0;0.0339363;0.038094;0.0320099
[2024-04-04 16:13:17.983] GAME: TIDI: 0;0.0237554;0.0352263;0.0323316
[2024-04-04 16:13:48.465] EMOTE: INVALID/(Cleanbot) (93,164,9): <B>Cleanbot</B> makes an excited booping sound!
[2024-04-04 16:14:17.990] GAME: TIDI: 0;0.0166288;0.0315068;0.0322491
[2024-04-04 16:15:18.024] GAME: TIDI: 0.166667;0.0616402;0.0375335;0.0327775
[2024-04-04 16:15:22.490] EMOTE: INVALID/(Cleanbot) (93,164,9): <B>Cleanbot</B> makes an excited booping sound!
[2024-04-04 16:16:18.056] GAME: TIDI: 0;0.0431481;0.0386564;0.0333654
[2024-04-04 16:17:00.925] GAME: Autotransfer has called the shuttle.
[2024-04-04 16:17:18.178] GAME: TIDI: 0.166667;0.0802037;0.0469659;0.0347254
[2024-04-04 16:18:18.194] GAME: TIDI: 0;0.0561426;0.0488012;0.036133
[2024-04-04 16:19:04.671] EMOTE: INVALID/(Cleanbot) (93,164,9): <B>Cleanbot</B> makes an excited booping sound!
[2024-04-04 16:19:18.204] GAME: TIDI: 0.166667;0.0892998;0.0569009;0.0382098
[2024-04-04 16:20:10.693] EMOTE: INVALID/(Cleanbot) (93,164,9): <B>Cleanbot</B> makes an excited booping sound!
[2024-04-04 16:20:18.224] GAME: TIDI: 0;0.0625099;0.0580227;0.0401911
[2024-04-04 16:21:18.233] GAME: TIDI: 0;0.0437569;0.0551696;0.041689
[2024-04-04 16:22:06.709] EMOTE: INVALID/(Cleanbot) (93,164,9): <B>Cleanbot</B> makes an excited booping sound!
[2024-04-04 16:22:18.371] GAME: TIDI: 0.166667;0.0806298;0.0602616;0.0435462
[2024-04-04 16:23:18.375] GAME: TIDI: 0;0.0564409;0.0594975;0.0451413
[2024-04-04 16:24:18.397] GAME: TIDI: 0;0.0395086;0.0554997;0.0461772
[2024-04-04 16:25:18.416] GAME: TIDI: 0.166667;0.077656;0.059931;0.0475526
[2024-04-04 16:25:36.885] EMOTE: INVALID/(Cleanbot) (93,164,9): <B>Cleanbot</B> makes an excited booping sound!
[2024-04-04 16:26:18.423] GAME: TIDI: 0;0.0543592;0.0588166;0.048679
[2024-04-04 16:27:18.637] GAME: TIDI: 0.333333;0.138051;0.0746636;0.0512774
[2024-04-04 16:27:43.238] EMOTE: INVALID/(Cleanbot) (93,164,9): <B>Cleanbot</B> makes an excited booping sound!
[2024-04-04 16:28:18.810] GAME: TIDI: 0.333333;0.196636;0.0990581;0.0560555
[2024-04-04 16:29:18.855] GAME: TIDI: 0;0.137645;0.106776;0.0611275
[2024-04-04 16:29:19.321] EMOTE: INVALID/(Cleanbot) (93,164,9): <B>Cleanbot</B> makes an excited booping sound!
[2024-04-04 16:30:18.890] GAME: TIDI: 0;0.0963517;0.104691;0.0654838
[2024-04-04 16:30:55.619] EMOTE: INVALID/(Cleanbot) (93,164,9): <B>Cleanbot</B> makes an excited booping sound!
[2024-04-04 16:31:11.609] EMOTE: INVALID/(Cleanbot) (93,164,9): <B>Cleanbot</B> makes an excited booping sound!
[2024-04-04 16:31:19.150] GAME: TIDI: 0.5;0.217446;0.127242;0.0716596
[2024-04-04 16:32:19.158] GAME: TIDI: 0;0.152212;0.132236;0.0777173
[2024-04-04 16:32:46.215] GAME: Antagonists at round end were...
[2024-04-04 16:33:19.328] GAME: TIDI: 0.333333;0.206549;0.147098;0.0846554
[2024-04-04 16:34:19.344] GAME: TIDI: 0;0.144584;0.146596;0.0908494
[2024-04-04 16:35:19.386] GAME: TIDI: 0;0.101209;0.137518;0.0955163
[2024-04-04 16:36:19.423] GAME: TIDI: 0.166667;0.120846;0.134184;0.099383
[2024-04-04 16:36:27.892] EMOTE: INVALID/(Cleanbot) (93,164,9): <B>Cleanbot</B> makes an excited booping sound!
