[2024-04-07 00:10:13.017] START: Starting up data/logs/2024/04-April/06-Saturday/round-20-09-48.
[2024-04-07 00:10:14.617] ADMIN: Loading jobban_rank
[2024-04-07 00:10:14.617] ADMIN: jobban_keylist was empty
[2024-04-07 00:10:14.626] ADMIN: Loading Banlist
[2024-04-07 00:10:23.235] GAME: Spy Remains loaded at at 147,46,5
[2024-04-07 00:10:26.230] GAME: Blast Mine 1 loaded at at 9,54,5
[2024-04-07 00:10:26.632] GAME: lava trench loaded at at 169,17,5
[2024-04-07 00:10:26.723] GAME: Ore-Topped Cliff loaded at at 183,97,5
[2024-04-07 00:10:27.047] GAME: Abandoned Relay loaded at at 34,48,5
[2024-04-07 00:10:27.365] GAME: The Killer Rabbit loaded at at 44,17,5
[2024-04-07 00:10:29.218] GAME: Crashed UFO Frigate loaded at at 38,84,5
[2024-04-07 00:10:29.248] GAME: Mine Vault 1 loaded at at 60,55,5
[2024-04-07 00:10:29.526] GAME: spatial anomaly loaded at at 197,163,5
[2024-04-07 00:10:29.620] GAME: Thieves' Cave loaded at at 71,93,4
[2024-04-07 00:10:29.751] GAME: Old Library loaded at at 192,56,4
[2024-04-07 00:10:29.809] GAME: Construction Site loaded at at 97,122,4
[2024-04-07 00:10:30.006] GAME: Old Hotel loaded at at 43,57,4
[2024-04-07 00:10:30.028] GAME: Abandoned Bonfire loaded at at 102,62,4
[2024-04-07 00:10:30.053] GAME: Camp Site loaded at at 188,144,4
[2024-04-07 00:10:30.523] GAME: Farm loaded at at 174,16,4
[2024-04-07 00:10:30.884] GAME: Meth Lab loaded at at 10,173,4
[2024-04-07 00:10:30.937] GAME: Snow loaded at at 114,88,4
[2024-04-07 00:10:31.165] GAME: Field loaded at at 28,81,4
[2024-04-07 00:10:31.182] GAME: Wrecked Shelter loaded at at 129,132,4
[2024-04-07 00:10:31.429] GAME: Pride Rock loaded at at 75,53,4
[2024-04-07 00:10:31.460] GAME: Lone Kururak Den loaded at at 176,133,4
[2024-04-07 00:10:31.516] GAME: Snow 4 loaded at at 43,150,4
[2024-04-07 00:10:31.552] GAME: Buried Treasure loaded at at 217,135,4
[2024-04-07 00:10:31.721] GAME: Empty Explorer's Home loaded at at 16,208,4
[2024-04-07 00:10:32.040] GAME: Diner loaded at at 65,19,4
[2024-04-07 00:10:32.153] GAME: Rocky 1 loaded at at 147,63,9
[2024-04-07 00:10:32.293] GAME: Rocky 2 loaded at at 70,76,9
[2024-04-07 00:10:32.327] GAME: Government Patrol loaded at at 196,28,9
[2024-04-07 00:10:32.608] GAME: Demon Pool loaded at at 149,36,9
[2024-04-07 00:10:32.665] GAME: Rocky 4 loaded at at 51,27,9
[2024-04-07 00:10:32.684] GAME: Kururak Den loaded at at 194,52,9
[2024-04-07 00:10:32.923] GAME: Cragzone 1 loaded at at 72,33,9
[2024-04-07 00:10:32.958] GAME: Shack 1 loaded at at 198,71,9
[2024-04-07 00:10:33.066] GAME: Lab 1 loaded at at 42,54,9
[2024-04-07 00:10:33.177] GAME: Mudpit loaded at at 12,63,9
[2024-04-07 00:10:33.349] GAME: Military Camp 1 loaded at at 127,70,9
[2024-04-07 00:10:33.390] GAME: Butcher Shack loaded at at 111,47,9
[2024-04-07 00:10:33.410] GAME: Spider Nest 1 loaded at at 118,22,9
[2024-04-07 00:10:33.484] GAME: Emergency Pod 4 loaded at at 173,57,9
[2024-04-07 00:10:33.537] GAME: Rocky 3 loaded at at 124,52,9
[2024-04-07 00:10:33.651] GAME: Rocky 1 loaded at at 40,73,9
[2024-04-07 00:10:33.684] GAME: Smol 1 loaded at at 15,9,9
[2024-04-07 00:10:33.814] GAME: Rocky 1 loaded at at 12,21,9
[2024-04-07 00:10:34.028] GAME: Chasm loaded at at 99,9,9
[2024-04-07 00:10:34.036] GAME: Musk loaded at at 9,49,9
[2024-04-07 00:10:35.488] GAME: Empty Cabin loaded at at 212,69,9
[2024-04-07 00:10:36.022] GAME: Frostfly Nest loaded at at 52,97,9
[2024-04-07 00:10:36.048] GAME: Spider Nest 1 loaded at at 21,83,9
[2024-04-07 00:10:37.159] GAME: Forest Lake loaded at at 97,66,9
[2024-04-07 00:10:37.740] GAME: Spider Nest 1 loaded at at 125,13,9
[2024-04-07 00:10:37.822] GAME: Wolf Den loaded at at 131,40,9
[2024-04-07 00:10:42.599] GAME: Shelter 1 loaded at at 224,68,9
[2024-04-07 00:10:43.049] GAME: Frost Oasis loaded at at 15,44,9
[2024-04-07 00:10:45.527] GAME: Spider Nest 1 loaded at at 213,52,9
[2024-04-07 00:10:47.070] GAME: Spider Nest 1 loaded at at 63,67,9
[2024-04-07 00:10:48.198] GAME: Spider Nest 1 loaded at at 101,39,9
[2024-04-07 00:10:48.246] GAME: Spider Nest 1 loaded at at 59,12,9
[2024-04-07 00:10:48.393] GAME: Snowrock 1 loaded at at 174,74,9
[2024-04-07 00:10:48.684] GAME: Black Shuttle Down loaded at at 116,213,9
[2024-04-07 00:10:48.865] GAME: Spider Base loaded at at 176,191,9
[2024-04-07 00:10:49.127] GAME: Great Wolf Den loaded at at 142,151,9
[2024-04-07 00:10:50.124] GAME: Derelict Engine loaded at at 70,173,9
[2024-04-07 00:10:50.263] GAME: Raided Mech Hanger loaded at at 37,215,9
[2024-04-07 00:10:50.492] GAME: Leopardmander Den loaded at at 206,180,9
[2024-04-07 00:10:51.151] GAME: Dragon Plateu loaded at at 12,158,9
[2024-04-07 00:10:51.470] GAME: CaveS loaded at at 203,137,9
[2024-04-07 00:10:51.549] GAME: DJOutpost 4 loaded at at 230,203,9
[2024-04-07 00:10:51.744] GAME: Otie Shelter loaded at at 228,179,9
[2024-04-07 00:10:51.886] GAME: Bounty Hunter Den loaded at at 112,127,9
[2024-04-07 00:10:52.764] GAME: Manor 1 loaded at at 50,129,9
[2024-04-07 00:10:52.806] GAME: Emergency Pod 3 loaded at at 175,234,9
[2024-04-07 00:10:52.931] GAME: Frost Lake loaded at at 58,8,10
[2024-04-07 00:10:53.446] GAME: Vault loaded at at 161,21,10
[2024-04-07 00:10:53.557] GAME: Plant Den loaded at at 206,198,10
[2024-04-07 00:10:53.870] GAME: Maus HQ loaded at at 136,218,10
[2024-04-07 00:10:53.990] GAME: Leppy Den loaded at at 208,22,10
[2024-04-07 00:10:54.277] GAME: Fallen Lab loaded at at 109,22,10
[2024-04-07 00:10:54.656] GAME: Eclipse Base Dig loaded at at 83,201,10
[2024-04-07 00:10:56.405] GAME: Blob Den loaded at at 37,211,10
[2024-04-07 00:10:57.121] GAME: Eclipse Base Aqua loaded at at 143,146,10
[2024-04-07 00:10:57.294] GAME: Assualt Base loaded at at 82,164,10
[2024-04-07 00:10:57.735] GAME: Blood Church loaded at at 196,136,10
[2024-04-07 00:10:57.982] GAME: Warzone loaded at at 176,81,10
[2024-04-07 00:10:58.225] GAME: Xenobio Lab loaded at at 10,168,10
[2024-04-07 00:10:58.674] GAME: Siege Point loaded at at 125,71,10
[2024-04-07 00:10:59.063] GAME: Spider Church loaded at at 85,83,10
[2024-04-07 00:11:01.739] GAME: Cult Bar loaded at at 208,86,10
[2024-04-07 00:11:02.167] GAME: The Hive loaded at at 10,121,10
[2024-04-07 00:11:53.076] GAME: Z-level VR World loaded at at 1,1,11
[2024-04-07 00:11:53.571] GAME: Z-level Fuel Depot - Z1 Space loaded at at 1,1,12
[2024-04-07 00:12:05.179] GAME: Z-level Thor Surface loaded at at 1,1,13
[2024-04-07 00:12:13.291] GAME: Z-level Abandoned City loaded at at 1,1,14
[2024-04-07 00:12:48.252] MISC: a the gibber didn't find an input plate.
[2024-04-07 00:12:51.386] MISC: a the gibber didn't find an input plate.
[2024-04-07 00:18:07.120] GAME: TIDI: 9.66667;2.9;0.58;0.058
[2024-04-07 00:19:07.120] GAME: TIDI: 0;2.03;0.87;0.1392
[2024-04-07 00:20:07.120] GAME: TIDI: 0;1.421;0.9802;0.2233
[2024-04-07 00:20:17.103] ATTACK: INVALID/(otie) against INVALID/(/obj/machinery/porta_turret/poi): Animal-attacked (dodged)
[2024-04-07 00:20:17.331] ATTACK: INVALID/(guard hivebot) against INVALID/(mercenary): Shot with /obj/item/projectile/bullet/hivebot projectile
[2024-04-07 00:20:17.618] ATTACK: INVALID/(mercenary) against INVALID/(guard hivebot): Shot with /obj/item/projectile/bullet/pistol/medium projectile
[2024-04-07 00:20:18.262] ATTACK: INVALID/(otie) against INVALID/(/obj/machinery/porta_turret/poi): Animal-attacked (dodged)
[2024-04-07 00:20:23.802] ATTACK: INVALID/(otie) against INVALID/(/obj/machinery/porta_turret/poi): Animal-attacked (dodged)
[2024-04-07 00:21:08.110] GAME: TIDI: 1.66667;1.4947;1.0831;0.30928
[2024-04-07 00:22:08.145] GAME: TIDI: 0;1.04629;1.07574;0.385926
[2024-04-07 00:23:13.415] GAME: TIDI: 8.83333;3.3824;1.53707;0.50104
[2024-04-07 00:24:19.245] GAME: TIDI: 9.66667;5.26768;2.28319;0.679256
[2024-04-07 00:24:58.898] EMOTE: INVALID/(Cleanbot) (181,210,9): <B>Cleanbot</B> makes an excited booping sound!
[2024-04-07 00:25:20.293] GAME: TIDI: 1.66667;4.18738;2.66403;0.877733
[2024-04-07 00:26:21.535] GAME: TIDI: 2.16667;3.58116;2.84746;1.07471
[2024-04-07 00:27:21.568] GAME: TIDI: 0;2.50681;2.77933;1.24517
[2024-04-07 00:27:52.319] EMOTE: INVALID/(Cleanbot) (181,210,9): <B>Cleanbot</B> makes an excited booping sound!
[2024-04-07 00:28:10.326] EMOTE: INVALID/(Cleanbot) (181,210,9): <B>Cleanbot</B> makes an excited booping sound!
[2024-04-07 00:28:21.708] GAME: TIDI: 0.333333;1.85477;2.59442;1.38009
[2024-04-07 00:29:21.721] GAME: TIDI: 0;1.29834;2.3352;1.4756
[2024-04-07 00:30:21.792] GAME: TIDI: 0;0.908837;2.04993;1.53304
[2024-04-07 00:31:22.963] GAME: TIDI: 2;1.23619;1.88718;1.56845
[2024-04-07 00:32:19.601] EMOTE: INVALID/(Cleanbot) (181,210,9): <B>Cleanbot</B> makes an excited booping sound!
[2024-04-07 00:32:22.987] GAME: TIDI: 0;0.86533;1.68281;1.57989
[2024-04-07 00:33:23.018] GAME: TIDI: 0.166667;0.655731;1.47739;1.56964
[2024-04-07 00:33:27.628] EMOTE: INVALID/(Cleanbot) (181,210,9): <B>Cleanbot</B> makes an excited booping sound!
[2024-04-07 00:34:23.026] GAME: TIDI: 0;0.459012;1.27372;1.54005
[2024-04-07 00:35:23.091] GAME: TIDI: 0;0.321308;1.08324;1.49436
[2024-04-07 00:36:07.725] EMOTE: INVALID/(Cleanbot) (181,210,9): <B>Cleanbot</B> makes an excited booping sound!
[2024-04-07 00:36:23.110] GAME: TIDI: 0.166667;0.274916;0.921572;1.43708
[2024-04-07 00:37:23.120] GAME: TIDI: 0;0.192441;0.775746;1.37095
[2024-04-07 00:38:23.150] GAME: TIDI: 0;0.134709;0.647538;1.29861
[2024-04-07 00:39:23.170] GAME: TIDI: 0;0.0942961;0.53689;1.22244
[2024-04-07 00:40:23.192] GAME: TIDI: 0;0.0660073;0.442713;1.14447
[2024-04-07 00:40:55.826] EMOTE: INVALID/(Cleanbot) (181,210,9): <B>Cleanbot</B> makes an excited booping sound!
[2024-04-07 00:41:11.825] EMOTE: INVALID/(Cleanbot) (181,210,9): <B>Cleanbot</B> makes an excited booping sound!
[2024-04-07 00:41:23.214] GAME: TIDI: 0.166667;0.0962051;0.373412;1.06736
[2024-04-07 00:42:23.234] GAME: TIDI: 0;0.0673436;0.312198;0.991844
[2024-04-07 00:43:23.235] GAME: TIDI: 0;0.0471405;0.259187;0.918578
[2024-04-07 00:44:23.253] GAME: TIDI: 0;0.0329983;0.213949;0.848115
[2024-04-07 00:45:23.272] GAME: TIDI: 0;0.0230988;0.175779;0.780881
[2024-04-07 00:46:21.897] EMOTE: INVALID/(Cleanbot) (181,210,9): <B>Cleanbot</B> makes an excited booping sound!
[2024-04-07 00:46:23.283] GAME: TIDI: 0;0.0161692;0.143857;0.717179
[2024-04-07 00:46:31.901] EMOTE: INVALID/(Cleanbot) (181,210,9): <B>Cleanbot</B> makes an excited booping sound!
[2024-04-07 00:47:15.917] EMOTE: INVALID/(Cleanbot) (181,210,9): <B>Cleanbot</B> makes an excited booping sound!
[2024-04-07 00:47:23.298] GAME: TIDI: 0;0.0113184;0.117349;0.657196
[2024-04-07 00:48:23.316] GAME: TIDI: 0.166667;0.0579229;0.105464;0.602023
[2024-04-07 00:49:23.348] GAME: TIDI: 0;0.040546;0.0924804;0.551068
[2024-04-07 00:49:25.963] EMOTE: INVALID/(Cleanbot) (181,210,9): <B>Cleanbot</B> makes an excited booping sound!
[2024-04-07 00:50:23.357] GAME: TIDI: 0;0.0283822;0.0796608;0.503928
[2024-04-07 00:51:07.990] EMOTE: INVALID/(Cleanbot) (181,210,9): <B>Cleanbot</B> makes an excited booping sound!
[2024-04-07 00:51:23.374] GAME: TIDI: 0;0.0198676;0.0677021;0.460305
[2024-04-07 00:51:48.001] EMOTE: INVALID/(Cleanbot) (181,210,9): <B>Cleanbot</B> makes an excited booping sound!
[2024-04-07 00:52:23.452] GAME: TIDI: 0.166667;0.0639073;0.0669432;0.420969
[2024-04-07 00:52:44.076] EMOTE: INVALID/(Cleanbot) (181,210,9): <B>Cleanbot</B> makes an excited booping sound!
[2024-04-07 00:53:23.460] GAME: TIDI: 0;0.0447351;0.0625016;0.385122
[2024-04-07 00:54:23.461] GAME: TIDI: 0;0.0313146;0.0562642;0.352236
[2024-04-07 00:55:08.081] EMOTE: INVALID/(Cleanbot) (181,210,9): <B>Cleanbot</B> makes an excited booping sound!
[2024-04-07 00:55:23.469] GAME: TIDI: 0;0.0219202;0.0493954;0.321952
[2024-04-07 00:55:34.095] EMOTE: INVALID/(Cleanbot) (181,210,9): <B>Cleanbot</B> makes an excited booping sound!
[2024-04-07 00:56:23.493] GAME: TIDI: 0;0.0153441;0.0425851;0.294016
[2024-04-07 00:56:34.106] EMOTE: INVALID/(Cleanbot) (181,210,9): <B>Cleanbot</B> makes an excited booping sound!
[2024-04-07 00:57:00.126] EMOTE: INVALID/(Cleanbot) (181,210,9): <B>Cleanbot</B> makes an excited booping sound!
[2024-04-07 00:57:10.124] EMOTE: INVALID/(Cleanbot) (181,210,9): <B>Cleanbot</B> makes an excited booping sound!
[2024-04-07 00:57:23.512] GAME: TIDI: 0.166667;0.0607409;0.0462163;0.269236
[2024-04-07 00:57:48.128] EMOTE: INVALID/(Cleanbot) (181,210,9): <B>Cleanbot</B> makes an excited booping sound!
[2024-04-07 00:57:56.128] EMOTE: INVALID/(Cleanbot) (181,210,9): <B>Cleanbot</B> makes an excited booping sound!
[2024-04-07 00:58:23.515] GAME: TIDI: 0;0.0425186;0.0454768;0.24686
[2024-04-07 00:59:23.529] GAME: TIDI: 0;0.029763;0.042334;0.226407
[2024-04-07 01:00:23.540] GAME: TIDI: 0;0.0208341;0.038034;0.20757
[2024-04-07 01:01:23.554] GAME: TIDI: 0;0.0145839;0.033344;0.190147
[2024-04-07 01:02:23.565] GAME: TIDI: 0;0.0102087;0.028717;0.174004
[2024-04-07 01:03:22.200] EMOTE: INVALID/(Cleanbot) (181,210,9): <B>Cleanbot</B> makes an excited booping sound!
[2024-04-07 01:03:23.584] GAME: TIDI: 0;0.00714611;0.0244028;0.159044
[2024-04-07 01:03:50.207] EMOTE: INVALID/(Cleanbot) (181,210,9): <B>Cleanbot</B> makes an excited booping sound!
[2024-04-07 01:03:52.209] EMOTE: INVALID/(Cleanbot) (181,210,9): <B>Cleanbot</B> makes an excited booping sound!
[2024-04-07 01:04:23.605] GAME: TIDI: 0.166667;0.0550023;0.0305227;0.146192
[2024-04-07 01:04:24.224] EMOTE: INVALID/(Cleanbot) (181,210,9): <B>Cleanbot</B> makes an excited booping sound!
[2024-04-07 01:05:23.612] GAME: TIDI: 0;0.0385016;0.0321185;0.134785
[2024-04-07 01:06:23.638] GAME: TIDI: 0;0.0269511;0.031085;0.124415
[2024-04-07 01:07:08.267] EMOTE: INVALID/(Cleanbot) (181,210,9): <B>Cleanbot</B> makes an excited booping sound!
[2024-04-07 01:07:23.649] GAME: TIDI: 0;0.0188658;0.0286412;0.114837
[2024-04-07 01:07:46.280] EMOTE: INVALID/(Cleanbot) (181,210,9): <B>Cleanbot</B> makes an excited booping sound!
[2024-04-07 01:08:23.670] GAME: TIDI: 0;0.013206;0.0255541;0.105909
[2024-04-07 01:09:23.692] GAME: TIDI: 0;0.00924423;0.0222922;0.0975472
[2024-04-07 01:09:44.314] EMOTE: INVALID/(Cleanbot) (181,210,9): <B>Cleanbot</B> makes an excited booping sound!
[2024-04-07 01:10:23.722] GAME: TIDI: 0.166667;0.056471;0.0291279;0.0907053
[2024-04-07 01:10:26.339] EMOTE: INVALID/(Cleanbot) (181,210,9): <B>Cleanbot</B> makes an excited booping sound!
[2024-04-07 01:11:23.739] GAME: TIDI: 0;0.0395297;0.0312083;0.0847556
[2024-04-07 01:12:23.745] GAME: TIDI: 0;0.0276708;0.0305008;0.0793301
[2024-04-07 01:12:48.362] EMOTE: INVALID/(Cleanbot) (181,210,9): <B>Cleanbot</B> makes an excited booping sound!
[2024-04-07 01:13:23.754] GAME: TIDI: 0;0.0193695;0.0282745;0.0742245
[2024-04-07 01:14:23.770] GAME: TIDI: 0;0.0135587;0.0253314;0.0693352
[2024-04-07 01:15:23.779] GAME: TIDI: 0;0.00949108;0.0221633;0.064618
[2024-04-07 01:15:46.414] EMOTE: INVALID/(Cleanbot) (181,210,9): <B>Cleanbot</B> makes an excited booping sound!
[2024-04-07 01:15:56.413] EMOTE: INVALID/(Cleanbot) (181,210,9): <B>Cleanbot</B> makes an excited booping sound!
[2024-04-07 01:16:23.814] GAME: TIDI: 0.166667;0.0566438;0.0290594;0.0610622
[2024-04-07 01:17:23.829] GAME: TIDI: 0;0.0396506;0.0311776;0.0580737
[2024-04-07 01:17:46.447] EMOTE: INVALID/(Cleanbot) (181,210,9): <B>Cleanbot</B> makes an excited booping sound!
[2024-04-07 01:18:23.839] GAME: TIDI: 0;0.0277554;0.0304932;0.0553157
[2024-04-07 01:18:42.459] EMOTE: INVALID/(Cleanbot) (181,210,9): <B>Cleanbot</B> makes an excited booping sound!
[2024-04-07 01:19:23.857] GAME: TIDI: 0;0.0194288;0.0282803;0.0526121
[2024-04-07 01:20:23.874] GAME: TIDI: 0;0.0136002;0.0253443;0.0498853
[2024-04-07 01:20:26.497] EMOTE: INVALID/(Cleanbot) (181,210,9): <B>Cleanbot</B> makes an excited booping sound!
[2024-04-07 01:20:32.501] EMOTE: INVALID/(Cleanbot) (181,210,9): <B>Cleanbot</B> makes an excited booping sound!
[2024-04-07 01:21:16.513] EMOTE: INVALID/(Cleanbot) (181,210,9): <B>Cleanbot</B> makes an excited booping sound!
[2024-04-07 01:21:23.892] GAME: TIDI: 0;0.00952012;0.0221795;0.0471147
[2024-04-07 01:21:24.524] EMOTE: INVALID/(Cleanbot) (181,210,9): <B>Cleanbot</B> makes an excited booping sound!
[2024-04-07 01:22:23.901] GAME: TIDI: 0.166667;0.0566641;0.0290764;0.0453109
[2024-04-07 01:23:23.919] GAME: TIDI: 0;0.0396649;0.0311941;0.0438992
[2024-04-07 01:23:52.556] EMOTE: INVALID/(Cleanbot) (181,210,9): <B>Cleanbot</B> makes an excited booping sound!
[2024-04-07 01:24:23.927] GAME: TIDI: 0;0.0277654;0.0305083;0.0425601
[2024-04-07 01:25:23.940] GAME: TIDI: 0;0.0194358;0.0282938;0.0411335
[2024-04-07 01:25:30.570] EMOTE: INVALID/(Cleanbot) (181,210,9): <B>Cleanbot</B> makes an excited booping sound!
[2024-04-07 01:26:24.040] GAME: TIDI: 0.166667;0.0636051;0.0353561;0.0405558
[2024-04-07 01:27:24.058] GAME: TIDI: 0;0.0445235;0.0371896;0.0402191
[2024-04-07 01:28:24.077] GAME: TIDI: 0;0.0311665;0.035985;0.0397957
[2024-04-07 01:29:24.098] GAME: TIDI: 0;0.0218165;0.0331513;0.0391313
[2024-04-07 01:30:24.142] GAME: TIDI: 0.166667;0.0652716;0.0395753;0.0391757
[2024-04-07 01:31:24.166] GAME: TIDI: 0;0.0456901;0.0407983;0.0393379
[2024-04-07 01:31:34.799] EMOTE: INVALID/(Cleanbot) (181,210,9): <B>Cleanbot</B> makes an excited booping sound!
[2024-04-07 01:32:24.178] GAME: TIDI: 0;0.0319831;0.0390352;0.0393077
[2024-04-07 01:33:02.823] EMOTE: INVALID/(Cleanbot) (181,210,9): <B>Cleanbot</B> makes an excited booping sound!
[2024-04-07 01:33:10.843] EMOTE: INVALID/(Cleanbot) (181,210,9): <B>Cleanbot</B> makes an excited booping sound!
[2024-04-07 01:33:24.197] GAME: TIDI: 0;0.0223882;0.0357058;0.0389475
[2024-04-07 01:33:54.841] EMOTE: INVALID/(Cleanbot) (181,210,9): <B>Cleanbot</B> makes an excited booping sound!
[2024-04-07 01:34:24.256] GAME: TIDI: 0.166667;0.0656717;0.041699;0.0392226
[2024-04-07 01:34:58.887] EMOTE: INVALID/(Cleanbot) (181,210,9): <B>Cleanbot</B> makes an excited booping sound!
[2024-04-07 01:35:24.280] GAME: TIDI: 0;0.0459702;0.0425532;0.0395557
[2024-04-07 01:36:24.306] GAME: TIDI: 0.166667;0.0821791;0.0504784;0.040648
[2024-04-07 01:37:24.336] GAME: TIDI: 0;0.0575254;0.0518878;0.041772
[2024-04-07 01:38:24.353] GAME: TIDI: 0;0.0402678;0.0495638;0.0425511
[2024-04-07 01:39:24.393] GAME: TIDI: 0;0.0281874;0.0452885;0.0428249
[2024-04-07 01:40:24.425] GAME: TIDI: 0.166667;0.0697312;0.0501771;0.0435601
[2024-04-07 01:41:03.059] EMOTE: INVALID/(Cleanbot) (181,210,9): <B>Cleanbot</B> makes an excited booping sound!
[2024-04-07 01:41:24.530] GAME: TIDI: 0.166667;0.0988119;0.059904;0.0451945
[2024-04-07 01:41:45.151] EMOTE: INVALID/(Cleanbot) (181,210,9): <B>Cleanbot</B> makes an excited booping sound!
[2024-04-07 01:41:47.154] EMOTE: INVALID/(Cleanbot) (181,210,9): <B>Cleanbot</B> makes an excited booping sound!
[2024-04-07 01:42:05.171] EMOTE: INVALID/(Cleanbot) (181,210,9): <B>Cleanbot</B> makes an excited booping sound!
[2024-04-07 01:42:24.558] GAME: TIDI: 0;0.0691683;0.0617569;0.0468507
[2024-04-07 01:43:24.772] GAME: TIDI: 0.333333;0.148418;0.0790891;0.0500746
[2024-04-07 01:44:24.814] GAME: TIDI: 0.166667;0.153892;0.0940498;0.0544721
[2024-04-07 01:44:41.445] EMOTE: INVALID/(Cleanbot) (181,210,9): <B>Cleanbot</B> makes an excited booping sound!
[2024-04-07 01:45:24.855] GAME: TIDI: 0;0.107725;0.0967848;0.0587033
[2024-04-07 01:46:24.871] GAME: TIDI: 0;0.0754073;0.0925093;0.0620839
[2024-04-07 01:46:59.505] EMOTE: INVALID/(Cleanbot) (181,210,9): <B>Cleanbot</B> makes an excited booping sound!
[2024-04-07 01:47:24.896] GAME: TIDI: 0;0.0527851;0.0845644;0.064332
[2024-04-07 01:48:29.292] GAME: TIDI: 7.33333;2.23695;0.515041;0.109403
[2024-04-07 01:49:29.571] GAME: TIDI: 0.5;1.71586;0.755206;0.173983
[2024-04-07 01:50:26.206] EMOTE: INVALID/(Cleanbot) (181,210,9): <B>Cleanbot</B> makes an excited booping sound!
[2024-04-07 01:50:29.592] GAME: TIDI: 0;1.20111;0.844386;0.241024
[2024-04-07 01:50:38.213] EMOTE: INVALID/(Cleanbot) (181,210,9): <B>Cleanbot</B> makes an excited booping sound!
[2024-04-07 01:51:29.614] GAME: TIDI: 0.166667;0.890774;0.853664;0.302288
[2024-04-07 01:52:29.718] GAME: TIDI: 0.166667;0.673542;0.817639;0.353823
[2024-04-07 01:53:29.723] GAME: TIDI: 0;0.471479;0.748407;0.393281
[2024-04-07 01:54:08.338] EMOTE: INVALID/(Cleanbot) (181,210,9): <B>Cleanbot</B> makes an excited booping sound!
[2024-04-07 01:54:28.339] EMOTE: INVALID/(Cleanbot) (181,210,9): <B>Cleanbot</B> makes an excited booping sound!
[2024-04-07 01:54:29.726] GAME: TIDI: 0;0.330035;0.664733;0.420426
[2024-04-07 01:55:28.342] EMOTE: INVALID/(Cleanbot) (181,210,9): <B>Cleanbot</B> makes an excited booping sound!
[2024-04-07 01:55:29.728] GAME: TIDI: 0;0.231025;0.577991;0.436183
[2024-04-07 01:56:29.739] GAME: TIDI: 0;0.161717;0.494736;0.442038
[2024-04-07 01:57:29.753] GAME: TIDI: 0;0.113202;0.41843;0.439677
[2024-04-07 01:58:29.758] GAME: TIDI: 0;0.0792415;0.350592;0.430769
[2024-04-07 01:58:50.475] EMOTE: INVALID/(Cleanbot) (181,210,9): <B>Cleanbot</B> makes an excited booping sound!
[2024-04-07 01:59:24.487] EMOTE: INVALID/(Cleanbot) (181,210,9): <B>Cleanbot</B> makes an excited booping sound!
[2024-04-07 01:59:29.868] GAME: TIDI: 0.166667;0.105469;0.301567;0.417849
[2024-04-07 01:59:40.488] EMOTE: INVALID/(Cleanbot) (181,210,9): <B>Cleanbot</B> makes an excited booping sound!
[2024-04-07 01:59:42.488] EMOTE: INVALID/(Cleanbot) (181,210,9): <B>Cleanbot</B> makes an excited booping sound!
[2024-04-07 02:00:29.884] GAME: TIDI: 0;0.0738283;0.25602;0.401666
[2024-04-07 02:00:54.500] EMOTE: INVALID/(Cleanbot) (181,210,9): <B>Cleanbot</B> makes an excited booping sound!
[2024-04-07 02:01:29.904] GAME: TIDI: 0.166667;0.10168;0.225152;0.384014
[2024-04-07 02:02:29.917] GAME: TIDI: 0;0.0711759;0.194357;0.365048
[2024-04-07 02:02:58.535] EMOTE: INVALID/(Cleanbot) (181,210,9): <B>Cleanbot</B> makes an excited booping sound!
[2024-04-07 02:03:29.921] GAME: TIDI: 0;0.0498231;0.16545;0.345089
[2024-04-07 02:04:29.937] GAME: TIDI: 0;0.0348762;0.139335;0.324513
[2024-04-07 02:04:36.567] EMOTE: INVALID/(Cleanbot) (181,210,9): <B>Cleanbot</B> makes an excited booping sound!
[2024-04-07 02:05:30.116] GAME: TIDI: 0.333333;0.124413;0.136351;0.305697
[2024-04-07 02:06:30.128] GAME: TIDI: 0;0.0870893;0.126498;0.287777
[2024-04-07 02:07:30.139] GAME: TIDI: 0;0.0609625;0.113391;0.270339
[2024-04-07 02:08:30.154] GAME: TIDI: 0;0.0426738;0.0992478;0.253229
[2024-04-07 02:08:46.774] EMOTE: INVALID/(Cleanbot) (181,210,9): <B>Cleanbot</B> makes an excited booping sound!
[2024-04-07 02:09:30.165] GAME: TIDI: 0;0.0298716;0.0853726;0.236444
[2024-04-07 02:10:06.782] EMOTE: INVALID/(Cleanbot) (181,210,9): <B>Cleanbot</B> makes an excited booping sound!
[2024-04-07 02:10:28.784] EMOTE: INVALID/(Cleanbot) (181,210,9): <B>Cleanbot</B> makes an excited booping sound!
[2024-04-07 02:10:30.165] GAME: TIDI: 0;0.0209101;0.0724801;0.220047
[2024-04-07 02:11:30.179] GAME: TIDI: 0;0.0146371;0.0609115;0.204134
[2024-04-07 02:12:30.194] GAME: TIDI: 0;0.010246;0.0507784;0.188798
[2024-04-07 02:13:30.212] GAME: TIDI: 0.166667;0.0571722;0.0520571;0.175124
[2024-04-07 02:13:58.837] EMOTE: INVALID/(Cleanbot) (181,210,9): <B>Cleanbot</B> makes an excited booping sound!
[2024-04-07 02:14:14.832] EMOTE: INVALID/(Cleanbot) (181,210,9): <B>Cleanbot</B> makes an excited booping sound!
[2024-04-07 02:14:30.224] GAME: TIDI: 0;0.0400205;0.0496498;0.162577
[2024-04-07 02:14:48.853] EMOTE: INVALID/(Cleanbot) (181,210,9): <B>Cleanbot</B> makes an excited booping sound!
[2024-04-07 02:15:30.231] GAME: TIDI: 0;0.0280144;0.0453227;0.150851
[2024-04-07 02:16:30.243] GAME: TIDI: 0;0.0196101;0.0401802;0.139784
[2024-04-07 02:17:30.353] GAME: TIDI: 0.166667;0.063727;0.0448896;0.130295
[2024-04-07 02:18:30.364] GAME: TIDI: 0;0.0446089;0.0448334;0.121749
[2024-04-07 02:19:09.004] EMOTE: INVALID/(Cleanbot) (181,210,9): <B>Cleanbot</B> makes an excited booping sound!
[2024-04-07 02:19:30.393] GAME: TIDI: 0;0.0312262;0.042112;0.113785
[2024-04-07 02:20:30.400] GAME: TIDI: 0.166667;0.0718584;0.0480613;0.107213
[2024-04-07 02:21:30.419] GAME: TIDI: 0;0.0503009;0.0485092;0.101342
[2024-04-07 02:22:30.422] GAME: TIDI: 0;0.0352106;0.0458495;0.095793
[2024-04-07 02:23:30.428] GAME: TIDI: 0;0.0246474;0.0416091;0.0903746
[2024-04-07 02:24:30.436] GAME: TIDI: 0;0.0172532;0.0367379;0.0850109
[2024-04-07 02:24:41.056] EMOTE: INVALID/(Cleanbot) (181,210,9): <B>Cleanbot</B> makes an excited booping sound!
[2024-04-07 02:25:30.452] GAME: TIDI: 0;0.0120772;0.0318058;0.0796904
[2024-04-07 02:25:53.074] EMOTE: INVALID/(Cleanbot) (181,210,9): <B>Cleanbot</B> makes an excited booping sound!
[2024-04-07 02:26:30.609] GAME: TIDI: 0.333333;0.108454;0.0471354;0.0764349
[2024-04-07 02:27:30.615] GAME: TIDI: 0;0.0759178;0.0528919;0.0740806
[2024-04-07 02:28:30.627] GAME: TIDI: 0;0.0531425;0.052942;0.0719667
[2024-04-07 02:28:49.240] EMOTE: INVALID/(Cleanbot) (181,210,9): <B>Cleanbot</B> makes an excited booping sound!
[2024-04-07 02:29:30.649] GAME: TIDI: 0;0.0371997;0.0497936;0.0697494
[2024-04-07 02:30:30.651] GAME: TIDI: 0;0.0260398;0.0450428;0.0672788
[2024-04-07 02:31:30.658] GAME: TIDI: 0;0.0182279;0.0396798;0.0645189
[2024-04-07 02:32:30.663] GAME: TIDI: 0;0.0127595;0.0342958;0.0614966
[2024-04-07 02:33:15.289] EMOTE: INVALID/(Cleanbot) (181,210,9): <B>Cleanbot</B> makes an excited booping sound!
[2024-04-07 02:33:30.678] GAME: TIDI: 0;0.00893166;0.0292229;0.0582692
[2024-04-07 02:34:30.691] GAME: TIDI: 0;0.00625216;0.0246288;0.0549051
[2024-04-07 02:35:30.700] GAME: TIDI: 0.166667;0.0543765;0.0305783;0.0524725
[2024-04-07 02:36:30.765] GAME: TIDI: 0;0.0380636;0.0320754;0.0504328
[2024-04-07 02:36:53.460] EMOTE: INVALID/(Cleanbot) (181,210,9): <B>Cleanbot</B> makes an excited booping sound!
[2024-04-07 02:37:30.850] GAME: TIDI: 0.166667;0.0766445;0.0409892;0.0494884
[2024-04-07 02:38:13.490] EMOTE: INVALID/(Cleanbot) (181,210,9): <B>Cleanbot</B> makes an excited booping sound!
[2024-04-07 02:38:21.489] EMOTE: INVALID/(Cleanbot) (181,210,9): <B>Cleanbot</B> makes an excited booping sound!
[2024-04-07 02:38:23.484] EMOTE: INVALID/(Cleanbot) (181,210,9): <B>Cleanbot</B> makes an excited booping sound!
[2024-04-07 02:38:30.871] GAME: TIDI: 0;0.0536511;0.0435216;0.0488917
[2024-04-07 02:39:30.890] GAME: TIDI: 0;0.0375558;0.0423284;0.0482354
[2024-04-07 02:40:30.909] GAME: TIDI: 0.166667;0.0762891;0.0491206;0.0483239
[2024-04-07 02:41:30.921] GAME: TIDI: 0;0.0534023;0.0499769;0.0484892
[2024-04-07 02:41:33.532] EMOTE: INVALID/(Cleanbot) (181,210,9): <B>Cleanbot</B> makes an excited booping sound!
[2024-04-07 02:41:53.541] EMOTE: INVALID/(Cleanbot) (181,210,9): <B>Cleanbot</B> makes an excited booping sound!
[2024-04-07 02:42:30.934] GAME: TIDI: 0;0.0373816;0.0474579;0.0483861
[2024-04-07 02:43:30.944] GAME: TIDI: 0;0.0261671;0.0431997;0.0478674
[2024-04-07 02:44:30.953] GAME: TIDI: 0;0.018317;0.0382232;0.046903
[2024-04-07 02:45:31.067] GAME: TIDI: 0.166667;0.0628219;0.0431429;0.046527
[2024-04-07 02:46:31.135] GAME: TIDI: 0.166667;0.0939753;0.0533094;0.0472052
[2024-04-07 02:46:45.755] EMOTE: INVALID/(Cleanbot) (181,210,9): <B>Cleanbot</B> makes an excited booping sound!
[2024-04-07 02:47:31.152] GAME: TIDI: 0;0.0657827;0.0558041;0.0480651
[2024-04-07 02:48:31.162] GAME: TIDI: 0;0.0460479;0.0538528;0.0486439
[2024-04-07 02:49:31.178] GAME: TIDI: 0;0.0322335;0.049529;0.0487324
[2024-04-07 02:50:31.208] GAME: TIDI: 0.166667;0.0725635;0.0541359;0.0492727
[2024-04-07 02:50:53.832] EMOTE: INVALID/(Cleanbot) (181,210,9): <B>Cleanbot</B> makes an excited booping sound!
[2024-04-07 02:51:31.223] GAME: TIDI: 0;0.0507944;0.0534676;0.0496922
[2024-04-07 02:52:13.843] EMOTE: INVALID/(Cleanbot) (181,210,9): <B>Cleanbot</B> makes an excited booping sound!
[2024-04-07 02:52:31.242] GAME: TIDI: 0;0.0355561;0.0498853;0.0497115
[2024-04-07 02:53:31.272] GAME: TIDI: 0;0.0248893;0.0448861;0.049229
[2024-04-07 02:54:31.290] GAME: TIDI: 0;0.0174225;0.0393934;0.0482454
[2024-04-07 02:55:31.327] GAME: TIDI: 0.166667;0.0621957;0.0439539;0.0478163
[2024-04-07 02:55:39.947] EMOTE: INVALID/(Cleanbot) (181,210,9): <B>Cleanbot</B> makes an excited booping sound!
[2024-04-07 02:56:07.953] EMOTE: INVALID/(Cleanbot) (181,210,9): <B>Cleanbot</B> makes an excited booping sound!
[2024-04-07 02:56:31.342] GAME: TIDI: 0;0.043537;0.0438705;0.0474217
[2024-04-07 02:57:07.977] EMOTE: INVALID/(Cleanbot) (181,210,9): <B>Cleanbot</B> makes an excited booping sound!
[2024-04-07 02:57:31.359] GAME: TIDI: 0;0.0304759;0.0411916;0.0467987
[2024-04-07 02:58:31.366] GAME: TIDI: 0;0.0213331;0.0372199;0.0458408
[2024-04-07 02:59:31.451] GAME: TIDI: 0.166667;0.0649332;0.0427625;0.045533
[2024-04-07 02:59:56.077] EMOTE: INVALID/(Cleanbot) (181,210,9): <B>Cleanbot</B> makes an excited booping sound!
[2024-04-07 03:00:31.472] GAME: TIDI: 0;0.0454532;0.0433007;0.0453097
[2024-04-07 03:01:31.487] GAME: TIDI: 0;0.0318173;0.041004;0.0448792
[2024-04-07 03:01:34.096] EMOTE: INVALID/(Cleanbot) (181,210,9): <B>Cleanbot</B> makes an excited booping sound!
[2024-04-07 03:02:16.113] EMOTE: INVALID/(Cleanbot) (181,210,9): <B>Cleanbot</B> makes an excited booping sound!
[2024-04-07 03:02:31.495] GAME: TIDI: 0;0.0222721;0.0372576;0.044117
[2024-04-07 03:03:31.524] GAME: TIDI: 0.166667;0.0655905;0.0429242;0.0439977
[2024-04-07 03:04:26.177] EMOTE: INVALID/(Cleanbot) (181,210,9): <B>Cleanbot</B> makes an excited booping sound!
[2024-04-07 03:04:30.173] EMOTE: INVALID/(Cleanbot) (181,210,9): <B>Cleanbot</B> makes an excited booping sound!
[2024-04-07 03:04:31.560] GAME: TIDI: 0;0.0459133;0.043522;0.0439502
[2024-04-07 03:05:24.273] EMOTE: INVALID/(Cleanbot) (181,210,9): <B>Cleanbot</B> makes an excited booping sound!
[2024-04-07 03:05:31.659] GAME: TIDI: 0.166667;0.0821393;0.0512455;0.0446797
[2024-04-07 03:05:50.291] EMOTE: INVALID/(Cleanbot) (181,210,9): <B>Cleanbot</B> makes an excited booping sound!
[2024-04-07 03:06:14.287] EMOTE: INVALID/(Cleanbot) (181,210,9): <B>Cleanbot</B> makes an excited booping sound!
[2024-04-07 03:06:31.670] GAME: TIDI: 0;0.0574975;0.0524959;0.0454613
[2024-04-07 03:07:22.305] EMOTE: INVALID/(Cleanbot) (181,210,9): <B>Cleanbot</B> makes an excited booping sound!
[2024-04-07 03:07:31.692] GAME: TIDI: 0;0.0402483;0.0500464;0.0459198
[2024-04-07 03:08:31.731] GAME: TIDI: 0.166667;0.0781738;0.0556719;0.046895
[2024-04-07 03:09:31.769] GAME: TIDI: 0;0.0547217;0.0554818;0.0477537
[2024-04-07 03:10:31.800] GAME: TIDI: 0.166667;0.0883052;0.0620465;0.049183
[2024-04-07 03:10:46.433] EMOTE: INVALID/(Cleanbot) (181,210,9): <B>Cleanbot</B> makes an excited booping sound!
[2024-04-07 03:11:31.838] GAME: TIDI: 0;0.0618136;0.0619999;0.0504647
[2024-04-07 03:12:31.867] GAME: TIDI: 0;0.0432695;0.0582538;0.0512436
[2024-04-07 03:13:31.885] GAME: TIDI: 0;0.0302887;0.0526608;0.0513853
[2024-04-07 03:14:31.904] GAME: TIDI: 0.166667;0.0712021;0.0563691;0.0518837
[2024-04-07 03:15:31.937] GAME: TIDI: 0;0.0498414;0.0550635;0.0522017
[2024-04-07 03:16:14.572] EMOTE: INVALID/(Cleanbot) (181,210,9): <B>Cleanbot</B> makes an excited booping sound!
[2024-04-07 03:16:22.572] EMOTE: INVALID/(Cleanbot) (181,210,9): <B>Cleanbot</B> makes an excited booping sound!
[2024-04-07 03:16:31.962] GAME: TIDI: 0;0.034889;0.0510286;0.0520844
[2024-04-07 03:16:40.580] EMOTE: INVALID/(Cleanbot) (181,210,9): <B>Cleanbot</B> makes an excited booping sound!
[2024-04-07 03:17:31.990] GAME: TIDI: 0;0.0244223;0.0457074;0.0514467
[2024-04-07 03:17:40.606] EMOTE: INVALID/(Cleanbot) (181,210,9): <B>Cleanbot</B> makes an excited booping sound!
[2024-04-07 03:17:54.609] EMOTE: INVALID/(Cleanbot) (181,210,9): <B>Cleanbot</B> makes an excited booping sound!
[2024-04-07 03:18:32.003] GAME: TIDI: 0.166667;0.0670956;0.049985;0.0513005
[2024-04-07 03:19:32.013] GAME: TIDI: 0;0.0469669;0.0493814;0.0511086
[2024-04-07 03:19:50.643] EMOTE: INVALID/(Cleanbot) (181,210,9): <B>Cleanbot</B> makes an excited booping sound!
[2024-04-07 03:20:32.040] GAME: TIDI: 0;0.0328769;0.0460805;0.0506058
[2024-04-07 03:21:32.070] GAME: TIDI: 0;0.0230138;0.0414672;0.0496919
[2024-04-07 03:22:32.099] GAME: TIDI: 0;0.0161097;0.0363957;0.0483623
[2024-04-07 03:23:32.126] GAME: TIDI: 0.166667;0.0612768;0.0413719;0.0476632
[2024-04-07 03:24:32.144] GAME: TIDI: 0;0.0428937;0.0416762;0.0470645
[2024-04-07 03:25:32.158] GAME: TIDI: 0;0.0300256;0.0393461;0.0462927
[2024-04-07 03:26:32.177] GAME: TIDI: 0;0.0210179;0.0356805;0.0452315
[2024-04-07 03:27:00.798] EMOTE: INVALID/(Cleanbot) (181,210,9): <B>Cleanbot</B> makes an excited booping sound!
[2024-04-07 03:27:14.805] EMOTE: INVALID/(Cleanbot) (181,210,9): <B>Cleanbot</B> makes an excited booping sound!
[2024-04-07 03:27:32.193] GAME: TIDI: 0;0.0147125;0.0314869;0.043857
[2024-04-07 03:28:32.214] GAME: TIDI: 0.166667;0.0602988;0.0372493;0.0431962
[2024-04-07 03:28:34.824] EMOTE: INVALID/(Cleanbot) (181,210,9): <B>Cleanbot</B> makes an excited booping sound!
[2024-04-07 03:29:32.229] GAME: TIDI: 0;0.0422092;0.0382413;0.0427007
[2024-04-07 03:30:04.857] EMOTE: INVALID/(Cleanbot) (181,210,9): <B>Cleanbot</B> makes an excited booping sound!
[2024-04-07 03:30:32.244] GAME: TIDI: 0;0.0295464;0.0365023;0.0420809
[2024-04-07 03:30:46.943] EMOTE: INVALID/(Cleanbot) (181,210,9): <B>Cleanbot</B> makes an excited booping sound!
[2024-04-07 03:31:24.955] EMOTE: INVALID/(Cleanbot) (181,210,9): <B>Cleanbot</B> makes an excited booping sound!
[2024-04-07 03:31:32.340] GAME: TIDI: 0.166667;0.0706825;0.0433383;0.0422066
[2024-04-07 03:32:32.370] GAME: TIDI: 0;0.0494777;0.0445662;0.0424426
[2024-04-07 03:33:32.384] GAME: TIDI: 0;0.0346344;0.0425799;0.0424563
[2024-04-07 03:34:32.407] GAME: TIDI: 0.166667;0.0742441;0.0489127;0.043102
[2024-04-07 03:35:32.414] GAME: TIDI: 0;0.0519709;0.0495243;0.0437442
[2024-04-07 03:35:37.032] EMOTE: INVALID/(Cleanbot) (181,210,9): <B>Cleanbot</B> makes an excited booping sound!
[2024-04-07 03:36:27.115] EMOTE: INVALID/(Cleanbot) (181,210,9): <B>Cleanbot</B> makes an excited booping sound!
[2024-04-07 03:36:32.496] GAME: TIDI: 0;0.0363796;0.0468954;0.0440593
[2024-04-07 03:37:32.514] GAME: TIDI: 0.166667;0.0754657;0.0526095;0.0449143
[2024-04-07 03:38:32.525] GAME: TIDI: 0;0.052826;0.0526528;0.0456882
[2024-04-07 03:39:07.164] EMOTE: INVALID/(Cleanbot) (181,210,9): <B>Cleanbot</B> makes an excited booping sound!
[2024-04-07 03:39:31.176] EMOTE: INVALID/(Cleanbot) (181,210,9): <B>Cleanbot</B> makes an excited booping sound!
[2024-04-07 03:39:32.557] GAME: TIDI: 0;0.0369782;0.0495179;0.0460711
[2024-04-07 03:40:32.591] GAME: TIDI: 0;0.0258847;0.0447912;0.0459431
[2024-04-07 03:41:32.605] GAME: TIDI: 0.166667;0.0681193;0.0494569;0.0462945
[2024-04-07 03:42:11.228] EMOTE: INVALID/(Cleanbot) (181,210,9): <B>Cleanbot</B> makes an excited booping sound!
[2024-04-07 03:42:32.620] GAME: TIDI: 0;0.0476835;0.0491022;0.0465753
[2024-04-07 03:43:32.717] GAME: TIDI: 0.166667;0.0833785;0.0559574;0.0475135
[2024-04-07 03:44:32.762] GAME: TIDI: 0;0.0583649;0.0564389;0.048406
[2024-04-07 03:45:32.788] GAME: TIDI: 0;0.0408554;0.0533222;0.0488977
[2024-04-07 03:45:35.400] EMOTE: INVALID/(Cleanbot) (181,210,9): <B>Cleanbot</B> makes an excited booping sound!
[2024-04-07 03:46:32.805] GAME: TIDI: 0.166667;0.0785988;0.0583776;0.0498457
[2024-04-07 03:47:32.836] GAME: TIDI: 0;0.0550192;0.0577059;0.0506317
[2024-04-07 03:48:33.094] GAME: TIDI: 0.333333;0.138513;0.0738674;0.0529552
[2024-04-07 03:49:19.513] GAME: TESLA(75,167,9) Shocked INVALID/(giant spider) for 21dmg.
[2024-04-07 03:49:19.514] GAME: TESLA(78,166,9) Shocked INVALID/(giant spider) for 21dmg.
[2024-04-07 03:49:19.514] GAME: TESLA(75,166,9) Shocked INVALID/(giant spider) for 10dmg.
[2024-04-07 03:49:19.515] GAME: TESLA(73,164,9) Shocked INVALID/(giant spider) for 11dmg.
[2024-04-07 03:49:19.515] GAME: TESLA(75,166,9) Shocked INVALID/(giant spider) for 10dmg.
[2024-04-07 03:49:19.515] GAME: TESLA(73,164,9) Shocked INVALID/(giant spider) for 5dmg.
[2024-04-07 03:49:33.324] GAME: TIDI: 0.5;0.246959;0.108486;0.0585083
[2024-04-07 03:50:27.956] EMOTE: INVALID/(Cleanbot) (181,210,9): <B>Cleanbot</B> makes an excited booping sound!
[2024-04-07 03:50:33.343] GAME: TIDI: 0;0.172872;0.121363;0.0647938
[2024-04-07 03:51:33.420] GAME: TIDI: 0.166667;0.17101;0.131292;0.0714436
[2024-04-07 03:52:33.452] GAME: TIDI: 0;0.119707;0.128975;0.0771968
[2024-04-07 03:52:59.941] GAME: TESLA(203,152,10) Shocked INVALID/(Burning Mage) for 14dmg.
[2024-04-07 03:53:33.553] GAME: TIDI: 0.166667;0.133795;0.129939;0.082471
[2024-04-07 03:54:12.180] EMOTE: INVALID/(Cleanbot) (181,210,9): <B>Cleanbot</B> makes an excited booping sound!
[2024-04-07 03:54:33.580] GAME: TIDI: 0;0.0936565;0.122683;0.0864922
[2024-04-07 03:55:33.808] GAME: TIDI: 0.5;0.21556;0.141258;0.0919688
[2024-04-07 03:55:34.426] EMOTE: INVALID/(Cleanbot) (181,210,9): <B>Cleanbot</B> makes an excited booping sound!
[2024-04-07 03:56:33.834] GAME: TIDI: 0;0.150892;0.143185;0.0970904
[2024-04-07 03:57:33.854] GAME: TIDI: 0;0.105624;0.135673;0.100949
[2024-04-07 03:58:33.861] GAME: TIDI: 0;0.0739369;0.123326;0.103186
[2024-04-07 03:58:50.316] GAME: TESLA(249,219,9) Shocked INVALID/(crystal-feather duck) for 30dmg.
[2024-04-07 03:59:04.549] EMOTE: INVALID/(Cleanbot) (181,210,9): <B>Cleanbot</B> makes an excited booping sound!
[2024-04-07 03:59:33.944] GAME: TIDI: 0.166667;0.101756;0.119012;0.104769
[2024-04-07 04:00:33.959] GAME: TIDI: 0;0.0712291;0.109455;0.105237
[2024-04-07 04:01:08.585] EMOTE: INVALID/(Cleanbot) (181,210,9): <B>Cleanbot</B> makes an excited booping sound!
[2024-04-07 04:01:32.692] EMOTE: INVALID/(Cleanbot) (181,210,9): <B>Cleanbot</B> makes an excited booping sound!
[2024-04-07 04:01:34.077] GAME: TIDI: 0.166667;0.0998604;0.107536;0.105467
[2024-04-07 04:02:34.153] GAME: TIDI: 0.166667;0.119902;0.110009;0.105922
[2024-04-07 04:02:36.771] EMOTE: INVALID/(Cleanbot) (181,210,9): <B>Cleanbot</B> makes an excited booping sound!
[2024-04-07 04:02:40.774] EMOTE: INVALID/(Cleanbot) (181,210,9): <B>Cleanbot</B> makes an excited booping sound!
[2024-04-07 04:03:34.282] GAME: TIDI: 0.166667;0.133932;0.114794;0.106809
[2024-04-07 04:04:34.293] GAME: TIDI: 0;0.0937521;0.110585;0.107186
[2024-04-07 04:05:34.316] GAME: TIDI: 0.166667;0.115626;0.111594;0.107627
[2024-04-07 04:05:44.932] EMOTE: INVALID/(Cleanbot) (181,210,9): <B>Cleanbot</B> makes an excited booping sound!
[2024-04-07 04:06:34.326] GAME: TIDI: 0;0.0809385;0.105463;0.107411
[2024-04-07 04:06:54.939] EMOTE: INVALID/(Cleanbot) (181,210,9): <B>Cleanbot</B> makes an excited booping sound!
[2024-04-07 04:07:34.332] GAME: TIDI: 0;0.056657;0.0957015;0.10624
[2024-04-07 04:07:58.872] GAME: TESLA(50,146,10) Shocked INVALID/(shantak) for 13dmg.
[2024-04-07 04:08:34.388] GAME: TIDI: 0;0.0396599;0.0844932;0.104065
[2024-04-07 04:09:13.002] EMOTE: INVALID/(Cleanbot) (181,210,9): <B>Cleanbot</B> makes an excited booping sound!
[2024-04-07 04:09:34.401] GAME: TIDI: 0.166667;0.0777619;0.0831469;0.101973
[2024-04-07 04:10:05.121] EMOTE: INVALID/(Cleanbot) (181,210,9): <B>Cleanbot</B> makes an excited booping sound!
[2024-04-07 04:10:34.506] GAME: TIDI: 0.166667;0.104433;0.0874042;0.100516
[2024-04-07 04:11:34.537] GAME: TIDI: 0;0.0731033;0.084544;0.0989192
[2024-04-07 04:12:34.557] GAME: TIDI: 0;0.0511723;0.0778697;0.0968142
[2024-04-07 04:13:34.577] GAME: TIDI: 0;0.0358206;0.0694599;0.0940788
[2024-04-07 04:13:35.191] EMOTE: INVALID/(Cleanbot) (181,210,9): <B>Cleanbot</B> makes an excited booping sound!
[2024-04-07 04:13:57.204] EMOTE: INVALID/(Cleanbot) (181,210,9): <B>Cleanbot</B> makes an excited booping sound!
[2024-04-07 04:14:34.592] GAME: TIDI: 0;0.0250744;0.0605828;0.0907292
[2024-04-07 04:15:34.609] GAME: TIDI: 0.166667;0.0675521;0.0619767;0.0878539
[2024-04-07 04:16:34.625] GAME: TIDI: 0;0.0472865;0.0590386;0.0849724
[2024-04-07 04:16:41.253] EMOTE: INVALID/(Cleanbot) (181,210,9): <B>Cleanbot</B> makes an excited booping sound!
[2024-04-07 04:16:43.250] EMOTE: INVALID/(Cleanbot) (181,210,9): <B>Cleanbot</B> makes an excited booping sound!
[2024-04-07 04:16:55.255] EMOTE: INVALID/(Cleanbot) (181,210,9): <B>Cleanbot</B> makes an excited booping sound!
[2024-04-07 04:17:34.652] GAME: TIDI: 0;0.0331005;0.053851;0.0818602
[2024-04-07 04:18:34.756] GAME: TIDI: 0.166667;0.0731704;0.0577149;0.0794457
[2024-04-07 04:19:34.781] GAME: TIDI: 0;0.0512193;0.0564158;0.0771427
[2024-04-07 04:20:03.413] EMOTE: INVALID/(Cleanbot) (181,210,9): <B>Cleanbot</B> makes an excited booping sound!
[2024-04-07 04:20:34.800] GAME: TIDI: 0.166667;0.0858535;0.0623033;0.0756588
[2024-04-07 04:21:05.420] EMOTE: INVALID/(Cleanbot) (181,210,9): <B>Cleanbot</B> makes an excited booping sound!
[2024-04-07 04:21:34.822] GAME: TIDI: 0;0.0600974;0.0618621;0.0742791
[2024-04-07 04:21:59.453] EMOTE: INVALID/(Cleanbot) (181,210,9): <B>Cleanbot</B> makes an excited booping sound!
[2024-04-07 04:22:34.845] GAME: TIDI: 0;0.0420682;0.0579034;0.0726415
[2024-04-07 04:23:34.873] GAME: TIDI: 0;0.0294477;0.0522122;0.0705986
[2024-04-07 04:24:01.494] EMOTE: INVALID/(Cleanbot) (181,210,9): <B>Cleanbot</B> makes an excited booping sound!
[2024-04-07 04:24:34.902] GAME: TIDI: 0.166667;0.0706134;0.0558925;0.069128
[2024-04-07 04:25:01.589] EMOTE: INVALID/(Cleanbot) (181,210,9): <B>Cleanbot</B> makes an excited booping sound!
[2024-04-07 04:25:23.611] EMOTE: INVALID/(Cleanbot) (181,210,9): <B>Cleanbot</B> makes an excited booping sound!
[2024-04-07 04:25:34.991] GAME: TIDI: 0;0.0494294;0.0545999;0.0676752
[2024-04-07 04:26:13.616] EMOTE: INVALID/(Cleanbot) (181,210,9): <B>Cleanbot</B> makes an excited booping sound!
[2024-04-07 04:26:29.631] EMOTE: INVALID/(Cleanbot) (181,210,9): <B>Cleanbot</B> makes an excited booping sound!
[2024-04-07 04:26:35.017] GAME: TIDI: 0.166667;0.0846006;0.0606;0.0669677
[2024-04-07 04:27:35.096] GAME: TIDI: 0;0.0592204;0.0603241;0.0663033
[2024-04-07 04:27:39.714] EMOTE: INVALID/(Cleanbot) (181,210,9): <B>Cleanbot</B> makes an excited booping sound!
[2024-04-07 04:28:35.137] GAME: TIDI: 0.166667;0.0914543;0.0665501;0.066328
[2024-04-07 04:29:35.157] GAME: TIDI: 0;0.064018;0.0660437;0.0662996
[2024-04-07 04:30:15.800] EMOTE: INVALID/(Cleanbot) (181,210,9): <B>Cleanbot</B> makes an excited booping sound!
[2024-04-07 04:30:35.193] GAME: TIDI: 0;0.0448126;0.0617975;0.0658493
[2024-04-07 04:30:47.821] EMOTE: INVALID/(Cleanbot) (181,210,9): <B>Cleanbot</B> makes an excited booping sound!
[2024-04-07 04:31:35.225] GAME: TIDI: 0.166667;0.0813688;0.0657118;0.0658356
[2024-04-07 04:31:51.841] EMOTE: INVALID/(Cleanbot) (181,210,9): <B>Cleanbot</B> makes an excited booping sound!
