[2024-04-06 13:03:42.733] START: Starting up data/logs/2024/04-April/06-Saturday/round-09-03-21.
[2024-04-06 13:03:44.334] ADMIN: Loading jobban_rank
[2024-04-06 13:03:44.334] ADMIN: jobban_keylist was empty
[2024-04-06 13:03:44.338] ADMIN: Loading Banlist
[2024-04-06 13:03:56.449] GAME: lava trench loaded at at 17,86,5
[2024-04-06 13:03:56.470] GAME: Magmatic Geyser loaded at at 57,15,5
[2024-04-06 13:03:56.513] GAME: Supply Drop 1 loaded at at 201,25,5
[2024-04-06 13:03:56.697] GAME: Abandoned Mineshaft 1 loaded at at 60,42,5
[2024-04-06 13:03:56.733] GAME: Supply Drop 1 loaded at at 163,15,5
[2024-04-06 13:03:56.806] GAME: Excavation Site loaded at at 122,81,5
[2024-04-06 13:03:56.854] GAME: Supply Drop 1 loaded at at 129,53,5
[2024-04-06 13:03:57.039] GAME: Spider Cave 1 loaded at at 158,72,5
[2024-04-06 13:03:57.152] GAME: Dig Site loaded at at 23,40,5
[2024-04-06 13:03:58.112] GAME: Ore-Topped Cliff loaded at at 188,40,5
[2024-04-06 13:03:58.714] GAME: Abandoned Temple loaded at at 71,13,5
[2024-04-06 13:03:58.909] GAME: spatial anomaly loaded at at 15,150,5
[2024-04-06 13:03:59.247] GAME: Farm loaded at at 62,89,4
[2024-04-06 13:03:59.373] GAME: Empty Explorer's Home loaded at at 19,66,4
[2024-04-06 13:03:59.403] GAME: Camp Site loaded at at 32,187,4
[2024-04-06 13:03:59.582] GAME: Old Hotel loaded at at 203,32,4
[2024-04-06 13:03:59.597] GAME: Old Supply Drop loaded at at 215,8,4
[2024-04-06 13:03:59.637] GAME: Emergency Pod 2 loaded at at 18,55,4
[2024-04-06 13:03:59.659] GAME: Wrecked Shelter loaded at at 132,97,4
[2024-04-06 13:03:59.691] GAME: Rocky Outcrop loaded at at 27,123,4
[2024-04-06 13:03:59.698] GAME: Buried Treasure loaded at at 67,230,4
[2024-04-06 13:03:59.877] GAME: Mechpit loaded at at 29,212,4
[2024-04-06 13:03:59.921] GAME: Snow 3 loaded at at 41,45,4
[2024-04-06 13:04:00.057] GAME: Old Library loaded at at 176,51,4
[2024-04-06 13:04:00.218] GAME: Pride Rock loaded at at 17,12,4
[2024-04-06 13:04:00.268] GAME: Construction Site loaded at at 187,10,4
[2024-04-06 13:04:00.280] GAME: Irradiated Manhole Cover loaded at at 50,160,4
[2024-04-06 13:04:00.305] GAME: Snow loaded at at 30,45,4
[2024-04-06 13:04:00.368] GAME: Snow 5 loaded at at 49,30,4
[2024-04-06 13:04:01.103] GAME: Pooled Rocks loaded at at 17,89,4
[2024-04-06 13:04:01.128] GAME: Snow 4 loaded at at 44,13,4
[2024-04-06 13:04:01.258] GAME: Thieves' Cave loaded at at 83,72,4
[2024-04-06 13:04:01.303] GAME: Abandoned Bonfire loaded at at 50,174,4
[2024-04-06 13:04:01.382] GAME: Ration Cache loaded at at 169,76,4
[2024-04-06 13:04:01.462] GAME: Government Patrol loaded at at 120,44,9
[2024-04-06 13:04:01.538] GAME: Empty Cabin loaded at at 64,54,9
[2024-04-06 13:04:01.679] GAME: Drug Den loaded at at 148,35,9
[2024-04-06 13:04:01.785] GAME: Lab 1 loaded at at 19,82,9
[2024-04-06 13:04:01.840] GAME: Rocky 3 loaded at at 69,75,9
[2024-04-06 13:04:01.899] GAME: Shelter 1 loaded at at 186,73,9
[2024-04-06 13:04:01.933] GAME: Spider Nest 1 loaded at at 112,18,9
[2024-04-06 13:04:01.988] GAME: Shack 1 loaded at at 157,72,9
[2024-04-06 13:04:02.087] GAME: Rocky 4 loaded at at 178,31,9
[2024-04-06 13:04:02.235] GAME: Cragzone 1 loaded at at 36,21,9
[2024-04-06 13:04:02.388] GAME: Rocky 2 loaded at at 198,49,9
[2024-04-06 13:04:02.475] GAME: Butcher Shack loaded at at 129,72,9
[2024-04-06 13:04:02.592] GAME: Spider Nest 1 loaded at at 120,30,9
[2024-04-06 13:04:02.665] GAME: Mudpit loaded at at 42,63,9
[2024-04-06 13:04:02.839] GAME: Chasm loaded at at 109,60,9
[2024-04-06 13:04:03.887] GAME: Demon Pool loaded at at 70,11,9
[2024-04-06 13:04:04.005] GAME: Frostfly Nest loaded at at 78,47,9
[2024-04-06 13:04:04.249] GAME: Rocky 2 loaded at at 10,54,9
[2024-04-06 13:04:04.312] GAME: Smol 1 loaded at at 222,75,9
[2024-04-06 13:04:05.614] GAME: Rocky 2 loaded at at 174,45,9
[2024-04-06 13:04:05.669] GAME: Wolf Den loaded at at 92,55,9
[2024-04-06 13:04:07.294] GAME: Musk loaded at at 206,44,9
[2024-04-06 13:04:07.465] GAME: Military Camp 1 loaded at at 44,79,9
[2024-04-06 13:04:07.690] GAME: Snowrock 1 loaded at at 10,33,9
[2024-04-06 13:04:08.362] GAME: Spider Nest 1 loaded at at 95,83,9
[2024-04-06 13:04:12.915] GAME: Frost Oasis loaded at at 200,24,9
[2024-04-06 13:04:14.070] GAME: Kururak Den loaded at at 59,66,9
[2024-04-06 13:04:14.314] GAME: Emergency Pod 4 loaded at at 140,60,9
[2024-04-06 13:04:14.371] GAME: Spider Nest 1 loaded at at 53,52,9
[2024-04-06 13:04:15.349] GAME: Spider Nest 1 loaded at at 90,73,9
[2024-04-06 13:04:17.456] GAME: Spider Nest 1 loaded at at 161,59,9
[2024-04-06 13:04:18.086] GAME: Dragon Island loaded at at 12,178,9
[2024-04-06 13:04:18.334] GAME: Spider Base loaded at at 175,210,9
[2024-04-06 13:04:18.474] GAME: Xeno Hive loaded at at 187,185,9
[2024-04-06 13:04:18.554] GAME: DJOutpost 3 loaded at at 63,138,9
[2024-04-06 13:04:18.709] GAME: Elite Bounty Hunter Den loaded at at 169,111,9
[2024-04-06 13:04:19.449] GAME: Manor 2 loaded at at 122,144,9
[2024-04-06 13:04:19.564] GAME: Otie Shelter loaded at at 116,194,9
[2024-04-06 13:04:19.868] GAME: Borg Lab loaded at at 211,197,9
[2024-04-06 13:04:20.744] GAME: Cliff lake Base loaded at at 190,139,9
[2024-04-06 13:04:21.697] GAME: Derelict Engine loaded at at 56,161,9
[2024-04-06 13:04:21.735] GAME: Emergency Pod 3 loaded at at 158,207,9
[2024-04-06 13:04:21.789] GAME: Lone Wolf loaded at at 113,215,9
[2024-04-06 13:04:22.091] GAME: Pirate Cove loaded at at 48,8,10
[2024-04-06 13:04:22.338] GAME: Dragon Den loaded at at 145,8,10
[2024-04-06 13:04:22.561] GAME: Carrier Shuttle loaded at at 97,15,10
[2024-04-06 13:04:22.860] GAME: Maze loaded at at 57,210,10
[2024-04-06 13:04:23.014] GAME: Puzzle Dungeon loaded at at 143,196,10
[2024-04-06 13:04:23.289] GAME: Drone Overlords loaded at at 175,224,10
[2024-04-06 13:04:23.472] GAME: Frost Lake loaded at at 203,13,10
[2024-04-06 13:04:23.957] GAME: Eclipse Base Dig loaded at at 100,196,10
[2024-04-06 13:04:24.567] GAME: Pirate Fort loaded at at 81,71,10
[2024-04-06 13:04:24.740] GAME: Failed Portal loaded at at 150,138,10
[2024-04-06 13:04:24.857] GAME: Spider Explo loaded at at 235,83,10
[2024-04-06 13:04:25.058] GAME: Leech Pond loaded at at 214,95,10
[2024-04-06 13:04:25.209] GAME: Eclipse Cargo loaded at at 95,167,10
[2024-04-06 13:04:25.666] GAME: Blood Church loaded at at 149,74,10
[2024-04-06 13:04:26.069] GAME: Warzone loaded at at 177,147,10
[2024-04-06 13:04:27.343] GAME: Raided Pod loaded at at 198,90,10
[2024-04-06 13:04:27.675] GAME: Eclipse Prison loaded at at 11,111,10
[2024-04-06 13:05:19.089] GAME: Z-level VR World loaded at at 1,1,11
[2024-04-06 13:05:19.596] GAME: Z-level Fuel Depot - Z1 Space loaded at at 1,1,12
[2024-04-06 13:05:31.421] GAME: Z-level Thor Surface loaded at at 1,1,13
[2024-04-06 13:05:46.825] GAME: Z-level Distant Mining Facility loaded at at 1,1,14
[2024-04-06 13:06:19.172] MISC: a the gibber didn't find an input plate.
[2024-04-06 13:06:22.207] MISC: a the gibber didn't find an input plate.
[2024-04-06 13:11:40.250] GAME: TIDI: 9.83333;2.95;0.59;0.059
[2024-04-06 13:12:40.249] GAME: TIDI: 0;2.065;0.885;0.1416
[2024-04-06 13:13:40.250] GAME: TIDI: 0;1.4455;0.9971;0.22715
[2024-04-06 13:14:41.303] GAME: TIDI: 1.83333;1.56185;1.11005;0.31544
[2024-04-06 13:15:41.334] GAME: TIDI: 0;1.09329;1.1067;0.394566
[2024-04-06 13:16:02.155] EMOTE: INVALID/(Cleanbot) (180,229,9): <B>Cleanbot</B> makes an excited booping sound!
[2024-04-06 13:16:46.246] GAME: TIDI: 8.16667;3.21531;1.52842;0.507951
[2024-04-06 13:17:38.203] EMOTE: INVALID/(Cleanbot) (180,229,9): <B>Cleanbot</B> makes an excited booping sound!
[2024-04-06 13:17:51.703] GAME: TIDI: 9.16667;5.00071;2.22288;0.679444
[2024-04-06 13:18:52.822] GAME: TIDI: 1.83333;4.0505;2.5884;0.87034
[2024-04-06 13:19:53.839] GAME: TIDI: 1.66667;3.33535;2.73779;1.05709
[2024-04-06 13:20:53.879] GAME: TIDI: 0;2.33474;2.65718;1.2171
[2024-04-06 13:21:53.910] GAME: TIDI: 0.166667;1.68432;2.46261;1.34165
[2024-04-06 13:22:35.647] EMOTE: INVALID/(Cleanbot) (180,229,9): <B>Cleanbot</B> makes an excited booping sound!
[2024-04-06 13:22:53.985] GAME: TIDI: 0;1.17902;2.20589;1.42807
[2024-04-06 13:23:54.012] GAME: TIDI: 0.166667;0.875317;1.93978;1.47924
[2024-04-06 13:24:54.953] GAME: TIDI: 1.5;1.06272;1.76437;1.50775
[2024-04-06 13:25:38.624] EMOTE: INVALID/(Cleanbot) (180,229,9): <B>Cleanbot</B> makes an excited booping sound!
[2024-04-06 13:25:54.961] GAME: TIDI: 0;0.743906;1.56027;1.51301
[2024-04-06 13:26:55.006] GAME: TIDI: 0.166667;0.570734;1.36237;1.49794
[2024-04-06 13:27:55.043] GAME: TIDI: 0;0.399514;1.1698;1.46513
[2024-04-06 13:28:55.138] GAME: TIDI: 0.166667;0.32966;1.00177;1.41879
[2024-04-06 13:29:02.799] EMOTE: INVALID/(Cleanbot) (180,229,9): <B>Cleanbot</B> makes an excited booping sound!
[2024-04-06 13:29:30.803] EMOTE: INVALID/(Cleanbot) (180,229,9): <B>Cleanbot</B> makes an excited booping sound!
[2024-04-06 13:29:55.148] GAME: TIDI: 0;0.230762;0.847567;1.36167
[2024-04-06 13:30:04.814] EMOTE: INVALID/(Cleanbot) (180,229,9): <B>Cleanbot</B> makes an excited booping sound!
[2024-04-06 13:30:22.816] EMOTE: INVALID/(Cleanbot) (180,229,9): <B>Cleanbot</B> makes an excited booping sound!
[2024-04-06 13:30:55.172] GAME: TIDI: 0;0.161533;0.710361;1.29654
[2024-04-06 13:31:55.214] GAME: TIDI: 0.166667;0.163073;0.600903;1.22697
[2024-04-06 13:32:02.875] EMOTE: INVALID/(Cleanbot) (180,229,9): <B>Cleanbot</B> makes an excited booping sound!
[2024-04-06 13:32:44.908] EMOTE: INVALID/(Cleanbot) (180,229,9): <B>Cleanbot</B> makes an excited booping sound!
[2024-04-06 13:32:55.246] GAME: TIDI: 0;0.114151;0.503553;1.15463
[2024-04-06 13:33:55.280] GAME: TIDI: 0;0.0799059;0.418823;1.08105
[2024-04-06 13:34:55.329] GAME: TIDI: 0.166667;0.105934;0.356246;1.00857
[2024-04-06 13:35:55.423] GAME: TIDI: 0.166667;0.124154;0.309827;0.938697
[2024-04-06 13:36:09.082] EMOTE: INVALID/(Cleanbot) (180,229,9): <B>Cleanbot</B> makes an excited booping sound!
[2024-04-06 13:36:55.446] GAME: TIDI: 0;0.0869077;0.265243;0.871351
[2024-04-06 13:37:55.478] GAME: TIDI: 0;0.0608354;0.224362;0.806652
[2024-04-06 13:38:47.165] EMOTE: INVALID/(Cleanbot) (180,229,9): <B>Cleanbot</B> makes an excited booping sound!
[2024-04-06 13:38:55.507] GAME: TIDI: 0.166667;0.0925848;0.198006;0.745788
[2024-04-06 13:39:41.193] EMOTE: INVALID/(Cleanbot) (180,229,9): <B>Cleanbot</B> makes an excited booping sound!
[2024-04-06 13:39:55.539] GAME: TIDI: 0;0.0648094;0.171367;0.688346
[2024-04-06 13:40:55.565] GAME: TIDI: 0;0.0453665;0.146167;0.634128
[2024-04-06 13:41:55.580] GAME: TIDI: 0;0.0317566;0.123285;0.583044
[2024-04-06 13:42:09.246] EMOTE: INVALID/(Cleanbot) (180,229,9): <B>Cleanbot</B> makes an excited booping sound!
[2024-04-06 13:42:41.262] EMOTE: INVALID/(Cleanbot) (180,229,9): <B>Cleanbot</B> makes an excited booping sound!
[2024-04-06 13:42:55.608] GAME: TIDI: 0.166667;0.0722296;0.113074;0.536047
[2024-04-06 13:43:07.277] EMOTE: INVALID/(Cleanbot) (180,229,9): <B>Cleanbot</B> makes an excited booping sound!
[2024-04-06 13:43:55.652] GAME: TIDI: 0;0.0505607;0.100571;0.492499
[2024-04-06 13:44:23.327] EMOTE: INVALID/(Cleanbot) (180,229,9): <B>Cleanbot</B> makes an excited booping sound!
[2024-04-06 13:44:55.673] GAME: TIDI: 0;0.0353925;0.0875354;0.452003
[2024-04-06 13:45:55.824] GAME: TIDI: 0.333333;0.124775;0.0949833;0.416301
[2024-04-06 13:46:55.860] GAME: TIDI: 0;0.0873423;0.0934551;0.384016
[2024-04-06 13:47:15.528] EMOTE: INVALID/(Cleanbot) (180,229,9): <B>Cleanbot</B> makes an excited booping sound!
[2024-04-06 13:47:51.546] EMOTE: INVALID/(Cleanbot) (180,229,9): <B>Cleanbot</B> makes an excited booping sound!
[2024-04-06 13:47:55.889] GAME: TIDI: 0;0.0611396;0.086992;0.354314
[2024-04-06 13:47:59.551] EMOTE: INVALID/(Cleanbot) (180,229,9): <B>Cleanbot</B> makes an excited booping sound!
[2024-04-06 13:48:55.948] GAME: TIDI: 0.166667;0.0927977;0.0881532;0.327698
[2024-04-06 13:49:41.643] EMOTE: INVALID/(Cleanbot) (180,229,9): <B>Cleanbot</B> makes an excited booping sound!
[2024-04-06 13:49:55.990] GAME: TIDI: 0;0.0649584;0.0835142;0.303279
[2024-04-06 13:50:56.027] GAME: TIDI: 0.166667;0.0954709;0.0859056;0.281542
[2024-04-06 13:51:56.051] GAME: TIDI: 0;0.0668296;0.0820904;0.261597
[2024-04-06 13:52:05.715] EMOTE: INVALID/(Cleanbot) (180,229,9): <B>Cleanbot</B> makes an excited booping sound!
[2024-04-06 13:52:56.084] GAME: TIDI: 0;0.0467807;0.0750284;0.24294
[2024-04-06 13:53:56.181] GAME: TIDI: 0.166667;0.0827465;0.0765721;0.226303
[2024-04-06 13:54:56.230] GAME: TIDI: 0.166667;0.107923;0.0828422;0.211957
[2024-04-06 13:55:47.921] EMOTE: INVALID/(Cleanbot) (180,229,9): <B>Cleanbot</B> makes an excited booping sound!
[2024-04-06 13:55:56.271] GAME: TIDI: 0;0.0755458;0.0813829;0.1989
[2024-04-06 13:56:56.279] GAME: TIDI: 0;0.0528821;0.0756827;0.186578
[2024-04-06 13:57:45.964] EMOTE: INVALID/(Cleanbot) (180,229,9): <B>Cleanbot</B> makes an excited booping sound!
[2024-04-06 13:57:56.301] GAME: TIDI: 0.166667;0.0870174;0.0779497;0.175715
[2024-04-06 13:58:56.329] GAME: TIDI: 0;0.0609122;0.0745422;0.165598
[2024-04-06 13:59:48.088] EMOTE: INVALID/(Cleanbot) (180,229,9): <B>Cleanbot</B> makes an excited booping sound!
[2024-04-06 13:59:56.434] GAME: TIDI: 0.166667;0.0926386;0.0781615;0.156854
[2024-04-06 14:00:56.452] GAME: TIDI: 0;0.064847;0.0754986;0.148719
[2024-04-06 14:01:56.461] GAME: TIDI: 0;0.0453929;0.0694774;0.140794
[2024-04-06 14:02:56.475] GAME: TIDI: 0;0.031775;0.061937;0.132909
[2024-04-06 14:03:16.145] EMOTE: INVALID/(Cleanbot) (180,229,9): <B>Cleanbot</B> makes an excited booping sound!
[2024-04-06 14:03:40.154] EMOTE: INVALID/(Cleanbot) (180,229,9): <B>Cleanbot</B> makes an excited booping sound!
[2024-04-06 14:03:56.501] GAME: TIDI: 0.166667;0.0722425;0.0639981;0.126018
[2024-04-06 14:04:56.539] GAME: TIDI: 0;0.0505698;0.0613124;0.119547
[2024-04-06 14:05:56.557] GAME: TIDI: 0;0.0353988;0.0561297;0.113205
[2024-04-06 14:06:02.221] EMOTE: INVALID/(Cleanbot) (180,229,9): <B>Cleanbot</B> makes an excited booping sound!
[2024-04-06 14:06:56.592] GAME: TIDI: 0;0.0247792;0.0498596;0.106871
[2024-04-06 14:07:56.692] GAME: TIDI: 0.166667;0.0673454;0.0533568;0.101519
[2024-04-06 14:08:56.714] GAME: TIDI: 0.166667;0.0971418;0.0621138;0.0975788
[2024-04-06 14:09:56.739] GAME: TIDI: 0;0.0679993;0.0632909;0.09415
[2024-04-06 14:10:56.767] GAME: TIDI: 0;0.0475995;0.0601526;0.0907503
[2024-04-06 14:11:56.793] GAME: TIDI: 0;0.0333196;0.054786;0.0871538
[2024-04-06 14:12:20.456] EMOTE: INVALID/(Cleanbot) (180,229,9): <B>Cleanbot</B> makes an excited booping sound!
[2024-04-06 14:12:56.820] GAME: TIDI: 0.166667;0.0733237;0.0584936;0.0842878
[2024-04-06 14:13:04.485] EMOTE: INVALID/(Cleanbot) (180,229,9): <B>Cleanbot</B> makes an excited booping sound!
[2024-04-06 14:13:52.496] EMOTE: INVALID/(Cleanbot) (180,229,9): <B>Cleanbot</B> makes an excited booping sound!
[2024-04-06 14:13:56.835] GAME: TIDI: 0;0.0513266;0.0570602;0.081565
[2024-04-06 14:14:56.942] GAME: TIDI: 0.166667;0.0859286;0.0628339;0.0796919
[2024-04-06 14:15:18.609] EMOTE: INVALID/(Cleanbot) (180,229,9): <B>Cleanbot</B> makes an excited booping sound!
[2024-04-06 14:15:56.968] GAME: TIDI: 0;0.06015;0.0622971;0.0779524
[2024-04-06 14:16:56.984] GAME: TIDI: 0;0.042105;0.0582587;0.0759831
[2024-04-06 14:17:14.643] EMOTE: INVALID/(Cleanbot) (180,229,9): <B>Cleanbot</B> makes an excited booping sound!
[2024-04-06 14:17:16.654] EMOTE: INVALID/(Cleanbot) (180,229,9): <B>Cleanbot</B> makes an excited booping sound!
[2024-04-06 14:17:57.005] GAME: TIDI: 0.166667;0.0794735;0.0625017;0.0746349
[2024-04-06 14:18:38.686] EMOTE: INVALID/(Cleanbot) (180,229,9): <B>Cleanbot</B> makes an excited booping sound!
[2024-04-06 14:18:40.687] EMOTE: INVALID/(Cleanbot) (180,229,9): <B>Cleanbot</B> makes an excited booping sound!
[2024-04-06 14:18:52.693] EMOTE: INVALID/(Cleanbot) (180,229,9): <B>Cleanbot</B> makes an excited booping sound!
[2024-04-06 14:18:57.031] GAME: TIDI: 0;0.0556315;0.0611276;0.0732842
[2024-04-06 14:19:57.049] GAME: TIDI: 0;0.038942;0.0566905;0.0716248
[2024-04-06 14:20:36.727] EMOTE: INVALID/(Cleanbot) (180,229,9): <B>Cleanbot</B> makes an excited booping sound!
[2024-04-06 14:20:57.076] GAME: TIDI: 0;0.0272594;0.0508043;0.0695428
[2024-04-06 14:21:50.756] EMOTE: INVALID/(Cleanbot) (180,229,9): <B>Cleanbot</B> makes an excited booping sound!
[2024-04-06 14:21:57.096] GAME: TIDI: 0;0.0190816;0.0444597;0.0670345
[2024-04-06 14:22:06.762] EMOTE: INVALID/(Cleanbot) (180,229,9): <B>Cleanbot</B> makes an excited booping sound!
[2024-04-06 14:22:57.121] GAME: TIDI: 0.166667;0.0633571;0.0482392;0.0651549
[2024-04-06 14:23:50.857] EMOTE: INVALID/(Cleanbot) (180,229,9): <B>Cleanbot</B> makes an excited booping sound!
[2024-04-06 14:23:57.203] GAME: TIDI: 0.166667;0.09435;0.0574614;0.0643856
[2024-04-06 14:24:57.221] GAME: TIDI: 0;0.066045;0.0591781;0.0638648
[2024-04-06 14:25:26.888] EMOTE: INVALID/(Cleanbot) (180,229,9): <B>Cleanbot</B> makes an excited booping sound!
[2024-04-06 14:25:57.249] GAME: TIDI: 0;0.0462315;0.0565888;0.0631372
[2024-04-06 14:26:04.914] EMOTE: INVALID/(Cleanbot) (180,229,9): <B>Cleanbot</B> makes an excited booping sound!
[2024-04-06 14:26:42.933] EMOTE: INVALID/(Cleanbot) (180,229,9): <B>Cleanbot</B> makes an excited booping sound!
[2024-04-06 14:26:57.272] GAME: TIDI: 0;0.032362;0.0517434;0.0619978
[2024-04-06 14:27:48.942] EMOTE: INVALID/(Cleanbot) (180,229,9): <B>Cleanbot</B> makes an excited booping sound!
[2024-04-06 14:27:57.350] GAME: TIDI: 0.166667;0.0726534;0.0559254;0.0613906
[2024-04-06 14:28:57.570] GAME: TIDI: 0.333333;0.150857;0.0749118;0.0627427
[2024-04-06 14:29:57.587] GAME: TIDI: 0;0.1056;0.0810495;0.0645734
[2024-04-06 14:30:57.614] GAME: TIDI: 0.166667;0.12392;0.0896236;0.0670784
[2024-04-06 14:31:57.629] GAME: TIDI: 0;0.0867441;0.0890477;0.0692754
[2024-04-06 14:32:27.306] EMOTE: INVALID/(Cleanbot) (180,229,9): <B>Cleanbot</B> makes an excited booping sound!
[2024-04-06 14:32:57.650] GAME: TIDI: 0;0.0607209;0.0833824;0.0706861
[2024-04-06 14:33:57.733] GAME: TIDI: 0.166667;0.0925046;0.0852068;0.0721381
[2024-04-06 14:34:57.750] GAME: TIDI: 0;0.0647532;0.0811161;0.0730359
[2024-04-06 14:35:35.430] EMOTE: INVALID/(Cleanbot) (180,229,9): <B>Cleanbot</B> makes an excited booping sound!
[2024-04-06 14:35:57.791] GAME: TIDI: 0;0.0453273;0.0739583;0.0731282
[2024-04-06 14:36:57.819] GAME: TIDI: 0.166667;0.0817291;0.0755125;0.0733666
[2024-04-06 14:37:57.855] GAME: TIDI: 0;0.0572104;0.0718521;0.0732151
[2024-04-06 14:38:33.545] EMOTE: INVALID/(Cleanbot) (180,229,9): <B>Cleanbot</B> makes an excited booping sound!
[2024-04-06 14:38:57.882] GAME: TIDI: 0;0.0400473;0.0654911;0.0724427
[2024-04-06 14:39:57.896] GAME: TIDI: 0;0.0280331;0.0579995;0.0709984
[2024-04-06 14:40:57.915] GAME: TIDI: 0.166667;0.0696232;0.0603242;0.069931
[2024-04-06 14:41:57.944] GAME: TIDI: 0;0.0487362;0.0580066;0.0687385
[2024-04-06 14:42:29.627] EMOTE: INVALID/(Cleanbot) (180,229,9): <B>Cleanbot</B> makes an excited booping sound!
[2024-04-06 14:42:57.967] GAME: TIDI: 0;0.0341153;0.0532284;0.0671875
[2024-04-06 14:43:58.004] GAME: TIDI: 0.166667;0.0738807;0.0573588;0.0662047
[2024-04-06 14:44:19.673] EMOTE: INVALID/(Cleanbot) (180,229,9): <B>Cleanbot</B> makes an excited booping sound!
[2024-04-06 14:44:58.019] GAME: TIDI: 0;0.0517165;0.0562304;0.0652072
[2024-04-06 14:45:11.682] EMOTE: INVALID/(Cleanbot) (180,229,9): <B>Cleanbot</B> makes an excited booping sound!
[2024-04-06 14:45:23.684] EMOTE: INVALID/(Cleanbot) (180,229,9): <B>Cleanbot</B> makes an excited booping sound!
[2024-04-06 14:45:58.042] GAME: TIDI: 0;0.0362016;0.0522246;0.063909
[2024-04-06 14:46:13.710] EMOTE: INVALID/(Cleanbot) (180,229,9): <B>Cleanbot</B> makes an excited booping sound!
[2024-04-06 14:46:58.072] GAME: TIDI: 0;0.0253411;0.0468479;0.0622029
[2024-04-06 14:47:58.093] GAME: TIDI: 0;0.0177388;0.0410261;0.0600852
[2024-04-06 14:48:11.767] EMOTE: INVALID/(Cleanbot) (180,229,9): <B>Cleanbot</B> makes an excited booping sound!
[2024-04-06 14:48:15.778] EMOTE: INVALID/(Cleanbot) (180,229,9): <B>Cleanbot</B> makes an excited booping sound!
[2024-04-06 14:48:58.125] GAME: TIDI: 0.166667;0.0624171;0.0453043;0.0586071
[2024-04-06 14:49:58.219] GAME: TIDI: 0.166667;0.093692;0.0549818;0.0582446
[2024-04-06 14:50:01.882] EMOTE: INVALID/(Cleanbot) (180,229,9): <B>Cleanbot</B> makes an excited booping sound!
[2024-04-06 14:50:58.249] GAME: TIDI: 0;0.0655844;0.0571024;0.0581303
[2024-04-06 14:51:33.922] EMOTE: INVALID/(Cleanbot) (180,229,9): <B>Cleanbot</B> makes an excited booping sound!
[2024-04-06 14:51:45.925] EMOTE: INVALID/(Cleanbot) (180,229,9): <B>Cleanbot</B> makes an excited booping sound!
[2024-04-06 14:51:58.268] GAME: TIDI: 0;0.0459091;0.0548637;0.0578037
[2024-04-06 14:52:03.929] EMOTE: INVALID/(Cleanbot) (180,229,9): <B>Cleanbot</B> makes an excited booping sound!
[2024-04-06 14:52:58.296] GAME: TIDI: 0;0.0321364;0.0503182;0.0570551
[2024-04-06 14:53:58.304] GAME: TIDI: 0.166667;0.0724955;0.0547537;0.056825
[2024-04-06 14:54:03.971] EMOTE: INVALID/(Cleanbot) (180,229,9): <B>Cleanbot</B> makes an excited booping sound!
[2024-04-06 14:54:58.391] GAME: TIDI: 0;0.0507468;0.0539523;0.0565377
[2024-04-06 14:55:48.076] EMOTE: INVALID/(Cleanbot) (180,229,9): <B>Cleanbot</B> makes an excited booping sound!
[2024-04-06 14:55:58.424] GAME: TIDI: 0.166667;0.0855228;0.0602664;0.0569106
[2024-04-06 14:56:58.443] GAME: TIDI: 0;0.0598659;0.0601863;0.0572382
[2024-04-06 14:57:42.116] EMOTE: INVALID/(Cleanbot) (180,229,9): <B>Cleanbot</B> makes an excited booping sound!
[2024-04-06 14:57:44.115] EMOTE: INVALID/(Cleanbot) (180,229,9): <B>Cleanbot</B> makes an excited booping sound!
[2024-04-06 14:57:58.463] GAME: TIDI: 0;0.0419062;0.0565303;0.0571674
[2024-04-06 14:58:48.138] EMOTE: INVALID/(Cleanbot) (180,229,9): <B>Cleanbot</B> makes an excited booping sound!
[2024-04-06 14:58:54.144] EMOTE: INVALID/(Cleanbot) (180,229,9): <B>Cleanbot</B> makes an excited booping sound!
[2024-04-06 14:58:58.482] GAME: TIDI: 0;0.0293343;0.0510911;0.0565597
[2024-04-06 14:59:58.524] GAME: TIDI: 0.166667;0.070534;0.0549797;0.0564017
[2024-04-06 15:00:58.537] GAME: TIDI: 0;0.0493738;0.0538585;0.0561474
[2024-04-06 15:01:58.553] GAME: TIDI: 0;0.0345617;0.0499991;0.0555326
[2024-04-06 15:02:08.217] EMOTE: INVALID/(Cleanbot) (180,229,9): <B>Cleanbot</B> makes an excited booping sound!
[2024-04-06 15:02:48.225] EMOTE: INVALID/(Cleanbot) (180,229,9): <B>Cleanbot</B> makes an excited booping sound!
[2024-04-06 15:02:58.571] GAME: TIDI: 0;0.0241932;0.0448379;0.0544631
[2024-04-06 15:03:18.317] EMOTE: INVALID/(Cleanbot) (180,229,9): <B>Cleanbot</B> makes an excited booping sound!
[2024-04-06 15:03:44.334] EMOTE: INVALID/(Cleanbot) (180,229,9): <B>Cleanbot</B> makes an excited booping sound!
[2024-04-06 15:03:58.685] GAME: TIDI: 0.166667;0.0669352;0.0492574;0.0539425
[2024-04-06 15:04:58.705] GAME: TIDI: 0.166667;0.0968547;0.0587769;0.054426
[2024-04-06 15:05:58.734] GAME: TIDI: 0;0.0677983;0.0605811;0.0550415
[2024-04-06 15:06:58.764] GAME: TIDI: 0;0.0474588;0.0579567;0.055333
[2024-04-06 15:07:54.444] EMOTE: INVALID/(Cleanbot) (180,229,9): <B>Cleanbot</B> makes an excited booping sound!
[2024-04-06 15:07:58.444] EMOTE: INVALID/(Cleanbot) (180,229,9): <B>Cleanbot</B> makes an excited booping sound!
[2024-04-06 15:07:58.783] GAME: TIDI: 0;0.0332211;0.0530096;0.0551007
[2024-04-06 15:08:58.848] GAME: TIDI: 0.166667;0.0732548;0.0570586;0.0552965
[2024-04-06 15:09:12.510] EMOTE: INVALID/(Cleanbot) (180,229,9): <B>Cleanbot</B> makes an excited booping sound!
[2024-04-06 15:09:58.872] GAME: TIDI: 0;0.0512784;0.0559026;0.0553571
[2024-04-06 15:10:20.536] EMOTE: INVALID/(Cleanbot) (180,229,9): <B>Cleanbot</B> makes an excited booping sound!
[2024-04-06 15:10:36.536] EMOTE: INVALID/(Cleanbot) (180,229,9): <B>Cleanbot</B> makes an excited booping sound!
[2024-04-06 15:10:58.883] GAME: TIDI: 0;0.0358949;0.051901;0.0550115
[2024-04-06 15:11:16.610] EMOTE: INVALID/(Cleanbot) (180,229,9): <B>Cleanbot</B> makes an excited booping sound!
[2024-04-06 15:11:58.964] GAME: TIDI: 0.166667;0.0751264;0.0565461;0.0551649
[2024-04-06 15:12:58.979] GAME: TIDI: 0;0.0525885;0.0557546;0.0552239
[2024-04-06 15:13:58.991] GAME: TIDI: 0;0.0368119;0.051966;0.0548981
[2024-04-06 15:14:24.661] EMOTE: INVALID/(Cleanbot) (180,229,9): <B>Cleanbot</B> makes an excited booping sound!
[2024-04-06 15:14:59.010] GAME: TIDI: 0.166667;0.0757684;0.0567265;0.0550809
[2024-04-06 15:15:59.050] GAME: TIDI: 0;0.0530379;0.0559888;0.0551717
[2024-04-06 15:16:59.076] GAME: TIDI: 0;0.0371265;0.0522163;0.0548762
[2024-04-06 15:17:59.114] GAME: TIDI: 0.166667;0.0759886;0.0569708;0.0550856
[2024-04-06 15:18:59.136] GAME: TIDI: 0;0.053192;0.056215;0.0551986
[2024-04-06 15:19:18.799] EMOTE: INVALID/(Cleanbot) (180,229,9): <B>Cleanbot</B> makes an excited booping sound!
[2024-04-06 15:19:32.810] EMOTE: INVALID/(Cleanbot) (180,229,9): <B>Cleanbot</B> makes an excited booping sound!
[2024-04-06 15:19:59.158] GAME: TIDI: 0;0.0372344;0.0524189;0.0549206
[2024-04-06 15:20:59.182] GAME: TIDI: 0;0.0260641;0.0471479;0.0541433
[2024-04-06 15:21:59.409] GAME: TIDI: 0.5;0.168245;0.0713673;0.0558657
[2024-04-06 15:22:43.084] EMOTE: INVALID/(Cleanbot) (180,229,9): <B>Cleanbot</B> makes an excited booping sound!
[2024-04-06 15:22:59.432] GAME: TIDI: 0;0.117771;0.0806481;0.058344
[2024-04-06 15:23:21.102] EMOTE: INVALID/(Cleanbot) (180,229,9): <B>Cleanbot</B> makes an excited booping sound!
[2024-04-06 15:23:59.449] GAME: TIDI: 0;0.08244;0.0810065;0.0606102
[2024-04-06 15:24:59.474] GAME: TIDI: 0;0.057708;0.0763468;0.0621839
[2024-04-06 15:25:59.503] GAME: TIDI: 0.166667;0.0903956;0.0791566;0.0638811
[2024-04-06 15:27:03.661] GAME: TIDI: 6.83333;2.11328;0.485981;0.106091
[2024-04-06 15:27:15.792] EMOTE: INVALID/(Cleanbot) (180,229,9): <B>Cleanbot</B> makes an excited booping sound!
[2024-04-06 15:27:47.875] EMOTE: INVALID/(Cleanbot) (180,229,9): <B>Cleanbot</B> makes an excited booping sound!
[2024-04-06 15:28:04.228] GAME: TIDI: 1;1.77929;0.744643;0.169946
[2024-04-06 15:29:04.238] GAME: TIDI: 0;1.24551;0.844816;0.237433
[2024-04-06 15:29:39.919] EMOTE: INVALID/(Cleanbot) (180,229,9): <B>Cleanbot</B> makes an excited booping sound!
[2024-04-06 15:30:04.284] GAME: TIDI: 0;0.871854;0.850224;0.298712
[2024-04-06 15:31:04.303] GAME: TIDI: 0.166667;0.660298;0.812238;0.350065
[2024-04-06 15:32:04.333] GAME: TIDI: 0;0.462209;0.742232;0.389282
[2024-04-06 15:33:04.363] GAME: TIDI: 0;0.323546;0.658495;0.416203
[2024-04-06 15:33:28.028] EMOTE: INVALID/(Cleanbot) (180,229,9): <B>Cleanbot</B> makes an excited booping sound!
[2024-04-06 15:34:04.387] GAME: TIDI: 0;0.226482;0.572093;0.431792
[2024-04-06 15:34:40.202] EMOTE: INVALID/(Cleanbot) (180,229,9): <B>Cleanbot</B> makes an excited booping sound!
[2024-04-06 15:35:04.559] GAME: TIDI: 0.333333;0.258538;0.509382;0.439551
[2024-04-06 15:35:36.231] EMOTE: INVALID/(Cleanbot) (180,229,9): <B>Cleanbot</B> makes an excited booping sound!
[2024-04-06 15:36:04.575] GAME: TIDI: 0;0.180976;0.4437;0.439966
[2024-04-06 15:36:48.255] EMOTE: INVALID/(Cleanbot) (180,229,9): <B>Cleanbot</B> makes an excited booping sound!
[2024-04-06 15:37:04.600] GAME: TIDI: 0.166667;0.176683;0.390297;0.434999
[2024-04-06 15:38:02.348] EMOTE: INVALID/(Cleanbot) (180,229,9): <B>Cleanbot</B> makes an excited booping sound!
[2024-04-06 15:38:04.695] GAME: TIDI: 0;0.123678;0.336973;0.425196
[2024-04-06 15:38:26.361] EMOTE: INVALID/(Cleanbot) (180,229,9): <B>Cleanbot</B> makes an excited booping sound!
[2024-04-06 15:39:04.710] GAME: TIDI: 0.166667;0.136575;0.296894;0.412366
[2024-04-06 15:40:04.762] GAME: TIDI: 0;0.0956024;0.256635;0.396793
[2024-04-06 15:40:20.431] EMOTE: INVALID/(Cleanbot) (180,229,9): <B>Cleanbot</B> makes an excited booping sound!
[2024-04-06 15:41:04.784] GAME: TIDI: 0;0.0669217;0.218693;0.378983
[2024-04-06 15:41:06.448] EMOTE: INVALID/(Cleanbot) (180,229,9): <B>Cleanbot</B> makes an excited booping sound!
[2024-04-06 15:42:04.807] GAME: TIDI: 0.166667;0.0968452;0.194323;0.360517
[2024-04-06 15:43:04.822] GAME: TIDI: 0;0.0677916;0.169017;0.341367
[2024-04-06 15:43:08.482] EMOTE: INVALID/(Cleanbot) (180,229,9): <B>Cleanbot</B> makes an excited booping sound!
[2024-04-06 15:43:20.486] EMOTE: INVALID/(Cleanbot) (180,229,9): <B>Cleanbot</B> makes an excited booping sound!
[2024-04-06 15:44:04.833] GAME: TIDI: 0;0.0474541;0.144704;0.321701
[2024-04-06 15:44:14.495] EMOTE: INVALID/(Cleanbot) (180,229,9): <B>Cleanbot</B> makes an excited booping sound!
[2024-04-06 15:45:04.856] GAME: TIDI: 0;0.0332179;0.122407;0.301771
[2024-04-06 15:46:04.965] GAME: TIDI: 0.166667;0.0732525;0.112576;0.282852
[2024-04-06 15:47:04.982] GAME: TIDI: 0;0.0512768;0.100316;0.264598
[2024-04-06 15:47:22.644] EMOTE: INVALID/(Cleanbot) (180,229,9): <B>Cleanbot</B> makes an excited booping sound!
[2024-04-06 15:47:52.651] EMOTE: INVALID/(Cleanbot) (180,229,9): <B>Cleanbot</B> makes an excited booping sound!
[2024-04-06 15:48:04.990] GAME: TIDI: 0;0.0358937;0.0874318;0.246882
[2024-04-06 15:48:38.668] EMOTE: INVALID/(Cleanbot) (180,229,9): <B>Cleanbot</B> makes an excited booping sound!
[2024-04-06 15:49:04.683] EMOTE: INVALID/(Cleanbot) (180,229,9): <B>Cleanbot</B> makes an excited booping sound!
[2024-04-06 15:49:05.021] GAME: TIDI: 0.166667;0.0751256;0.0849705;0.23069
[2024-04-06 15:49:08.683] EMOTE: INVALID/(Cleanbot) (180,229,9): <B>Cleanbot</B> makes an excited booping sound!
[2024-04-06 15:49:12.683] EMOTE: INVALID/(Cleanbot) (180,229,9): <B>Cleanbot</B> makes an excited booping sound!
[2024-04-06 15:50:05.046] GAME: TIDI: 0;0.0525879;0.078494;0.215471
[2024-04-06 15:51:05.238] GAME: TIDI: 0.333333;0.136812;0.0901575;0.202939
[2024-04-06 15:52:05.262] GAME: TIDI: 0;0.0957681;0.0912796;0.191773
[2024-04-06 15:53:05.277] GAME: TIDI: 0;0.0670377;0.0864312;0.181239
[2024-04-06 15:54:05.300] GAME: TIDI: 0.166667;0.0969264;0.0885303;0.171968
[2024-04-06 15:55:05.320] GAME: TIDI: 0;0.0678485;0.0843939;0.163211
[2024-04-06 15:55:10.980] EMOTE: INVALID/(Cleanbot) (180,229,9): <B>Cleanbot</B> makes an excited booping sound!
[2024-04-06 15:56:05.335] GAME: TIDI: 0;0.0474939;0.0770139;0.154591
[2024-04-06 15:56:10.995] EMOTE: INVALID/(Cleanbot) (180,229,9): <B>Cleanbot</B> makes an excited booping sound!
[2024-04-06 15:56:53.195] EMOTE: INVALID/(Cleanbot) (180,229,9): <B>Cleanbot</B> makes an excited booping sound!
[2024-04-06 15:57:05.543] GAME: TIDI: 0.333333;0.133246;0.0882603;0.147958
[2024-04-06 15:58:05.577] GAME: TIDI: 0;0.093272;0.0892626;0.142089
[2024-04-06 15:58:21.250] EMOTE: INVALID/(Cleanbot) (180,229,9): <B>Cleanbot</B> makes an excited booping sound!
[2024-04-06 15:58:39.258] EMOTE: INVALID/(Cleanbot) (180,229,9): <B>Cleanbot</B> makes an excited booping sound!
[2024-04-06 15:59:05.605] GAME: TIDI: 0.166667;0.11529;0.0944682;0.137327
[2024-04-06 16:00:05.627] GAME: TIDI: 0;0.0807033;0.0917152;0.132765
[2024-04-06 16:00:31.298] EMOTE: INVALID/(Cleanbot) (180,229,9): <B>Cleanbot</B> makes an excited booping sound!
[2024-04-06 16:01:05.639] GAME: TIDI: 0;0.0564923;0.0846706;0.127956
[2024-04-06 16:02:05.330] EMOTE: INVALID/(Cleanbot) (180,229,9): <B>Cleanbot</B> makes an excited booping sound!
[2024-04-06 16:02:05.668] GAME: TIDI: 0;0.0395446;0.0756454;0.122725
[2024-04-06 16:02:55.371] EMOTE: INVALID/(Cleanbot) (180,229,9): <B>Cleanbot</B> makes an excited booping sound!
[2024-04-06 16:03:03.382] EMOTE: INVALID/(Cleanbot) (180,229,9): <B>Cleanbot</B> makes an excited booping sound!
[2024-04-06 16:03:05.722] GAME: TIDI: 0.166667;0.0776812;0.0760526;0.118058
[2024-04-06 16:03:13.382] EMOTE: INVALID/(Cleanbot) (180,229,9): <B>Cleanbot</B> makes an excited booping sound!
[2024-04-06 16:04:05.744] GAME: TIDI: 0;0.0543769;0.0717174;0.113424
[2024-04-06 16:05:03.424] EMOTE: INVALID/(Cleanbot) (180,229,9): <B>Cleanbot</B> makes an excited booping sound!
[2024-04-06 16:05:05.773] GAME: TIDI: 0;0.0380638;0.0649867;0.10858
[2024-04-06 16:05:33.447] EMOTE: INVALID/(Cleanbot) (180,229,9): <B>Cleanbot</B> makes an excited booping sound!
[2024-04-06 16:06:05.805] GAME: TIDI: 0.166667;0.0766447;0.0673183;0.104454
[2024-04-06 16:07:05.830] GAME: TIDI: 0;0.0536513;0.0645849;0.100467
[2024-04-06 16:07:17.503] EMOTE: INVALID/(Cleanbot) (180,229,9): <B>Cleanbot</B> makes an excited booping sound!
[2024-04-06 16:07:33.512] EMOTE: INVALID/(Cleanbot) (180,229,9): <B>Cleanbot</B> makes an excited booping sound!
[2024-04-06 16:08:05.870] GAME: TIDI: 0;0.0375559;0.0591791;0.0963381
[2024-04-06 16:08:25.537] EMOTE: INVALID/(Cleanbot) (180,229,9): <B>Cleanbot</B> makes an excited booping sound!
[2024-04-06 16:09:05.883] GAME: TIDI: 0;0.0262891;0.0526011;0.0919644
[2024-04-06 16:10:05.965] GAME: TIDI: 0.166667;0.0684024;0.0557614;0.0883441
[2024-04-06 16:10:29.632] EMOTE: INVALID/(Cleanbot) (180,229,9): <B>Cleanbot</B> makes an excited booping sound!
[2024-04-06 16:11:05.982] GAME: TIDI: 0;0.0478817;0.0541854;0.0849282
[2024-04-06 16:11:57.659] EMOTE: INVALID/(Cleanbot) (180,229,9): <B>Cleanbot</B> makes an excited booping sound!
[2024-04-06 16:12:06.007] GAME: TIDI: 0.166667;0.0835172;0.0600518;0.0824406
[2024-04-06 16:13:06.074] GAME: TIDI: 0;0.058462;0.0597338;0.0801699
[2024-04-06 16:14:06.101] GAME: TIDI: 0.166667;0.0909234;0.0659717;0.0787501
[2024-04-06 16:14:21.784] EMOTE: INVALID/(Cleanbot) (180,229,9): <B>Cleanbot</B> makes an excited booping sound!
[2024-04-06 16:14:47.800] EMOTE: INVALID/(Cleanbot) (180,229,9): <B>Cleanbot</B> makes an excited booping sound!
[2024-04-06 16:15:06.138] GAME: TIDI: 0;0.0636464;0.0655067;0.0774257
[2024-04-06 16:16:06.161] GAME: TIDI: 0;0.0445525;0.0613158;0.0758147
[2024-04-06 16:16:25.848] EMOTE: INVALID/(Cleanbot) (180,229,9): <B>Cleanbot</B> makes an excited booping sound!
[2024-04-06 16:17:06.196] GAME: TIDI: 0;0.0311867;0.05529;0.0737623
[2024-04-06 16:17:53.910] EMOTE: INVALID/(Cleanbot) (180,229,9): <B>Cleanbot</B> makes an excited booping sound!
[2024-04-06 16:18:06.251] GAME: TIDI: 0.166667;0.0718307;0.0585982;0.0722459
[2024-04-06 16:18:37.992] EMOTE: INVALID/(Cleanbot) (180,229,9): <B>Cleanbot</B> makes an excited booping sound!
[2024-04-06 16:19:06.337] GAME: TIDI: 0.166667;0.100282;0.0669348;0.0717147
[2024-04-06 16:20:06.377] GAME: TIDI: 0;0.0701971;0.0675873;0.071302
[2024-04-06 16:21:06.419] GAME: TIDI: 0.166667;0.0991379;0.0738974;0.0715615
[2024-04-06 16:22:06.462] GAME: TIDI: 0;0.0693966;0.0729972;0.0717051
[2024-04-06 16:22:50.162] EMOTE: INVALID/(Cleanbot) (180,229,9): <B>Cleanbot</B> makes an excited booping sound!
[2024-04-06 16:23:06.500] GAME: TIDI: 0;0.0485776;0.0681133;0.0713459
[2024-04-06 16:24:06.551] GAME: TIDI: 0.166667;0.0840043;0.0712915;0.0713405
[2024-04-06 16:25:06.597] GAME: TIDI: 0;0.058803;0.0687938;0.0710858
[2024-04-06 16:26:06.627] GAME: TIDI: 0.166667;0.0911621;0.0732675;0.071304
[2024-04-06 16:27:06.651] GAME: TIDI: 0;0.0638135;0.0713767;0.0713112
[2024-04-06 16:28:06.771] GAME: TIDI: 0.166667;0.0946694;0.0760352;0.0717836
[2024-04-06 16:28:12.431] EMOTE: INVALID/(Cleanbot) (180,229,9): <B>Cleanbot</B> makes an excited booping sound!
[2024-04-06 16:29:06.884] GAME: TIDI: 0.166667;0.116269;0.0840819;0.0730135
[2024-04-06 16:29:26.562] EMOTE: INVALID/(Cleanbot) (180,229,9): <B>Cleanbot</B> makes an excited booping sound!
[2024-04-06 16:30:06.920] GAME: TIDI: 0.166667;0.131388;0.0935431;0.0750664
[2024-04-06 16:30:12.582] EMOTE: INVALID/(Cleanbot) (180,229,9): <B>Cleanbot</B> makes an excited booping sound!
[2024-04-06 16:30:36.584] EMOTE: INVALID/(Cleanbot) (180,229,9): <B>Cleanbot</B> makes an excited booping sound!
[2024-04-06 16:31:06.947] GAME: TIDI: 0;0.0919716;0.0932288;0.0768827
[2024-04-06 16:31:12.607] EMOTE: INVALID/(Cleanbot) (180,229,9): <B>Cleanbot</B> makes an excited booping sound!
[2024-04-06 16:32:07.078] GAME: TIDI: 0.166667;0.11438;0.0974591;0.0789403
[2024-04-06 16:33:07.119] GAME: TIDI: 0.166667;0.130066;0.103981;0.0814443
[2024-04-06 16:33:22.788] EMOTE: INVALID/(Cleanbot) (180,229,9): <B>Cleanbot</B> makes an excited booping sound!
[2024-04-06 16:34:07.141] GAME: TIDI: 0;0.0910463;0.101394;0.0834393
[2024-04-06 16:34:18.810] EMOTE: INVALID/(Cleanbot) (180,229,9): <B>Cleanbot</B> makes an excited booping sound!
[2024-04-06 16:34:26.814] EMOTE: INVALID/(Cleanbot) (180,229,9): <B>Cleanbot</B> makes an excited booping sound!
[2024-04-06 16:34:38.815] EMOTE: INVALID/(Cleanbot) (180,229,9): <B>Cleanbot</B> makes an excited booping sound!
[2024-04-06 16:35:07.169] GAME: TIDI: 0;0.0637324;0.0938614;0.0844815
[2024-04-06 16:36:07.214] GAME: TIDI: 0.166667;0.0946127;0.0940117;0.0854345
[2024-04-06 16:37:02.916] EMOTE: INVALID/(Cleanbot) (180,229,9): <B>Cleanbot</B> makes an excited booping sound!
[2024-04-06 16:37:07.267] GAME: TIDI: 0;0.0662289;0.0884551;0.0857366
[2024-04-06 16:38:07.309] GAME: TIDI: 0.166667;0.0963602;0.0900361;0.0861665
[2024-04-06 16:38:18.978] EMOTE: INVALID/(Cleanbot) (180,229,9): <B>Cleanbot</B> makes an excited booping sound!
[2024-04-06 16:39:07.361] GAME: TIDI: 0;0.0674521;0.0855193;0.0861018
[2024-04-06 16:40:07.396] GAME: TIDI: 0;0.0472165;0.0778588;0.0852775
[2024-04-06 16:41:03.085] EMOTE: INVALID/(Cleanbot) (180,229,9): <B>Cleanbot</B> makes an excited booping sound!
[2024-04-06 16:41:07.424] GAME: TIDI: 0.166667;0.0830515;0.0788973;0.0846395
[2024-04-06 16:41:09.086] EMOTE: INVALID/(Cleanbot) (180,229,9): <B>Cleanbot</B> makes an excited booping sound!
[2024-04-06 16:41:21.088] EMOTE: INVALID/(Cleanbot) (180,229,9): <B>Cleanbot</B> makes an excited booping sound!
[2024-04-06 16:42:07.447] GAME: TIDI: 0;0.0581361;0.0747451;0.08365
[2024-04-06 16:43:07.550] GAME: TIDI: 0.166667;0.0906953;0.0779351;0.0830785
[2024-04-06 16:44:07.598] GAME: TIDI: 0;0.0634867;0.0750454;0.0822752
[2024-04-06 16:44:17.262] EMOTE: INVALID/(Cleanbot) (180,229,9): <B>Cleanbot</B> makes an excited booping sound!
[2024-04-06 16:45:07.622] GAME: TIDI: 0.166667;0.0944407;0.0789245;0.0819401
[2024-04-06 16:46:07.659] GAME: TIDI: 0;0.0661085;0.0763613;0.0813823
[2024-04-06 16:46:41.325] EMOTE: INVALID/(Cleanbot) (180,229,9): <B>Cleanbot</B> makes an excited booping sound!
[2024-04-06 16:47:07.676] GAME: TIDI: 0;0.0462759;0.0703442;0.0802784
[2024-04-06 16:47:47.355] EMOTE: INVALID/(Cleanbot) (180,229,9): <B>Cleanbot</B> makes an excited booping sound!
[2024-04-06 16:48:05.372] EMOTE: INVALID/(Cleanbot) (180,229,9): <B>Cleanbot</B> makes an excited booping sound!
[2024-04-06 16:48:07.715] GAME: TIDI: 0.166667;0.0823932;0.072754;0.079526
[2024-04-06 16:48:33.382] EMOTE: INVALID/(Cleanbot) (180,229,9): <B>Cleanbot</B> makes an excited booping sound!
[2024-04-06 16:49:07.733] GAME: TIDI: 0;0.0576752;0.0697382;0.0785472
[2024-04-06 16:49:53.434] EMOTE: INVALID/(Cleanbot) (180,229,9): <B>Cleanbot</B> makes an excited booping sound!
[2024-04-06 16:49:55.443] EMOTE: INVALID/(Cleanbot) (180,229,9): <B>Cleanbot</B> makes an excited booping sound!
[2024-04-06 16:50:07.782] GAME: TIDI: 0;0.0403726;0.0638651;0.077079
[2024-04-06 16:50:09.446] EMOTE: INVALID/(Cleanbot) (180,229,9): <B>Cleanbot</B> makes an excited booping sound!
[2024-04-06 16:51:07.814] GAME: TIDI: 0.166667;0.0782609;0.0667443;0.0760455
[2024-04-06 16:51:43.497] EMOTE: INVALID/(Cleanbot) (180,229,9): <B>Cleanbot</B> makes an excited booping sound!
[2024-04-06 16:52:07.838] GAME: TIDI: 0;0.0547826;0.0643519;0.0748762
[2024-04-06 16:53:07.945] GAME: TIDI: 0.166667;0.0883478;0.0691511;0.0743037
[2024-04-06 16:53:41.622] EMOTE: INVALID/(Cleanbot) (180,229,9): <B>Cleanbot</B> makes an excited booping sound!
[2024-04-06 16:54:07.976] GAME: TIDI: 0;0.0618435;0.0676896;0.0736423
[2024-04-06 16:55:08.006] GAME: TIDI: 0.166667;0.0932904;0.0728098;0.073559
[2024-04-06 16:56:08.043] GAME: TIDI: 0;0.0653033;0.0713085;0.073334
[2024-04-06 16:57:08.075] GAME: TIDI: 0;0.0457123;0.0661892;0.0726195
[2024-04-06 16:58:08.107] GAME: TIDI: 0.166667;0.0819986;0.0693511;0.0722926
[2024-04-06 16:58:33.773] EMOTE: INVALID/(Cleanbot) (180,229,9): <B>Cleanbot</B> makes an excited booping sound!
[2024-04-06 16:59:07.788] EMOTE: INVALID/(Cleanbot) (180,229,9): <B>Cleanbot</B> makes an excited booping sound!
[2024-04-06 16:59:08.129] GAME: TIDI: 0;0.057399;0.0669607;0.0717594
[2024-04-06 16:59:45.809] EMOTE: INVALID/(Cleanbot) (180,229,9): <B>Cleanbot</B> makes an excited booping sound!
[2024-04-06 16:59:47.806] EMOTE: INVALID/(Cleanbot) (180,229,9): <B>Cleanbot</B> makes an excited booping sound!
[2024-04-06 17:00:08.166] GAME: TIDI: 0;0.0401793;0.0616044;0.0707439
[2024-04-06 17:01:08.202] GAME: TIDI: 0.166667;0.0781255;0.0649086;0.0701604
[2024-04-06 17:01:51.905] EMOTE: INVALID/(Cleanbot) (180,229,9): <B>Cleanbot</B> makes an excited booping sound!
[2024-04-06 17:02:08.251] GAME: TIDI: 0;0.0546879;0.0628645;0.0694308
[2024-04-06 17:03:08.278] GAME: TIDI: 0;0.0382815;0.0579479;0.0682825
[2024-04-06 17:04:08.292] GAME: TIDI: 0;0.0267971;0.0517177;0.066626
[2024-04-06 17:05:08.386] GAME: TIDI: 0.166667;0.0687579;0.0551258;0.065476
[2024-04-06 17:06:08.439] GAME: TIDI: 0.166667;0.0981306;0.0637267;0.0653011
[2024-04-06 17:06:32.119] EMOTE: INVALID/(Cleanbot) (180,229,9): <B>Cleanbot</B> makes an excited booping sound!
[2024-04-06 17:06:42.119] EMOTE: INVALID/(Cleanbot) (180,229,9): <B>Cleanbot</B> makes an excited booping sound!
[2024-04-06 17:07:08.473] GAME: TIDI: 0;0.0686914;0.0647197;0.0652429
[2024-04-06 17:07:36.150] EMOTE: INVALID/(Cleanbot) (180,229,9): <B>Cleanbot</B> makes an excited booping sound!
[2024-04-06 17:08:08.496] GAME: TIDI: 0;0.048084;0.0613925;0.0648579
[2024-04-06 17:09:08.529] GAME: TIDI: 0.166667;0.0836588;0.0658458;0.0649567
[2024-04-06 17:09:34.201] EMOTE: INVALID/(Cleanbot) (180,229,9): <B>Cleanbot</B> makes an excited booping sound!
[2024-04-06 17:10:08.553] GAME: TIDI: 0;0.0585611;0.0643889;0.0648999
[2024-04-06 17:10:24.223] EMOTE: INVALID/(Cleanbot) (180,229,9): <B>Cleanbot</B> makes an excited booping sound!
[2024-04-06 17:10:26.221] EMOTE: INVALID/(Cleanbot) (180,229,9): <B>Cleanbot</B> makes an excited booping sound!
[2024-04-06 17:11:00.231] EMOTE: INVALID/(Cleanbot) (180,229,9): <B>Cleanbot</B> makes an excited booping sound!
[2024-04-06 17:11:08.574] GAME: TIDI: 0;0.0409928;0.0597096;0.0643809
[2024-04-06 17:12:08.628] GAME: TIDI: 0.166667;0.078695;0.0635067;0.0642935
[2024-04-06 17:13:08.663] GAME: TIDI: 0;0.0550865;0.0618227;0.0640464
[2024-04-06 17:14:09.209] GAME: TIDI: 1;0.338561;0.11717;0.0693588
[2024-04-06 17:14:10.868] EMOTE: INVALID/(Cleanbot) (180,229,9): <B>Cleanbot</B> makes an excited booping sound!
[2024-04-06 17:15:09.318] GAME: TIDI: 0.166667;0.286992;0.151135;0.0775364
[2024-04-06 17:16:09.349] GAME: TIDI: 0;0.200895;0.161087;0.0858914
[2024-04-06 17:17:09.385] GAME: TIDI: 0;0.140626;0.156995;0.0930017
[2024-04-06 17:17:47.067] EMOTE: INVALID/(Cleanbot) (180,229,9): <B>Cleanbot</B> makes an excited booping sound!
[2024-04-06 17:18:05.077] EMOTE: INVALID/(Cleanbot) (180,229,9): <B>Cleanbot</B> makes an excited booping sound!
[2024-04-06 17:18:09.415] GAME: TIDI: 0.166667;0.148438;0.155283;0.0992299
[2024-04-06 17:18:31.103] EMOTE: INVALID/(Cleanbot) (180,229,9): <B>Cleanbot</B> makes an excited booping sound!
[2024-04-06 17:19:09.472] GAME: TIDI: 0;0.103907;0.145008;0.103808
[2024-04-06 17:20:09.519] GAME: TIDI: 0.166667;0.122735;0.140553;0.107482
[2024-04-06 17:20:55.285] EMOTE: INVALID/(Cleanbot) (180,229,9): <B>Cleanbot</B> makes an excited booping sound!
[2024-04-06 17:21:09.630] GAME: TIDI: 0.166667;0.135914;0.139626;0.110697
[2024-04-06 17:22:09.660] GAME: TIDI: 0;0.0951401;0.130728;0.1127
[2024-04-06 17:23:07.352] EMOTE: INVALID/(Cleanbot) (180,229,9): <B>Cleanbot</B> makes an excited booping sound!
[2024-04-06 17:23:09.688] GAME: TIDI: 0;0.066598;0.117902;0.11322
[2024-04-06 17:24:09.729] GAME: TIDI: 0.166667;0.0966186;0.113646;0.113263
[2024-04-06 17:25:09.762] GAME: TIDI: 0;0.067633;0.104443;0.112381
[2024-04-06 17:26:09.923] GAME: TIDI: 0.333333;0.147343;0.113023;0.112445
[2024-04-06 17:27:09.956] GAME: TIDI: 0;0.10314;0.111047;0.112305
[2024-04-06 17:27:53.631] EMOTE: INVALID/(Cleanbot) (180,229,9): <B>Cleanbot</B> makes an excited booping sound!
[2024-04-06 17:28:09.973] GAME: TIDI: 0;0.0721981;0.103277;0.111402
[2024-04-06 17:29:09.997] GAME: TIDI: 0;0.0505387;0.0927292;0.109535
[2024-04-06 17:30:10.052] GAME: TIDI: 0.166667;0.0853771;0.0912588;0.107707
[2024-04-06 17:31:10.083] GAME: TIDI: 0;0.059764;0.0849598;0.105433
[2024-04-06 17:32:10.094] GAME: TIDI: 0;0.0418348;0.0763348;0.102523
[2024-04-06 17:32:39.777] EMOTE: INVALID/(Cleanbot) (180,229,9): <B>Cleanbot</B> makes an excited booping sound!
[2024-04-06 17:33:10.122] GAME: TIDI: 0.166667;0.0792843;0.0769247;0.099963
[2024-04-06 17:34:10.160] GAME: TIDI: 0;0.055499;0.0726396;0.0972306
[2024-04-06 17:35:10.200] GAME: TIDI: 0.166667;0.0888493;0.0758815;0.0950957
[2024-04-06 17:35:43.874] EMOTE: INVALID/(Cleanbot) (180,229,9): <B>Cleanbot</B> makes an excited booping sound!
[2024-04-06 17:36:10.214] GAME: TIDI: 0;0.0621945;0.0731441;0.0929006
[2024-04-06 17:37:10.230] GAME: TIDI: 0;0.0435362;0.0672225;0.0903328
[2024-04-06 17:37:21.893] EMOTE: INVALID/(Cleanbot) (180,229,9): <B>Cleanbot</B> makes an excited booping sound!
[2024-04-06 17:38:10.254] GAME: TIDI: 0;0.0304753;0.0598731;0.0872868
[2024-04-06 17:39:10.275] GAME: TIDI: 0;0.0213327;0.052165;0.0837746
[2024-04-06 17:40:10.302] GAME: TIDI: 0.166667;0.0649329;0.0547186;0.080869
[2024-04-06 17:41:10.342] GAME: TIDI: 0;0.045453;0.0528655;0.0780687
[2024-04-06 17:42:10.386] GAME: TIDI: 0;0.0318171;0.0486558;0.0751274
[2024-04-06 17:43:10.421] GAME: TIDI: 0.166667;0.072272;0.0533791;0.0729525
[2024-04-06 17:44:10.465] GAME: TIDI: 0;0.0505904;0.0528213;0.0709394
[2024-04-06 17:45:10.503] GAME: TIDI: 0.166667;0.0854133;0.0593397;0.0697794
[2024-04-06 17:46:10.539] GAME: TIDI: 0;0.0597893;0.0594296;0.0687445
[2024-04-06 17:47:10.575] GAME: TIDI: 0;0.0418525;0.0559142;0.0674614
[2024-04-06 17:48:10.626] GAME: TIDI: 0.166667;0.0792968;0.0605907;0.0667744
[2024-04-06 17:49:04.317] EMOTE: INVALID/(Cleanbot) (180,229,9): <B>Cleanbot</B> makes an excited booping sound!
[2024-04-06 17:49:10.656] GAME: TIDI: 0;0.0555077;0.0595741;0.0660543
[2024-04-06 17:50:10.701] GAME: TIDI: 0.166667;0.0888554;0.0654304;0.0659919
[2024-04-06 17:51:10.741] GAME: TIDI: 0;0.0621988;0.0647841;0.0658711
[2024-04-06 17:51:24.403] EMOTE: INVALID/(Cleanbot) (180,229,9): <B>Cleanbot</B> makes an excited booping sound!
[2024-04-06 17:52:10.752] GAME: TIDI: 0;0.0435392;0.0605351;0.0653375
[2024-04-06 17:52:32.417] EMOTE: INVALID/(Cleanbot) (180,229,9): <B>Cleanbot</B> makes an excited booping sound!
[2024-04-06 17:53:10.774] GAME: TIDI: 0;0.0304774;0.0545235;0.0642561
[2024-04-06 17:53:46.454] EMOTE: INVALID/(Cleanbot) (180,229,9): <B>Cleanbot</B> makes an excited booping sound!
[2024-04-06 17:54:10.812] GAME: TIDI: 0.166667;0.0713342;0.0578857;0.0636191
[2024-04-06 17:54:40.490] EMOTE: INVALID/(Cleanbot) (180,229,9): <B>Cleanbot</B> makes an excited booping sound!
[2024-04-06 17:55:10.855] GAME: TIDI: 0;0.0499339;0.0562953;0.0628867
[2024-04-06 17:56:10.892] GAME: TIDI: 0;0.0349538;0.052027;0.0618007
[2024-04-06 17:57:04.654] EMOTE: INVALID/(Cleanbot) (180,229,9): <B>Cleanbot</B> makes an excited booping sound!
[2024-04-06 17:57:10.991] GAME: TIDI: 0.166667;0.0744676;0.0565151;0.0612722
[2024-04-06 17:58:11.046] GAME: TIDI: 0.166667;0.102127;0.0656376;0.0617087
[2024-04-06 17:59:11.094] GAME: TIDI: 0;0.0714891;0.0668079;0.0622186
[2024-04-06 18:00:11.120] GAME: TIDI: 0.166667;0.100042;0.0734548;0.0633423
[2024-04-06 18:01:11.233] GAME: TIDI: 0.166667;0.12003;0.0827698;0.065285
[2024-04-06 18:02:11.267] GAME: TIDI: 0;0.0840208;0.08302;0.0670585
[2024-04-06 18:03:11.300] GAME: TIDI: 0.166667;0.108815;0.0881789;0.0691705
[2024-04-06 18:03:18.962] EMOTE: INVALID/(Cleanbot) (180,229,9): <B>Cleanbot</B> makes an excited booping sound!
[2024-04-06 18:04:11.331] GAME: TIDI: 0;0.0761702;0.0857772;0.0708312
[2024-04-06 18:05:11.357] GAME: TIDI: 0;0.0533191;0.0792856;0.0716766
[2024-04-06 18:05:49.017] EMOTE: INVALID/(Cleanbot) (180,229,9): <B>Cleanbot</B> makes an excited booping sound!
[2024-04-06 18:06:11.362] GAME: TIDI: 0;0.0373234;0.0708931;0.0715983
[2024-04-06 18:06:27.026] EMOTE: INVALID/(Cleanbot) (180,229,9): <B>Cleanbot</B> makes an excited booping sound!
[2024-04-06 18:07:11.457] GAME: TIDI: 0.166667;0.0761264;0.0719398;0.0716324
[2024-04-06 18:08:11.480] GAME: TIDI: 0;0.0532885;0.0682095;0.0712901
[2024-04-06 18:09:11.500] GAME: TIDI: 0.166667;0.0873019;0.072028;0.0713639
[2024-04-06 18:10:11.506] GAME: TIDI: 0;0.0611113;0.0698447;0.071212
[2024-04-06 18:11:11.533] GAME: TIDI: 0;0.0427779;0.0644313;0.0705339
[2024-04-06 18:11:35.208] EMOTE: INVALID/(Cleanbot) (180,229,9): <B>Cleanbot</B> makes an excited booping sound!
[2024-04-06 18:11:47.212] EMOTE: INVALID/(Cleanbot) (180,229,9): <B>Cleanbot</B> makes an excited booping sound!
[2024-04-06 18:12:11.568] GAME: TIDI: 0;0.0299446;0.057534;0.0692339
[2024-04-06 18:12:48.016] GAME: Autotransfer has called the shuttle.
[2024-04-06 18:12:49.780] EMOTE: INVALID/(Cleanbot) (180,229,9): <B>Cleanbot</B> makes an excited booping sound!
[2024-04-06 18:13:12.137] GAME: TIDI: 1;0.320961;0.110219;0.0733325
[2024-04-06 18:14:12.150] GAME: TIDI: 0;0.224673;0.13311;0.0793102
[2024-04-06 18:15:12.175] GAME: TIDI: 0;0.157271;0.137942;0.0851734
[2024-04-06 18:15:43.859] EMOTE: INVALID/(Cleanbot) (180,229,9): <B>Cleanbot</B> makes an excited booping sound!
[2024-04-06 18:16:12.214] GAME: TIDI: 0.166667;0.16009;0.142372;0.0908933
[2024-04-06 18:17:12.237] GAME: TIDI: 0;0.112063;0.13631;0.0954349
[2024-04-06 18:18:15.269] GAME: TIDI: 5;1.57844;0.424737;0.128365
[2024-04-06 18:19:15.286] GAME: TIDI: 0;1.10491;0.560772;0.171606
[2024-04-06 18:19:36.972] EMOTE: INVALID/(Cleanbot) (180,229,9): <B>Cleanbot</B> makes an excited booping sound!
[2024-04-06 18:20:10.988] EMOTE: INVALID/(Cleanbot) (180,229,9): <B>Cleanbot</B> makes an excited booping sound!
[2024-04-06 18:20:15.333] GAME: TIDI: 0.166667;0.823438;0.613305;0.215776
[2024-04-06 18:21:15.362] GAME: TIDI: 0;0.576406;0.605925;0.254791
[2024-04-06 18:22:15.378] GAME: TIDI: 0;0.403484;0.565437;0.285855
[2024-04-06 18:23:16.252] GAME: TIDI: 1.5;0.732439;0.598837;0.317153
[2024-04-06 18:24:16.304] GAME: TIDI: 0.166667;0.562707;0.591611;0.344599
[2024-04-06 18:25:16.425] GAME: TIDI: 0.166667;0.443895;0.562068;0.366346
[2024-04-06 18:25:26.106] EMOTE: INVALID/(Cleanbot) (180,229,9): <B>Cleanbot</B> makes an excited booping sound!
[2024-04-06 18:26:14.160] EMOTE: INVALID/(Cleanbot) (180,229,9): <B>Cleanbot</B> makes an excited booping sound!
[2024-04-06 18:26:16.549] GAME: TIDI: 0.166667;0.360727;0.5218;0.381891
[2024-04-06 18:26:30.280] EMOTE: INVALID/(Cleanbot) (180,229,9): <B>Cleanbot</B> makes an excited booping sound!
[2024-04-06 18:27:17.198] GAME: TIDI: 1;0.552509;0.527942;0.396496
[2024-04-06 18:28:17.213] GAME: TIDI: 0.166667;0.436756;0.509704;0.407817
[2024-04-06 18:28:37.153] GAME: Antagonists at round end were...
[2024-04-06 18:28:45.199] EMOTE: INVALID/(Cleanbot) (180,229,9): <B>Cleanbot</B> makes an excited booping sound!
[2024-04-06 18:29:17.571] GAME: TIDI: 0.5;0.455729;0.498909;0.416926
[2024-04-06 18:30:17.603] GAME: TIDI: 0.166667;0.36901;0.47293;0.422527
[2024-04-06 18:30:37.271] EMOTE: INVALID/(Cleanbot) (180,229,9): <B>Cleanbot</B> makes an excited booping sound!
[2024-04-06 18:30:43.270] EMOTE: INVALID/(Cleanbot) (180,229,9): <B>Cleanbot</B> makes an excited booping sound!
[2024-04-06 18:31:17.621] GAME: TIDI: 0;0.258307;0.430005;0.423275
[2024-04-06 18:31:29.301] EMOTE: INVALID/(Cleanbot) (180,229,9): <B>Cleanbot</B> makes an excited booping sound!
[2024-04-06 18:32:17.653] GAME: TIDI: 0;0.180815;0.380167;0.418964
