[2023-02-16T19:33:58] START: Starting up data/logs/2023/02-February/16-Thursday/round-19-34-08.
[2023-02-16T19:33:59] DEBUG: Rebuilding Master Controller
[2023-02-16T19:34:17] DEBUG: VChat: RiotScopez got: VChat Loaded!
[2023-02-16T19:35:08] DEBUG: Load: Could not find news channel Vir News Network to populate news articles.
[2023-02-16T19:39:39] DEBUG: Initialized shuttle Stargazer (/datum/shuttle/autodock/overmap/stargazer)
[2023-02-16T19:39:39] DEBUG: Initialized shuttle Baby_mammoth (/datum/shuttle/autodock/overmap/baby_mammoth)
[2023-02-16T19:39:39] DEBUG: Initialized shuttle Ursula (/datum/shuttle/autodock/overmap/ursula)
[2023-02-16T19:39:39] DEBUG: Initialized shuttle Needle (/datum/shuttle/autodock/overmap/needle)
[2023-02-16T19:39:39] DEBUG: Initialized shuttle Echidna (/datum/shuttle/autodock/overmap/echidna)
[2023-02-16T19:39:39] DEBUG: Initialized shuttle Escape Pod 1 (/datum/shuttle/autodock/ferry/escape_pod/escape_pod1)
[2023-02-16T19:39:39] DEBUG: Initialized shuttle Escape Pod 2 (/datum/shuttle/autodock/ferry/escape_pod/escape_pod2)
[2023-02-16T19:39:39] DEBUG: Initialized shuttle Escape Pod 3 (/datum/shuttle/autodock/ferry/escape_pod/escape_pod3)
[2023-02-16T19:39:39] DEBUG: Initialized shuttle Escape Pod 4 (/datum/shuttle/autodock/ferry/escape_pod/escape_pod4)
[2023-02-16T19:39:39] DEBUG: Initialized shuttle Escape Pod 5 (/datum/shuttle/autodock/ferry/escape_pod/escape_pod5)
[2023-02-16T19:39:39] DEBUG: Initialized shuttle Escape Pod 6 (/datum/shuttle/autodock/ferry/escape_pod/escape_pod6)
[2023-02-16T19:39:39] DEBUG: Initialized shuttle Escape Pod 7 (/datum/shuttle/autodock/ferry/escape_pod/escape_pod7)
[2023-02-16T19:39:39] DEBUG: Initialized shuttle Escape Pod 8 (/datum/shuttle/autodock/ferry/escape_pod/escape_pod8)
[2023-02-16T19:39:39] DEBUG: Initialized shuttle Cryostorage Shuttle (/datum/shuttle/autodock/ferry/escape_pod/escape_pod_cryo)
[2023-02-16T19:39:39] DEBUG: Initialized shuttle Large Escape Pod 1 (/datum/shuttle/autodock/ferry/escape_pod/large_escape_pod1)
[2023-02-16T19:39:39] DEBUG: Initialized shuttle Large Escape Pod 2 (/datum/shuttle/autodock/ferry/escape_pod/large_escape_pod2)
[2023-02-16T19:39:39] DEBUG: Initialized shuttle Arrivals (/datum/shuttle/autodock/ferry/arrivals/southern_cross)
[2023-02-16T19:39:39] DEBUG: Initialized shuttle Escape (/datum/shuttle/autodock/ferry/emergency/centcom)
[2023-02-16T19:39:39] DEBUG: Initialized shuttle Supply (/datum/shuttle/autodock/ferry/supply/cargo)
[2023-02-16T19:39:39] DEBUG: Initialized shuttle Exploration (/datum/shuttle/autodock/ferry/exploration)
[2023-02-16T19:39:39] DEBUG: Initialized shuttle Administration Shuttle (/datum/shuttle/autodock/multi/administration)
[2023-02-16T19:39:39] DEBUG: Initialized shuttle Centcom Transport Shuttle (/datum/shuttle/autodock/multi/centcom)
[2023-02-16T19:39:39] DEBUG: Initialized shuttle Merchant (/datum/shuttle/autodock/multi/merchant)
[2023-02-16T19:39:39] DEBUG: &lt;span class=&#39;danger&#39;&gt;warning: shuttle Skipjack can&#39;t find its controller with tag skipjack_shuttle!&lt;/span&gt;
[2023-02-16T19:39:39] DEBUG: Initialized shuttle Skipjack (/datum/shuttle/autodock/multi/heist)
[2023-02-16T19:39:39] DEBUG: Initialized shuttle Mercenary Ship (/datum/shuttle/autodock/multi/syndicate)
[2023-02-16T19:39:39] DEBUG: Initialized shuttle Ninja Shuttle (/datum/shuttle/autodock/multi/ninja)
[2023-02-16T19:39:39] DEBUG: Initialized shuttle Response Operations Shuttle (/datum/shuttle/autodock/multi/ert)
[2023-02-16T19:39:39] DEBUG: Initialized shuttle Shuttle 3 (/datum/shuttle/autodock/web_shuttle/shuttle3)
[2023-02-16T19:39:39] DEBUG: Generating cloud of 16 dust cloud overmap event hazards
[2023-02-16T19:39:39] DEBUG: Generating cloud of 5 carp school overmap event hazards
[2023-02-16T19:39:39] DEBUG: Generating cloud of 8 carp shoal overmap event hazards
[2023-02-16T19:39:39] DEBUG: Generating cloud of 16 dust cloud overmap event hazards
[2023-02-16T19:39:39] DEBUG: Generating cloud of 16 dust cloud overmap event hazards
[2023-02-16T19:39:39] DEBUG: Generating cloud of 8 carp shoal overmap event hazards
[2023-02-16T19:39:39] DEBUG: Generating cloud of 16 dust cloud overmap event hazards
[2023-02-16T19:39:39] DEBUG: Generating cloud of 8 carp shoal overmap event hazards
[2023-02-16T19:39:39] DEBUG: Generating cloud of 11 electrical storm overmap event hazards
[2023-02-16T19:39:39] DEBUG: Generating cloud of 8 ion cloud overmap event hazards
[2023-02-16T19:39:39] DEBUG: Generating cloud of 8 carp shoal overmap event hazards
[2023-02-16T19:39:39] DEBUG: Generating cloud of 8 carp shoal overmap event hazards
[2023-02-16T19:39:39] DEBUG: Generating cloud of 8 ion cloud overmap event hazards
[2023-02-16T19:39:39] DEBUG: Generating cloud of 15 asteroid field overmap event hazards
[2023-02-16T19:39:39] DEBUG: Generating cloud of 11 electrical storm overmap event hazards
[2023-02-16T19:39:39] DEBUG: Generating cloud of 15 asteroid field overmap event hazards
[2023-02-16T19:39:39] DEBUG: Generating cloud of 11 electrical storm overmap event hazards
[2023-02-16T19:39:39] DEBUG: Generating cloud of 16 dust cloud overmap event hazards
[2023-02-16T19:39:39] DEBUG: Generating cloud of 16 dust cloud overmap event hazards
[2023-02-16T19:39:39] DEBUG: Generating cloud of 11 electrical storm overmap event hazards
[2023-02-16T19:39:39] DEBUG: Generating cloud of 11 electrical storm overmap event hazards
[2023-02-16T19:39:39] DEBUG: Generating cloud of 5 carp school overmap event hazards
[2023-02-16T19:39:39] DEBUG: Generating cloud of 8 carp shoal overmap event hazards
[2023-02-16T19:39:39] DEBUG: Generating cloud of 16 dust cloud overmap event hazards
[2023-02-16T19:39:39] DEBUG: Generating cloud of 16 dust cloud overmap event hazards
[2023-02-16T19:39:39] DEBUG: Generating cloud of 11 electrical storm overmap event hazards
[2023-02-16T19:39:39] DEBUG: Generating cloud of 8 carp shoal overmap event hazards
[2023-02-16T19:39:39] DEBUG: Generating cloud of 16 dust cloud overmap event hazards
[2023-02-16T19:39:39] DEBUG: Generating cloud of 8 carp shoal overmap event hazards
[2023-02-16T19:39:39] DEBUG: Generating cloud of 15 asteroid field overmap event hazards
[2023-02-16T19:39:39] DEBUG: Generating cloud of 8 carp shoal overmap event hazards
[2023-02-16T19:39:39] DEBUG: Generating cloud of 16 dust cloud overmap event hazards
[2023-02-16T19:39:39] DEBUG: Generating cloud of 11 electrical storm overmap event hazards
[2023-02-16T19:39:39] DEBUG: Generating cloud of 8 carp shoal overmap event hazards
[2023-02-16T19:39:39] DEBUG: Generating cloud of 5 carp school overmap event hazards
[2023-02-16T19:39:39] DEBUG: Generating cloud of 16 dust cloud overmap event hazards
[2023-02-16T19:39:39] DEBUG: Generating cloud of 8 ion cloud overmap event hazards
[2023-02-16T19:39:39] DEBUG: Generating cloud of 11 electrical storm overmap event hazards
[2023-02-16T19:39:39] DEBUG: Generating cloud of 11 electrical storm overmap event hazards
[2023-02-16T19:39:39] DEBUG: Generating cloud of 11 electrical storm overmap event hazards
[2023-02-16T19:39:39] DEBUG: Generating cloud of 16 dust cloud overmap event hazards
[2023-02-16T19:39:39] DEBUG: Generating cloud of 11 electrical storm overmap event hazards
[2023-02-16T19:39:39] DEBUG: Generating cloud of 16 dust cloud overmap event hazards
[2023-02-16T19:39:39] DEBUG: Generating cloud of 5 carp school overmap event hazards
[2023-02-16T19:41:27] DEBUG: TiDi Starting Log
[2023-02-16T19:44:07] DEBUG: Sif&#39;s weather is now overcast, with a temperature of 265.65&amp;deg;K (-7.5&amp;deg;C | 18.5&amp;deg;F).
[2023-02-16T19:44:07] DEBUG: Sif&#39;s weather forecast is now &#39;overcast, clear,  then clear&#39;.
[2023-02-16T19:44:09] DEBUG: Next event of severity Mundane in 51.72 minutes.
[2023-02-16T19:44:09] DEBUG: Next event of severity Moderate in 30 minutes.
[2023-02-16T19:44:09] DEBUG: Next event of severity Major in 100 minutes.
[2023-02-16T19:49:29] DEBUG: Sif&#39;s weather is now overcast, with a temperature of 265.65&amp;deg;K (-7.5&amp;deg;C | 18.5&amp;deg;F).
[2023-02-16T19:49:29] DEBUG: Sif&#39;s weather forecast is now &#39;clear, clear,  then clear&#39;.
[2023-02-16T19:50:03] DEBUG: Runtime in health.dm,56: Cannot read null.bodytemperature &lt;A HREF=&#39;?src=[0x210a0df0];admin_token=261011047109751798210687371029682202;viewruntime=[0x210a0df0]&#39;&gt;[view]&lt;/A&gt;
[2023-02-16T19:55:35] DEBUG: Sif&#39;s weather is now clear, with a temperature of 265.65&amp;deg;K (-7.5&amp;deg;C | 18.5&amp;deg;F).
[2023-02-16T19:55:35] DEBUG: Sif&#39;s weather forecast is now &#39;clear, clear,  then clear&#39;.
[2023-02-16T20:00:38] DEBUG: Sif&#39;s weather is now clear, with a temperature of 265.65&amp;deg;K (-7.5&amp;deg;C | 18.5&amp;deg;F).
[2023-02-16T20:00:38] DEBUG: Sif&#39;s weather forecast is now &#39;clear, clear,  then clear&#39;.
[2023-02-16T20:07:41] DEBUG: Sif&#39;s weather is now clear, with a temperature of 265.65&amp;deg;K (-7.5&amp;deg;C | 18.5&amp;deg;F).
[2023-02-16T20:07:41] DEBUG: Sif&#39;s weather forecast is now &#39;clear, clear,  then clear&#39;.
[2023-02-16T20:09:15] DEBUG: Runtime in lighting_source.dm,250: Cannot read null.x &lt;A HREF=&#39;?src=[0x210a09f7];admin_token=45105535501025381040694191343100249;viewruntime=[0x210a09f7]&#39;&gt;[view]&lt;/A&gt;
[2023-02-16T20:09:25] DEBUG: Runtime in lighting_source.dm,250: Cannot read null.x &lt;A HREF=&#39;?src=[0x21094fa7];admin_token=45105535501025381040694191343100249;viewruntime=[0x21094fa7]&#39;&gt;[view]&lt;/A&gt;
[2023-02-16T20:09:36] DEBUG: Runtime in lighting_source.dm,250: Cannot read null.x &lt;A HREF=&#39;?src=[0x210a118a];admin_token=45105535501025381040694191343100249;viewruntime=[0x210a118a]&#39;&gt;[view]&lt;/A&gt;
[2023-02-16T20:09:41] DEBUG: Runtime in lighting_source.dm,250: Cannot read null.x &lt;A HREF=&#39;?src=[0x210a1529];admin_token=45105535501025381040694191343100249;viewruntime=[0x210a1529]&#39;&gt;[view]&lt;/A&gt;
[2023-02-16T20:10:07] DEBUG: Runtime in lighting_source.dm,250: Cannot read null.x &lt;A HREF=&#39;?src=[0x210046b4];admin_token=45105535501025381040694191343100249;viewruntime=[0x210046b4]&#39;&gt;[view]&lt;/A&gt;
[2023-02-16T20:11:03] DEBUG: Runtime in pellets.dm,29: Cannot read null.lying &lt;A HREF=&#39;?src=[0x211233ec];admin_token=45105535501025381040694191343100249;viewruntime=[0x211233ec]&#39;&gt;[view]&lt;/A&gt;
[2023-02-16T20:11:03] DEBUG: Runtime in projectile.dm,818: Cannot read null.pixel_x &lt;A HREF=&#39;?src=[0x211234ec];admin_token=45105535501025381040694191343100249;viewruntime=[0x211234ec]&#39;&gt;[view]&lt;/A&gt;
[2023-02-16T20:11:57] DEBUG: Runtime in holder2.dm,147: No client for HrefToken()! &lt;A HREF=&#39;?src=[0x21123802];admin_token=;viewruntime=[0x21123802]&#39;&gt;[view]&lt;/A&gt;
[2023-02-16T20:12:05] DEBUG: Runtime in holder2.dm,147: No client for HrefToken()! &lt;A HREF=&#39;?src=[0x21123716];admin_token=;viewruntime=[0x21123716]&#39;&gt;[view]&lt;/A&gt;
[2023-02-16T20:13:43] DEBUG: Runtime in holder2.dm,147: No client for HrefToken()! &lt;A HREF=&#39;?src=[0x210aca84];admin_token=;viewruntime=[0x210aca84]&#39;&gt;[view]&lt;/A&gt;
[2023-02-16T20:16:32] DEBUG: Sif&#39;s weather is now clear, with a temperature of 265.65&amp;deg;K (-7.5&amp;deg;C | 18.5&amp;deg;F).
[2023-02-16T20:16:32] DEBUG: Sif&#39;s weather forecast is now &#39;clear, clear,  then clear&#39;.
[2023-02-16T20:22:36] DEBUG: Sif&#39;s weather is now clear, with a temperature of 265.65&amp;deg;K (-7.5&amp;deg;C | 18.5&amp;deg;F).
[2023-02-16T20:22:36] DEBUG: Sif&#39;s weather forecast is now &#39;clear, clear,  then overcast&#39;.
[2023-02-16T20:30:41] DEBUG: Sif&#39;s weather is now clear, with a temperature of 265.65&amp;deg;K (-7.5&amp;deg;C | 18.5&amp;deg;F).
[2023-02-16T20:30:41] DEBUG: Sif&#39;s weather forecast is now &#39;clear, overcast,  then hail&#39;.
[2023-02-16T20:40:56] DEBUG: Sif&#39;s weather is now clear, with a temperature of 265.65&amp;deg;K (-7.5&amp;deg;C | 18.5&amp;deg;F).
[2023-02-16T20:40:56] DEBUG: Sif&#39;s weather forecast is now &#39;overcast, hail,  then storm&#39;.
[2023-02-16T20:48:59] DEBUG: Sif&#39;s weather is now overcast, with a temperature of 265.65&amp;deg;K (-7.5&amp;deg;C | 18.5&amp;deg;F).
[2023-02-16T20:48:59] DEBUG: Sif&#39;s weather forecast is now &#39;hail, storm,  then storm&#39;.
[2023-02-16T20:58:02] DEBUG: Sif&#39;s weather is now hail, with a temperature of 245.025&amp;deg;K (-28.125&amp;deg;C | -18.625&amp;deg;F).
[2023-02-16T20:58:02] DEBUG: Sif&#39;s weather forecast is now &#39;storm, storm,  then hail&#39;.
[2023-02-16T21:02:04] DEBUG: Sif&#39;s weather is now storm, with a temperature of 233.775&amp;deg;K (-39.375&amp;deg;C | -38.875&amp;deg;F).
[2023-02-16T21:02:04] DEBUG: Sif&#39;s weather forecast is now &#39;storm, hail,  then storm&#39;.
[2023-02-16T21:07:19] DEBUG: Sif&#39;s weather is now storm, with a temperature of 233.775&amp;deg;K (-39.375&amp;deg;C | -38.875&amp;deg;F).
[2023-02-16T21:07:19] DEBUG: Sif&#39;s weather forecast is now &#39;hail, storm,  then hail&#39;.
[2023-02-16T21:16:22] DEBUG: Sif&#39;s weather is now hail, with a temperature of 245.025&amp;deg;K (-28.125&amp;deg;C | -18.625&amp;deg;F).
[2023-02-16T21:16:22] DEBUG: Sif&#39;s weather forecast is now &#39;storm, hail,  then rain&#39;.
[2023-02-16T21:19:25] DEBUG: Sif&#39;s weather is now storm, with a temperature of 233.775&amp;deg;K (-39.375&amp;deg;C | -38.875&amp;deg;F).
[2023-02-16T21:19:25] DEBUG: Sif&#39;s weather forecast is now &#39;hail, rain,  then rain&#39;.
