[2023-02-16T21:28:02] START: Starting up data/logs/2023/02-February/16-Thursday/round-21-27-37.
[2023-02-16T21:28:03] ADMIN: Loading jobban_rank
[2023-02-16T21:28:03] ADMIN: jobban_keylist was empty
[2023-02-16T21:28:03] ADMIN: Loading Banlist
[2023-02-16T21:28:04] GAME: Excavation Site loaded at at 52,13,5
[2023-02-16T21:28:07] GAME: Abandoned Temple loaded at at 219,17,5
[2023-02-16T21:28:07] GAME: Ice Cave 1C loaded at at 9,29,5
[2023-02-16T21:28:07] GAME: Dark Ritual loaded at at 95,111,5
[2023-02-16T21:28:07] GAME: Mine Vault 3 loaded at at 160,20,5
[2023-02-16T21:28:07] GAME: Magmatic Geyser loaded at at 95,48,5
[2023-02-16T21:28:07] GAME: Ore-Topped Cliff loaded at at 171,18,5
[2023-02-16T21:28:07] GAME: Spy Remains loaded at at 183,105,5
[2023-02-16T21:28:07] GAME: Abandoned Relay loaded at at 72,39,5
[2023-02-16T21:28:07] GAME: Prepper Bunker loaded at at 56,97,5
[2023-02-16T21:28:07] GAME: Ice Cave 1B loaded at at 77,9,5
[2023-02-16T21:28:07] GAME: spatial anomaly loaded at at 87,185,5
[2023-02-16T21:28:07] GAME: Construction Site loaded at at 10,63,4
[2023-02-16T21:28:07] GAME: Buried Treasure 3 loaded at at 141,135,4
[2023-02-16T21:28:08] GAME: Pooled Rocks loaded at at 52,37,4
[2023-02-16T21:28:08] GAME: Lone Kururak Den loaded at at 19,201,4
[2023-02-16T21:28:08] GAME: Snow 5 loaded at at 205,159,4
[2023-02-16T21:28:08] GAME: Empty Explorer's Home loaded at at 198,39,4
[2023-02-16T21:28:08] GAME: Irradiated Manhole Cover loaded at at 54,191,4
[2023-02-16T21:28:08] GAME: Old Library loaded at at 93,54,4
[2023-02-16T21:28:08] GAME: Meth Lab loaded at at 52,72,4
[2023-02-16T21:28:08] GAME: Snow 2 loaded at at 11,108,4
[2023-02-16T21:28:08] GAME: Rocky Outcrop loaded at at 220,23,4
[2023-02-16T21:28:08] GAME: Merchant Stand loaded at at 26,81,4
[2023-02-16T21:28:08] GAME: Thieves' Cave loaded at at 53,94,4
[2023-02-16T21:28:08] GAME: Ruptured Canister loaded at at 170,63,4
[2023-02-16T21:28:08] GAME: Farm loaded at at 9,102,4
[2023-02-16T21:28:08] GAME: Camp Site loaded at at 19,51,4
[2023-02-16T21:28:08] GAME: Mechpit loaded at at 90,90,4
[2023-02-16T21:28:08] GAME: Dragon Den loaded at at 30,35,4
[2023-02-16T21:28:09] GAME: Pride Rock loaded at at 167,17,4
[2023-02-16T21:28:09] GAME: Snow 3 loaded at at 92,81,4
[2023-02-16T21:28:09] GAME: Shelter 1 loaded at at 89,67,9
[2023-02-16T21:28:09] GAME: Decoupled Engine loaded at at 187,44,9
[2023-02-16T21:28:09] GAME: Cragzone 1 loaded at at 43,65,9
[2023-02-16T21:28:09] GAME: Rocky 2 loaded at at 108,12,9
[2023-02-16T21:28:09] GAME: Frostfly Nest loaded at at 123,57,9
[2023-02-16T21:28:09] GAME: Lab 1 loaded at at 74,31,9
[2023-02-16T21:28:09] GAME: Emergency Pod 4 loaded at at 170,35,9
[2023-02-16T21:28:09] GAME: Military Camp 1 loaded at at 42,12,9
[2023-02-16T21:28:09] GAME: Demon Pool loaded at at 122,73,9
[2023-02-16T21:28:09] GAME: Drug Den loaded at at 46,32,9
[2023-02-16T21:28:09] GAME: Rocky 4 loaded at at 142,47,9
[2023-02-16T21:28:09] GAME: Musk loaded at at 63,23,9
[2023-02-16T21:28:09] GAME: Smol 1 loaded at at 71,95,9
[2023-02-16T21:28:09] GAME: Butcher Shack loaded at at 33,57,9
[2023-02-16T21:28:09] GAME: Kururak Den loaded at at 77,85,9
[2023-02-16T21:28:10] ACCESS IN: RiotScopez/(RiotScopez) - IP:127.0.0.1 - CID:1871707424 - BYOND v514
[2023-02-16T21:28:10] GAME: Shack 1 loaded at at 206,78,9
[2023-02-16T21:28:10] GAME: Empty Cabin loaded at at 172,67,9
[2023-02-16T21:28:10] GAME: Wolf Den loaded at at 191,25,9
[2023-02-16T21:28:10] GAME: Rocky 3 loaded at at 9,70,9
[2023-02-16T21:28:10] GAME: Government Patrol loaded at at 10,16,9
[2023-02-16T21:28:12] GAME: Snowrock 1 loaded at at 86,84,9
[2023-02-16T21:28:12] GAME: Spider Nest 1 loaded at at 104,67,9
[2023-02-16T21:28:12] GAME: Frost Oasis loaded at at 12,86,9
[2023-02-16T21:28:12] GAME: Chasm loaded at at 27,35,9
[2023-02-16T21:28:12] GAME: Rocky 2 loaded at at 97,36,9
[2023-02-16T21:28:13] GAME: Spider Nest 1 loaded at at 33,21,9
[2023-02-16T21:28:13] GAME: Mudpit loaded at at 135,33,9
[2023-02-16T21:28:17] GAME: Forest Lake loaded at at 79,11,9
[2023-02-16T21:28:17] GAME: DJOutpost 4 loaded at at 183,178,9
[2023-02-16T21:28:17] GAME: Rocky Base loaded at at 55,212,9
[2023-02-16T21:28:18] GAME: DoomP loaded at at 123,163,9
[2023-02-16T21:28:19] GAME: Great Wolf Den loaded at at 27,125,9
[2023-02-16T21:28:19] GAME: Syndi Sniper loaded at at 229,104,9
[2023-02-16T21:28:19] GAME: Lone Wolf loaded at at 52,137,9
[2023-02-16T21:28:19] GAME: Borg Lab loaded at at 22,179,9
[2023-02-16T21:28:19] GAME: Manor 1 loaded at at 159,122,9
[2023-02-16T21:28:19] GAME: Raided Mech Hanger loaded at at 83,161,9
[2023-02-16T21:28:20] GAME: Leopardmander Den loaded at at 135,135,9
[2023-02-16T21:28:20] GAME: Cliff Base loaded at at 198,192,9
[2023-02-16T21:28:21] GAME: Black Shuttle Down loaded at at 101,120,9
[2023-02-16T21:28:21] GAME: Emergency Pod 3 loaded at at 155,238,9
[2023-02-16T21:28:44] GAME: Z-level VR World loaded at at 1,1,11
[2023-02-16T21:28:45] GAME: Z-level Fuel Depot - Z1 Space loaded at at 1,1,12
[2023-02-16T21:28:47] GAME: Z-level Kara Aerostat - Z1 Aerostat loaded at at 1,1,13
[2023-02-16T21:28:50] GAME: Z-level Kara - Z1 Northern Star loaded at at 1,1,14
[2023-02-16T21:29:11] GAME: Z-level Snow Field loaded at at 1,1,15
[2023-02-16T21:29:28] MISC: a the gibber didn't find an input plate.
[2023-02-16T21:30:01] MISC: a the gibber didn't find an input plate.
[2023-02-16T21:32:34] ADMIN: RiotScopez/(RiotScopez) RiotScopez/(RiotScopez) has toggled Paranoia Logging, it is now off.
[2023-02-16T21:32:35] ADMIN: RiotScopez/(RiotScopez) delayed the game.
[2023-02-16T21:32:40] ADMIN: RiotScopez/(RiotScopez) RiotScopez/(RiotScopez) has toggled Paranoia Logging, it is now on.
[2023-02-16T21:33:14] GAME: TIDI: 6.83333;2.05;0.41;0.041
[2023-02-16T21:34:17] GAME: TIDI: 5;2.935;0.915;0.1284
[2023-02-16T21:35:21] GAME: TIDI: 7.33333;4.2545;1.5829;0.27385
[2023-02-16T21:36:25] GAME: TIDI: 6.83333;5.02815;2.27195;0.47366
[2023-02-16T21:37:25] GAME: TIDI: 0;3.51971;2.5215;0.678444
[2023-02-16T21:38:15] GAME: TRAITS riotscopez/(Natalia) with: nothing
[2023-02-16T21:38:21] GAME: TRAITS riotscopez/(Natalia) with: nothing
[2023-02-16T21:38:25] GAME: TIDI: 0.333333;2.56379;2.52996;0.863596
[2023-02-16T21:38:29] GAME: TRAITS riotscopez/(Natalia) with: nothing
[2023-02-16T21:38:43] GAME: TRAITS riotscopez/(Natalia) with: nothing
[2023-02-16T21:38:47] GAME: TRAITS riotscopez/(Natalia) with: nothing
[2023-02-16T21:39:11] GAME: TRAITS riotscopez/(Natalia) with: nothing
[2023-02-16T21:39:27] GAME: TIDI: 3;2.69466;2.5629;1.03353
[2023-02-16T21:39:29] GAME: TRAITS riotscopez/(Natalia) with: nothing
[2023-02-16T21:40:05] GAME: TRAITS riotscopez/(Natalia) with: nothing
[2023-02-16T21:40:10] GAME: TRAITS riotscopez/(Natalia) with: nothing
[2023-02-16T21:40:15] GAME: TRAITS riotscopez/(Natalia) with: nothing
[2023-02-16T21:40:23] GAME: TRAITS riotscopez/(Natalia) with: nothing
[2023-02-16T21:40:28] GAME: TIDI: 1.66667;2.38626;2.52757;1.18293
[2023-02-16T21:40:43] GAME: TRAITS riotscopez/(Natalia) with: nothing
[2023-02-16T21:40:49] GAME: TRAITS riotscopez/(Natalia) with: nothing
[2023-02-16T21:41:23] GAME: TRAITS riotscopez/(Natalia) with: nothing
[2023-02-16T21:41:29] GAME: TIDI: 0.666667;1.87038;2.39613;1.30425
[2023-02-16T21:41:32] GAME: TRAITS riotscopez/(Natalia) with: nothing
[2023-02-16T21:41:43] GAME: TRAITS riotscopez/(Natalia) with: nothing
[2023-02-16T21:41:52] GAME: TRAITS riotscopez/(Natalia) with: nothing
[2023-02-16T21:41:57] GAME: TRAITS riotscopez/(Natalia) with: nothing
[2023-02-16T21:42:29] GAME: TIDI: 1;1.60927;2.23876;1.3977
[2023-02-16T21:42:40] GAME: TRAITS riotscopez/(Natalia) with: nothing
[2023-02-16T21:42:45] GAME: TRAITS riotscopez/(Natalia) with: nothing
[2023-02-16T21:42:53] GAME: TRAITS riotscopez/(Natalia) with: nothing
[2023-02-16T21:42:58] GAME: TRAITS riotscopez/(Natalia) with: nothing
[2023-02-16T21:43:03] GAME: TRAITS riotscopez/(Natalia) with: nothing
[2023-02-16T21:43:06] GAME: TRAITS riotscopez/(Natalia) with: nothing
[2023-02-16T21:43:09] GAME: TRAITS riotscopez/(Natalia) with: nothing
[2023-02-16T21:43:14] GAME: TRAITS riotscopez/(Natalia) with: nothing
[2023-02-16T21:43:22] GAME: TRAITS riotscopez/(Natalia) with: nothing
[2023-02-16T21:43:31] GAME: TIDI: 2.33333;1.82649;2.15631;1.47356
[2023-02-16T21:43:48] GAME: TRAITS riotscopez/(Natalia) with: nothing
[2023-02-16T21:44:06] GAME: TRAITS riotscopez/(Natalia) with: nothing
[2023-02-16T21:44:17] GAME: TRAITS riotscopez/(Natalia) with: nothing
[2023-02-16T21:44:24] GAME: TRAITS riotscopez/(Natalia) with: nothing
[2023-02-16T21:44:31] GAME: TIDI: 1.33333;1.67854;2.06075;1.53228
[2023-02-16T21:44:35] GAME: TRAITS riotscopez/(Natalia) with: nothing
[2023-02-16T21:45:00] GAME: TRAITS riotscopez/(Natalia) with: nothing
[2023-02-16T21:45:13] GAME: TRAITS riotscopez/(Natalia) with: nothing
[2023-02-16T21:45:32] GAME: TIDI: 1.16667;1.52498;1.9536;1.57441
[2023-02-16T21:45:42] GAME: TRAITS riotscopez/(Natalia) with: nothing
[2023-02-16T21:45:47] GAME: TRAITS riotscopez/(Natalia) with: nothing
[2023-02-16T21:46:00] GAME: TRAITS riotscopez/(Natalia) with: nothing
[2023-02-16T21:46:06] GAME: TRAITS riotscopez/(Natalia) with: nothing
[2023-02-16T21:46:33] GAME: TIDI: 0.833333;1.31748;1.82638;1.59961
[2023-02-16T21:47:33] GAME: TIDI: 0;0.922239;1.64555;1.6042
[2023-02-16T21:48:33] GAME: TIDI: 0;0.645568;1.44555;1.58834
[2023-02-16T21:49:33] GAME: TIDI: 0;0.451897;1.24682;1.55419
[2023-02-16T21:49:57] GAME: TRAITS riotscopez/(Natalia) with: nothing
[2023-02-16T21:50:18] GAME: TRAITS riotscopez/(Natalia) with: nothing
[2023-02-16T21:50:33] GAME: TIDI: 0.5;0.466328;1.09072;1.50784
[2023-02-16T21:50:34] GAME: TRAITS riotscopez/(Natalia) with: nothing
[2023-02-16T21:50:36] GAME: TRAITS riotscopez/(Natalia) with: nothing
[2023-02-16T21:50:36] GAME: TRAITS riotscopez/(Natalia) with: nothing
[2023-02-16T21:50:37] GAME: TRAITS riotscopez/(Natalia) with: nothing
[2023-02-16T21:51:34] GAME: TIDI: 1.16667;0.67643;1.00786;1.45784
[2023-02-16T21:51:38] GAME: TRAITS riotscopez/(Natalia) with: nothing
[2023-02-16T21:52:34] GAME: TIDI: 0.333333;0.573501;0.920991;1.40416
[2023-02-16T21:52:35] GAME: TRAITS riotscopez/(Natalia) with: nothing
[2023-02-16T21:53:34] GAME: TIDI: 0.333333;0.501451;0.837083;1.34745
[2023-02-16T21:54:34] GAME: TIDI: 0;0.351015;0.73987;1.28669
[2023-02-16T21:55:34] GAME: TIDI: 0;0.245711;0.641038;1.22213
[2023-02-16T21:56:34] GAME: TIDI: 0;0.171998;0.54723;1.15464
[2023-02-16T21:56:35] GAME: TRAITS riotscopez/(Natalia) with: /datum/trait/positive/brute_resist;/datum/trait/positive/rad_resistance;/datum/trait/neutral/taller;/datum/trait/neutral/dominate_prey;/datum/trait/neutral/fat;/datum/trait/neutral/big_mouth_hyper;/datum/trait/neutral/glowing_eyes;/datum/trait/neutral/alcohol_immunity;/datum/trait/neutral/hard_vore;/datum/trait/neutral/micro_size_up;/datum/trait/neutral/nutritiongrow;/datum/trait/neutral/trashcan;/datum/trait/neutral/vertical_nom,;/datum/trait/negative/deep_sleeper
[2023-02-16T21:56:52] GAME: TRAITS riotscopez/(Natalia) with: /datum/trait/positive/brute_resist;/datum/trait/positive/rad_resistance;/datum/trait/neutral/taller;/datum/trait/neutral/dominate_prey;/datum/trait/neutral/fat;/datum/trait/neutral/big_mouth_hyper;/datum/trait/neutral/glowing_eyes;/datum/trait/neutral/alcohol_immunity;/datum/trait/neutral/hard_vore;/datum/trait/neutral/micro_size_up;/datum/trait/neutral/nutritiongrow;/datum/trait/neutral/trashcan;/datum/trait/neutral/vertical_nom,;/datum/trait/negative/deep_sleeper
[2023-02-16T21:57:02] GAME: TRAITS riotscopez/(Natalia) with: /datum/trait/positive/brute_resist;/datum/trait/positive/rad_resistance;/datum/trait/neutral/taller;/datum/trait/neutral/dominate_prey;/datum/trait/neutral/fat;/datum/trait/neutral/big_mouth_hyper;/datum/trait/neutral/glowing_eyes;/datum/trait/neutral/alcohol_immunity;/datum/trait/neutral/hard_vore;/datum/trait/neutral/micro_size_up;/datum/trait/neutral/nutritiongrow;/datum/trait/neutral/trashcan;/datum/trait/neutral/vertical_nom,;/datum/trait/negative/deep_sleeper
[2023-02-16T21:57:20] GAME: TRAITS riotscopez/(Natalia) with: /datum/trait/positive/brute_resist;/datum/trait/positive/rad_resistance;/datum/trait/neutral/taller;/datum/trait/neutral/dominate_prey;/datum/trait/neutral/fat;/datum/trait/neutral/big_mouth_hyper;/datum/trait/neutral/glowing_eyes;/datum/trait/neutral/alcohol_immunity;/datum/trait/neutral/hard_vore;/datum/trait/neutral/micro_size_up;/datum/trait/neutral/nutritiongrow;/datum/trait/neutral/trashcan;/datum/trait/neutral/vertical_nom,;/datum/trait/negative/deep_sleeper
[2023-02-16T21:57:36] GAME: TIDI: 2.83333;0.970398;0.631863;1.10236
[2023-02-16T21:57:44] GAME: TRAITS riotscopez/(Natalia) with: /datum/trait/positive/brute_resist;/datum/trait/positive/rad_resistance;/datum/trait/neutral/taller;/datum/trait/neutral/dominate_prey;/datum/trait/neutral/fat;/datum/trait/neutral/big_mouth_hyper;/datum/trait/neutral/glowing_eyes;/datum/trait/neutral/alcohol_immunity;/datum/trait/neutral/hard_vore;/datum/trait/neutral/micro_size_up;/datum/trait/neutral/nutritiongrow;/datum/trait/neutral/trashcan;/datum/trait/neutral/vertical_nom,;/datum/trait/negative/deep_sleeper
[2023-02-16T21:58:05] GAME: TRAITS riotscopez/(Natalia) with: /datum/trait/positive/brute_resist;/datum/trait/positive/rad_resistance;/datum/trait/neutral/taller;/datum/trait/neutral/dominate_prey;/datum/trait/neutral/fat;/datum/trait/neutral/big_mouth_hyper;/datum/trait/neutral/glowing_eyes;/datum/trait/neutral/alcohol_immunity;/datum/trait/neutral/hard_vore;/datum/trait/neutral/micro_size_up;/datum/trait/neutral/nutritiongrow;/datum/trait/neutral/trashcan;/datum/trait/neutral/vertical_nom,;/datum/trait/negative/deep_sleeper
[2023-02-16T21:58:34] GAME: TRAITS riotscopez/(Natalia) with: /datum/trait/positive/brute_resist;/datum/trait/positive/rad_resistance;/datum/trait/neutral/taller;/datum/trait/neutral/dominate_prey;/datum/trait/neutral/fat;/datum/trait/neutral/big_mouth_hyper;/datum/trait/neutral/glowing_eyes;/datum/trait/neutral/alcohol_immunity;/datum/trait/neutral/hard_vore;/datum/trait/neutral/micro_size_up;/datum/trait/neutral/nutritiongrow;/datum/trait/neutral/trashcan;/datum/trait/neutral/vertical_nom,;/datum/trait/negative/deep_sleeper
[2023-02-16T21:58:36] GAME: TIDI: 0.833333;0.929279;0.691347;1.06126
[2023-02-16T21:58:43] GAME: TRAITS riotscopez/(Natalia) with: /datum/trait/positive/brute_resist;/datum/trait/positive/rad_resistance;/datum/trait/neutral/taller;/datum/trait/neutral/dominate_prey;/datum/trait/neutral/fat;/datum/trait/neutral/big_mouth_hyper;/datum/trait/neutral/glowing_eyes;/datum/trait/neutral/alcohol_immunity;/datum/trait/neutral/hard_vore;/datum/trait/neutral/micro_size_up;/datum/trait/neutral/nutritiongrow;/datum/trait/neutral/trashcan;/datum/trait/neutral/vertical_nom,;/datum/trait/negative/deep_sleeper
[2023-02-16T21:58:51] GAME: TRAITS riotscopez/(Natalia) with: /datum/trait/positive/brute_resist;/datum/trait/positive/rad_resistance;/datum/trait/neutral/taller;/datum/trait/neutral/dominate_prey;/datum/trait/neutral/fat;/datum/trait/neutral/big_mouth_hyper;/datum/trait/neutral/glowing_eyes;/datum/trait/neutral/alcohol_immunity;/datum/trait/neutral/hard_vore;/datum/trait/neutral/micro_size_up;/datum/trait/neutral/nutritiongrow;/datum/trait/neutral/trashcan;/datum/trait/neutral/vertical_nom,;/datum/trait/negative/deep_sleeper
[2023-02-16T21:59:07] GAME: TRAITS riotscopez/(Natalia) with: /datum/trait/positive/brute_resist;/datum/trait/positive/rad_resistance;/datum/trait/neutral/taller;/datum/trait/neutral/dominate_prey;/datum/trait/neutral/fat;/datum/trait/neutral/big_mouth_hyper;/datum/trait/neutral/glowing_eyes;/datum/trait/neutral/alcohol_immunity;/datum/trait/neutral/hard_vore;/datum/trait/neutral/micro_size_up;/datum/trait/neutral/nutritiongrow;/datum/trait/neutral/trashcan;/datum/trait/neutral/vertical_nom,;/datum/trait/negative/deep_sleeper
[2023-02-16T21:59:22] GAME: TRAITS riotscopez/(Natalia) with: /datum/trait/positive/brute_resist;/datum/trait/positive/rad_resistance;/datum/trait/neutral/taller;/datum/trait/neutral/dominate_prey;/datum/trait/neutral/fat;/datum/trait/neutral/big_mouth_hyper;/datum/trait/neutral/glowing_eyes;/datum/trait/neutral/alcohol_immunity;/datum/trait/neutral/hard_vore;/datum/trait/neutral/micro_size_up;/datum/trait/neutral/nutritiongrow;/datum/trait/neutral/trashcan;/datum/trait/neutral/vertical_nom,;/datum/trait/negative/deep_sleeper
[2023-02-16T21:59:37] GAME: TIDI: 1.33333;1.0505;0.763176;1.03145
[2023-02-16T21:59:40] GAME: TRAITS riotscopez/(Natalia) with: /datum/trait/positive/brute_resist;/datum/trait/positive/rad_resistance;/datum/trait/neutral/taller;/datum/trait/neutral/dominate_prey;/datum/trait/neutral/fat;/datum/trait/neutral/big_mouth_hyper;/datum/trait/neutral/glowing_eyes;/datum/trait/neutral/alcohol_immunity;/datum/trait/neutral/hard_vore;/datum/trait/neutral/micro_size_up;/datum/trait/neutral/nutritiongrow;/datum/trait/neutral/trashcan;/datum/trait/neutral/vertical_nom,;/datum/trait/negative/deep_sleeper
[2023-02-16T21:59:45] GAME: TRAITS riotscopez/(Natalia) with: /datum/trait/positive/brute_resist;/datum/trait/positive/rad_resistance;/datum/trait/neutral/taller;/datum/trait/neutral/dominate_prey;/datum/trait/neutral/fat;/datum/trait/neutral/big_mouth_hyper;/datum/trait/neutral/glowing_eyes;/datum/trait/neutral/alcohol_immunity;/datum/trait/neutral/hard_vore;/datum/trait/neutral/micro_size_up;/datum/trait/neutral/nutritiongrow;/datum/trait/neutral/trashcan;/datum/trait/neutral/vertical_nom,;/datum/trait/negative/deep_sleeper
[2023-02-16T21:59:48] GAME: TRAITS riotscopez/(Natalia) with: /datum/trait/positive/brute_resist;/datum/trait/positive/rad_resistance;/datum/trait/neutral/taller;/datum/trait/neutral/dominate_prey;/datum/trait/neutral/fat;/datum/trait/neutral/big_mouth_hyper;/datum/trait/neutral/glowing_eyes;/datum/trait/neutral/alcohol_immunity;/datum/trait/neutral/hard_vore;/datum/trait/neutral/micro_size_up;/datum/trait/neutral/nutritiongrow;/datum/trait/neutral/trashcan;/datum/trait/neutral/vertical_nom,;/datum/trait/negative/deep_sleeper
[2023-02-16T21:59:51] GAME: TRAITS riotscopez/(Natalia) with: /datum/trait/positive/brute_resist;/datum/trait/positive/rad_resistance;/datum/trait/neutral/taller;/datum/trait/neutral/dominate_prey;/datum/trait/neutral/fat;/datum/trait/neutral/big_mouth_hyper;/datum/trait/neutral/glowing_eyes;/datum/trait/neutral/alcohol_immunity;/datum/trait/neutral/hard_vore;/datum/trait/neutral/micro_size_up;/datum/trait/neutral/nutritiongrow;/datum/trait/neutral/trashcan;/datum/trait/neutral/vertical_nom,;/datum/trait/negative/deep_sleeper
[2023-02-16T22:00:09] GAME: TRAITS riotscopez/(Natalia) with: /datum/trait/positive/brute_resist;/datum/trait/positive/rad_resistance;/datum/trait/neutral/taller;/datum/trait/neutral/dominate_prey;/datum/trait/neutral/fat;/datum/trait/neutral/big_mouth_hyper;/datum/trait/neutral/glowing_eyes;/datum/trait/neutral/alcohol_immunity;/datum/trait/neutral/hard_vore;/datum/trait/neutral/micro_size_up;/datum/trait/neutral/nutritiongrow;/datum/trait/neutral/trashcan;/datum/trait/neutral/vertical_nom,;/datum/trait/negative/deep_sleeper
[2023-02-16T22:00:15] GAME: TRAITS riotscopez/(Natalia) with: /datum/trait/positive/brute_resist;/datum/trait/positive/rad_resistance;/datum/trait/neutral/taller;/datum/trait/neutral/dominate_prey;/datum/trait/neutral/fat;/datum/trait/neutral/big_mouth_hyper;/datum/trait/neutral/glowing_eyes;/datum/trait/neutral/alcohol_immunity;/datum/trait/neutral/hard_vore;/datum/trait/neutral/micro_size_up;/datum/trait/neutral/nutritiongrow;/datum/trait/neutral/trashcan;/datum/trait/neutral/vertical_nom,;/datum/trait/negative/deep_sleeper
[2023-02-16T22:00:25] GAME: TRAITS riotscopez/(Natalia) with: /datum/trait/positive/brute_resist;/datum/trait/positive/rad_resistance;/datum/trait/neutral/taller;/datum/trait/neutral/dominate_prey;/datum/trait/neutral/fat;/datum/trait/neutral/big_mouth_hyper;/datum/trait/neutral/glowing_eyes;/datum/trait/neutral/alcohol_immunity;/datum/trait/neutral/hard_vore;/datum/trait/neutral/micro_size_up;/datum/trait/neutral/nutritiongrow;/datum/trait/neutral/trashcan;/datum/trait/neutral/vertical_nom,;/datum/trait/negative/deep_sleeper
[2023-02-16T22:00:38] GAME: TIDI: 2.16667;1.38535;0.88761;1.01707
[2023-02-16T22:00:42] GAME: TRAITS riotscopez/(Natalia) with: /datum/trait/positive/brute_resist;/datum/trait/positive/rad_resistance;/datum/trait/neutral/taller;/datum/trait/neutral/dominate_prey;/datum/trait/neutral/fat;/datum/trait/neutral/big_mouth_hyper;/datum/trait/neutral/glowing_eyes;/datum/trait/neutral/alcohol_immunity;/datum/trait/neutral/hard_vore;/datum/trait/neutral/micro_size_up;/datum/trait/neutral/nutritiongrow;/datum/trait/neutral/trashcan;/datum/trait/neutral/vertical_nom,;/datum/trait/negative/deep_sleeper
[2023-02-16T22:00:46] GAME: TRAITS riotscopez/(Natalia) with: /datum/trait/positive/brute_resist;/datum/trait/positive/rad_resistance;/datum/trait/neutral/taller;/datum/trait/neutral/dominate_prey;/datum/trait/neutral/fat;/datum/trait/neutral/big_mouth_hyper;/datum/trait/neutral/glowing_eyes;/datum/trait/neutral/alcohol_immunity;/datum/trait/neutral/hard_vore;/datum/trait/neutral/micro_size_up;/datum/trait/neutral/nutritiongrow;/datum/trait/neutral/trashcan;/datum/trait/neutral/vertical_nom,;/datum/trait/negative/deep_sleeper
[2023-02-16T22:00:47] GAME: TRAITS riotscopez/(Natalia) with: /datum/trait/positive/brute_resist;/datum/trait/positive/rad_resistance;/datum/trait/neutral/taller;/datum/trait/neutral/dominate_prey;/datum/trait/neutral/fat;/datum/trait/neutral/big_mouth_hyper;/datum/trait/neutral/glowing_eyes;/datum/trait/neutral/alcohol_immunity;/datum/trait/neutral/hard_vore;/datum/trait/neutral/micro_size_up;/datum/trait/neutral/nutritiongrow;/datum/trait/neutral/trashcan;/datum/trait/neutral/vertical_nom,;/datum/trait/negative/deep_sleeper
[2023-02-16T22:00:59] GAME: TRAITS riotscopez/(Natalia) with: /datum/trait/positive/brute_resist;/datum/trait/positive/rad_resistance;/datum/trait/neutral/taller;/datum/trait/neutral/dominate_prey;/datum/trait/neutral/fat;/datum/trait/neutral/big_mouth_hyper;/datum/trait/neutral/glowing_eyes;/datum/trait/neutral/alcohol_immunity;/datum/trait/neutral/hard_vore;/datum/trait/neutral/micro_size_up;/datum/trait/neutral/nutritiongrow;/datum/trait/neutral/trashcan;/datum/trait/neutral/vertical_nom,;/datum/trait/negative/deep_sleeper
[2023-02-16T22:01:08] GAME: TRAITS riotscopez/(Natalia) with: /datum/trait/positive/brute_resist;/datum/trait/positive/rad_resistance;/datum/trait/neutral/taller;/datum/trait/neutral/dominate_prey;/datum/trait/neutral/fat;/datum/trait/neutral/big_mouth_hyper;/datum/trait/neutral/glowing_eyes;/datum/trait/neutral/alcohol_immunity;/datum/trait/neutral/hard_vore;/datum/trait/neutral/micro_size_up;/datum/trait/neutral/nutritiongrow;/datum/trait/neutral/trashcan;/datum/trait/neutral/vertical_nom,;/datum/trait/negative/deep_sleeper
[2023-02-16T22:01:09] GAME: TRAITS riotscopez/(Natalia) with: /datum/trait/positive/brute_resist;/datum/trait/positive/rad_resistance;/datum/trait/neutral/taller;/datum/trait/neutral/dominate_prey;/datum/trait/neutral/fat;/datum/trait/neutral/big_mouth_hyper;/datum/trait/neutral/glowing_eyes;/datum/trait/neutral/alcohol_immunity;/datum/trait/neutral/hard_vore;/datum/trait/neutral/micro_size_up;/datum/trait/neutral/nutritiongrow;/datum/trait/neutral/trashcan;/datum/trait/neutral/vertical_nom,;/datum/trait/negative/deep_sleeper
[2023-02-16T22:01:09] GAME: TRAITS riotscopez/(Natalia) with: /datum/trait/positive/brute_resist;/datum/trait/positive/rad_resistance;/datum/trait/neutral/taller;/datum/trait/neutral/dominate_prey;/datum/trait/neutral/fat;/datum/trait/neutral/big_mouth_hyper;/datum/trait/neutral/glowing_eyes;/datum/trait/neutral/alcohol_immunity;/datum/trait/neutral/hard_vore;/datum/trait/neutral/micro_size_up;/datum/trait/neutral/nutritiongrow;/datum/trait/neutral/trashcan;/datum/trait/neutral/vertical_nom,;/datum/trait/negative/deep_sleeper
[2023-02-16T22:01:11] GAME: TRAITS riotscopez/(Natalia) with: /datum/trait/positive/brute_resist;/datum/trait/positive/rad_resistance;/datum/trait/neutral/taller;/datum/trait/neutral/dominate_prey;/datum/trait/neutral/fat;/datum/trait/neutral/big_mouth_hyper;/datum/trait/neutral/glowing_eyes;/datum/trait/neutral/alcohol_immunity;/datum/trait/neutral/hard_vore;/datum/trait/neutral/micro_size_up;/datum/trait/neutral/nutritiongrow;/datum/trait/neutral/trashcan;/datum/trait/neutral/vertical_nom,;/datum/trait/negative/deep_sleeper
[2023-02-16T22:01:27] GAME: TRAITS riotscopez/(Natalia) with: /datum/trait/positive/brute_resist;/datum/trait/positive/rad_resistance;/datum/trait/neutral/taller;/datum/trait/neutral/dominate_prey;/datum/trait/neutral/fat;/datum/trait/neutral/big_mouth_hyper;/datum/trait/neutral/glowing_eyes;/datum/trait/neutral/alcohol_immunity;/datum/trait/neutral/hard_vore;/datum/trait/neutral/micro_size_up;/datum/trait/neutral/nutritiongrow;/datum/trait/neutral/trashcan;/datum/trait/neutral/vertical_nom,;/datum/trait/negative/deep_sleeper
[2023-02-16T22:01:40] GAME: TIDI: 3;1.86974;1.08404;1.02376
[2023-02-16T22:01:47] GAME: TRAITS riotscopez/(Natalia) with: /datum/trait/positive/brute_resist;/datum/trait/positive/rad_resistance;/datum/trait/neutral/taller;/datum/trait/neutral/dominate_prey;/datum/trait/neutral/fat;/datum/trait/neutral/big_mouth_hyper;/datum/trait/neutral/glowing_eyes;/datum/trait/neutral/alcohol_immunity;/datum/trait/neutral/hard_vore;/datum/trait/neutral/micro_size_up;/datum/trait/neutral/nutritiongrow;/datum/trait/neutral/trashcan;/datum/trait/neutral/vertical_nom,;/datum/trait/negative/deep_sleeper
[2023-02-16T22:01:54] GAME: TRAITS riotscopez/(Natalia) with: /datum/trait/positive/brute_resist;/datum/trait/positive/rad_resistance;/datum/trait/neutral/taller;/datum/trait/neutral/dominate_prey;/datum/trait/neutral/fat;/datum/trait/neutral/big_mouth_hyper;/datum/trait/neutral/glowing_eyes;/datum/trait/neutral/alcohol_immunity;/datum/trait/neutral/hard_vore;/datum/trait/neutral/micro_size_up;/datum/trait/neutral/nutritiongrow;/datum/trait/neutral/trashcan;/datum/trait/neutral/vertical_nom,;/datum/trait/negative/deep_sleeper
[2023-02-16T22:02:00] GAME: TRAITS riotscopez/(Natalia) with: /datum/trait/positive/brute_resist;/datum/trait/positive/rad_resistance;/datum/trait/neutral/taller;/datum/trait/neutral/dominate_prey;/datum/trait/neutral/fat;/datum/trait/neutral/big_mouth_hyper;/datum/trait/neutral/glowing_eyes;/datum/trait/neutral/alcohol_immunity;/datum/trait/neutral/hard_vore;/datum/trait/neutral/micro_size_up;/datum/trait/neutral/nutritiongrow;/datum/trait/neutral/trashcan;/datum/trait/neutral/vertical_nom,;/datum/trait/negative/deep_sleeper
[2023-02-16T22:02:41] GAME: TIDI: 1;1.60882;1.18899;1.04029
[2023-02-16T22:03:41] GAME: TIDI: 0;1.12617;1.17643;1.0539
[2023-02-16T22:04:17] GAME: TRAITS riotscopez/(Natalia) with: /datum/trait/positive/brute_resist;/datum/trait/positive/rad_resistance;/datum/trait/neutral/taller;/datum/trait/neutral/dominate_prey;/datum/trait/neutral/fat;/datum/trait/neutral/big_mouth_hyper;/datum/trait/neutral/glowing_eyes;/datum/trait/neutral/alcohol_immunity;/datum/trait/neutral/hard_vore;/datum/trait/neutral/micro_size_up;/datum/trait/neutral/nutritiongrow;/datum/trait/neutral/trashcan;/datum/trait/neutral/vertical_nom,;/datum/trait/negative/deep_sleeper
[2023-02-16T22:04:20] GAME: TRAITS riotscopez/(Natalia) with: /datum/trait/positive/brute_resist;/datum/trait/positive/rad_resistance;/datum/trait/neutral/taller;/datum/trait/neutral/dominate_prey;/datum/trait/neutral/fat;/datum/trait/neutral/big_mouth_hyper;/datum/trait/neutral/glowing_eyes;/datum/trait/neutral/alcohol_immunity;/datum/trait/neutral/hard_vore;/datum/trait/neutral/micro_size_up;/datum/trait/neutral/nutritiongrow;/datum/trait/neutral/trashcan;/datum/trait/neutral/vertical_nom,;/datum/trait/negative/deep_sleeper
[2023-02-16T22:04:22] GAME: TRAITS riotscopez/(Natalia) with: /datum/trait/positive/brute_resist;/datum/trait/positive/rad_resistance;/datum/trait/neutral/taller;/datum/trait/neutral/dominate_prey;/datum/trait/neutral/fat;/datum/trait/neutral/big_mouth_hyper;/datum/trait/neutral/glowing_eyes;/datum/trait/neutral/alcohol_immunity;/datum/trait/neutral/hard_vore;/datum/trait/neutral/micro_size_up;/datum/trait/neutral/nutritiongrow;/datum/trait/neutral/trashcan;/datum/trait/neutral/vertical_nom,;/datum/trait/negative/deep_sleeper
[2023-02-16T22:04:23] GAME: TRAITS riotscopez/(Natalia) with: /datum/trait/positive/brute_resist;/datum/trait/positive/rad_resistance;/datum/trait/neutral/taller;/datum/trait/neutral/dominate_prey;/datum/trait/neutral/fat;/datum/trait/neutral/big_mouth_hyper;/datum/trait/neutral/glowing_eyes;/datum/trait/neutral/alcohol_immunity;/datum/trait/neutral/hard_vore;/datum/trait/neutral/micro_size_up;/datum/trait/neutral/nutritiongrow;/datum/trait/neutral/trashcan;/datum/trait/neutral/vertical_nom,;/datum/trait/negative/deep_sleeper
[2023-02-16T22:04:41] GAME: TIDI: 1.33333;1.18832;1.17881;1.06639
[2023-02-16T22:05:41] GAME: TIDI: 0;0.831825;1.10941;1.07069
[2023-02-16T22:06:06] ADMIN: RiotScopez/(RiotScopez) toggled Dead OOC.
[2023-02-16T22:06:07] ADMIN: RiotScopez/(RiotScopez) toggled Dead OOC.
[2023-02-16T22:06:10] ADMIN: RiotScopez/(RiotScopez) has started the game.
[2023-02-16T22:06:11] GAME: TRAITS riotscopez/(Natalia) with: /datum/trait/positive/brute_resist;/datum/trait/positive/rad_resistance;/datum/trait/neutral/taller;/datum/trait/neutral/dominate_prey;/datum/trait/neutral/fat;/datum/trait/neutral/big_mouth_hyper;/datum/trait/neutral/glowing_eyes;/datum/trait/neutral/alcohol_immunity;/datum/trait/neutral/hard_vore;/datum/trait/neutral/micro_size_up;/datum/trait/neutral/nutritiongrow;/datum/trait/neutral/trashcan;/datum/trait/neutral/vertical_nom,;/datum/trait/negative/deep_sleeper
[2023-02-16T22:06:11] ACCESS OUT: INVALID/(RiotScopez) - IP:127.0.0.1 - CID:Logged Out - BYOND Logged Out
[2023-02-16T22:06:11] ACCESS IN: RiotScopez/(Natalia) - IP:127.0.0.1 - CID:1871707424 - BYOND v514
[2023-02-16T22:06:13] GAME: JOINED RiotScopez/(Natalia) as "Security Officer"
[2023-02-16T22:06:13] GAME: SPECIES RiotScopez/(Natalia) is a: "Custom Species"
[2023-02-16T22:06:16] EMOTE: INVALID/(Cleanbot) (82,234,9): <B>Cleanbot</B> makes an excited booping sound!
[2023-02-16T22:06:24] ADMIN: RiotScopez/(Natalia) has changed RiotScopez/(Natalia)'s size multiplier to 4.
[2023-02-16T22:06:41] EMOTE: INVALID/(Fitz) (155,193,9): <B>Fitz</B> makes an excited booping sound!
[2023-02-16T22:06:46] GAME: TIDI: 7.33333;2.78228;1.44398;1.10802
[2023-02-16T22:07:21] SAY: INVALID/(Medibot) (97,221,9): There's always a catch, and it's the best there is.
[2023-02-16T22:07:46] GAME: TIDI: 0.5;2.09759;1.57471;1.15469
[2023-02-16T22:08:37] EMOTE: INVALID/(Cleanbot) (82,234,9): <B>Cleanbot</B> makes an excited booping sound!
[2023-02-16T22:08:46] GAME: TIDI: 0.333333;1.56832;1.57343;1.19656
[2023-02-16T22:08:48] EMOTE: INVALID/(Cleanbot) (82,234,9): <B>Cleanbot</B> makes an excited booping sound!
[2023-02-16T22:09:28] EMOTE: INVALID/(Cleanbot) (82,234,9): <B>Cleanbot</B> makes an excited booping sound!
[2023-02-16T22:09:47] GAME: TIDI: 0.333333;1.19782;1.49831;1.22674
[2023-02-16T22:10:08] EMOTE: INVALID/(Fitz) (155,193,9): <B>Fitz</B> makes an excited booping sound!
[2023-02-16T22:10:10] EMOTE: INVALID/(Ian) (134,134,2): <B>Ian</B> chases their tail.
[2023-02-16T22:10:42] ADMIN: RiotScopez/(Natalia) spawned /obj/item/weapon/cell/device/hyper at (146,189,2)
[2023-02-16T22:10:47] GAME: TIDI: 0.5;0.988475;1.39634;1.2437
[2023-02-16T22:10:48] EMOTE: INVALID/(Fitz) (155,193,9): <B>Fitz</B> makes an excited booping sound!
[2023-02-16T22:10:54] SAY: INVALID/(Medibot) (97,221,9): Delicious!
[2023-02-16T22:10:55] ADMIN: RiotScopez/(Natalia) spawned /obj/item/weapon/cell/device/hyper at (146,189,2)
[2023-02-16T22:11:00] SAY: INVALID/(Medibot) (97,221,9): There's always a catch, and it's the best there is.
[2023-02-16T22:11:02] EMOTE: INVALID/(Fitz) (155,193,9): <B>Fitz</B> makes an excited booping sound!
[2023-02-16T22:11:36] EMOTE: INVALID/(Fitz) (155,193,9): <B>Fitz</B> makes an excited booping sound!
[2023-02-16T22:11:47] GAME: TIDI: 0.333333;0.791932;1.27546;1.24687
[2023-02-16T22:12:04] EMOTE: INVALID/(Ian) (134,134,2): <B>Ian</B> dances around.
[2023-02-16T22:12:14] EMOTE: INVALID/(Cleanbot) (82,234,9): <B>Cleanbot</B> makes an excited booping sound!
[2023-02-16T22:12:24] EMOTE: INVALID/(Cleanbot) (82,234,9): <B>Cleanbot</B> makes an excited booping sound!
[2023-02-16T22:12:47] GAME: TIDI: 0.333333;0.654353;1.15124;1.23731
[2023-02-16T22:13:08] EMOTE: INVALID/(Ian) (135,134,2): <B>Ian</B> chases their tail.
[2023-02-16T22:13:08] EMOTE: INVALID/(Cleanbot) (82,234,9): <B>Cleanbot</B> makes an excited booping sound!
[2023-02-16T22:13:18] EMOTE: INVALID/(Ian) (136,134,2): <B>Ian</B> chases their tail.
[2023-02-16T22:13:39] EMOTE: INVALID/(Fitz) (155,193,9): <B>Fitz</B> makes an excited booping sound!
[2023-02-16T22:13:47] EMOTE: INVALID/(Cleanbot) (82,234,9): <B>Cleanbot</B> makes an excited booping sound!
[2023-02-16T22:13:48] GAME: TIDI: 0.5;0.608047;1.0426;1.21784
[2023-02-16T22:14:27] EMOTE: INVALID/(Fitz) (155,193,9): <B>Fitz</B> makes an excited booping sound!
[2023-02-16T22:14:35] EMOTE: INVALID/(Cleanbot) (82,234,9): <B>Cleanbot</B> makes an excited booping sound!
[2023-02-16T22:14:39] EMOTE: INVALID/(Cleanbot) (82,234,9): <B>Cleanbot</B> makes an excited booping sound!
[2023-02-16T22:14:48] GAME: TIDI: 0.166667;0.475633;0.929206;1.18898
[2023-02-16T22:14:55] EMOTE: INVALID/(Ian) (137,134,2): <B>Ian</B> chases their tail.
[2023-02-16T22:15:03] EMOTE: INVALID/(Cleanbot) (82,234,9): <B>Cleanbot</B> makes an excited booping sound!
[2023-02-16T22:15:48] GAME: TIDI: 0.333333;0.432943;0.829954;1.15307
[2023-02-16T22:16:11] EMOTE: INVALID/(Fitz) (155,193,9): <B>Fitz</B> makes an excited booping sound!
[2023-02-16T22:16:29] EMOTE: INVALID/(Fitz) (155,193,9): <B>Fitz</B> makes an excited booping sound!
[2023-02-16T22:16:35] EMOTE: INVALID/(Fitz) (155,193,9): <B>Fitz</B> makes an excited booping sound!
[2023-02-16T22:16:41] EMOTE: INVALID/(Ian) (137,134,2): <B>Ian</B> dances around.
[2023-02-16T22:16:48] GAME: TIDI: 0.5;0.45306;0.754575;1.11322
[2023-02-16T22:17:48] GAME: TIDI: 0.166667;0.367142;0.677088;1.06961
[2023-02-16T22:18:37] EMOTE: INVALID/(Fitz) (155,193,9): <B>Fitz</B> makes an excited booping sound!
[2023-02-16T22:18:48] GAME: TIDI: 0.166667;0.306999;0.603071;1.02296
[2023-02-16T22:19:28] EMOTE: INVALID/(Fitz) (155,193,9): <B>Fitz</B> makes an excited booping sound!
[2023-02-16T22:19:49] GAME: TIDI: 0.333333;0.3149;0.545436;0.975205
[2023-02-16T22:20:20] EMOTE: INVALID/(Fitz) (155,193,9): <B>Fitz</B> makes an excited booping sound!
[2023-02-16T22:20:28] EMOTE: INVALID/(Fitz) (155,193,9): <B>Fitz</B> makes an excited booping sound!
[2023-02-16T22:20:49] GAME: TIDI: 0.333333;0.32043;0.500435;0.927728
[2023-02-16T22:21:22] EMOTE: INVALID/(Ian) (135,134,2): <B>Ian</B> chases their tail.
[2023-02-16T22:21:28] EMOTE: INVALID/(Fitz) (155,193,9): <B>Fitz</B> makes an excited booping sound!
[2023-02-16T22:21:34] EMOTE: INVALID/(Ian) (136,134,2): <B>Ian</B> chases their tail.
[2023-02-16T22:21:49] GAME: TIDI: 0.166667;0.274301;0.455208;0.880476
[2023-02-16T22:22:16] SAY: INVALID/(Medibot) (97,221,9): There's always a catch, and it's the best there is.
[2023-02-16T22:22:49] GAME: TIDI: 0.333333;0.292011;0.422569;0.834685
[2023-02-16T22:23:10] SAY: INVALID/(Medibot) (97,221,9): Radar, put a mask on!
[2023-02-16T22:23:26] EMOTE: INVALID/(Fitz) (155,193,9): <B>Fitz</B> makes an excited booping sound!
[2023-02-16T22:23:49] GAME: TIDI: 0.333333;0.304407;0.398936;0.79111
[2023-02-16T22:24:26] SAY: INVALID/(Medibot) (97,221,9): I knew it, I should've been a plastic surgeon.
[2023-02-16T22:24:46] EMOTE: INVALID/(Cleanbot) (82,234,9): <B>Cleanbot</B> makes an excited booping sound!
[2023-02-16T22:24:49] GAME: TIDI: 0.166667;0.263085;0.371766;0.749176
[2023-02-16T22:24:54] EMOTE: INVALID/(Ian) (135,131,2): <B>Ian</B> dances around.
[2023-02-16T22:25:25] SAY: INVALID/(Medibot) (97,221,9): Delicious!
[2023-02-16T22:25:49] GAME: TIDI: 0.166667;0.23416;0.344245;0.708683
[2023-02-16T22:26:50] GAME: TIDI: 0.166667;0.213912;0.318178;0.669632
[2023-02-16T22:27:50] GAME: TIDI: 0.166667;0.199738;0.29449;0.632118
[2023-02-16T22:28:41] EMOTE: INVALID/(Fitz) (155,193,9): <B>Fitz</B> makes an excited booping sound!
[2023-02-16T22:28:52] GAME: TIDI: 4;1.33982;0.503556;0.619262
[2023-02-16T22:29:11] EMOTE: INVALID/(Fitz) (155,193,9): <B>Fitz</B> makes an excited booping sound!
[2023-02-16T22:29:47] EMOTE: INVALID/(Cleanbot) (82,234,9): <B>Cleanbot</B> makes an excited booping sound!
[2023-02-16T22:29:52] GAME: TIDI: 0.166667;0.987872;0.600419;0.617377
[2023-02-16T22:30:52] GAME: TIDI: 0.166667;0.74151;0.628637;0.618503
[2023-02-16T22:30:55] EMOTE: INVALID/(Fitz) (155,193,9): <B>Fitz</B> makes an excited booping sound!
[2023-02-16T22:31:23] EMOTE: INVALID/(Ian) (135,132,2): <B>Ian</B> chases their tail.
[2023-02-16T22:31:50] EMOTE: INVALID/(Cleanbot) (82,234,9): <B>Cleanbot</B> makes an excited booping sound!
[2023-02-16T22:31:52] GAME: TIDI: 0.166667;0.569057;0.616721;0.618325
[2023-02-16T22:32:08] EMOTE: INVALID/(Cleanbot) (82,234,9): <B>Cleanbot</B> makes an excited booping sound!
[2023-02-16T22:32:46] SAY: INVALID/(Medibot) (97,221,9): Radar, put a mask on!
[2023-02-16T22:32:53] GAME: TIDI: 0.333333;0.49834;0.593045;0.615797
[2023-02-16T22:34:07] GAME: TIDI: 24.6667;7.74884;2.0242;0.756638
[2023-02-16T22:34:26] EMOTE: INVALID/(Ian) (135,130,2): <B>Ian</B> chases their tail.
[2023-02-16T22:35:09] GAME: TIDI: 2.5;6.17419;2.8542;0.966394
[2023-02-16T22:35:36] SAY: INVALID/(Medibot) (97,221,9): Delicious!
[2023-02-16T22:35:50] EMOTE: INVALID/(Ian) (135,132,2): <B>Ian</B> dances around.
[2023-02-16T22:36:09] GAME: TIDI: 0.166667;4.37193;3.15775;1.18553
[2023-02-16T22:36:32] EMOTE: INVALID/(Fitz) (155,193,9): <B>Fitz</B> makes an excited booping sound!
[2023-02-16T22:37:07] EMOTE: INVALID/(Fitz) (155,193,9): <B>Fitz</B> makes an excited booping sound!
[2023-02-16T22:37:09] GAME: TIDI: 0.666667;3.26035;3.17827;1.3848
[2023-02-16T22:37:25] EMOTE: INVALID/(Ian) (138,131,2): <B>Ian</B> dances around.
[2023-02-16T22:37:41] EMOTE: INVALID/(Fitz) (155,193,9): <B>Fitz</B> makes an excited booping sound!
[2023-02-16T22:38:10] GAME: TIDI: 0.333333;2.38225;3.01906;1.54823
[2023-02-16T22:38:25] EMOTE: INVALID/(Cleanbot) (82,234,9): <B>Cleanbot</B> makes an excited booping sound!
[2023-02-16T22:39:10] GAME: TIDI: 0.166667;1.71757;2.75876;1.66928
[2023-02-16T22:39:41] EMOTE: INVALID/(Cleanbot) (82,234,9): <B>Cleanbot</B> makes an excited booping sound!
[2023-02-16T22:40:07] EMOTE: INVALID/(Fitz) (155,193,9): <B>Fitz</B> makes an excited booping sound!
[2023-02-16T22:40:10] GAME: TIDI: 0.166667;1.2523;2.45747;1.7481
[2023-02-16T22:41:10] GAME: TIDI: 0.333333;0.97661;2.1613;1.78942
[2023-02-16T22:41:13] SAY: INVALID/(Medibot) (97,221,9): Radar, put a mask on!
[2023-02-16T22:41:18] ADMIN: RiotScopez/(Natalia) modified Natalia's nutrition from 263.678 to 1000
[2023-02-16T22:41:33] EMOTE: INVALID/(Fitz) (155,193,9): <B>Fitz</B> makes an excited booping sound!
[2023-02-16T22:41:59] SUBTLE: RiotScopez/(Natalia) (124,109,2): rubs their stomach.
[2023-02-16T22:42:10] GAME: TIDI: 0.166667;0.733627;1.87577;1.79806
[2023-02-16T22:42:27] EMOTE: INVALID/(Cleanbot) (82,234,9): <B>Cleanbot</B> makes an excited booping sound!
[2023-02-16T22:42:35] EMOTE: INVALID/(Cleanbot) (82,234,9): <B>Cleanbot</B> makes an excited booping sound!
[2023-02-16T22:43:09] EMOTE: INVALID/(Ian) (136,133,2): <B>Ian</B> dances around.
[2023-02-16T22:43:10] GAME: TIDI: 0.166667;0.563539;1.61332;1.77958
[2023-02-16T22:43:11] EMOTE: INVALID/(Fitz) (155,193,9): <B>Fitz</B> makes an excited booping sound!
[2023-02-16T22:43:53] EMOTE: INVALID/(Fitz) (155,193,9): <B>Fitz</B> makes an excited booping sound!
[2023-02-16T22:43:53] EMOTE: INVALID/(Cleanbot) (82,234,9): <B>Cleanbot</B> makes an excited booping sound!
[2023-02-16T22:44:10] GAME: TIDI: 0.166667;0.444477;1.37955;1.73958
[2023-02-16T22:44:47] ATTACK: RiotScopez/(Natalia) against RiotScopez/(Natalia): Implanted backup implant
[2023-02-16T22:45:10] GAME: TIDI: 0.166667;0.361134;1.17587;1.68321
[2023-02-16T22:45:42] EMOTE: INVALID/(Cleanbot) (82,234,9): <B>Cleanbot</B> makes an excited booping sound!
[2023-02-16T22:46:10] EMOTE: INVALID/(Cleanbot) (82,234,9): <B>Cleanbot</B> makes an excited booping sound!
[2023-02-16T22:46:11] GAME: TIDI: 0.833333;0.502794;1.04125;1.61901
[2023-02-16T22:47:00] SAY: INVALID/(Medibot) (97,221,9): Radar, put a mask on!
[2023-02-16T22:47:04] EMOTE: INVALID/(Fitz) (155,193,9): <B>Fitz</B> makes an excited booping sound!
[2023-02-16T22:47:11] GAME: TIDI: 0.166667;0.401956;0.913394;1.54845
[2023-02-16T22:47:26] EMOTE: INVALID/(Fitz) (155,193,9): <B>Fitz</B> makes an excited booping sound!
[2023-02-16T22:47:30] EMOTE: INVALID/(Cleanbot) (82,234,9): <B>Cleanbot</B> makes an excited booping sound!
[2023-02-16T22:48:11] GAME: TIDI: 0.333333;0.381369;0.806989;1.4743
[2023-02-16T22:48:28] EMOTE: INVALID/(Cleanbot) (82,234,9): <B>Cleanbot</B> makes an excited booping sound!
[2023-02-16T22:49:11] GAME: TIDI: 0.166667;0.316958;0.708983;1.39777
[2023-02-16T22:49:12] SAY: INVALID/(Medibot) (97,221,9): There's always a catch, and it's the best there is.
[2023-02-16T22:49:22] EMOTE: INVALID/(Fitz) (155,193,9): <B>Fitz</B> makes an excited booping sound!
[2023-02-16T22:50:08] EMOTE: INVALID/(Fitz) (155,193,9): <B>Fitz</B> makes an excited booping sound!
[2023-02-16T22:50:13] GAME: TIDI: 2.83333;1.07187;0.78156;1.33615
[2023-02-16T22:51:08] EMOTE: INVALID/(Fitz) (155,193,9): <B>Fitz</B> makes an excited booping sound!
[2023-02-16T22:51:10] EMOTE: INVALID/(Cleanbot) (82,234,9): <B>Cleanbot</B> makes an excited booping sound!
[2023-02-16T22:51:13] GAME: TIDI: 0.166667;0.80031;0.78531;1.28107
[2023-02-16T22:51:36] EMOTE: INVALID/(Cleanbot) (82,234,9): <B>Cleanbot</B> makes an excited booping sound!
[2023-02-16T22:52:13] GAME: TIDI: 0.166667;0.610217;0.750292;1.22799
[2023-02-16T22:52:20] SAY: INVALID/(Medibot) (97,221,9): What kind of medbay is this? Everyone's dropping like flies.
[2023-02-16T22:52:32] EMOTE: INVALID/(Ian) (135,135,2): <B>Ian</B> chases their tail.
[2023-02-16T22:52:40] SAY: INVALID/(Medibot) (97,221,9): Radar, put a mask on!
[2023-02-16T22:52:48] EMOTE: INVALID/(Fitz) (155,193,9): <B>Fitz</B> makes an excited booping sound!
[2023-02-16T22:53:15] GAME: TIDI: 2.5;1.17715;0.835664;1.18876
[2023-02-16T22:53:46] EMOTE: INVALID/(Fitz) (155,193,9): <B>Fitz</B> makes an excited booping sound!
[2023-02-16T22:53:50] EMOTE: INVALID/(Fitz) (155,193,9): <B>Fitz</B> makes an excited booping sound!
[2023-02-16T22:54:15] GAME: TIDI: 0.333333;0.924006;0.853332;1.15521
[2023-02-16T22:55:17] GAME: TIDI: 3.83333;1.7968;1.04203;1.1439
[2023-02-16T22:56:04] EMOTE: INVALID/(Cleanbot) (82,234,9): <B>Cleanbot</B> makes an excited booping sound!
[2023-02-16T22:56:12] EMOTE: INVALID/(Fitz) (155,193,9): <B>Fitz</B> makes an excited booping sound!
[2023-02-16T22:56:17] GAME: TIDI: 0.333333;1.35776;1.10517;1.14002
[2023-02-16T22:56:51] SAY: INVALID/(Medibot) (97,221,9): There's always a catch, and it's the best there is.
[2023-02-16T22:57:20] GAME: TIDI: 3.66667;2.05043;1.29423;1.15544
[2023-02-16T22:57:37] EMOTE: INVALID/(Cleanbot) (82,234,9): <B>Cleanbot</B> makes an excited booping sound!
[2023-02-16T22:57:59] EMOTE: INVALID/(Fitz) (155,193,9): <B>Fitz</B> makes an excited booping sound!
[2023-02-16T22:57:59] EMOTE: INVALID/(Cleanbot) (82,234,9): <B>Cleanbot</B> makes an excited booping sound!
[2023-02-16T22:58:11] SAY: INVALID/(Medibot) (97,221,9): Radar, put a mask on!
[2023-02-16T22:58:20] GAME: TIDI: 0.166667;1.4853;1.33244;1.17314
[2023-02-16T22:58:55] EMOTE: INVALID/(Cleanbot) (82,234,9): <B>Cleanbot</B> makes an excited booping sound!
[2023-02-16T22:59:22] GAME: TIDI: 3.83333;2.18971;1.5039;1.20622
[2023-02-16T22:59:45] EMOTE: INVALID/(Cleanbot) (82,234,9): <B>Cleanbot</B> makes an excited booping sound!
[2023-02-16T23:00:22] GAME: TIDI: 0.166667;1.5828;1.51968;1.23756
[2023-02-16T23:00:35] EMOTE: INVALID/(Fitz) (155,193,9): <B>Fitz</B> makes an excited booping sound!
[2023-02-16T23:01:24] GAME: TIDI: 4;2.30796;1.67733;1.28154
[2023-02-16T23:02:25] GAME: TIDI: 0.166667;1.66557;1.67498;1.32089
[2023-02-16T23:02:28] EMOTE: INVALID/(Cleanbot) (82,234,9): <B>Cleanbot</B> makes an excited booping sound!
[2023-02-16T23:03:08] EMOTE: INVALID/(Cleanbot) (82,234,9): <B>Cleanbot</B> makes an excited booping sound!
[2023-02-16T23:03:25] GAME: TIDI: 0.333333;1.2659;1.59316;1.34811
[2023-02-16T23:03:32] SAY: INVALID/(Medibot) (97,221,9): What kind of medbay is this? Everyone's dropping like flies.
[2023-02-16T23:03:38] SAY: INVALID/(Medibot) (97,221,9): Delicious!
[2023-02-16T23:03:40] EMOTE: INVALID/(Ian) (136,134,2): <B>Ian</B> dances around.
[2023-02-16T23:04:25] GAME: TIDI: 0.166667;0.93613;1.46176;1.35948
[2023-02-16T23:04:26] EMOTE: INVALID/(Fitz) (155,193,9): <B>Fitz</B> makes an excited booping sound!
[2023-02-16T23:04:46] EMOTE: INVALID/(Cleanbot) (82,234,9): <B>Cleanbot</B> makes an excited booping sound!
[2023-02-16T23:05:14] SAY: INVALID/(Medibot) (97,221,9): There's always a catch, and it's the best there is.
[2023-02-16T23:05:16] EMOTE: INVALID/(Fitz) (155,193,9): <B>Fitz</B> makes an excited booping sound!
[2023-02-16T23:05:25] GAME: TIDI: 0.166667;0.705291;1.31046;1.35458
[2023-02-16T23:05:50] EMOTE: INVALID/(Cleanbot) (82,234,9): <B>Cleanbot</B> makes an excited booping sound!
[2023-02-16T23:06:25] GAME: TIDI: 0.166667;0.543704;1.15711;1.33483
[2023-02-16T23:06:44] EMOTE: INVALID/(Ian) (135,132,2): <B>Ian</B> chases their tail.
[2023-02-16T23:06:58] EMOTE: INVALID/(Cleanbot) (82,234,9): <B>Cleanbot</B> makes an excited booping sound!
[2023-02-16T23:07:06] SAY: INVALID/(Medibot) (97,221,9): There's always a catch, and it's the best there is.
[2023-02-16T23:07:25] GAME: TIDI: 0.166667;0.430593;1.01181;1.30253
[2023-02-16T23:07:36] SAY: INVALID/(Medibot) (97,221,9): Delicious!
[2023-02-16T23:07:38] EMOTE: INVALID/(Fitz) (155,193,9): <B>Fitz</B> makes an excited booping sound!
[2023-02-16T23:08:25] GAME: TIDI: 0.333333;0.401415;0.88973;1.26125
[2023-02-16T23:08:28] EMOTE: INVALID/(Cleanbot) (82,234,9): <B>Cleanbot</B> makes an excited booping sound!
[2023-02-16T23:08:42] EMOTE: INVALID/(Fitz) (155,193,9): <B>Fitz</B> makes an excited booping sound!
[2023-02-16T23:08:57] EMOTE: INVALID/(Ian) (135,135,2): <B>Ian</B> dances around.
[2023-02-16T23:08:57] SAY: INVALID/(Medibot) (97,221,9): Radar, put a mask on!
[2023-02-16T23:09:09] EMOTE: INVALID/(Cleanbot) (82,234,9): <B>Cleanbot</B> makes an excited booping sound!
[2023-02-16T23:09:25] GAME: TIDI: 0.166667;0.33099;0.777982;1.21292
[2023-02-16T23:09:29] SAY: INVALID/(Medibot) (97,221,9): There's always a catch, and it's the best there is.
[2023-02-16T23:09:29] EMOTE: INVALID/(Cleanbot) (82,234,9): <B>Cleanbot</B> makes an excited booping sound!
[2023-02-16T23:09:45] SAY: INVALID/(Medibot) (97,221,9): Delicious!
[2023-02-16T23:09:51] EMOTE: INVALID/(Cleanbot) (82,234,9): <B>Cleanbot</B> makes an excited booping sound!
[2023-02-16T23:10:26] GAME: TIDI: 0.5;0.381693;0.698724;1.1615
[2023-02-16T23:10:49] EMOTE: INVALID/(Ian) (135,135,2): <B>Ian</B> chases their tail.
[2023-02-16T23:10:59] EMOTE: INVALID/(Cleanbot) (82,234,9): <B>Cleanbot</B> makes an excited booping sound!
[2023-02-16T23:11:05] EMOTE: INVALID/(Fitz) (155,193,9): <B>Fitz</B> makes an excited booping sound!
[2023-02-16T23:11:26] GAME: TIDI: 0.333333;0.367185;0.632416;1.10859
[2023-02-16T23:12:26] GAME: TIDI: 0.166667;0.30703;0.567339;1.05447
[2023-02-16T23:13:23] EMOTE: INVALID/(Cleanbot) (82,234,9): <B>Cleanbot</B> makes an excited booping sound!
[2023-02-16T23:13:26] GAME: TIDI: 0.333333;0.314921;0.516855;1.00071
[2023-02-16T23:14:07] EMOTE: INVALID/(Cleanbot) (82,234,9): <B>Cleanbot</B> makes an excited booping sound!
[2023-02-16T23:14:26] GAME: TIDI: 0.166667;0.270445;0.467573;0.947393
[2023-02-16T23:14:35] EMOTE: INVALID/(Ian) (135,134,2): <B>Ian</B> chases their tail.
[2023-02-16T23:15:26] GAME: TIDI: 0.166667;0.239311;0.421921;0.894846
[2023-02-16T23:15:35] EMOTE: INVALID/(Ian) (135,131,2): <B>Ian</B> chases their tail.
[2023-02-16T23:15:59] EMOTE: INVALID/(Cleanbot) (82,234,9): <B>Cleanbot</B> makes an excited booping sound!
[2023-02-16T23:16:13] EMOTE: INVALID/(Fitz) (155,193,9): <B>Fitz</B> makes an excited booping sound!
[2023-02-16T23:16:25] EMOTE: INVALID/(Fitz) (155,193,9): <B>Fitz</B> makes an excited booping sound!
[2023-02-16T23:16:28] GAME: TIDI: 2.5;0.917518;0.52104;0.857465
[2023-02-16T23:17:28] GAME: TIDI: 0.333333;0.742262;0.565285;0.828247
[2023-02-16T23:17:43] SAY: INVALID/(Medibot) (97,221,9): There's always a catch, and it's the best there is.
[2023-02-16T23:18:22] EMOTE: INVALID/(Fitz) (155,193,9): <B>Fitz</B> makes an excited booping sound!
[2023-02-16T23:18:31] GAME: TIDI: 5;2.01958;0.856144;0.831037
[2023-02-16T23:18:46] SAY: INVALID/(Medibot) (97,221,9): Delicious!
[2023-02-16T23:19:00] EMOTE: INVALID/(Cleanbot) (82,234,9): <B>Cleanbot</B> makes an excited booping sound!
[2023-02-16T23:19:08] EMOTE: INVALID/(Fitz) (155,193,9): <B>Fitz</B> makes an excited booping sound!
[2023-02-16T23:19:31] GAME: TIDI: 0.166667;1.46371;0.977657;0.845699
[2023-02-16T23:19:46] EMOTE: INVALID/(Fitz) (155,193,9): <B>Fitz</B> makes an excited booping sound!
[2023-02-16T23:20:00] SAY: INVALID/(Medibot) (97,221,9): Radar, put a mask on!
[2023-02-16T23:20:04] SAY: INVALID/(Medibot) (97,221,9): What kind of medbay is this? Everyone's dropping like flies.
[2023-02-16T23:20:31] GAME: TIDI: 0.166667;1.0746;0.997045;0.860833
[2023-02-16T23:20:49] SAY: INVALID/(Medibot) (97,221,9): There's always a catch, and it's the best there is.
[2023-02-16T23:21:34] GAME: TIDI: 4;1.95222;1.18808;0.893558
[2023-02-16T23:22:26] ADMIN: <a href='?priv_msg=[0x5000000]'>RiotScopez</a>/(Natalia) has entered a stasis pod. (<A HREF='?_src_=holder;admin_token=31071060926107108833351116516107495710;adminplayerobservecoodjump=1;X=102;Y=83;Z=2'>JMP</a>)
[2023-02-16T23:22:34] GAME: TIDI: 0.333333;1.46655;1.24377;0.92858
[2023-02-16T23:22:37] ACCESS OUT: INVALID/(Natalia) - IP:127.0.0.1 - CID:Logged Out - BYOND Logged Out
[2023-02-16T23:22:37] ACCESS IN: RiotScopez/(Natalia) - IP:127.0.0.1 - CID:1871707424 - BYOND v514
[2023-02-16T23:22:37] ADMIN: INVALID/(Natalia) RiotScopez/(Natalia) admin-ghosted.
[2023-02-16T23:22:39] GAME: CRYO INVALID/(Natalia) cryo'd with advanced device power cell (/obj/item/weapon/cell/device/weapon)
[2023-02-16T23:22:39] GAME: CRYO INVALID/(Natalia) cryo'd with advanced device power cell (/obj/item/weapon/cell/device/weapon)
[2023-02-16T23:22:39] GAME: CRYO INVALID/(Natalia) cryo'd with officer heavy armor vest (/obj/item/clothing/suit/storage/vest/heavy/officer)
[2023-02-16T23:22:39] GAME: CRYO INVALID/(Natalia) cryo'd with device power cell (/obj/item/weapon/cell/device)
[2023-02-16T23:22:39] GAME: CRYO INVALID/(Natalia) cryo'd with grey trenchcoat (/obj/item/clothing/suit/storage/trench/grey)
[2023-02-16T23:22:39] ADMIN: EVENT @RiotScopez/(Natalia) (Security Contractor) entered cryostorage.
[2023-02-16T23:22:40] ADMIN: EVENT Error: /mob/living/carbon/human([0x30002dd]) took longer than 0.5 seconds to delete (took 0.6 seconds to delete)
[2023-02-16T23:22:48] EMOTE: INVALID/(Cleanbot) (82,234,9): <B>Cleanbot</B> makes an excited booping sound!
[2023-02-16T23:22:59] ACCESS OUT: INVALID/(Natalia) - IP:127.0.0.1 - CID:Logged Out - BYOND Logged Out
[2023-02-16T23:22:59] ACCESS IN: RiotScopez/(new player) - IP:127.0.0.1 - CID:1871707424 - BYOND v514
[2023-02-16T23:23:08] SAY: INVALID/(Medibot) (97,221,9): Radar, put a mask on!
[2023-02-16T23:23:12] GAME: TRAITS riotscopez/(Natalia) with: /datum/trait/positive/brute_resist;/datum/trait/positive/rad_resistance;/datum/trait/neutral/taller;/datum/trait/neutral/dominate_prey;/datum/trait/neutral/fat;/datum/trait/neutral/big_mouth_hyper;/datum/trait/neutral/glowing_eyes;/datum/trait/neutral/alcohol_immunity;/datum/trait/neutral/hard_vore;/datum/trait/neutral/micro_size_up;/datum/trait/neutral/nutritiongrow;/datum/trait/neutral/trashcan;/datum/trait/neutral/vertical_nom,;/datum/trait/negative/deep_sleeper
[2023-02-16T23:23:24] EMOTE: INVALID/(Cleanbot) (82,234,9): <B>Cleanbot</B> makes an excited booping sound!
[2023-02-16T23:23:30] EMOTE: INVALID/(Fitz) (155,193,9): <B>Fitz</B> makes an excited booping sound!
[2023-02-16T23:23:37] GAME: TIDI: 4.5;2.37659;1.47034;0.982755
[2023-02-16T23:24:25] GAME: TRAITS riotscopez/(KI-RA V1.49) with: /datum/trait/positive/brute_resist;/datum/trait/positive/rad_resistance;/datum/trait/neutral/taller;/datum/trait/neutral/dominate_prey;/datum/trait/neutral/fat;/datum/trait/neutral/big_mouth_hyper;/datum/trait/neutral/glowing_eyes;/datum/trait/neutral/alcohol_immunity;/datum/trait/neutral/hard_vore;/datum/trait/neutral/micro_size_up;/datum/trait/neutral/nutritiongrow;/datum/trait/neutral/trashcan;/datum/trait/neutral/vertical_nom,;/datum/trait/negative/deep_sleeper
[2023-02-16T23:24:37] GAME: TIDI: 0.5;1.81361;1.53899;1.03838
[2023-02-16T23:24:47] GAME: TRAITS riotscopez/(KI-RA V1.49) with: /datum/trait/positive/brute_resist;/datum/trait/positive/rad_resistance;/datum/trait/neutral/taller;/datum/trait/neutral/dominate_prey;/datum/trait/neutral/fat;/datum/trait/neutral/big_mouth_hyper;/datum/trait/neutral/glowing_eyes;/datum/trait/neutral/alcohol_immunity;/datum/trait/neutral/hard_vore;/datum/trait/neutral/micro_size_up;/datum/trait/neutral/nutritiongrow;/datum/trait/neutral/trashcan;/datum/trait/neutral/vertical_nom,;/datum/trait/negative/deep_sleeper
[2023-02-16T23:24:49] GAME: TRAITS riotscopez/(KI-RA V1.49) with: /datum/trait/positive/brute_resist;/datum/trait/positive/rad_resistance;/datum/trait/neutral/taller;/datum/trait/neutral/dominate_prey;/datum/trait/neutral/fat;/datum/trait/neutral/big_mouth_hyper;/datum/trait/neutral/glowing_eyes;/datum/trait/neutral/alcohol_immunity;/datum/trait/neutral/hard_vore;/datum/trait/neutral/micro_size_up;/datum/trait/neutral/nutritiongrow;/datum/trait/neutral/trashcan;/datum/trait/neutral/vertical_nom,;/datum/trait/negative/deep_sleeper
[2023-02-16T23:24:50] GAME: TRAITS riotscopez/(KI-RA V1.49) with: /datum/trait/positive/brute_resist;/datum/trait/positive/rad_resistance;/datum/trait/neutral/taller;/datum/trait/neutral/dominate_prey;/datum/trait/neutral/fat;/datum/trait/neutral/big_mouth_hyper;/datum/trait/neutral/glowing_eyes;/datum/trait/neutral/alcohol_immunity;/datum/trait/neutral/hard_vore;/datum/trait/neutral/micro_size_up;/datum/trait/neutral/nutritiongrow;/datum/trait/neutral/trashcan;/datum/trait/neutral/vertical_nom,;/datum/trait/negative/deep_sleeper
[2023-02-16T23:24:51] EMOTE: INVALID/(Fitz) (155,193,9): <B>Fitz</B> makes an excited booping sound!
[2023-02-16T23:25:06] GAME: TRAITS riotscopez/(KI-RA V1.49) with: /datum/trait/positive/brute_resist;/datum/trait/positive/rad_resistance;/datum/trait/neutral/taller;/datum/trait/neutral/dominate_prey;/datum/trait/neutral/fat;/datum/trait/neutral/big_mouth_hyper;/datum/trait/neutral/glowing_eyes;/datum/trait/neutral/alcohol_immunity;/datum/trait/neutral/hard_vore;/datum/trait/neutral/micro_size_up;/datum/trait/neutral/nutritiongrow;/datum/trait/neutral/trashcan;/datum/trait/neutral/vertical_nom,;/datum/trait/negative/deep_sleeper
[2023-02-16T23:25:14] EMOTE: INVALID/(Cleanbot) (82,234,9): <B>Cleanbot</B> makes an excited booping sound!
[2023-02-16T23:25:17] GAME: TRAITS riotscopez/(KI-RA V1.49) with: /datum/trait/positive/brute_resist;/datum/trait/positive/rad_resistance;/datum/trait/neutral/taller;/datum/trait/neutral/dominate_prey;/datum/trait/neutral/fat;/datum/trait/neutral/big_mouth_hyper;/datum/trait/neutral/glowing_eyes;/datum/trait/neutral/alcohol_immunity;/datum/trait/neutral/hard_vore;/datum/trait/neutral/micro_size_up;/datum/trait/neutral/nutritiongrow;/datum/trait/neutral/trashcan;/datum/trait/neutral/vertical_nom,;/datum/trait/negative/deep_sleeper
[2023-02-16T23:25:23] GAME: TRAITS riotscopez/(KI-RA V1.49) with: /datum/trait/positive/brute_resist;/datum/trait/positive/rad_resistance;/datum/trait/neutral/taller;/datum/trait/neutral/dominate_prey;/datum/trait/neutral/fat;/datum/trait/neutral/big_mouth_hyper;/datum/trait/neutral/glowing_eyes;/datum/trait/neutral/alcohol_immunity;/datum/trait/neutral/hard_vore;/datum/trait/neutral/micro_size_up;/datum/trait/neutral/nutritiongrow;/datum/trait/neutral/trashcan;/datum/trait/neutral/vertical_nom,;/datum/trait/negative/deep_sleeper
[2023-02-16T23:25:28] GAME: TRAITS riotscopez/(KI-RA V1.49) with: /datum/trait/positive/brute_resist;/datum/trait/positive/rad_resistance;/datum/trait/neutral/taller;/datum/trait/neutral/dominate_prey;/datum/trait/neutral/fat;/datum/trait/neutral/big_mouth_hyper;/datum/trait/neutral/glowing_eyes;/datum/trait/neutral/alcohol_immunity;/datum/trait/neutral/hard_vore;/datum/trait/neutral/micro_size_up;/datum/trait/neutral/nutritiongrow;/datum/trait/neutral/trashcan;/datum/trait/neutral/vertical_nom,;/datum/trait/negative/deep_sleeper
[2023-02-16T23:25:30] SAY: INVALID/(Medibot) (97,221,9): I knew it, I should've been a plastic surgeon.
[2023-02-16T23:25:33] GAME: TRAITS riotscopez/(KI-RA V1.49) with: /datum/trait/positive/brute_resist;/datum/trait/positive/rad_resistance;/datum/trait/neutral/taller;/datum/trait/neutral/dominate_prey;/datum/trait/neutral/fat;/datum/trait/neutral/big_mouth_hyper;/datum/trait/neutral/glowing_eyes;/datum/trait/neutral/alcohol_immunity;/datum/trait/neutral/hard_vore;/datum/trait/neutral/micro_size_up;/datum/trait/neutral/nutritiongrow;/datum/trait/neutral/trashcan;/datum/trait/neutral/vertical_nom,;/datum/trait/negative/deep_sleeper
[2023-02-16T23:25:39] GAME: TRAITS riotscopez/(KI-RA V1.49) with: /datum/trait/positive/brute_resist;/datum/trait/positive/rad_resistance;/datum/trait/neutral/taller;/datum/trait/neutral/dominate_prey;/datum/trait/neutral/fat;/datum/trait/neutral/big_mouth_hyper;/datum/trait/neutral/glowing_eyes;/datum/trait/neutral/alcohol_immunity;/datum/trait/neutral/hard_vore;/datum/trait/neutral/micro_size_up;/datum/trait/neutral/nutritiongrow;/datum/trait/neutral/trashcan;/datum/trait/neutral/vertical_nom,;/datum/trait/negative/deep_sleeper
[2023-02-16T23:25:40] GAME: TIDI: 5;2.76953;1.7851;1.11305
[2023-02-16T23:25:44] GAME: TRAITS riotscopez/(KI-RA V1.49) with: /datum/trait/positive/brute_resist;/datum/trait/positive/rad_resistance;/datum/trait/neutral/taller;/datum/trait/neutral/dominate_prey;/datum/trait/neutral/fat;/datum/trait/neutral/big_mouth_hyper;/datum/trait/neutral/glowing_eyes;/datum/trait/neutral/alcohol_immunity;/datum/trait/neutral/hard_vore;/datum/trait/neutral/micro_size_up;/datum/trait/neutral/nutritiongrow;/datum/trait/neutral/trashcan;/datum/trait/neutral/vertical_nom,;/datum/trait/negative/deep_sleeper
[2023-02-16T23:25:59] EMOTE: INVALID/(Cleanbot) (82,234,9): <B>Cleanbot</B> makes an excited booping sound!
[2023-02-16T23:26:15] GAME: TRAITS riotscopez/(KI-RA V1.49) with: /datum/trait/positive/brute_resist;/datum/trait/positive/rad_resistance;/datum/trait/neutral/taller;/datum/trait/neutral/dominate_prey;/datum/trait/neutral/fat;/datum/trait/neutral/big_mouth_hyper;/datum/trait/neutral/glowing_eyes;/datum/trait/neutral/alcohol_immunity;/datum/trait/neutral/hard_vore;/datum/trait/neutral/micro_size_up;/datum/trait/neutral/nutritiongrow;/datum/trait/neutral/trashcan;/datum/trait/neutral/vertical_nom,;/datum/trait/negative/deep_sleeper
[2023-02-16T23:26:24] GAME: TRAITS riotscopez/(KI-RA V1.49) with: /datum/trait/positive/brute_resist;/datum/trait/positive/rad_resistance;/datum/trait/neutral/taller;/datum/trait/neutral/dominate_prey;/datum/trait/neutral/fat;/datum/trait/neutral/big_mouth_hyper;/datum/trait/neutral/glowing_eyes;/datum/trait/neutral/alcohol_immunity;/datum/trait/neutral/hard_vore;/datum/trait/neutral/micro_size_up;/datum/trait/neutral/nutritiongrow;/datum/trait/neutral/trashcan;/datum/trait/neutral/vertical_nom,;/datum/trait/negative/deep_sleeper
[2023-02-16T23:26:30] EMOTE: INVALID/(Fitz) (155,193,9): <B>Fitz</B> makes an excited booping sound!
[2023-02-16T23:26:32] GAME: TRAITS riotscopez/(KI-RA V1.49) with: /datum/trait/positive/brute_resist;/datum/trait/positive/rad_resistance;/datum/trait/neutral/taller;/datum/trait/neutral/dominate_prey;/datum/trait/neutral/fat;/datum/trait/neutral/big_mouth_hyper;/datum/trait/neutral/glowing_eyes;/datum/trait/neutral/alcohol_immunity;/datum/trait/neutral/hard_vore;/datum/trait/neutral/micro_size_up;/datum/trait/neutral/nutritiongrow;/datum/trait/neutral/trashcan;/datum/trait/neutral/vertical_nom,;/datum/trait/negative/deep_sleeper
[2023-02-16T23:26:41] GAME: TIDI: 1.66667;2.43867;1.91581;1.19333
[2023-02-16T23:26:41] GAME: TRAITS riotscopez/(KI-RA V1.49) with: /datum/trait/positive/brute_resist;/datum/trait/positive/rad_resistance;/datum/trait/neutral/taller;/datum/trait/neutral/dominate_prey;/datum/trait/neutral/fat;/datum/trait/neutral/big_mouth_hyper;/datum/trait/neutral/glowing_eyes;/datum/trait/neutral/alcohol_immunity;/datum/trait/neutral/hard_vore;/datum/trait/neutral/micro_size_up;/datum/trait/neutral/nutritiongrow;/datum/trait/neutral/trashcan;/datum/trait/neutral/vertical_nom,;/datum/trait/negative/deep_sleeper
[2023-02-16T23:26:46] EMOTE: INVALID/(Fitz) (155,193,9): <B>Fitz</B> makes an excited booping sound!
[2023-02-16T23:26:50] GAME: TRAITS riotscopez/(KI-RA V1.49) with: /datum/trait/positive/brute_resist;/datum/trait/positive/rad_resistance;/datum/trait/neutral/taller;/datum/trait/neutral/dominate_prey;/datum/trait/neutral/fat;/datum/trait/neutral/big_mouth_hyper;/datum/trait/neutral/glowing_eyes;/datum/trait/neutral/alcohol_immunity;/datum/trait/neutral/hard_vore;/datum/trait/neutral/micro_size_up;/datum/trait/neutral/nutritiongrow;/datum/trait/neutral/trashcan;/datum/trait/neutral/vertical_nom,;/datum/trait/negative/deep_sleeper
[2023-02-16T23:26:58] EMOTE: INVALID/(Cleanbot) (82,234,9): <B>Cleanbot</B> makes an excited booping sound!
[2023-02-16T23:26:59] GAME: TRAITS riotscopez/(KI-RA V1.49) with: /datum/trait/positive/brute_resist;/datum/trait/positive/rad_resistance;/datum/trait/neutral/taller;/datum/trait/neutral/dominate_prey;/datum/trait/neutral/fat;/datum/trait/neutral/big_mouth_hyper;/datum/trait/neutral/glowing_eyes;/datum/trait/neutral/alcohol_immunity;/datum/trait/neutral/hard_vore;/datum/trait/neutral/micro_size_up;/datum/trait/neutral/nutritiongrow;/datum/trait/neutral/trashcan;/datum/trait/neutral/vertical_nom,;/datum/trait/negative/deep_sleeper
[2023-02-16T23:27:05] GAME: TRAITS riotscopez/(KI-RA V1.49) with: /datum/trait/positive/brute_resist;/datum/trait/positive/rad_resistance;/datum/trait/neutral/taller;/datum/trait/neutral/dominate_prey;/datum/trait/neutral/fat;/datum/trait/neutral/big_mouth_hyper;/datum/trait/neutral/glowing_eyes;/datum/trait/neutral/alcohol_immunity;/datum/trait/neutral/hard_vore;/datum/trait/neutral/micro_size_up;/datum/trait/neutral/nutritiongrow;/datum/trait/neutral/trashcan;/datum/trait/neutral/vertical_nom,;/datum/trait/negative/deep_sleeper
[2023-02-16T23:27:10] GAME: TRAITS riotscopez/(KI-RA V1.49) with: /datum/trait/positive/brute_resist;/datum/trait/positive/rad_resistance;/datum/trait/neutral/taller;/datum/trait/neutral/dominate_prey;/datum/trait/neutral/fat;/datum/trait/neutral/big_mouth_hyper;/datum/trait/neutral/glowing_eyes;/datum/trait/neutral/alcohol_immunity;/datum/trait/neutral/hard_vore;/datum/trait/neutral/micro_size_up;/datum/trait/neutral/nutritiongrow;/datum/trait/neutral/trashcan;/datum/trait/neutral/vertical_nom,;/datum/trait/negative/deep_sleeper
[2023-02-16T23:27:18] GAME: TRAITS riotscopez/(KI-RA V1.49) with: /datum/trait/positive/brute_resist;/datum/trait/positive/rad_resistance;/datum/trait/neutral/taller;/datum/trait/neutral/dominate_prey;/datum/trait/neutral/fat;/datum/trait/neutral/big_mouth_hyper;/datum/trait/neutral/glowing_eyes;/datum/trait/neutral/alcohol_immunity;/datum/trait/neutral/hard_vore;/datum/trait/neutral/micro_size_up;/datum/trait/neutral/nutritiongrow;/datum/trait/neutral/trashcan;/datum/trait/neutral/vertical_nom,;/datum/trait/negative/deep_sleeper
[2023-02-16T23:27:42] GAME: TIDI: 1.83333;2.25707;1.98406;1.2724
[2023-02-16T23:27:58] GAME: TRAITS riotscopez/(KI-RA V1.49) with: /datum/trait/positive/brute_resist;/datum/trait/positive/rad_resistance;/datum/trait/neutral/taller;/datum/trait/neutral/dominate_prey;/datum/trait/neutral/fat;/datum/trait/neutral/big_mouth_hyper;/datum/trait/neutral/glowing_eyes;/datum/trait/neutral/alcohol_immunity;/datum/trait/neutral/hard_vore;/datum/trait/neutral/micro_size_up;/datum/trait/neutral/nutritiongrow;/datum/trait/neutral/trashcan;/datum/trait/neutral/vertical_nom,;/datum/trait/negative/deep_sleeper
[2023-02-16T23:28:15] GAME: TRAITS riotscopez/(KI-RA V1.49) with: /datum/trait/positive/brute_resist;/datum/trait/positive/rad_resistance;/datum/trait/neutral/taller;/datum/trait/neutral/dominate_prey;/datum/trait/neutral/fat;/datum/trait/neutral/big_mouth_hyper;/datum/trait/neutral/glowing_eyes;/datum/trait/neutral/alcohol_immunity;/datum/trait/neutral/hard_vore;/datum/trait/neutral/micro_size_up;/datum/trait/neutral/nutritiongrow;/datum/trait/neutral/trashcan;/datum/trait/neutral/vertical_nom,;/datum/trait/negative/deep_sleeper
[2023-02-16T23:28:19] GAME: TRAITS riotscopez/(KI-RA V1.49) with: /datum/trait/positive/brute_resist;/datum/trait/positive/rad_resistance;/datum/trait/neutral/taller;/datum/trait/neutral/dominate_prey;/datum/trait/neutral/fat;/datum/trait/neutral/big_mouth_hyper;/datum/trait/neutral/glowing_eyes;/datum/trait/neutral/alcohol_immunity;/datum/trait/neutral/hard_vore;/datum/trait/neutral/micro_size_up;/datum/trait/neutral/nutritiongrow;/datum/trait/neutral/trashcan;/datum/trait/neutral/vertical_nom,;/datum/trait/negative/deep_sleeper
[2023-02-16T23:28:22] EMOTE: INVALID/(Cleanbot) (82,234,9): <B>Cleanbot</B> makes an excited booping sound!
[2023-02-16T23:28:24] EMOTE: INVALID/(Cleanbot) (82,234,9): <B>Cleanbot</B> makes an excited booping sound!
[2023-02-16T23:28:26] EMOTE: INVALID/(Fitz) (155,193,9): <B>Fitz</B> makes an excited booping sound!
[2023-02-16T23:28:30] SAY: INVALID/(Medibot) (97,221,9): Radar, put a mask on!
[2023-02-16T23:28:31] GAME: TRAITS riotscopez/(KI-RA V1.49) with: /datum/trait/positive/brute_resist;/datum/trait/positive/rad_resistance;/datum/trait/neutral/taller;/datum/trait/neutral/dominate_prey;/datum/trait/neutral/fat;/datum/trait/neutral/big_mouth_hyper;/datum/trait/neutral/glowing_eyes;/datum/trait/neutral/alcohol_immunity;/datum/trait/neutral/hard_vore;/datum/trait/neutral/micro_size_up;/datum/trait/neutral/nutritiongrow;/datum/trait/neutral/trashcan;/datum/trait/neutral/vertical_nom,;/datum/trait/negative/deep_sleeper
[2023-02-16T23:28:43] GAME: TIDI: 1.5;2.02995;1.99324;1.34448
[2023-02-16T23:29:00] GAME: TRAITS riotscopez/(KI-RA V1.49) with: /datum/trait/positive/brute_resist;/datum/trait/positive/rad_resistance;/datum/trait/neutral/taller;/datum/trait/neutral/dominate_prey;/datum/trait/neutral/fat;/datum/trait/neutral/big_mouth_hyper;/datum/trait/neutral/glowing_eyes;/datum/trait/neutral/alcohol_immunity;/datum/trait/neutral/hard_vore;/datum/trait/neutral/micro_size_up;/datum/trait/neutral/nutritiongrow;/datum/trait/neutral/trashcan;/datum/trait/neutral/vertical_nom,;/datum/trait/negative/deep_sleeper
[2023-02-16T23:29:05] GAME: TRAITS riotscopez/(KI-RA V1.49) with: /datum/trait/positive/brute_resist;/datum/trait/positive/rad_resistance;/datum/trait/neutral/taller;/datum/trait/neutral/dominate_prey;/datum/trait/neutral/fat;/datum/trait/neutral/big_mouth_hyper;/datum/trait/neutral/glowing_eyes;/datum/trait/neutral/alcohol_immunity;/datum/trait/neutral/hard_vore;/datum/trait/neutral/micro_size_up;/datum/trait/neutral/nutritiongrow;/datum/trait/neutral/trashcan;/datum/trait/neutral/vertical_nom,;/datum/trait/negative/deep_sleeper
[2023-02-16T23:29:23] GAME: TRAITS riotscopez/(KI-RA V1.49) with: /datum/trait/positive/brute_resist;/datum/trait/positive/rad_resistance;/datum/trait/neutral/taller;/datum/trait/neutral/dominate_prey;/datum/trait/neutral/fat;/datum/trait/neutral/big_mouth_hyper;/datum/trait/neutral/glowing_eyes;/datum/trait/neutral/alcohol_immunity;/datum/trait/neutral/hard_vore;/datum/trait/neutral/micro_size_up;/datum/trait/neutral/nutritiongrow;/datum/trait/neutral/trashcan;/datum/trait/neutral/vertical_nom,;/datum/trait/negative/deep_sleeper
[2023-02-16T23:29:29] GAME: TRAITS riotscopez/(KI-RA V1.49) with: /datum/trait/positive/brute_resist;/datum/trait/positive/rad_resistance;/datum/trait/neutral/taller;/datum/trait/neutral/dominate_prey;/datum/trait/neutral/fat;/datum/trait/neutral/big_mouth_hyper;/datum/trait/neutral/glowing_eyes;/datum/trait/neutral/alcohol_immunity;/datum/trait/neutral/hard_vore;/datum/trait/neutral/micro_size_up;/datum/trait/neutral/nutritiongrow;/datum/trait/neutral/trashcan;/datum/trait/neutral/vertical_nom,;/datum/trait/negative/deep_sleeper
[2023-02-16T23:29:31] EMOTE: INVALID/(Fitz) (155,193,9): <B>Fitz</B> makes an excited booping sound!
[2023-02-16T23:29:40] EMOTE: INVALID/(Cleanbot) (82,234,9): <B>Cleanbot</B> makes an excited booping sound!
[2023-02-16T23:29:44] GAME: TIDI: 2.5;2.17096;2.02879;1.41291
[2023-02-16T23:29:52] EMOTE: INVALID/(Cleanbot) (82,234,9): <B>Cleanbot</B> makes an excited booping sound!
[2023-02-16T23:30:19] GAME: TRAITS riotscopez/(KI-RA V1.49) with: /datum/trait/positive/brute_resist;/datum/trait/positive/rad_resistance;/datum/trait/neutral/taller;/datum/trait/neutral/dominate_prey;/datum/trait/neutral/fat;/datum/trait/neutral/big_mouth_hyper;/datum/trait/neutral/glowing_eyes;/datum/trait/neutral/alcohol_immunity;/datum/trait/neutral/hard_vore;/datum/trait/neutral/micro_size_up;/datum/trait/neutral/nutritiongrow;/datum/trait/neutral/trashcan;/datum/trait/neutral/vertical_nom,;/datum/trait/negative/deep_sleeper
[2023-02-16T23:30:24] GAME: TRAITS riotscopez/(KI-RA V1.49) with: /datum/trait/positive/brute_resist;/datum/trait/positive/rad_resistance;/datum/trait/neutral/taller;/datum/trait/neutral/dominate_prey;/datum/trait/neutral/fat;/datum/trait/neutral/big_mouth_hyper;/datum/trait/neutral/glowing_eyes;/datum/trait/neutral/alcohol_immunity;/datum/trait/neutral/hard_vore;/datum/trait/neutral/micro_size_up;/datum/trait/neutral/nutritiongrow;/datum/trait/neutral/trashcan;/datum/trait/neutral/vertical_nom,;/datum/trait/negative/deep_sleeper
[2023-02-16T23:30:24] GAME: TRAITS riotscopez/(KI-RA V1.49) with: /datum/trait/positive/brute_resist;/datum/trait/positive/rad_resistance;/datum/trait/neutral/taller;/datum/trait/neutral/dominate_prey;/datum/trait/neutral/fat;/datum/trait/neutral/big_mouth_hyper;/datum/trait/neutral/glowing_eyes;/datum/trait/neutral/alcohol_immunity;/datum/trait/neutral/hard_vore;/datum/trait/neutral/micro_size_up;/datum/trait/neutral/nutritiongrow;/datum/trait/neutral/trashcan;/datum/trait/neutral/vertical_nom,;/datum/trait/negative/deep_sleeper
[2023-02-16T23:30:25] GAME: TRAITS riotscopez/(KI-RA V1.49) with: /datum/trait/positive/brute_resist;/datum/trait/positive/rad_resistance;/datum/trait/neutral/taller;/datum/trait/neutral/dominate_prey;/datum/trait/neutral/fat;/datum/trait/neutral/big_mouth_hyper;/datum/trait/neutral/glowing_eyes;/datum/trait/neutral/alcohol_immunity;/datum/trait/neutral/hard_vore;/datum/trait/neutral/micro_size_up;/datum/trait/neutral/nutritiongrow;/datum/trait/neutral/trashcan;/datum/trait/neutral/vertical_nom,;/datum/trait/negative/deep_sleeper
[2023-02-16T23:30:32] GAME: TRAITS riotscopez/(KI-RA V1.49) with: /datum/trait/positive/brute_resist;/datum/trait/positive/rad_resistance;/datum/trait/neutral/taller;/datum/trait/neutral/dominate_prey;/datum/trait/neutral/fat;/datum/trait/neutral/big_mouth_hyper;/datum/trait/neutral/glowing_eyes;/datum/trait/neutral/alcohol_immunity;/datum/trait/neutral/hard_vore;/datum/trait/neutral/micro_size_up;/datum/trait/neutral/nutritiongrow;/datum/trait/neutral/trashcan;/datum/trait/neutral/vertical_nom,;/datum/trait/negative/deep_sleeper
[2023-02-16T23:30:46] GAME: TIDI: 1.83333;2.06967;2.03696;1.47532
[2023-02-16T23:30:49] EMOTE: INVALID/(Fitz) (155,193,9): <B>Fitz</B> makes an excited booping sound!
[2023-02-16T23:31:02] GAME: TRAITS riotscopez/(KI-RA V1.49) with: /datum/trait/positive/brute_resist;/datum/trait/positive/rad_resistance;/datum/trait/neutral/taller;/datum/trait/neutral/dominate_prey;/datum/trait/neutral/fat;/datum/trait/neutral/big_mouth_hyper;/datum/trait/neutral/glowing_eyes;/datum/trait/neutral/alcohol_immunity;/datum/trait/neutral/hard_vore;/datum/trait/neutral/micro_size_up;/datum/trait/neutral/nutritiongrow;/datum/trait/neutral/trashcan;/datum/trait/neutral/vertical_nom,;/datum/trait/negative/deep_sleeper
[2023-02-16T23:31:35] GAME: TRAITS riotscopez/(KI-RA V1.49) with: /datum/trait/positive/brute_resist;/datum/trait/positive/rad_resistance;/datum/trait/neutral/taller;/datum/trait/neutral/dominate_prey;/datum/trait/neutral/fat;/datum/trait/neutral/big_mouth_hyper;/datum/trait/neutral/glowing_eyes;/datum/trait/neutral/alcohol_immunity;/datum/trait/neutral/hard_vore;/datum/trait/neutral/micro_size_up;/datum/trait/neutral/nutritiongrow;/datum/trait/neutral/trashcan;/datum/trait/neutral/vertical_nom,;/datum/trait/negative/deep_sleeper
[2023-02-16T23:31:42] GAME: TRAITS riotscopez/(KI-RA V1.49) with: /datum/trait/positive/brute_resist;/datum/trait/positive/rad_resistance;/datum/trait/neutral/taller;/datum/trait/neutral/dominate_prey;/datum/trait/neutral/fat;/datum/trait/neutral/big_mouth_hyper;/datum/trait/neutral/glowing_eyes;/datum/trait/neutral/alcohol_immunity;/datum/trait/neutral/hard_vore;/datum/trait/neutral/micro_size_up;/datum/trait/neutral/nutritiongrow;/datum/trait/neutral/trashcan;/datum/trait/neutral/vertical_nom,;/datum/trait/negative/deep_sleeper
[2023-02-16T23:31:46] GAME: TIDI: 1.16667;1.79877;1.98932;1.52672
[2023-02-16T23:32:14] GAME: TRAITS riotscopez/(KI-RA V1.49) with: /datum/trait/positive/brute_resist;/datum/trait/positive/rad_resistance;/datum/trait/neutral/taller;/datum/trait/neutral/dominate_prey;/datum/trait/neutral/fat;/datum/trait/neutral/big_mouth_hyper;/datum/trait/neutral/glowing_eyes;/datum/trait/neutral/alcohol_immunity;/datum/trait/neutral/hard_vore;/datum/trait/neutral/micro_size_up;/datum/trait/neutral/nutritiongrow;/datum/trait/neutral/trashcan;/datum/trait/neutral/vertical_nom,;/datum/trait/negative/deep_sleeper
[2023-02-16T23:32:16] EMOTE: INVALID/(Fitz) (155,193,9): <B>Fitz</B> makes an excited booping sound!
[2023-02-16T23:32:23] GAME: TRAITS riotscopez/(KI-RA V1.49) with: /datum/trait/positive/brute_resist;/datum/trait/positive/rad_resistance;/datum/trait/neutral/taller;/datum/trait/neutral/dominate_prey;/datum/trait/neutral/fat;/datum/trait/neutral/big_mouth_hyper;/datum/trait/neutral/glowing_eyes;/datum/trait/neutral/alcohol_immunity;/datum/trait/neutral/hard_vore;/datum/trait/neutral/micro_size_up;/datum/trait/neutral/nutritiongrow;/datum/trait/neutral/trashcan;/datum/trait/neutral/vertical_nom,;/datum/trait/negative/deep_sleeper
[2023-02-16T23:32:26] GAME: TRAITS riotscopez/(KI-RA V1.49) with: /datum/trait/positive/brute_resist;/datum/trait/positive/rad_resistance;/datum/trait/neutral/taller;/datum/trait/neutral/dominate_prey;/datum/trait/neutral/fat;/datum/trait/neutral/big_mouth_hyper;/datum/trait/neutral/glowing_eyes;/datum/trait/neutral/alcohol_immunity;/datum/trait/neutral/hard_vore;/datum/trait/neutral/micro_size_up;/datum/trait/neutral/nutritiongrow;/datum/trait/neutral/trashcan;/datum/trait/neutral/vertical_nom,;/datum/trait/negative/deep_sleeper
[2023-02-16T23:32:33] GAME: TRAITS riotscopez/(KI-RA V1.49) with: /datum/trait/positive/brute_resist;/datum/trait/positive/rad_resistance;/datum/trait/neutral/taller;/datum/trait/neutral/dominate_prey;/datum/trait/neutral/fat;/datum/trait/neutral/big_mouth_hyper;/datum/trait/neutral/glowing_eyes;/datum/trait/neutral/alcohol_immunity;/datum/trait/neutral/hard_vore;/datum/trait/neutral/micro_size_up;/datum/trait/neutral/nutritiongrow;/datum/trait/neutral/trashcan;/datum/trait/neutral/vertical_nom,;/datum/trait/negative/deep_sleeper
[2023-02-16T23:32:45] GAME: TRAITS riotscopez/(KI-RA V1.49) with: /datum/trait/positive/brute_resist;/datum/trait/positive/rad_resistance;/datum/trait/neutral/taller;/datum/trait/neutral/dominate_prey;/datum/trait/neutral/fat;/datum/trait/neutral/big_mouth_hyper;/datum/trait/neutral/glowing_eyes;/datum/trait/neutral/alcohol_immunity;/datum/trait/neutral/hard_vore;/datum/trait/neutral/micro_size_up;/datum/trait/neutral/nutritiongrow;/datum/trait/neutral/trashcan;/datum/trait/neutral/vertical_nom,;/datum/trait/negative/deep_sleeper
[2023-02-16T23:32:47] GAME: TIDI: 2;1.85914;1.96329;1.57038
[2023-02-16T23:32:54] GAME: TRAITS riotscopez/(KI-RA V1.49) with: /datum/trait/positive/brute_resist;/datum/trait/positive/rad_resistance;/datum/trait/neutral/taller;/datum/trait/neutral/dominate_prey;/datum/trait/neutral/fat;/datum/trait/neutral/big_mouth_hyper;/datum/trait/neutral/glowing_eyes;/datum/trait/neutral/alcohol_immunity;/datum/trait/neutral/hard_vore;/datum/trait/neutral/micro_size_up;/datum/trait/neutral/nutritiongrow;/datum/trait/neutral/trashcan;/datum/trait/neutral/vertical_nom,;/datum/trait/negative/deep_sleeper
[2023-02-16T23:33:15] GAME: TRAITS riotscopez/(KI-RA V1.49) with: /datum/trait/positive/brute_resist;/datum/trait/positive/rad_resistance;/datum/trait/neutral/taller;/datum/trait/neutral/dominate_prey;/datum/trait/neutral/fat;/datum/trait/neutral/big_mouth_hyper;/datum/trait/neutral/glowing_eyes;/datum/trait/neutral/alcohol_immunity;/datum/trait/neutral/hard_vore;/datum/trait/neutral/micro_size_up;/datum/trait/neutral/nutritiongrow;/datum/trait/neutral/trashcan;/datum/trait/neutral/vertical_nom,;/datum/trait/negative/deep_sleeper
[2023-02-16T23:33:20] GAME: TRAITS riotscopez/(KI-RA V1.49) with: /datum/trait/positive/brute_resist;/datum/trait/positive/rad_resistance;/datum/trait/neutral/taller;/datum/trait/neutral/dominate_prey;/datum/trait/neutral/fat;/datum/trait/neutral/big_mouth_hyper;/datum/trait/neutral/glowing_eyes;/datum/trait/neutral/alcohol_immunity;/datum/trait/neutral/hard_vore;/datum/trait/neutral/micro_size_up;/datum/trait/neutral/nutritiongrow;/datum/trait/neutral/trashcan;/datum/trait/neutral/vertical_nom,;/datum/trait/negative/deep_sleeper
[2023-02-16T23:33:33] GAME: TRAITS riotscopez/(KI-RA V1.49) with: /datum/trait/positive/brute_resist;/datum/trait/positive/rad_resistance;/datum/trait/neutral/taller;/datum/trait/neutral/dominate_prey;/datum/trait/neutral/fat;/datum/trait/neutral/big_mouth_hyper;/datum/trait/neutral/glowing_eyes;/datum/trait/neutral/alcohol_immunity;/datum/trait/neutral/hard_vore;/datum/trait/neutral/micro_size_up;/datum/trait/neutral/nutritiongrow;/datum/trait/neutral/trashcan;/datum/trait/neutral/vertical_nom,;/datum/trait/negative/deep_sleeper
[2023-02-16T23:33:44] GAME: TRAITS riotscopez/(KI-RA V1.49) with: /datum/trait/positive/brute_resist;/datum/trait/positive/rad_resistance;/datum/trait/neutral/taller;/datum/trait/neutral/dominate_prey;/datum/trait/neutral/fat;/datum/trait/neutral/big_mouth_hyper;/datum/trait/neutral/glowing_eyes;/datum/trait/neutral/alcohol_immunity;/datum/trait/neutral/hard_vore;/datum/trait/neutral/micro_size_up;/datum/trait/neutral/nutritiongrow;/datum/trait/neutral/trashcan;/datum/trait/neutral/vertical_nom,;/datum/trait/negative/deep_sleeper
[2023-02-16T23:33:49] GAME: TIDI: 1.83333;1.8514;1.94091;1.60743
[2023-02-16T23:33:50] EMOTE: INVALID/(Fitz) (155,193,9): <B>Fitz</B> makes an excited booping sound!
[2023-02-16T23:34:01] GAME: TRAITS riotscopez/(KI-RA V1.49) with: /datum/trait/positive/brute_resist;/datum/trait/positive/rad_resistance;/datum/trait/neutral/taller;/datum/trait/neutral/dominate_prey;/datum/trait/neutral/fat;/datum/trait/neutral/big_mouth_hyper;/datum/trait/neutral/glowing_eyes;/datum/trait/neutral/alcohol_immunity;/datum/trait/neutral/hard_vore;/datum/trait/neutral/micro_size_up;/datum/trait/neutral/nutritiongrow;/datum/trait/neutral/trashcan;/datum/trait/neutral/vertical_nom,;/datum/trait/negative/deep_sleeper
[2023-02-16T23:34:12] EMOTE: INVALID/(Cleanbot) (82,234,9): <B>Cleanbot</B> makes an excited booping sound!
[2023-02-16T23:34:36] SAY: INVALID/(Medibot) (97,221,9): Radar, put a mask on!
[2023-02-16T23:34:49] GAME: TIDI: 0.5;1.44598;1.84192;1.63088
[2023-02-16T23:34:50] EMOTE: INVALID/(Fitz) (155,193,9): <B>Fitz</B> makes an excited booping sound!
[2023-02-16T23:35:38] GAME: TRAITS riotscopez/(KI-RA V1.49) with: /datum/trait/positive/brute_resist;/datum/trait/positive/rad_resistance;/datum/trait/neutral/taller;/datum/trait/neutral/dominate_prey;/datum/trait/neutral/fat;/datum/trait/neutral/big_mouth_hyper;/datum/trait/neutral/glowing_eyes;/datum/trait/neutral/alcohol_immunity;/datum/trait/neutral/hard_vore;/datum/trait/neutral/micro_size_up;/datum/trait/neutral/nutritiongrow;/datum/trait/neutral/trashcan;/datum/trait/neutral/vertical_nom,;/datum/trait/negative/deep_sleeper
[2023-02-16T23:35:46] GAME: TRAITS riotscopez/(KI-RA V1.49) with: /datum/trait/positive/brute_resist;/datum/trait/positive/rad_resistance;/datum/trait/neutral/taller;/datum/trait/neutral/dominate_prey;/datum/trait/neutral/fat;/datum/trait/neutral/big_mouth_hyper;/datum/trait/neutral/glowing_eyes;/datum/trait/neutral/alcohol_immunity;/datum/trait/neutral/hard_vore;/datum/trait/neutral/micro_size_up;/datum/trait/neutral/nutritiongrow;/datum/trait/neutral/trashcan;/datum/trait/neutral/vertical_nom,;/datum/trait/negative/deep_sleeper
[2023-02-16T23:35:49] GAME: TIDI: 0.833333;1.26219;1.72598;1.64039
[2023-02-16T23:36:07] EMOTE: INVALID/(Cleanbot) (82,234,9): <B>Cleanbot</B> makes an excited booping sound!
[2023-02-16T23:36:27] GAME: TRAITS riotscopez/(KI-RA V1.49) with: /datum/trait/positive/brute_resist;/datum/trait/positive/rad_resistance;/datum/trait/neutral/taller;/datum/trait/neutral/dominate_prey;/datum/trait/neutral/fat;/datum/trait/neutral/big_mouth_hyper;/datum/trait/neutral/glowing_eyes;/datum/trait/neutral/alcohol_immunity;/datum/trait/neutral/hard_vore;/datum/trait/neutral/micro_size_up;/datum/trait/neutral/nutritiongrow;/datum/trait/neutral/trashcan;/datum/trait/neutral/vertical_nom,;/datum/trait/negative/deep_sleeper
[2023-02-16T23:36:35] EMOTE: INVALID/(Fitz) (155,193,9): <B>Fitz</B> makes an excited booping sound!
[2023-02-16T23:36:46] GAME: TRAITS riotscopez/(KI-RA V1.49) with: /datum/trait/positive/brute_resist;/datum/trait/positive/rad_resistance;/datum/trait/neutral/taller;/datum/trait/neutral/dominate_prey;/datum/trait/neutral/fat;/datum/trait/neutral/big_mouth_hyper;/datum/trait/neutral/glowing_eyes;/datum/trait/neutral/alcohol_immunity;/datum/trait/neutral/hard_vore;/datum/trait/neutral/micro_size_up;/datum/trait/neutral/nutritiongrow;/datum/trait/neutral/trashcan;/datum/trait/neutral/vertical_nom,;/datum/trait/negative/deep_sleeper
[2023-02-16T23:36:50] GAME: TRAITS riotscopez/(KI-RA V1.49) with: /datum/trait/positive/brute_resist;/datum/trait/positive/rad_resistance;/datum/trait/neutral/taller;/datum/trait/neutral/dominate_prey;/datum/trait/neutral/fat;/datum/trait/neutral/big_mouth_hyper;/datum/trait/neutral/glowing_eyes;/datum/trait/neutral/alcohol_immunity;/datum/trait/neutral/hard_vore;/datum/trait/neutral/micro_size_up;/datum/trait/neutral/nutritiongrow;/datum/trait/neutral/trashcan;/datum/trait/neutral/vertical_nom,;/datum/trait/negative/deep_sleeper
[2023-02-16T23:36:50] GAME: TIDI: 1.16667;1.23353;1.62749;1.6391
[2023-02-16T23:37:01] GAME: TRAITS riotscopez/(KI-RA V1.49) with: /datum/trait/positive/brute_resist;/datum/trait/positive/rad_resistance;/datum/trait/neutral/taller;/datum/trait/neutral/dominate_prey;/datum/trait/neutral/fat;/datum/trait/neutral/big_mouth_hyper;/datum/trait/neutral/glowing_eyes;/datum/trait/neutral/alcohol_immunity;/datum/trait/neutral/hard_vore;/datum/trait/neutral/micro_size_up;/datum/trait/neutral/nutritiongrow;/datum/trait/neutral/trashcan;/datum/trait/neutral/vertical_nom,;/datum/trait/negative/deep_sleeper
[2023-02-16T23:37:20] GAME: TESLA(69,241,9) Shocked INVALID/(combat drone) for 8dmg.
[2023-02-16T23:37:21] EMOTE: INVALID/(Cleanbot) (82,234,9): <B>Cleanbot</B> makes an excited booping sound!
[2023-02-16T23:37:41] GAME: TRAITS riotscopez/(KI-RA V1.49) with: /datum/trait/positive/brute_resist;/datum/trait/positive/rad_resistance;/datum/trait/neutral/taller;/datum/trait/neutral/dominate_prey;/datum/trait/neutral/fat;/datum/trait/neutral/big_mouth_hyper;/datum/trait/neutral/glowing_eyes;/datum/trait/neutral/alcohol_immunity;/datum/trait/neutral/hard_vore;/datum/trait/neutral/micro_size_up;/datum/trait/neutral/nutritiongrow;/datum/trait/neutral/trashcan;/datum/trait/neutral/vertical_nom,;/datum/trait/negative/deep_sleeper
[2023-02-16T23:37:51] GAME: TIDI: 1;1.16347;1.53468;1.62866
[2023-02-16T23:37:54] GAME: TRAITS riotscopez/(KI-RA V1.49) with: /datum/trait/positive/brute_resist;/datum/trait/positive/rad_resistance;/datum/trait/neutral/taller;/datum/trait/neutral/dominate_prey;/datum/trait/neutral/fat;/datum/trait/neutral/big_mouth_hyper;/datum/trait/neutral/glowing_eyes;/datum/trait/neutral/alcohol_immunity;/datum/trait/neutral/hard_vore;/datum/trait/neutral/micro_size_up;/datum/trait/neutral/nutritiongrow;/datum/trait/neutral/trashcan;/datum/trait/neutral/vertical_nom,;/datum/trait/negative/deep_sleeper
[2023-02-16T23:37:58] EMOTE: INVALID/(Cleanbot) (82,234,9): <B>Cleanbot</B> makes an excited booping sound!
[2023-02-16T23:38:02] GAME: TRAITS riotscopez/(KI-RA V1.49) with: /datum/trait/positive/brute_resist;/datum/trait/positive/rad_resistance;/datum/trait/neutral/taller;/datum/trait/neutral/dominate_prey;/datum/trait/neutral/fat;/datum/trait/neutral/big_mouth_hyper;/datum/trait/neutral/glowing_eyes;/datum/trait/neutral/alcohol_immunity;/datum/trait/neutral/hard_vore;/datum/trait/neutral/micro_size_up;/datum/trait/neutral/nutritiongrow;/datum/trait/neutral/trashcan;/datum/trait/neutral/vertical_nom,;/datum/trait/negative/deep_sleeper
[2023-02-16T23:38:16] EMOTE: INVALID/(Fitz) (155,193,9): <B>Fitz</B> makes an excited booping sound!
[2023-02-16T23:38:28] GAME: TRAITS riotscopez/(KI-RA V1.49) with: /datum/trait/positive/brute_resist;/datum/trait/positive/rad_resistance;/datum/trait/neutral/taller;/datum/trait/neutral/dominate_prey;/datum/trait/neutral/fat;/datum/trait/neutral/big_mouth_hyper;/datum/trait/neutral/glowing_eyes;/datum/trait/neutral/alcohol_immunity;/datum/trait/neutral/hard_vore;/datum/trait/neutral/micro_size_up;/datum/trait/neutral/nutritiongrow;/datum/trait/neutral/trashcan;/datum/trait/neutral/vertical_nom,;/datum/trait/negative/deep_sleeper
[2023-02-16T23:38:33] GAME: TRAITS riotscopez/(KI-RA V1.49) with: /datum/trait/positive/brute_resist;/datum/trait/positive/rad_resistance;/datum/trait/neutral/taller;/datum/trait/neutral/dominate_prey;/datum/trait/neutral/fat;/datum/trait/neutral/big_mouth_hyper;/datum/trait/neutral/glowing_eyes;/datum/trait/neutral/alcohol_immunity;/datum/trait/neutral/hard_vore;/datum/trait/neutral/micro_size_up;/datum/trait/neutral/nutritiongrow;/datum/trait/neutral/trashcan;/datum/trait/neutral/vertical_nom,;/datum/trait/negative/deep_sleeper
[2023-02-16T23:38:40] GAME: TRAITS riotscopez/(KI-RA V1.49) with: /datum/trait/positive/brute_resist;/datum/trait/positive/rad_resistance;/datum/trait/neutral/taller;/datum/trait/neutral/dominate_prey;/datum/trait/neutral/fat;/datum/trait/neutral/big_mouth_hyper;/datum/trait/neutral/glowing_eyes;/datum/trait/neutral/alcohol_immunity;/datum/trait/neutral/hard_vore;/datum/trait/neutral/micro_size_up;/datum/trait/neutral/nutritiongrow;/datum/trait/neutral/trashcan;/datum/trait/neutral/vertical_nom,;/datum/trait/negative/deep_sleeper
[2023-02-16T23:38:45] EMOTE: INVALID/(Cleanbot) (82,234,9): <B>Cleanbot</B> makes an excited booping sound!
[2023-02-16T23:38:47] GAME: TRAITS riotscopez/(KI-RA V1.49) with: /datum/trait/positive/brute_resist;/datum/trait/positive/rad_resistance;/datum/trait/neutral/taller;/datum/trait/neutral/dominate_prey;/datum/trait/neutral/fat;/datum/trait/neutral/big_mouth_hyper;/datum/trait/neutral/glowing_eyes;/datum/trait/neutral/alcohol_immunity;/datum/trait/neutral/hard_vore;/datum/trait/neutral/micro_size_up;/datum/trait/neutral/nutritiongrow;/datum/trait/neutral/trashcan;/datum/trait/neutral/vertical_nom,;/datum/trait/negative/deep_sleeper
[2023-02-16T23:38:52] GAME: TIDI: 2.33333;1.51443;1.53063;1.61885
[2023-02-16T23:39:19] GAME: TRAITS riotscopez/(KI-RA V1.49) with: /datum/trait/positive/brute_resist;/datum/trait/positive/rad_resistance;/datum/trait/neutral/taller;/datum/trait/neutral/dominate_prey;/datum/trait/neutral/fat;/datum/trait/neutral/big_mouth_hyper;/datum/trait/neutral/glowing_eyes;/datum/trait/neutral/alcohol_immunity;/datum/trait/neutral/hard_vore;/datum/trait/neutral/micro_size_up;/datum/trait/neutral/nutritiongrow;/datum/trait/neutral/trashcan;/datum/trait/neutral/vertical_nom,;/datum/trait/negative/deep_sleeper
[2023-02-16T23:39:19] ACCESS OUT: INVALID/(new player) - IP:127.0.0.1 - CID:Logged Out - BYOND Logged Out
[2023-02-16T23:39:19] ACCESS IN: RiotScopez/(KI-RA V1.49) - IP:127.0.0.1 - CID:1871707424 - BYOND v514
[2023-02-16T23:39:20] GAME: JOINED RiotScopez/(KI-RA V1.49) as "Paramedic"
[2023-02-16T23:39:20] GAME: SPECIES RiotScopez/(KI-RA V1.49) is a: "Custom Species"
[2023-02-16T23:39:27] ADMIN: RiotScopez/(KI-RA V1.49) has changed RiotScopez/(KI-RA V1.49)'s size multiplier to 4.
[2023-02-16T23:39:55] GAME: TIDI: 5;2.5601;1.73653;1.63062
[2023-02-16T23:40:06] EMOTE: INVALID/(Fitz) (155,193,9): <B>Fitz</B> makes an excited booping sound!
[2023-02-16T23:40:12] ATTACK: RiotScopez/(KI-RA V1.49) against RiotScopez/(KI-RA V1.49): Implanted backup implant
[2023-02-16T23:40:12] EMOTE: INVALID/(Ian) (136,130,2): <B>Ian</B> dances around.
[2023-02-16T23:40:38] SAY: INVALID/(Medibot) (97,221,9): Delicious!
[2023-02-16T23:40:50] EMOTE: INVALID/(Ian) (135,130,2): <B>Ian</B> chases their tail.
[2023-02-16T23:40:50] EMOTE: INVALID/(Cleanbot) (82,234,9): <B>Cleanbot</B> makes an excited booping sound!
[2023-02-16T23:40:55] GAME: TIDI: 0.333333;1.89207;1.76764;1.64432
[2023-02-16T23:41:20] EMOTE: INVALID/(Cleanbot) (82,234,9): <B>Cleanbot</B> makes an excited booping sound!
[2023-02-16T23:41:55] GAME: TIDI: 0.166667;1.37445;1.689;1.64879
[2023-02-16T23:41:56] SAY: INVALID/(Medibot) (97,221,9): Delicious!
[2023-02-16T23:42:20] SAY: INVALID/(Medibot) (97,221,9): What kind of medbay is this? Everyone's dropping like flies.
[2023-02-16T23:42:27] EMOTE: INVALID/(Fitz) (155,193,9): <B>Fitz</B> makes an excited booping sound!
[2023-02-16T23:42:33] EMOTE: INVALID/(Fitz) (155,193,9): <B>Fitz</B> makes an excited booping sound!
[2023-02-16T23:42:35] EMOTE: INVALID/(Fitz) (155,193,9): <B>Fitz</B> makes an excited booping sound!
[2023-02-16T23:42:41] EMOTE: INVALID/(Fitz) (155,193,9): <B>Fitz</B> makes an excited booping sound!
[2023-02-16T23:42:55] GAME: TIDI: 0.166667;1.01211;1.55362;1.63927
[2023-02-16T23:43:23] EMOTE: INVALID/(Cleanbot) (82,234,9): <B>Cleanbot</B> makes an excited booping sound!
[2023-02-16T23:43:25] EMOTE: INVALID/(Cleanbot) (82,234,9): <B>Cleanbot</B> makes an excited booping sound!
[2023-02-16T23:43:39] ADMIN: RiotScopez/(KI-RA V1.49) created 1 /obj/item/weapon/reagent_containers/glass/bottle/bicaridine
[2023-02-16T23:43:46] ADMIN: RiotScopez/(KI-RA V1.49) created 1 /obj/item/weapon/reagent_containers/glass/bottle/keloderm
[2023-02-16T23:43:54] ADMIN: RiotScopez/(KI-RA V1.49) created 1 /obj/item/weapon/reagent_containers/glass/bottle/carthatoline
[2023-02-16T23:43:56] GAME: TIDI: 0.333333;0.80848;1.40459;1.61581
[2023-02-16T23:44:01] EMOTE: INVALID/(Cleanbot) (82,234,9): <B>Cleanbot</B> makes an excited booping sound!
[2023-02-16T23:44:10] ADMIN: RiotScopez/(KI-RA V1.49) created 1 /obj/item/weapon/reagent_containers/glass/bottle/dexalinp
[2023-02-16T23:44:24] ADMIN: RiotScopez/(KI-RA V1.49) created 1 /obj/item/weapon/reagent_containers/glass/bottle/inaprovaline
[2023-02-16T23:44:46] ADMIN: RiotScopez/(KI-RA V1.49) created 1 /obj/item/weapon/reagent_containers/glass/bottle/hyronalin
[2023-02-16T23:44:56] GAME: TIDI: 0.166667;0.615936;1.24686;1.57891
[2023-02-16T23:44:57] SAY: INVALID/(Medibot) (97,221,9): Delicious!
[2023-02-16T23:45:49] EMOTE: INVALID/(Cleanbot) (82,234,9): <B>Cleanbot</B> makes an excited booping sound!
[2023-02-16T23:45:56] GAME: TIDI: 0.166667;0.481155;1.09372;1.53039
[2023-02-16T23:46:43] EMOTE: INVALID/(Fitz) (155,193,9): <B>Fitz</B> makes an excited booping sound!
[2023-02-16T23:46:56] GAME: TIDI: 0.166667;0.386809;0.952338;1.47259
[2023-02-16T23:47:16] ADMIN: RiotScopez/(KI-RA V1.49) spawned /obj/item/weapon/cell/infinite at (154,128,2)
[2023-02-16T23:47:56] GAME: TIDI: 0.166667;0.320766;0.826024;1.40793
[2023-02-16T23:47:59] EMOTE: INVALID/(Cleanbot) (82,234,9): <B>Cleanbot</B> makes an excited booping sound!
[2023-02-16T23:48:17] EMOTE: INVALID/(Ian) (135,131,2): <B>Ian</B> dances around.
[2023-02-16T23:48:23] SAY: INVALID/(Medibot) (97,221,9): Radar, put a mask on!
[2023-02-16T23:48:56] GAME: TIDI: 0.333333;0.324536;0.725726;1.33971
[2023-02-16T23:49:13] EMOTE: INVALID/(Fitz) (155,193,9): <B>Fitz</B> makes an excited booping sound!
[2023-02-16T23:49:31] EMOTE: INVALID/(Ian) (135,130,2): <B>Ian</B> dances around.
[2023-02-16T23:49:52] EMOTE: INVALID/(Ian) (136,130,2): <B>Ian</B> chases their tail.
[2023-02-16T23:49:56] GAME: TIDI: 0.333333;0.327175;0.646016;1.27034
[2023-02-16T23:50:17] EMOTE: INVALID/(Fitz) (155,193,9): <B>Fitz</B> makes an excited booping sound!
[2023-02-16T23:51:00] GAME: TIDI: 5.66667;1.92902;0.902617;1.23357
[2023-02-16T23:51:27] EMOTE: INVALID/(Fitz) (155,193,9): <B>Fitz</B> makes an excited booping sound!
[2023-02-16T23:51:55] EMOTE: INVALID/(Cleanbot) (82,234,9): <B>Cleanbot</B> makes an excited booping sound!
[2023-02-16T23:52:00] GAME: TIDI: 0.666667;1.55032;1.03216;1.21343
[2023-02-16T23:52:36] EMOTE: INVALID/(Cleanbot) (82,234,9): <B>Cleanbot</B> makes an excited booping sound!
[2023-02-16T23:53:01] GAME: TIDI: 0.666667;1.28522;1.08277;1.20036
[2023-02-16T23:53:02] SAY: INVALID/(Medibot) (97,221,9): What kind of medbay is this? Everyone's dropping like flies.
[2023-02-16T23:53:08] EMOTE: INVALID/(Cleanbot) (82,234,9): <B>Cleanbot</B> makes an excited booping sound!
[2023-02-16T23:53:36] EMOTE: INVALID/(Fitz) (155,193,9): <B>Fitz</B> makes an excited booping sound!
[2023-02-16T23:54:01] GAME: TIDI: 1.16667;1.24965;1.11615;1.19194
[2023-02-16T23:54:49] SAY: INVALID/(Medibot) (97,221,9): Radar, put a mask on!
[2023-02-16T23:55:02] GAME: TIDI: 0.666667;1.07476;1.10787;1.18353
[2023-02-16T23:55:27] EMOTE: INVALID/(Ian) (136,131,2): <B>Ian</B> chases their tail.
[2023-02-16T23:56:02] GAME: TIDI: 0.833333;1.00233;1.08676;1.17386
[2023-02-16T23:56:34] SAY: INVALID/(Medibot) (97,221,9): What kind of medbay is this? Everyone's dropping like flies.
[2023-02-16T23:57:02] EMOTE: INVALID/(Fitz) (155,193,9): <B>Fitz</B> makes an excited booping sound!
[2023-02-16T23:57:03] GAME: TIDI: 0.666667;0.901632;1.04974;1.16144
[2023-02-16T23:57:14] EMOTE: INVALID/(Fitz) (155,193,9): <B>Fitz</B> makes an excited booping sound!
[2023-02-16T23:57:28] EMOTE: INVALID/(Ian) (136,132,2): <B>Ian</B> chases their tail.
[2023-02-16T23:58:03] GAME: TIDI: 0.666667;0.831142;1.00602;1.1459
[2023-02-16T23:59:06] GAME: TIDI: 4.33333;1.8818;1.18117;1.14943
[2023-02-16T23:59:23] EMOTE: INVALID/(Fitz) (155,193,9): <B>Fitz</B> makes an excited booping sound!
[2023-02-16T23:59:29] EMOTE: INVALID/(Ian) (135,133,2): <B>Ian</B> dances around.
[2023-02-17T00:00:08] GAME: TIDI: 4.16667;2.56726;1.45839;1.18032
[2023-02-17T00:00:21] SAY: INVALID/(Medibot) (97,221,9): Radar, put a mask on!
[2023-02-17T00:00:23] EMOTE: INVALID/(Fitz) (155,193,9): <B>Fitz</B> makes an excited booping sound!
[2023-02-17T00:00:33] EMOTE: INVALID/(Ian) (135,131,2): <B>Ian</B> chases their tail.
[2023-02-17T00:01:08] GAME: TIDI: 0.5;1.94708;1.55613;1.2179
[2023-02-17T00:01:40] EMOTE: INVALID/(Fitz) (155,193,9): <B>Fitz</B> makes an excited booping sound!
[2023-02-17T00:01:46] EMOTE: INVALID/(Cleanbot) (82,234,9): <B>Cleanbot</B> makes an excited booping sound!
[2023-02-17T00:01:48] EMOTE: INVALID/(Fitz) (155,193,9): <B>Fitz</B> makes an excited booping sound!
[2023-02-17T00:02:09] GAME: TIDI: 0.666667;1.56296;1.55749;1.25186
[2023-02-17T00:02:16] SAY: INVALID/(Medibot) (97,221,9): What kind of medbay is this? Everyone's dropping like flies.
[2023-02-17T00:03:09] GAME: TIDI: 0.5;1.24407;1.49481;1.27616
[2023-02-17T00:04:09] GAME: TIDI: 0.5;1.02085;1.40002;1.28854
[2023-02-17T00:05:12] GAME: TIDI: 4.33333;2.01459;1.52293;1.31198
[2023-02-17T00:06:01] EMOTE: INVALID/(Cleanbot) (82,234,9): <B>Cleanbot</B> makes an excited booping sound!
[2023-02-17T00:06:03] EMOTE: INVALID/(Fitz) (155,193,9): <B>Fitz</B> makes an excited booping sound!
[2023-02-17T00:06:12] GAME: TIDI: 0.666667;1.61022;1.54039;1.33482
[2023-02-17T00:06:34] EMOTE: INVALID/(Cleanbot) (82,234,9): <B>Cleanbot</B> makes an excited booping sound!
[2023-02-17T00:06:36] EMOTE: INVALID/(Cleanbot) (82,234,9): <B>Cleanbot</B> makes an excited booping sound!
[2023-02-17T00:07:13] GAME: TIDI: 0.5;1.27715;1.48774;1.35012
[2023-02-17T00:07:54] EMOTE: INVALID/(Fitz) (155,193,9): <B>Fitz</B> makes an excited booping sound!
[2023-02-17T00:08:13] GAME: TIDI: 0.5;1.04401;1.39899;1.355
[2023-02-17T00:08:42] EMOTE: INVALID/(Ian) (136,133,2): <B>Ian</B> dances around.
[2023-02-17T00:09:04] EMOTE: INVALID/(Fitz) (155,193,9): <B>Fitz</B> makes an excited booping sound!
[2023-02-17T00:09:13] GAME: TIDI: 0.5;0.880804;1.29536;1.34904
[2023-02-17T00:10:13] EMOTE: INVALID/(Fitz) (155,193,9): <B>Fitz</B> makes an excited booping sound!
[2023-02-17T00:10:14] GAME: TIDI: 0.5;0.766563;1.1896;1.33309
[2023-02-17T00:11:14] GAME: TIDI: 0.5;0.686594;1.089;1.30868
[2023-02-17T00:11:43] EMOTE: INVALID/(Cleanbot) (82,234,9): <B>Cleanbot</B> makes an excited booping sound!
[2023-02-17T00:12:14] GAME: TIDI: 0.5;0.630616;0.997321;1.27755
[2023-02-17T00:12:44] EMOTE: INVALID/(Fitz) (155,193,9): <B>Fitz</B> makes an excited booping sound!
[2023-02-17T00:13:15] GAME: TIDI: 0.666667;0.641431;0.926143;1.24241
[2023-02-17T00:14:15] GAME: TIDI: 0.5;0.599002;0.860715;1.20424
[2023-02-17T00:14:20] SAY: INVALID/(Medibot) (97,221,9): Radar, put a mask on!
[2023-02-17T00:14:50] EMOTE: INVALID/(Ian) (134,134,2): <B>Ian</B> chases their tail.
[2023-02-17T00:15:08] EMOTE: INVALID/(Cleanbot) (82,234,9): <B>Cleanbot</B> makes an excited booping sound!
[2023-02-17T00:15:15] GAME: TIDI: 0.333333;0.519301;0.792432;1.16306
[2023-02-17T00:15:18] SAY: INVALID/(Medibot) (97,221,9): Delicious!
[2023-02-17T00:16:05] EMOTE: INVALID/(Cleanbot) (82,234,9): <B>Cleanbot</B> makes an excited booping sound!
[2023-02-17T00:16:11] EMOTE: INVALID/(Fitz) (155,193,9): <B>Fitz</B> makes an excited booping sound!
[2023-02-17T00:16:15] GAME: TIDI: 0.5;0.513511;0.736648;1.12042
[2023-02-17T00:17:01] EMOTE: INVALID/(Fitz) (155,193,9): <B>Fitz</B> makes an excited booping sound!
[2023-02-17T00:17:01] EMOTE: INVALID/(Cleanbot) (82,234,9): <B>Cleanbot</B> makes an excited booping sound!
[2023-02-17T00:17:16] GAME: TIDI: 0.666667;0.559458;0.70121;1.0785
[2023-02-17T00:17:19] EMOTE: INVALID/(Fitz) (155,193,9): <B>Fitz</B> makes an excited booping sound!
[2023-02-17T00:17:27] EMOTE: INVALID/(Ian) (135,132,2): <B>Ian</B> chases their tail.
[2023-02-17T00:18:11] EMOTE: INVALID/(Fitz) (155,193,9): <B>Fitz</B> makes an excited booping sound!
[2023-02-17T00:18:18] GAME: TIDI: 4;1.59162;0.879292;1.05858
[2023-02-17T00:18:39] ADMIN: <a href='?priv_msg=[0x5000000]'>RiotScopez</a>/(KI-RA V1.49) has entered a stasis pod. (<A HREF='?_src_=holder;admin_token=31071060926107108833351116516107495710;adminplayerobservecoodjump=1;X=103;Y=83;Z=2'>JMP</a>)
[2023-02-17T00:18:40] ACCESS OUT: RiotScopez/(KI-RA V1.49) - IP:127.0.0.1 - CID:Logged Out - BYOND Logged Out
