[2023-02-15T18:35:43] START: Starting up data/logs/2023/02-February/15-Wednesday/round-18-35-40.
[2023-02-15T18:35:44] DEBUG: Rebuilding Master Controller
[2023-02-15T18:35:50] DEBUG: VChat: RiotScopez got: VChat Loaded!
[2023-02-15T18:36:42] DEBUG: Load: Could not find news channel Vir News Network to populate news articles.
[2023-02-15T18:41:10] DEBUG: Initialized shuttle Stargazer (/datum/shuttle/autodock/overmap/stargazer)
[2023-02-15T18:41:10] DEBUG: Initialized shuttle Baby_mammoth (/datum/shuttle/autodock/overmap/baby_mammoth)
[2023-02-15T18:41:10] DEBUG: Initialized shuttle Ursula (/datum/shuttle/autodock/overmap/ursula)
[2023-02-15T18:41:10] DEBUG: Initialized shuttle Needle (/datum/shuttle/autodock/overmap/needle)
[2023-02-15T18:41:10] DEBUG: Initialized shuttle Echidna (/datum/shuttle/autodock/overmap/echidna)
[2023-02-15T18:41:10] DEBUG: Initialized shuttle Escape Pod 1 (/datum/shuttle/autodock/ferry/escape_pod/escape_pod1)
[2023-02-15T18:41:10] DEBUG: Initialized shuttle Escape Pod 2 (/datum/shuttle/autodock/ferry/escape_pod/escape_pod2)
[2023-02-15T18:41:10] DEBUG: Initialized shuttle Escape Pod 3 (/datum/shuttle/autodock/ferry/escape_pod/escape_pod3)
[2023-02-15T18:41:10] DEBUG: Initialized shuttle Escape Pod 4 (/datum/shuttle/autodock/ferry/escape_pod/escape_pod4)
[2023-02-15T18:41:10] DEBUG: Initialized shuttle Escape Pod 5 (/datum/shuttle/autodock/ferry/escape_pod/escape_pod5)
[2023-02-15T18:41:10] DEBUG: Initialized shuttle Escape Pod 6 (/datum/shuttle/autodock/ferry/escape_pod/escape_pod6)
[2023-02-15T18:41:10] DEBUG: Initialized shuttle Escape Pod 7 (/datum/shuttle/autodock/ferry/escape_pod/escape_pod7)
[2023-02-15T18:41:10] DEBUG: Initialized shuttle Escape Pod 8 (/datum/shuttle/autodock/ferry/escape_pod/escape_pod8)
[2023-02-15T18:41:10] DEBUG: Initialized shuttle Cryostorage Shuttle (/datum/shuttle/autodock/ferry/escape_pod/escape_pod_cryo)
[2023-02-15T18:41:10] DEBUG: Initialized shuttle Large Escape Pod 1 (/datum/shuttle/autodock/ferry/escape_pod/large_escape_pod1)
[2023-02-15T18:41:10] DEBUG: Initialized shuttle Large Escape Pod 2 (/datum/shuttle/autodock/ferry/escape_pod/large_escape_pod2)
[2023-02-15T18:41:10] DEBUG: Initialized shuttle Arrivals (/datum/shuttle/autodock/ferry/arrivals/southern_cross)
[2023-02-15T18:41:10] DEBUG: Initialized shuttle Escape (/datum/shuttle/autodock/ferry/emergency/centcom)
[2023-02-15T18:41:10] DEBUG: Initialized shuttle Supply (/datum/shuttle/autodock/ferry/supply/cargo)
[2023-02-15T18:41:10] DEBUG: Initialized shuttle Exploration (/datum/shuttle/autodock/ferry/exploration)
[2023-02-15T18:41:10] DEBUG: Initialized shuttle Administration Shuttle (/datum/shuttle/autodock/multi/administration)
[2023-02-15T18:41:10] DEBUG: Initialized shuttle Centcom Transport Shuttle (/datum/shuttle/autodock/multi/centcom)
[2023-02-15T18:41:10] DEBUG: Initialized shuttle Merchant (/datum/shuttle/autodock/multi/merchant)
[2023-02-15T18:41:10] DEBUG: &lt;span class=&#39;danger&#39;&gt;warning: shuttle Skipjack can&#39;t find its controller with tag skipjack_shuttle!&lt;/span&gt;
[2023-02-15T18:41:10] DEBUG: Initialized shuttle Skipjack (/datum/shuttle/autodock/multi/heist)
[2023-02-15T18:41:10] DEBUG: Initialized shuttle Mercenary Ship (/datum/shuttle/autodock/multi/syndicate)
[2023-02-15T18:41:10] DEBUG: Initialized shuttle Ninja Shuttle (/datum/shuttle/autodock/multi/ninja)
[2023-02-15T18:41:10] DEBUG: Initialized shuttle Response Operations Shuttle (/datum/shuttle/autodock/multi/ert)
[2023-02-15T18:41:10] DEBUG: Initialized shuttle Shuttle 3 (/datum/shuttle/autodock/web_shuttle/shuttle3)
[2023-02-15T18:41:10] DEBUG: Generating cloud of 5 carp school overmap event hazards
[2023-02-15T18:41:10] DEBUG: Generating cloud of 15 asteroid field overmap event hazards
[2023-02-15T18:41:10] DEBUG: Generating cloud of 16 dust cloud overmap event hazards
[2023-02-15T18:41:10] DEBUG: Generating cloud of 8 carp shoal overmap event hazards
[2023-02-15T18:41:10] DEBUG: Generating cloud of 5 carp school overmap event hazards
[2023-02-15T18:41:10] DEBUG: Generating cloud of 8 carp shoal overmap event hazards
[2023-02-15T18:41:10] DEBUG: Generating cloud of 11 electrical storm overmap event hazards
[2023-02-15T18:41:10] DEBUG: Generating cloud of 8 ion cloud overmap event hazards
[2023-02-15T18:41:10] DEBUG: Generating cloud of 8 carp shoal overmap event hazards
[2023-02-15T18:41:10] DEBUG: Generating cloud of 8 carp shoal overmap event hazards
[2023-02-15T18:41:10] DEBUG: Generating cloud of 5 carp school overmap event hazards
[2023-02-15T18:41:10] DEBUG: Generating cloud of 11 electrical storm overmap event hazards
[2023-02-15T18:41:10] DEBUG: Generating cloud of 11 electrical storm overmap event hazards
[2023-02-15T18:41:10] DEBUG: Generating cloud of 5 carp school overmap event hazards
[2023-02-15T18:41:10] DEBUG: Generating cloud of 15 asteroid field overmap event hazards
[2023-02-15T18:41:10] DEBUG: Generating cloud of 8 carp shoal overmap event hazards
[2023-02-15T18:41:10] DEBUG: Generating cloud of 15 asteroid field overmap event hazards
[2023-02-15T18:41:10] DEBUG: Generating cloud of 8 carp shoal overmap event hazards
[2023-02-15T18:41:10] DEBUG: Generating cloud of 5 carp school overmap event hazards
[2023-02-15T18:41:10] DEBUG: Generating cloud of 8 ion cloud overmap event hazards
[2023-02-15T18:41:10] DEBUG: Generating cloud of 5 carp school overmap event hazards
[2023-02-15T18:41:10] DEBUG: Generating cloud of 11 electrical storm overmap event hazards
[2023-02-15T18:41:10] DEBUG: Generating cloud of 16 dust cloud overmap event hazards
[2023-02-15T18:41:10] DEBUG: Generating cloud of 8 carp shoal overmap event hazards
[2023-02-15T18:41:10] DEBUG: Generating cloud of 15 asteroid field overmap event hazards
[2023-02-15T18:41:10] DEBUG: Generating cloud of 11 electrical storm overmap event hazards
[2023-02-15T18:41:10] DEBUG: Generating cloud of 16 dust cloud overmap event hazards
[2023-02-15T18:41:10] DEBUG: Generating cloud of 8 ion cloud overmap event hazards
[2023-02-15T18:41:10] DEBUG: Generating cloud of 8 carp shoal overmap event hazards
[2023-02-15T18:41:10] DEBUG: Generating cloud of 8 ion cloud overmap event hazards
[2023-02-15T18:41:10] DEBUG: Generating cloud of 16 dust cloud overmap event hazards
[2023-02-15T18:41:10] DEBUG: Generating cloud of 5 carp school overmap event hazards
[2023-02-15T18:41:10] DEBUG: Generating cloud of 15 asteroid field overmap event hazards
[2023-02-15T18:41:10] DEBUG: Generating cloud of 16 dust cloud overmap event hazards
[2023-02-15T18:41:10] DEBUG: Generating cloud of 8 carp shoal overmap event hazards
[2023-02-15T18:41:10] DEBUG: Generating cloud of 16 dust cloud overmap event hazards
[2023-02-15T18:41:10] DEBUG: Generating cloud of 8 carp shoal overmap event hazards
[2023-02-15T18:41:10] DEBUG: Generating cloud of 16 dust cloud overmap event hazards
[2023-02-15T18:41:10] DEBUG: Generating cloud of 16 dust cloud overmap event hazards
[2023-02-15T18:41:10] DEBUG: Generating cloud of 15 asteroid field overmap event hazards
[2023-02-15T18:41:10] DEBUG: Generating cloud of 5 carp school overmap event hazards
[2023-02-15T18:41:10] DEBUG: Generating cloud of 8 ion cloud overmap event hazards
[2023-02-15T18:41:10] DEBUG: Generating cloud of 8 ion cloud overmap event hazards
[2023-02-15T18:41:10] DEBUG: Generating cloud of 8 carp shoal overmap event hazards
[2023-02-15T18:43:04] DEBUG: TiDi Starting Log
[2023-02-15T18:43:46] DEBUG: RiotScopez pAI prefs have a null candidate var.
[2023-02-15T18:44:50] DEBUG: Next event of severity Mundane in 39.772 minutes.
[2023-02-15T18:44:50] DEBUG: Next event of severity Moderate in 30 minutes.
[2023-02-15T18:44:50] DEBUG: Next event of severity Major in 100 minutes.
[2023-02-15T18:44:51] DEBUG: Sif&#39;s weather is now blizzard, with a temperature of 236.9&amp;deg;K (-36.25&amp;deg;C | -33.25&amp;deg;F).
[2023-02-15T18:44:51] DEBUG: Sif&#39;s weather forecast is now &#39;blizzard, blizzard,  then snow&#39;.
[2023-02-15T18:50:12] DEBUG: Sif&#39;s weather is now blizzard, with a temperature of 236.9&amp;deg;K (-36.25&amp;deg;C | -33.25&amp;deg;F).
[2023-02-15T18:50:12] DEBUG: Sif&#39;s weather forecast is now &#39;blizzard, snow,  then light snow&#39;.
[2023-02-15T18:59:18] DEBUG: Sif&#39;s weather is now blizzard, with a temperature of 236.9&amp;deg;K (-36.25&amp;deg;C | -33.25&amp;deg;F).
[2023-02-15T18:59:18] DEBUG: Sif&#39;s weather forecast is now &#39;snow, light snow,  then hail&#39;.
[2023-02-15T19:06:22] DEBUG: Sif&#39;s weather is now snow, with a temperature of 254.4&amp;deg;K (-18.75&amp;deg;C | -1.75003&amp;deg;F).
[2023-02-15T19:06:22] DEBUG: Sif&#39;s weather forecast is now &#39;light snow, hail,  then rain&#39;.
[2023-02-15T19:14:25] DEBUG: Sif&#39;s weather is now light snow, with a temperature of 263.775&amp;deg;K (-9.375&amp;deg;C | 15.125&amp;deg;F).
[2023-02-15T19:14:25] DEBUG: Sif&#39;s weather forecast is now &#39;hail, rain,  then rain&#39;.
[2023-02-15T19:24:30] DEBUG: Sif&#39;s weather is now hail, with a temperature of 256.275&amp;deg;K (-16.875&amp;deg;C | 1.62497&amp;deg;F).
[2023-02-15T19:24:30] DEBUG: Sif&#39;s weather forecast is now &#39;rain, rain,  then rain&#39;.
[2023-02-15T19:29:32] DEBUG: Sif&#39;s weather is now rain, with a temperature of 271.9&amp;deg;K (-1.25&amp;deg;C | 29.75&amp;deg;F).
[2023-02-15T19:29:32] DEBUG: Sif&#39;s weather forecast is now &#39;rain, rain,  then overcast&#39;.
[2023-02-15T19:34:34] DEBUG: Sif&#39;s weather is now rain, with a temperature of 271.9&amp;deg;K (-1.25&amp;deg;C | 29.75&amp;deg;F).
[2023-02-15T19:34:34] DEBUG: Sif&#39;s weather forecast is now &#39;rain, overcast,  then rain&#39;.
[2023-02-15T19:39:36] DEBUG: Sif&#39;s weather is now rain, with a temperature of 271.9&amp;deg;K (-1.25&amp;deg;C | 29.75&amp;deg;F).
[2023-02-15T19:39:36] DEBUG: Sif&#39;s weather forecast is now &#39;overcast, rain,  then overcast&#39;.
[2023-02-15T19:49:41] DEBUG: Sif&#39;s weather is now overcast, with a temperature of 271.9&amp;deg;K (-1.25&amp;deg;C | 29.75&amp;deg;F).
[2023-02-15T19:49:41] DEBUG: Sif&#39;s weather forecast is now &#39;rain, overcast,  then clear&#39;.
[2023-02-15T19:55:47] DEBUG: Runtime in lighting_source.dm,250: Cannot read null.x &lt;A HREF=&#39;?src=[0x21097717];admin_token=03142310346420049433104998518076107;viewruntime=[0x21097717]&#39;&gt;[view]&lt;/A&gt;
[2023-02-15T19:56:45] DEBUG: Sif&#39;s weather is now rain, with a temperature of 271.9&amp;deg;K (-1.25&amp;deg;C | 29.75&amp;deg;F).
[2023-02-15T19:56:45] DEBUG: Sif&#39;s weather forecast is now &#39;overcast, clear,  then clear&#39;.
[2023-02-15T19:59:01] DEBUG: Runtime in lighting_source.dm,250: Cannot read null.x &lt;A HREF=&#39;?src=[0x210977bb];admin_token=03142310346420049433104998518076107;viewruntime=[0x210977bb]&#39;&gt;[view]&lt;/A&gt;
[2023-02-15T19:59:15] DEBUG: Runtime in lighting_source.dm,250: Cannot read null.x &lt;A HREF=&#39;?src=[0x2101a11c];admin_token=03142310346420049433104998518076107;viewruntime=[0x2101a11c]&#39;&gt;[view]&lt;/A&gt;
[2023-02-15T19:59:57] DEBUG: Runtime in lighting_source.dm,250: Cannot read null.x &lt;A HREF=&#39;?src=[0x21122302];admin_token=03142310346420049433104998518076107;viewruntime=[0x21122302]&#39;&gt;[view]&lt;/A&gt;
[2023-02-15T20:02:51] DEBUG: Sif&#39;s weather is now overcast, with a temperature of 271.9&amp;deg;K (-1.25&amp;deg;C | 29.75&amp;deg;F).
[2023-02-15T20:02:51] DEBUG: Sif&#39;s weather forecast is now &#39;clear, clear,  then clear&#39;.
[2023-02-15T20:11:42] DEBUG: Sif&#39;s weather is now clear, with a temperature of 271.9&amp;deg;K (-1.25&amp;deg;C | 29.75&amp;deg;F).
[2023-02-15T20:11:42] DEBUG: Sif&#39;s weather forecast is now &#39;clear, clear,  then overcast&#39;.
[2023-02-15T20:17:45] DEBUG: Sif&#39;s weather is now clear, with a temperature of 273.15&amp;deg;K (0&amp;deg;C | 32&amp;deg;F).
[2023-02-15T20:17:45] DEBUG: Sif&#39;s weather forecast is now &#39;clear, overcast,  then clear&#39;.
[2023-02-15T20:23:47] DEBUG: Sif&#39;s weather is now clear, with a temperature of 273.15&amp;deg;K (0&amp;deg;C | 32&amp;deg;F).
[2023-02-15T20:23:47] DEBUG: Sif&#39;s weather forecast is now &#39;overcast, clear,  then clear&#39;.
[2023-02-15T20:29:49] DEBUG: Sif&#39;s weather is now overcast, with a temperature of 273.15&amp;deg;K (0&amp;deg;C | 32&amp;deg;F).
[2023-02-15T20:29:49] DEBUG: Sif&#39;s weather forecast is now &#39;clear, clear,  then clear&#39;.
[2023-02-15T20:35:52] DEBUG: Sif&#39;s weather is now clear, with a temperature of 273.15&amp;deg;K (0&amp;deg;C | 32&amp;deg;F).
[2023-02-15T20:35:52] DEBUG: Sif&#39;s weather forecast is now &#39;clear, clear,  then clear&#39;.
[2023-02-15T20:43:55] DEBUG: Sif&#39;s weather is now clear, with a temperature of 273.15&amp;deg;K (0&amp;deg;C | 32&amp;deg;F).
[2023-02-15T20:43:55] DEBUG: Sif&#39;s weather forecast is now &#39;clear, clear,  then clear&#39;.
[2023-02-15T20:52:59] DEBUG: Sif&#39;s weather is now clear, with a temperature of 273.15&amp;deg;K (0&amp;deg;C | 32&amp;deg;F).
[2023-02-15T20:52:59] DEBUG: Sif&#39;s weather forecast is now &#39;clear, clear,  then overcast&#39;.
[2023-02-15T21:01:02] DEBUG: Sif&#39;s weather is now clear, with a temperature of 273.15&amp;deg;K (0&amp;deg;C | 32&amp;deg;F).
[2023-02-15T21:01:02] DEBUG: Sif&#39;s weather forecast is now &#39;clear, overcast,  then overcast&#39;.
[2023-02-15T21:10:05] DEBUG: Sif&#39;s weather is now clear, with a temperature of 273.15&amp;deg;K (0&amp;deg;C | 32&amp;deg;F).
[2023-02-15T21:10:05] DEBUG: Sif&#39;s weather forecast is now &#39;overcast, overcast,  then overcast&#39;.
[2023-02-15T21:20:09] DEBUG: Sif&#39;s weather is now overcast, with a temperature of 273.15&amp;deg;K (0&amp;deg;C | 32&amp;deg;F).
[2023-02-15T21:20:09] DEBUG: Sif&#39;s weather forecast is now &#39;overcast, overcast,  then hail&#39;.
[2023-02-15T21:26:11] DEBUG: Sif&#39;s weather is now overcast, with a temperature of 274.4&amp;deg;K (1.25&amp;deg;C | 34.25&amp;deg;F).
[2023-02-15T21:26:11] DEBUG: Sif&#39;s weather forecast is now &#39;overcast, hail,  then storm&#39;.
[2023-02-15T21:36:15] DEBUG: Sif&#39;s weather is now overcast, with a temperature of 274.4&amp;deg;K (1.25&amp;deg;C | 34.25&amp;deg;F).
[2023-02-15T21:36:15] DEBUG: Sif&#39;s weather forecast is now &#39;hail, storm,  then rain&#39;.
[2023-02-15T21:43:18] DEBUG: Sif&#39;s weather is now hail, with a temperature of 260.025&amp;deg;K (-13.125&amp;deg;C | 8.37497&amp;deg;F).
[2023-02-15T21:43:18] DEBUG: Sif&#39;s weather forecast is now &#39;storm, rain,  then light snow&#39;.
[2023-02-15T21:43:49] DEBUG: The server has called a crew transfer vote.
[2023-02-15T21:47:20] DEBUG: Sif&#39;s weather is now storm, with a temperature of 238.775&amp;deg;K (-34.375&amp;deg;C | -29.875&amp;deg;F).
[2023-02-15T21:47:20] DEBUG: Sif&#39;s weather forecast is now &#39;rain, light snow,  then light snow&#39;.
[2023-02-15T21:56:24] DEBUG: Sif&#39;s weather is now rain, with a temperature of 274.4&amp;deg;K (1.25&amp;deg;C | 34.25&amp;deg;F).
[2023-02-15T21:56:24] DEBUG: Sif&#39;s weather forecast is now &#39;light snow, light snow,  then light snow&#39;.
[2023-02-15T22:03:27] DEBUG: Sif&#39;s weather is now light snow, with a temperature of 266.587&amp;deg;K (-6.5625&amp;deg;C | 20.1875&amp;deg;F).
[2023-02-15T22:03:27] DEBUG: Sif&#39;s weather forecast is now &#39;light snow, light snow,  then overcast&#39;.
[2023-02-15T22:10:30] DEBUG: Sif&#39;s weather is now light snow, with a temperature of 266.587&amp;deg;K (-6.5625&amp;deg;C | 20.1875&amp;deg;F).
[2023-02-15T22:10:30] DEBUG: Sif&#39;s weather forecast is now &#39;light snow, overcast,  then snow&#39;.
[2023-02-15T22:19:34] DEBUG: Sif&#39;s weather is now light snow, with a temperature of 266.587&amp;deg;K (-6.5625&amp;deg;C | 20.1875&amp;deg;F).
[2023-02-15T22:19:34] DEBUG: Sif&#39;s weather forecast is now &#39;overcast, snow,  then snow&#39;.
[2023-02-15T22:28:38] DEBUG: Sif&#39;s weather is now overcast, with a temperature of 274.4&amp;deg;K (1.25&amp;deg;C | 34.25&amp;deg;F).
[2023-02-15T22:28:38] DEBUG: Sif&#39;s weather forecast is now &#39;snow, snow,  then light snow&#39;.
[2023-02-15T22:35:41] DEBUG: Sif&#39;s weather is now snow, with a temperature of 261.9&amp;deg;K (-11.25&amp;deg;C | 11.75&amp;deg;F).
[2023-02-15T22:35:41] DEBUG: Sif&#39;s weather forecast is now &#39;snow, light snow,  then light snow&#39;.
[2023-02-15T22:41:43] DEBUG: Sif&#39;s weather is now snow, with a temperature of 261.9&amp;deg;K (-11.25&amp;deg;C | 11.75&amp;deg;F).
[2023-02-15T22:41:43] DEBUG: Sif&#39;s weather forecast is now &#39;light snow, light snow,  then light snow&#39;.
[2023-02-15T22:43:49] DEBUG: The server has called a crew transfer vote.
[2023-02-15T22:49:46] DEBUG: Sif&#39;s weather is now light snow, with a temperature of 267.525&amp;deg;K (-5.625&amp;deg;C | 21.875&amp;deg;F).
[2023-02-15T22:49:46] DEBUG: Sif&#39;s weather forecast is now &#39;light snow, light snow,  then snow&#39;.
[2023-02-15T22:56:49] DEBUG: Sif&#39;s weather is now light snow, with a temperature of 267.525&amp;deg;K (-5.625&amp;deg;C | 21.875&amp;deg;F).
[2023-02-15T22:56:49] DEBUG: Sif&#39;s weather forecast is now &#39;light snow, snow,  then snow&#39;.
[2023-02-15T23:05:53] DEBUG: Sif&#39;s weather is now light snow, with a temperature of 267.525&amp;deg;K (-5.625&amp;deg;C | 21.875&amp;deg;F).
[2023-02-15T23:05:53] DEBUG: Sif&#39;s weather forecast is now &#39;snow, snow,  then blizzard&#39;.
[2023-02-15T23:14:56] DEBUG: Sif&#39;s weather is now snow, with a temperature of 261.9&amp;deg;K (-11.25&amp;deg;C | 11.75&amp;deg;F).
[2023-02-15T23:14:56] DEBUG: Sif&#39;s weather forecast is now &#39;snow, blizzard,  then blizzard&#39;.
[2023-02-15T23:25:00] DEBUG: Sif&#39;s weather is now snow, with a temperature of 263.775&amp;deg;K (-9.375&amp;deg;C | 15.125&amp;deg;F).
[2023-02-15T23:25:00] DEBUG: Sif&#39;s weather forecast is now &#39;blizzard, blizzard,  then hail&#39;.
[2023-02-15T23:33:03] DEBUG: Sif&#39;s weather is now blizzard, with a temperature of 240.025&amp;deg;K (-33.125&amp;deg;C | -27.625&amp;deg;F).
[2023-02-15T23:33:03] DEBUG: Sif&#39;s weather forecast is now &#39;blizzard, hail,  then rain&#39;.
