[2023-03-17T17:14:21] START: Starting up data/logs/2023/03-March/17-Friday/round-17-14-01.
[2023-03-17T17:14:22] DEBUG: Rebuilding Master Controller
[2023-03-17T17:14:38] DEBUG: VChat: RiotScopez got: VChat Loaded!
[2023-03-17T17:15:12] DEBUG: Load: Could not find news channel Vir News Network to populate news articles.
[2023-03-17T17:20:04] DEBUG: Initialized shuttle Stargazer (/datum/shuttle/autodock/overmap/stargazer)
[2023-03-17T17:20:04] DEBUG: Initialized shuttle Baby_mammoth (/datum/shuttle/autodock/overmap/baby_mammoth)
[2023-03-17T17:20:04] DEBUG: Initialized shuttle Ursula (/datum/shuttle/autodock/overmap/ursula)
[2023-03-17T17:20:04] DEBUG: Initialized shuttle Needle (/datum/shuttle/autodock/overmap/needle)
[2023-03-17T17:20:04] DEBUG: Initialized shuttle Echidna (/datum/shuttle/autodock/overmap/echidna)
[2023-03-17T17:20:04] DEBUG: Initialized shuttle Escape Pod 1 (/datum/shuttle/autodock/ferry/escape_pod/escape_pod1)
[2023-03-17T17:20:04] DEBUG: Initialized shuttle Escape Pod 2 (/datum/shuttle/autodock/ferry/escape_pod/escape_pod2)
[2023-03-17T17:20:04] DEBUG: Initialized shuttle Escape Pod 3 (/datum/shuttle/autodock/ferry/escape_pod/escape_pod3)
[2023-03-17T17:20:04] DEBUG: Initialized shuttle Escape Pod 4 (/datum/shuttle/autodock/ferry/escape_pod/escape_pod4)
[2023-03-17T17:20:04] DEBUG: Initialized shuttle Escape Pod 5 (/datum/shuttle/autodock/ferry/escape_pod/escape_pod5)
[2023-03-17T17:20:04] DEBUG: Initialized shuttle Escape Pod 6 (/datum/shuttle/autodock/ferry/escape_pod/escape_pod6)
[2023-03-17T17:20:04] DEBUG: Initialized shuttle Escape Pod 7 (/datum/shuttle/autodock/ferry/escape_pod/escape_pod7)
[2023-03-17T17:20:04] DEBUG: Initialized shuttle Escape Pod 8 (/datum/shuttle/autodock/ferry/escape_pod/escape_pod8)
[2023-03-17T17:20:04] DEBUG: Initialized shuttle Cryostorage Shuttle (/datum/shuttle/autodock/ferry/escape_pod/escape_pod_cryo)
[2023-03-17T17:20:04] DEBUG: Initialized shuttle Large Escape Pod 1 (/datum/shuttle/autodock/ferry/escape_pod/large_escape_pod1)
[2023-03-17T17:20:04] DEBUG: Initialized shuttle Large Escape Pod 2 (/datum/shuttle/autodock/ferry/escape_pod/large_escape_pod2)
[2023-03-17T17:20:04] DEBUG: Initialized shuttle Arrivals (/datum/shuttle/autodock/ferry/arrivals/southern_cross)
[2023-03-17T17:20:04] DEBUG: Initialized shuttle Escape (/datum/shuttle/autodock/ferry/emergency/centcom)
[2023-03-17T17:20:04] DEBUG: Initialized shuttle Supply (/datum/shuttle/autodock/ferry/supply/cargo)
[2023-03-17T17:20:04] DEBUG: Initialized shuttle Exploration (/datum/shuttle/autodock/ferry/exploration)
[2023-03-17T17:20:04] DEBUG: Initialized shuttle Administration Shuttle (/datum/shuttle/autodock/multi/administration)
[2023-03-17T17:20:04] DEBUG: Initialized shuttle Centcom Transport Shuttle (/datum/shuttle/autodock/multi/centcom)
[2023-03-17T17:20:04] DEBUG: Initialized shuttle Merchant (/datum/shuttle/autodock/multi/merchant)
[2023-03-17T17:20:04] DEBUG: &lt;span class=&#39;danger&#39;&gt;warning: shuttle Skipjack can&#39;t find its controller with tag skipjack_shuttle!&lt;/span&gt;
[2023-03-17T17:20:04] DEBUG: Initialized shuttle Skipjack (/datum/shuttle/autodock/multi/heist)
[2023-03-17T17:20:04] DEBUG: Initialized shuttle Mercenary Ship (/datum/shuttle/autodock/multi/syndicate)
[2023-03-17T17:20:04] DEBUG: Initialized shuttle Ninja Shuttle (/datum/shuttle/autodock/multi/ninja)
[2023-03-17T17:20:04] DEBUG: Initialized shuttle Response Operations Shuttle (/datum/shuttle/autodock/multi/ert)
[2023-03-17T17:20:04] DEBUG: Initialized shuttle Shuttle 3 (/datum/shuttle/autodock/web_shuttle/shuttle3)
[2023-03-17T17:20:05] DEBUG: Generating cloud of 15 asteroid field overmap event hazards
[2023-03-17T17:20:05] DEBUG: Generating cloud of 8 ion cloud overmap event hazards
[2023-03-17T17:20:05] DEBUG: Generating cloud of 15 asteroid field overmap event hazards
[2023-03-17T17:20:05] DEBUG: Generating cloud of 5 carp school overmap event hazards
[2023-03-17T17:20:05] DEBUG: Generating cloud of 8 carp shoal overmap event hazards
[2023-03-17T17:20:05] DEBUG: Generating cloud of 8 carp shoal overmap event hazards
[2023-03-17T17:20:05] DEBUG: Generating cloud of 15 asteroid field overmap event hazards
[2023-03-17T17:20:05] DEBUG: Generating cloud of 5 carp school overmap event hazards
[2023-03-17T17:20:05] DEBUG: Generating cloud of 8 carp shoal overmap event hazards
[2023-03-17T17:20:05] DEBUG: Generating cloud of 11 electrical storm overmap event hazards
[2023-03-17T17:20:05] DEBUG: Generating cloud of 8 carp shoal overmap event hazards
[2023-03-17T17:20:05] DEBUG: Generating cloud of 8 ion cloud overmap event hazards
[2023-03-17T17:20:05] DEBUG: Generating cloud of 15 asteroid field overmap event hazards
[2023-03-17T17:20:05] DEBUG: Generating cloud of 5 carp school overmap event hazards
[2023-03-17T17:20:05] DEBUG: Generating cloud of 11 electrical storm overmap event hazards
[2023-03-17T17:20:05] DEBUG: Generating cloud of 11 electrical storm overmap event hazards
[2023-03-17T17:20:05] DEBUG: Generating cloud of 16 dust cloud overmap event hazards
[2023-03-17T17:20:05] DEBUG: Generating cloud of 11 electrical storm overmap event hazards
[2023-03-17T17:20:05] DEBUG: Generating cloud of 5 carp school overmap event hazards
[2023-03-17T17:20:05] DEBUG: Generating cloud of 11 electrical storm overmap event hazards
[2023-03-17T17:20:05] DEBUG: Generating cloud of 15 asteroid field overmap event hazards
[2023-03-17T17:20:05] DEBUG: Generating cloud of 15 asteroid field overmap event hazards
[2023-03-17T17:20:05] DEBUG: Generating cloud of 16 dust cloud overmap event hazards
[2023-03-17T17:20:05] DEBUG: Generating cloud of 8 ion cloud overmap event hazards
[2023-03-17T17:20:05] DEBUG: Generating cloud of 8 carp shoal overmap event hazards
[2023-03-17T17:20:05] DEBUG: Generating cloud of 8 ion cloud overmap event hazards
[2023-03-17T17:20:05] DEBUG: Generating cloud of 5 carp school overmap event hazards
[2023-03-17T17:20:05] DEBUG: Generating cloud of 15 asteroid field overmap event hazards
[2023-03-17T17:20:05] DEBUG: Generating cloud of 8 ion cloud overmap event hazards
[2023-03-17T17:20:05] DEBUG: Generating cloud of 5 carp school overmap event hazards
[2023-03-17T17:20:05] DEBUG: Generating cloud of 15 asteroid field overmap event hazards
[2023-03-17T17:20:05] DEBUG: Generating cloud of 5 carp school overmap event hazards
[2023-03-17T17:20:05] DEBUG: Generating cloud of 15 asteroid field overmap event hazards
[2023-03-17T17:20:05] DEBUG: Generating cloud of 8 carp shoal overmap event hazards
[2023-03-17T17:20:05] DEBUG: Generating cloud of 5 carp school overmap event hazards
[2023-03-17T17:20:05] DEBUG: Generating cloud of 8 ion cloud overmap event hazards
[2023-03-17T17:20:05] DEBUG: Generating cloud of 16 dust cloud overmap event hazards
[2023-03-17T17:20:05] DEBUG: Generating cloud of 8 ion cloud overmap event hazards
[2023-03-17T17:20:05] DEBUG: Generating cloud of 8 ion cloud overmap event hazards
[2023-03-17T17:20:05] DEBUG: Generating cloud of 11 electrical storm overmap event hazards
[2023-03-17T17:20:05] DEBUG: Generating cloud of 16 dust cloud overmap event hazards
[2023-03-17T17:20:05] DEBUG: Generating cloud of 8 carp shoal overmap event hazards
[2023-03-17T17:20:05] DEBUG: Generating cloud of 11 electrical storm overmap event hazards
[2023-03-17T17:20:05] DEBUG: Generating cloud of 8 ion cloud overmap event hazards
[2023-03-17T17:22:01] DEBUG: TiDi Starting Log
