[2024-04-03 07:29:49.013] START: Starting up data/logs/2024/04-April/03-Wednesday/round-03-30-08.
[2024-04-03 07:41:02.059] RUNTIME: [2024-04-03T03:41:02] Runtime in code/game/atoms.dm,312: Cannot read 0.key
[2024-04-03 07:41:02.065] RUNTIME:   proc name: add hiddenprint (/atom/proc/add_hiddenprint)
[2024-04-03 07:41:02.071] RUNTIME:   src: the security camera (/obj/machinery/camera/network/third_deck)
[2024-04-03 07:41:02.078] RUNTIME:   src.loc: the floor (132,133,3) (/turf/simulated/floor/tiled)
[2024-04-03 07:41:02.086] RUNTIME:   call stack:
[2024-04-03 07:41:02.092] RUNTIME:   the security camera (/obj/machinery/camera/network/third_deck): add hiddenprint(0)
[2024-04-03 07:41:02.104] RUNTIME:   the security camera (/obj/machinery/camera/network/third_deck): deactivate(0, 1)
[2024-04-03 07:41:02.111] RUNTIME:   the security camera (/obj/machinery/camera/network/third_deck): deactivate(0, 1)
[2024-04-03 07:41:02.117] RUNTIME:   /datum/wires/camera (/datum/wires/camera): on cut("Primary Power", 0)
[2024-04-03 07:41:02.123] RUNTIME:   /datum/wires/camera (/datum/wires/camera): cut("Primary Power")
[2024-04-03 07:41:02.131] RUNTIME:   /datum/wires/camera (/datum/wires/camera): cut all()
[2024-04-03 07:41:02.139] RUNTIME:   the security camera (/obj/machinery/camera/network/third_deck): destroy()
[2024-04-03 07:41:02.144] RUNTIME:   the security camera (/obj/machinery/camera/network/third_deck): take damage(5, null)
[2024-04-03 07:41:02.151] RUNTIME:   the security camera (/obj/machinery/camera/network/third_deck): bullet act(the suppressive pellet (/obj/item/projectile/energy/blue_pellet), "torso")
[2024-04-03 07:41:02.161] RUNTIME:   the suppressive pellet (/obj/item/projectile/energy/blue_pellet): Bump(the security camera (/obj/machinery/camera/network/third_deck))
[2024-04-03 07:41:02.169] RUNTIME:   the suppressive pellet (/obj/item/projectile/energy/blue_pellet): Moved(the floor (131,133,3) (/turf/simulated/floor/tiled), 4, 0, 2)
[2024-04-03 07:41:02.177] RUNTIME:   the suppressive pellet (/obj/item/projectile/energy/blue_pellet): Move(the floor (132,133,3) (/turf/simulated/floor/tiled), 4, null)
[2024-04-03 07:41:02.185] RUNTIME:   the suppressive pellet (/obj/item/projectile/energy/blue_pellet): pixel move(1, 0)
[2024-04-03 07:41:02.191] RUNTIME:   the suppressive pellet (/obj/item/projectile/energy/blue_pellet): process(1)
[2024-04-03 07:41:02.197] RUNTIME:   Projectiles (/datum/controller/subsystem/processing/projectiles): fire(0)
[2024-04-03 07:41:02.203] RUNTIME:   Projectiles (/datum/controller/subsystem/processing/projectiles): ignite(0)
[2024-04-03 07:41:02.209] RUNTIME:   Master (/datum/controller/master): RunQueue()
[2024-04-03 07:41:02.217] RUNTIME:   Master (/datum/controller/master): Loop()
[2024-04-03 07:41:02.225] RUNTIME:   Master (/datum/controller/master): StartProcessing(0)
[2024-04-03 07:41:02.415] RUNTIME: [2024-04-03T03:41:02] Runtime in code/game/atoms.dm,312: Cannot read 0.key
[2024-04-03 07:41:02.422] RUNTIME:   proc name: add hiddenprint (/atom/proc/add_hiddenprint)
[2024-04-03 07:41:02.428] RUNTIME:   src: the security camera (/obj/machinery/camera/network/third_deck)
[2024-04-03 07:41:02.436] RUNTIME:   src.loc: the floor (132,133,3) (/turf/simulated/floor/tiled)
[2024-04-03 07:41:02.444] RUNTIME:   call stack:
[2024-04-03 07:41:02.450] RUNTIME:   the security camera (/obj/machinery/camera/network/third_deck): add hiddenprint(0)
[2024-04-03 07:41:02.457] RUNTIME:   the security camera (/obj/machinery/camera/network/third_deck): deactivate(0, 1)
[2024-04-03 07:41:02.464] RUNTIME:   the security camera (/obj/machinery/camera/network/third_deck): deactivate(0, 1)
[2024-04-03 07:41:02.471] RUNTIME:   /datum/wires/camera (/datum/wires/camera): on cut("Primary Power", 1)
[2024-04-03 07:41:02.476] RUNTIME:   /datum/wires/camera (/datum/wires/camera): cut("Primary Power")
[2024-04-03 07:41:02.483] RUNTIME:   /datum/wires/camera (/datum/wires/camera): cut all()
[2024-04-03 07:41:02.494] RUNTIME:   the security camera (/obj/machinery/camera/network/third_deck): destroy()
[2024-04-03 07:41:02.502] RUNTIME:   the security camera (/obj/machinery/camera/network/third_deck): take damage(5, null)
[2024-04-03 07:41:02.510] RUNTIME:   the security camera (/obj/machinery/camera/network/third_deck): bullet act(the suppressive pellet (/obj/item/projectile/energy/blue_pellet), "torso")
[2024-04-03 07:41:02.517] RUNTIME:   the suppressive pellet (/obj/item/projectile/energy/blue_pellet): Bump(the security camera (/obj/machinery/camera/network/third_deck))
[2024-04-03 07:41:02.524] RUNTIME:   the suppressive pellet (/obj/item/projectile/energy/blue_pellet): Moved(the floor (131,133,3) (/turf/simulated/floor/tiled), 4, 0, 2)
[2024-04-03 07:41:02.532] RUNTIME:   the suppressive pellet (/obj/item/projectile/energy/blue_pellet): Move(the floor (132,133,3) (/turf/simulated/floor/tiled), 4, null)
[2024-04-03 07:41:02.542] RUNTIME:   the suppressive pellet (/obj/item/projectile/energy/blue_pellet): pixel move(1, 0)
[2024-04-03 07:41:02.549] RUNTIME:   the suppressive pellet (/obj/item/projectile/energy/blue_pellet): process(1)
[2024-04-03 07:41:02.556] RUNTIME:   Projectiles (/datum/controller/subsystem/processing/projectiles): fire(0)
[2024-04-03 07:41:02.562] RUNTIME:   Projectiles (/datum/controller/subsystem/processing/projectiles): ignite(0)
[2024-04-03 07:41:02.569] RUNTIME:   Master (/datum/controller/master): RunQueue()
[2024-04-03 07:41:02.575] RUNTIME:   Master (/datum/controller/master): Loop()
[2024-04-03 07:41:02.583] RUNTIME:   Master (/datum/controller/master): StartProcessing(0)
[2024-04-03 07:41:02.717] RUNTIME: [2024-04-03T03:41:02] Runtime in code/game/atoms.dm,312: Cannot read 0.key
[2024-04-03 07:41:02.724] RUNTIME:   proc name: add hiddenprint (/atom/proc/add_hiddenprint)
[2024-04-03 07:41:02.732] RUNTIME:   src: the security camera (/obj/machinery/camera/network/third_deck)
[2024-04-03 07:41:02.741] RUNTIME:   src.loc: the floor (132,133,3) (/turf/simulated/floor/tiled)
[2024-04-03 07:41:02.748] RUNTIME:   call stack:
[2024-04-03 07:41:02.756] RUNTIME:   the security camera (/obj/machinery/camera/network/third_deck): add hiddenprint(0)
[2024-04-03 07:41:02.764] RUNTIME:   the security camera (/obj/machinery/camera/network/third_deck): deactivate(0, 1)
[2024-04-03 07:41:02.773] RUNTIME:   the security camera (/obj/machinery/camera/network/third_deck): deactivate(0, 1)
[2024-04-03 07:41:02.781] RUNTIME:   /datum/wires/camera (/datum/wires/camera): on cut("Primary Power", 0)
[2024-04-03 07:41:02.787] RUNTIME:   /datum/wires/camera (/datum/wires/camera): cut("Primary Power")
[2024-04-03 07:41:02.794] RUNTIME:   /datum/wires/camera (/datum/wires/camera): cut all()
[2024-04-03 07:41:02.803] RUNTIME:   the security camera (/obj/machinery/camera/network/third_deck): destroy()
[2024-04-03 07:41:02.812] RUNTIME:   the security camera (/obj/machinery/camera/network/third_deck): take damage(5, null)
[2024-04-03 07:41:02.820] RUNTIME:   the security camera (/obj/machinery/camera/network/third_deck): bullet act(the suppressive pellet (/obj/item/projectile/energy/blue_pellet), "torso")
[2024-04-03 07:41:02.826] RUNTIME:   the suppressive pellet (/obj/item/projectile/energy/blue_pellet): Bump(the security camera (/obj/machinery/camera/network/third_deck))
[2024-04-03 07:41:02.833] RUNTIME:   the suppressive pellet (/obj/item/projectile/energy/blue_pellet): Moved(the floor (131,133,3) (/turf/simulated/floor/tiled), 4, 0, 2)
[2024-04-03 07:41:02.840] RUNTIME:   the suppressive pellet (/obj/item/projectile/energy/blue_pellet): Move(the floor (132,133,3) (/turf/simulated/floor/tiled), 4, null)
[2024-04-03 07:41:02.847] RUNTIME:   the suppressive pellet (/obj/item/projectile/energy/blue_pellet): pixel move(1, 0)
[2024-04-03 07:41:02.854] RUNTIME:   the suppressive pellet (/obj/item/projectile/energy/blue_pellet): process(1)
[2024-04-03 07:41:02.859] RUNTIME:   Projectiles (/datum/controller/subsystem/processing/projectiles): fire(0)
[2024-04-03 07:41:02.867] RUNTIME:   Projectiles (/datum/controller/subsystem/processing/projectiles): ignite(0)
[2024-04-03 07:41:02.873] RUNTIME:   Master (/datum/controller/master): RunQueue()
[2024-04-03 07:41:02.880] RUNTIME:   Master (/datum/controller/master): Loop()
[2024-04-03 07:41:02.888] RUNTIME:   Master (/datum/controller/master): StartProcessing(0)
[2024-04-03 10:18:43.302] RUNTIME: [2024-04-03T06:18:43] Runtime in code/game/objects/items/devices/tvcamera.dm,281: Cannot read null.status
[2024-04-03 10:18:43.310] RUNTIME:   proc name: Moved (/obj/item/clothing/accessory/bodycam/Moved)
[2024-04-03 10:18:43.317] RUNTIME:   usr: Zoe Khadzhiev (/mob/observer/dead) @ (the floor) (129,175,2) (/turf/simulated/floor/tiled) (ckey=riotscopez)
[2024-04-03 10:18:43.323] RUNTIME:   usr.loc: (the floor) (129,175,2) (/turf/simulated/floor/tiled)
[2024-04-03 10:18:43.330] RUNTIME:   src: Body Camera (/obj/item/clothing/accessory/bodycam)
[2024-04-03 10:18:43.336] RUNTIME:   src.loc: the floor (102,83,2) (/turf/simulated/shuttle/floor)
[2024-04-03 10:18:43.342] RUNTIME:   call stack:
[2024-04-03 10:18:43.348] RUNTIME:   Body Camera (/obj/item/clothing/accessory/bodycam): Moved(the cryogenic freezer (/obj/machinery/cryopod), 0, 1, null)
[2024-04-03 10:18:43.355] RUNTIME:   Body Camera (/obj/item/clothing/accessory/bodycam): doMove(the floor (102,83,2) (/turf/simulated/shuttle/floor), null, null)
[2024-04-03 10:18:43.362] RUNTIME:   Body Camera (/obj/item/clothing/accessory/bodycam): forceMove(the floor (102,83,2) (/turf/simulated/shuttle/floor), null, null)
[2024-04-03 10:18:43.368] RUNTIME:   Body Camera (/obj/item/clothing/accessory/bodycam): forceMove(the floor (102,83,2) (/turf/simulated/shuttle/floor), null, null)
[2024-04-03 10:18:43.376] RUNTIME:   Body Camera (/obj/item/clothing/accessory/bodycam): on removed(null)
[2024-04-03 10:18:43.385] RUNTIME:   Body Camera (/obj/item/clothing/accessory/bodycam): Destroy(0)
[2024-04-03 10:18:43.392] RUNTIME:   Body Camera (/obj/item/clothing/accessory/bodycam): Destroy(0)
[2024-04-03 10:18:43.399] RUNTIME:   qdel(Body Camera (/obj/item/clothing/accessory/bodycam), 0)
[2024-04-03 10:18:43.406] RUNTIME:   the cryogenic freezer (/obj/machinery/cryopod): despawn occupant(Skyler Skoll (/mob/living/carbon/human))
[2024-04-03 10:18:43.412] RUNTIME:   RiotScopez (/client): Cryo Player(Skyler Skoll (/mob/living/carbon/human))
