[2023-02-19T22:57:44] START: Starting up data/logs/2023/02-February/19-Sunday/round-22-57-39.
[2023-02-19T22:57:45] DEBUG: Rebuilding Master Controller
[2023-02-19T22:58:06] DEBUG: VChat: RiotScopez got: VChat Loaded!
[2023-02-19T22:58:37] DEBUG: Load: Could not find news channel Vir News Network to populate news articles.
[2023-02-19T23:02:41] DEBUG: Initialized shuttle Stargazer (/datum/shuttle/autodock/overmap/stargazer)
[2023-02-19T23:02:41] DEBUG: Initialized shuttle Baby_mammoth (/datum/shuttle/autodock/overmap/baby_mammoth)
[2023-02-19T23:02:41] DEBUG: Initialized shuttle Ursula (/datum/shuttle/autodock/overmap/ursula)
[2023-02-19T23:02:41] DEBUG: Initialized shuttle Needle (/datum/shuttle/autodock/overmap/needle)
[2023-02-19T23:02:41] DEBUG: Initialized shuttle Echidna (/datum/shuttle/autodock/overmap/echidna)
[2023-02-19T23:02:41] DEBUG: Initialized shuttle Escape Pod 1 (/datum/shuttle/autodock/ferry/escape_pod/escape_pod1)
[2023-02-19T23:02:41] DEBUG: Initialized shuttle Escape Pod 2 (/datum/shuttle/autodock/ferry/escape_pod/escape_pod2)
[2023-02-19T23:02:41] DEBUG: Initialized shuttle Escape Pod 3 (/datum/shuttle/autodock/ferry/escape_pod/escape_pod3)
[2023-02-19T23:02:41] DEBUG: Initialized shuttle Escape Pod 4 (/datum/shuttle/autodock/ferry/escape_pod/escape_pod4)
[2023-02-19T23:02:41] DEBUG: Initialized shuttle Escape Pod 5 (/datum/shuttle/autodock/ferry/escape_pod/escape_pod5)
[2023-02-19T23:02:41] DEBUG: Initialized shuttle Escape Pod 6 (/datum/shuttle/autodock/ferry/escape_pod/escape_pod6)
[2023-02-19T23:02:41] DEBUG: Initialized shuttle Escape Pod 7 (/datum/shuttle/autodock/ferry/escape_pod/escape_pod7)
[2023-02-19T23:02:41] DEBUG: Initialized shuttle Escape Pod 8 (/datum/shuttle/autodock/ferry/escape_pod/escape_pod8)
[2023-02-19T23:02:41] DEBUG: Initialized shuttle Cryostorage Shuttle (/datum/shuttle/autodock/ferry/escape_pod/escape_pod_cryo)
[2023-02-19T23:02:41] DEBUG: Initialized shuttle Large Escape Pod 1 (/datum/shuttle/autodock/ferry/escape_pod/large_escape_pod1)
[2023-02-19T23:02:41] DEBUG: Initialized shuttle Large Escape Pod 2 (/datum/shuttle/autodock/ferry/escape_pod/large_escape_pod2)
[2023-02-19T23:02:41] DEBUG: Initialized shuttle Arrivals (/datum/shuttle/autodock/ferry/arrivals/southern_cross)
[2023-02-19T23:02:41] DEBUG: Initialized shuttle Escape (/datum/shuttle/autodock/ferry/emergency/centcom)
[2023-02-19T23:02:41] DEBUG: Initialized shuttle Supply (/datum/shuttle/autodock/ferry/supply/cargo)
[2023-02-19T23:02:41] DEBUG: Initialized shuttle Exploration (/datum/shuttle/autodock/ferry/exploration)
[2023-02-19T23:02:41] DEBUG: Initialized shuttle Administration Shuttle (/datum/shuttle/autodock/multi/administration)
[2023-02-19T23:02:41] DEBUG: Initialized shuttle Centcom Transport Shuttle (/datum/shuttle/autodock/multi/centcom)
[2023-02-19T23:02:41] DEBUG: Initialized shuttle Merchant (/datum/shuttle/autodock/multi/merchant)
[2023-02-19T23:02:41] DEBUG: &lt;span class=&#39;danger&#39;&gt;warning: shuttle Skipjack can&#39;t find its controller with tag skipjack_shuttle!&lt;/span&gt;
[2023-02-19T23:02:41] DEBUG: Initialized shuttle Skipjack (/datum/shuttle/autodock/multi/heist)
[2023-02-19T23:02:41] DEBUG: Initialized shuttle Mercenary Ship (/datum/shuttle/autodock/multi/syndicate)
[2023-02-19T23:02:41] DEBUG: Initialized shuttle Ninja Shuttle (/datum/shuttle/autodock/multi/ninja)
[2023-02-19T23:02:41] DEBUG: Initialized shuttle Response Operations Shuttle (/datum/shuttle/autodock/multi/ert)
[2023-02-19T23:02:41] DEBUG: Initialized shuttle Shuttle 3 (/datum/shuttle/autodock/web_shuttle/shuttle3)
[2023-02-19T23:02:42] DEBUG: Generating cloud of 8 ion cloud overmap event hazards
[2023-02-19T23:02:42] DEBUG: Generating cloud of 8 carp shoal overmap event hazards
[2023-02-19T23:02:42] DEBUG: Generating cloud of 15 asteroid field overmap event hazards
[2023-02-19T23:02:42] DEBUG: Generating cloud of 5 carp school overmap event hazards
[2023-02-19T23:02:42] DEBUG: Generating cloud of 5 carp school overmap event hazards
[2023-02-19T23:02:42] DEBUG: Generating cloud of 8 carp shoal overmap event hazards
[2023-02-19T23:02:42] DEBUG: Generating cloud of 5 carp school overmap event hazards
[2023-02-19T23:02:42] DEBUG: Generating cloud of 5 carp school overmap event hazards
[2023-02-19T23:02:42] DEBUG: Generating cloud of 8 ion cloud overmap event hazards
[2023-02-19T23:02:42] DEBUG: Generating cloud of 16 dust cloud overmap event hazards
[2023-02-19T23:02:42] DEBUG: Generating cloud of 8 ion cloud overmap event hazards
[2023-02-19T23:02:42] DEBUG: Generating cloud of 8 ion cloud overmap event hazards
[2023-02-19T23:02:42] DEBUG: Generating cloud of 8 ion cloud overmap event hazards
[2023-02-19T23:02:42] DEBUG: Generating cloud of 15 asteroid field overmap event hazards
[2023-02-19T23:02:42] DEBUG: Generating cloud of 5 carp school overmap event hazards
[2023-02-19T23:02:42] DEBUG: Generating cloud of 8 ion cloud overmap event hazards
[2023-02-19T23:02:42] DEBUG: Generating cloud of 8 ion cloud overmap event hazards
[2023-02-19T23:02:42] DEBUG: Generating cloud of 16 dust cloud overmap event hazards
[2023-02-19T23:02:42] DEBUG: Generating cloud of 8 ion cloud overmap event hazards
[2023-02-19T23:02:42] DEBUG: Generating cloud of 8 carp shoal overmap event hazards
[2023-02-19T23:02:42] DEBUG: Generating cloud of 5 carp school overmap event hazards
[2023-02-19T23:02:42] DEBUG: Generating cloud of 11 electrical storm overmap event hazards
[2023-02-19T23:02:42] DEBUG: Generating cloud of 8 carp shoal overmap event hazards
[2023-02-19T23:02:42] DEBUG: Generating cloud of 15 asteroid field overmap event hazards
[2023-02-19T23:02:42] DEBUG: Generating cloud of 8 carp shoal overmap event hazards
[2023-02-19T23:02:42] DEBUG: Generating cloud of 16 dust cloud overmap event hazards
[2023-02-19T23:02:42] DEBUG: Generating cloud of 15 asteroid field overmap event hazards
[2023-02-19T23:02:42] DEBUG: Generating cloud of 16 dust cloud overmap event hazards
[2023-02-19T23:02:42] DEBUG: Generating cloud of 5 carp school overmap event hazards
[2023-02-19T23:02:42] DEBUG: Generating cloud of 15 asteroid field overmap event hazards
[2023-02-19T23:02:42] DEBUG: Generating cloud of 16 dust cloud overmap event hazards
[2023-02-19T23:02:42] DEBUG: Generating cloud of 16 dust cloud overmap event hazards
[2023-02-19T23:02:42] DEBUG: Generating cloud of 8 ion cloud overmap event hazards
[2023-02-19T23:02:42] DEBUG: Generating cloud of 15 asteroid field overmap event hazards
[2023-02-19T23:02:42] DEBUG: Generating cloud of 11 electrical storm overmap event hazards
[2023-02-19T23:02:42] DEBUG: Generating cloud of 16 dust cloud overmap event hazards
[2023-02-19T23:02:42] DEBUG: Generating cloud of 5 carp school overmap event hazards
[2023-02-19T23:02:42] DEBUG: Generating cloud of 15 asteroid field overmap event hazards
[2023-02-19T23:02:42] DEBUG: Generating cloud of 15 asteroid field overmap event hazards
[2023-02-19T23:02:42] DEBUG: Generating cloud of 16 dust cloud overmap event hazards
[2023-02-19T23:02:42] DEBUG: Generating cloud of 11 electrical storm overmap event hazards
[2023-02-19T23:02:42] DEBUG: Generating cloud of 8 carp shoal overmap event hazards
[2023-02-19T23:02:42] DEBUG: Generating cloud of 8 ion cloud overmap event hazards
[2023-02-19T23:02:42] DEBUG: Generating cloud of 16 dust cloud overmap event hazards
[2023-02-19T23:04:27] DEBUG: TiDi Starting Log
[2023-02-19T23:04:40] DEBUG: Sif&#39;s weather is now overcast, with a temperature of 278.15&amp;deg;K (5&amp;deg;C | 41&amp;deg;F).
[2023-02-19T23:04:40] DEBUG: Sif&#39;s weather forecast is now &#39;overcast, overcast,  then overcast&#39;.
[2023-02-19T23:04:41] DEBUG: Next event of severity Mundane in 36.824 minutes.
[2023-02-19T23:04:41] DEBUG: Next event of severity Moderate in 30 minutes.
[2023-02-19T23:04:41] DEBUG: Next event of severity Major in 100 minutes.
[2023-02-19T23:04:55] DEBUG: Runtime in _component.dm,78: Cannot read null.comp_lookup &lt;A HREF=&#39;?src=[0x21095da3];admin_token=529108327010193339234056386563145;viewruntime=[0x21095da3]&#39;&gt;[view]&lt;/A&gt;
[2023-02-19T23:06:22] DEBUG: Runtime in unsorted.dm,1479: Warning: BoozeHound robot module(/obj/item/weapon/robot_module/robot/clerical/butler/booze) initialized multiple times! &lt;A HREF=&#39;?src=[0x210a08d1];admin_token=193275302900331244236790356941055;viewruntime=[0x210a08d1]&#39;&gt;[view]&lt;/A&gt;
[2023-02-19T23:07:56] DEBUG: Runtime in station_vr.dm,1075: Cannot read null.reagents &lt;A HREF=&#39;?src=[0x210a08fc];admin_token=529108327010193339234056386563145;viewruntime=[0x210a08fc]&#39;&gt;[view]&lt;/A&gt;
[2023-02-19T23:10:04] DEBUG: Sif&#39;s weather is now overcast, with a temperature of 278.15&amp;deg;K (5&amp;deg;C | 41&amp;deg;F).
[2023-02-19T23:10:04] DEBUG: Sif&#39;s weather forecast is now &#39;overcast, overcast,  then overcast&#39;.
[2023-02-19T23:18:07] DEBUG: Sif&#39;s weather is now overcast, with a temperature of 278.15&amp;deg;K (5&amp;deg;C | 41&amp;deg;F).
[2023-02-19T23:18:07] DEBUG: Sif&#39;s weather forecast is now &#39;overcast, overcast,  then clear&#39;.
[2023-02-19T23:26:10] DEBUG: Sif&#39;s weather is now overcast, with a temperature of 278.15&amp;deg;K (5&amp;deg;C | 41&amp;deg;F).
[2023-02-19T23:26:10] DEBUG: Sif&#39;s weather forecast is now &#39;overcast, clear,  then overcast&#39;.
[2023-02-19T23:32:13] DEBUG: Sif&#39;s weather is now overcast, with a temperature of 278.15&amp;deg;K (5&amp;deg;C | 41&amp;deg;F).
[2023-02-19T23:32:13] DEBUG: Sif&#39;s weather forecast is now &#39;clear, overcast,  then overcast&#39;.
[2023-02-19T23:37:15] DEBUG: Sif&#39;s weather is now clear, with a temperature of 278.15&amp;deg;K (5&amp;deg;C | 41&amp;deg;F).
[2023-02-19T23:37:15] DEBUG: Sif&#39;s weather forecast is now &#39;overcast, overcast,  then overcast&#39;.
[2023-02-19T23:44:17] DEBUG: Sif&#39;s weather is now overcast, with a temperature of 278.15&amp;deg;K (5&amp;deg;C | 41&amp;deg;F).
[2023-02-19T23:44:17] DEBUG: Sif&#39;s weather forecast is now &#39;overcast, overcast,  then clear&#39;.
[2023-02-19T23:49:19] DEBUG: Sif&#39;s weather is now overcast, with a temperature of 278.15&amp;deg;K (5&amp;deg;C | 41&amp;deg;F).
[2023-02-19T23:49:19] DEBUG: Sif&#39;s weather forecast is now &#39;overcast, clear,  then overcast&#39;.
[2023-02-19T23:54:21] DEBUG: Sif&#39;s weather is now overcast, with a temperature of 278.15&amp;deg;K (5&amp;deg;C | 41&amp;deg;F).
[2023-02-19T23:54:21] DEBUG: Sif&#39;s weather forecast is now &#39;clear, overcast,  then overcast&#39;.
[2023-02-19T23:59:22] DEBUG: Sif&#39;s weather is now clear, with a temperature of 278.15&amp;deg;K (5&amp;deg;C | 41&amp;deg;F).
[2023-02-19T23:59:22] DEBUG: Sif&#39;s weather forecast is now &#39;overcast, overcast,  then clear&#39;.
[2023-02-20T00:09:28] DEBUG: Sif&#39;s weather is now overcast, with a temperature of 279.4&amp;deg;K (6.25&amp;deg;C | 43.25&amp;deg;F).
[2023-02-20T00:09:28] DEBUG: Sif&#39;s weather forecast is now &#39;overcast, clear,  then clear&#39;.
[2023-02-20T00:18:33] DEBUG: Sif&#39;s weather is now overcast, with a temperature of 279.4&amp;deg;K (6.25&amp;deg;C | 43.25&amp;deg;F).
[2023-02-20T00:18:33] DEBUG: Sif&#39;s weather forecast is now &#39;clear, clear,  then clear&#39;.
[2023-02-20T00:27:34] DEBUG: Sif&#39;s weather is now clear, with a temperature of 279.4&amp;deg;K (6.25&amp;deg;C | 43.25&amp;deg;F).
[2023-02-20T00:27:34] DEBUG: Sif&#39;s weather forecast is now &#39;clear, clear,  then overcast&#39;.
[2023-02-20T00:32:35] DEBUG: Sif&#39;s weather is now clear, with a temperature of 279.4&amp;deg;K (6.25&amp;deg;C | 43.25&amp;deg;F).
[2023-02-20T00:32:35] DEBUG: Sif&#39;s weather forecast is now &#39;clear, overcast,  then overcast&#39;.
[2023-02-20T00:38:35] DEBUG: Sif&#39;s weather is now clear, with a temperature of 279.4&amp;deg;K (6.25&amp;deg;C | 43.25&amp;deg;F).
[2023-02-20T00:38:35] DEBUG: Sif&#39;s weather forecast is now &#39;overcast, overcast,  then hail&#39;.
[2023-02-20T00:45:35] DEBUG: Sif&#39;s weather is now overcast, with a temperature of 279.4&amp;deg;K (6.25&amp;deg;C | 43.25&amp;deg;F).
[2023-02-20T00:45:35] DEBUG: Sif&#39;s weather forecast is now &#39;overcast, hail,  then hail&#39;.
[2023-02-20T00:50:35] DEBUG: Sif&#39;s weather is now overcast, with a temperature of 279.4&amp;deg;K (6.25&amp;deg;C | 43.25&amp;deg;F).
[2023-02-20T00:50:35] DEBUG: Sif&#39;s weather forecast is now &#39;hail, hail,  then storm&#39;.
[2023-02-20T00:58:35] DEBUG: Sif&#39;s weather is now hail, with a temperature of 267.525&amp;deg;K (-5.625&amp;deg;C | 21.875&amp;deg;F).
[2023-02-20T00:58:35] DEBUG: Sif&#39;s weather forecast is now &#39;hail, storm,  then storm&#39;.
[2023-02-20T01:02:35] DEBUG: Sif&#39;s weather is now hail, with a temperature of 269.4&amp;deg;K (-3.75&amp;deg;C | 25.25&amp;deg;F).
[2023-02-20T01:02:35] DEBUG: Sif&#39;s weather forecast is now &#39;storm, storm,  then rain&#39;.
[2023-02-20T01:07:35] DEBUG: Sif&#39;s weather is now storm, with a temperature of 241.9&amp;deg;K (-31.25&amp;deg;C | -24.25&amp;deg;F).
[2023-02-20T01:07:35] DEBUG: Sif&#39;s weather forecast is now &#39;storm, rain,  then rain&#39;.
[2023-02-20T01:12:35] DEBUG: Sif&#39;s weather is now storm, with a temperature of 241.9&amp;deg;K (-31.25&amp;deg;C | -24.25&amp;deg;F).
[2023-02-20T01:12:35] DEBUG: Sif&#39;s weather forecast is now &#39;rain, rain,  then light snow&#39;.
[2023-02-20T01:18:35] DEBUG: Sif&#39;s weather is now rain, with a temperature of 280.65&amp;deg;K (7.5&amp;deg;C | 45.5&amp;deg;F).
[2023-02-20T01:18:35] DEBUG: Sif&#39;s weather forecast is now &#39;rain, light snow,  then light snow&#39;.
