[2023-02-19T22:57:44] START: Starting up data/logs/2023/02-February/19-Sunday/round-22-57-39.
[2023-02-19T23:04:55] RUNTIME: [2023-02-19T23:04:55] Runtime in _component.dm,78: Cannot read null.comp_lookup
[2023-02-19T23:04:55] RUNTIME:   proc name: Destroy (/datum/component/Destroy)
[2023-02-19T23:04:55] RUNTIME:   src: /datum/component/artifact_mast... (/datum/component/artifact_master)
[2023-02-19T23:04:55] RUNTIME:   call stack:
[2023-02-19T23:04:55] RUNTIME:   /datum/component/artifact_mast... (/datum/component/artifact_master): Destroy(0, 0)
[2023-02-19T23:04:55] RUNTIME:   /datum/component/artifact_mast... (/datum/component/artifact_master): Destroy(0)
[2023-02-19T23:04:55] RUNTIME:   qdel(/datum/component/artifact_mast... (/datum/component/artifact_master), 0)
[2023-02-19T23:04:55] RUNTIME:   /datum/component/artifact_mast... (/datum/component/artifact_master): process(20)
[2023-02-19T23:04:55] RUNTIME:   Objects (/datum/controller/subsystem/processing/obj): fire(0)
[2023-02-19T23:04:55] RUNTIME:   Objects (/datum/controller/subsystem/processing/obj): ignite(0)
[2023-02-19T23:04:55] RUNTIME:   Master (/datum/controller/master): RunQueue()
[2023-02-19T23:04:55] RUNTIME:   Master (/datum/controller/master): Loop()
[2023-02-19T23:04:55] RUNTIME:   Master (/datum/controller/master): StartProcessing(0)
[2023-02-19T23:06:22] RUNTIME: [2023-02-19T23:06:22] Runtime in unsorted.dm,1479: Warning: BoozeHound robot module(/obj/item/weapon/robot_module/robot/clerical/butler/booze) initialized multiple times!
[2023-02-19T23:06:22] RUNTIME:   proc name: stack trace (/datum/proc/stack_trace)
[2023-02-19T23:06:22] RUNTIME:   usr: KA-RA (/mob/living/silicon/robot) @ (the floor) (133,145,3) (/turf/simulated/floor/tiled/techfloor) (ckey=riotscopez)
[2023-02-19T23:06:22] RUNTIME:   usr.loc: (the floor) (133,145,3) (/turf/simulated/floor/tiled/techfloor)
[2023-02-19T23:06:22] RUNTIME:   src: BoozeHound robot module (/obj/item/weapon/robot_module/robot/clerical/butler/booze)
[2023-02-19T23:06:22] RUNTIME:   src.loc: KA-RA (/mob/living/silicon/robot)
[2023-02-19T23:06:22] RUNTIME:   call stack:
[2023-02-19T23:06:22] RUNTIME:   BoozeHound robot module (/obj/item/weapon/robot_module/robot/clerical/butler/booze): stack trace("Warning: BoozeHound robot modu...")
[2023-02-19T23:06:22] RUNTIME:   BoozeHound robot module (/obj/item/weapon/robot_module/robot/clerical/butler/booze): Initialize(0)
[2023-02-19T23:06:22] RUNTIME:   BoozeHound robot module (/obj/item/weapon/robot_module/robot/clerical/butler/booze): Initialize(0)
[2023-02-19T23:06:22] RUNTIME:   BoozeHound robot module (/obj/item/weapon/robot_module/robot/clerical/butler/booze): Initialize(0)
[2023-02-19T23:06:22] RUNTIME:   BoozeHound robot module (/obj/item/weapon/robot_module/robot/clerical/butler/booze): Initialize(0)
[2023-02-19T23:06:22] RUNTIME:   BoozeHound robot module (/obj/item/weapon/robot_module/robot/clerical/butler/booze): Initialize(0)
[2023-02-19T23:06:22] RUNTIME:   Atoms (/datum/controller/subsystem/atoms): InitAtom(BoozeHound robot module (/obj/item/weapon/robot_module/robot/clerical/butler/booze), /list (/list))
[2023-02-19T23:06:22] RUNTIME:   BoozeHound robot module (/obj/item/weapon/robot_module/robot/clerical/butler/booze): New(0)
[2023-02-19T23:06:22] RUNTIME:   BoozeHound robot module (/obj/item/weapon/robot_module/robot/clerical/butler/booze): New(KA-RA (/mob/living/silicon/robot))
[2023-02-19T23:06:22] RUNTIME:   BoozeHound robot module (/obj/item/weapon/robot_module/robot/clerical/butler/booze): New(KA-RA (/mob/living/silicon/robot))
[2023-02-19T23:06:22] RUNTIME:   BoozeHound robot module (/obj/item/weapon/robot_module/robot/clerical/butler/booze): New(KA-RA (/mob/living/silicon/robot))
[2023-02-19T23:06:22] RUNTIME:   KA-RA (/mob/living/silicon/robot): pick module()
[2023-02-19T23:06:22] RUNTIME:   the module (/obj/screen): Click(null, "mapwindow.map", "icon-x=14;icon-y=18;left=1;but...")
[2023-02-19T23:07:56] RUNTIME: [2023-02-19T23:07:56] Runtime in station_vr.dm,1075: Cannot read null.reagents
[2023-02-19T23:07:56] RUNTIME:   proc name: respawn consumable (/obj/item/weapon/robot_module/robot/clerical/butler/booze/respawn_consumable)
[2023-02-19T23:07:56] RUNTIME:   src: BoozeHound robot module (/obj/item/weapon/robot_module/robot/clerical/butler/booze)
[2023-02-19T23:07:56] RUNTIME:   src.loc: KA-RA (/mob/living/silicon/robot)
[2023-02-19T23:07:56] RUNTIME:   call stack:
[2023-02-19T23:07:56] RUNTIME:   BoozeHound robot module (/obj/item/weapon/robot_module/robot/clerical/butler/booze): respawn consumable(KA-RA (/mob/living/silicon/robot), 0.96)
[2023-02-19T23:07:56] RUNTIME:   the cyborg recharging station (/obj/machinery/recharge_station): process occupant()
[2023-02-19T23:07:56] RUNTIME:   the cyborg recharging station (/obj/machinery/recharge_station): process(20)
[2023-02-19T23:07:56] RUNTIME:   Machines (/datum/controller/subsystem/machines): process machinery(1)
[2023-02-19T23:07:56] RUNTIME:   Machines (/datum/controller/subsystem/machines): fire(1)
[2023-02-19T23:07:56] RUNTIME:   Machines (/datum/controller/subsystem/machines): ignite(1)
[2023-02-19T23:07:56] RUNTIME:   Master (/datum/controller/master): RunQueue()
[2023-02-19T23:07:56] RUNTIME:   Master (/datum/controller/master): Loop()
[2023-02-19T23:07:56] RUNTIME:   Master (/datum/controller/master): StartProcessing(0)
