[2023-02-19T19:35:28] START: Starting up data/logs/2023/02-February/19-Sunday/round-19-35-24.
[2023-02-19T19:35:47] START: Starting up data/logs/2023/02-February/19-Sunday/round-19-35-24.
[2023-02-19T19:56:34] RUNTIME: [2023-02-19T19:56:34] Runtime in unsorted.dm,1479: Warning: BoozeHound robot module(/obj/item/weapon/robot_module/robot/clerical/butler/booze) initialized multiple times!
[2023-02-19T19:56:34] RUNTIME:   proc name: stack trace (/datum/proc/stack_trace)
[2023-02-19T19:56:34] RUNTIME:   usr: KA-RA (/mob/living/silicon/robot) @ (the floor) (133,145,3) (/turf/simulated/floor/tiled/techfloor) (ckey=riotscopez)
[2023-02-19T19:56:34] RUNTIME:   usr.loc: (the floor) (133,145,3) (/turf/simulated/floor/tiled/techfloor)
[2023-02-19T19:56:34] RUNTIME:   src: BoozeHound robot module (/obj/item/weapon/robot_module/robot/clerical/butler/booze)
[2023-02-19T19:56:35] RUNTIME:   src.loc: KA-RA (/mob/living/silicon/robot)
[2023-02-19T19:56:35] RUNTIME:   call stack:
[2023-02-19T19:56:35] RUNTIME:   BoozeHound robot module (/obj/item/weapon/robot_module/robot/clerical/butler/booze): stack trace("Warning: BoozeHound robot modu...")
[2023-02-19T19:56:35] RUNTIME:   BoozeHound robot module (/obj/item/weapon/robot_module/robot/clerical/butler/booze): Initialize(0)
[2023-02-19T19:56:35] RUNTIME:   BoozeHound robot module (/obj/item/weapon/robot_module/robot/clerical/butler/booze): Initialize(0)
[2023-02-19T19:56:35] RUNTIME:   BoozeHound robot module (/obj/item/weapon/robot_module/robot/clerical/butler/booze): Initialize(0)
[2023-02-19T19:56:35] RUNTIME:   BoozeHound robot module (/obj/item/weapon/robot_module/robot/clerical/butler/booze): Initialize(0)
[2023-02-19T19:56:35] RUNTIME:   BoozeHound robot module (/obj/item/weapon/robot_module/robot/clerical/butler/booze): Initialize(0)
[2023-02-19T19:56:35] RUNTIME:   Atoms (/datum/controller/subsystem/atoms): InitAtom(BoozeHound robot module (/obj/item/weapon/robot_module/robot/clerical/butler/booze), /list (/list))
[2023-02-19T19:56:35] RUNTIME:   BoozeHound robot module (/obj/item/weapon/robot_module/robot/clerical/butler/booze): New(0)
[2023-02-19T19:56:35] RUNTIME:   BoozeHound robot module (/obj/item/weapon/robot_module/robot/clerical/butler/booze): New(KA-RA (/mob/living/silicon/robot))
[2023-02-19T19:56:35] RUNTIME:   BoozeHound robot module (/obj/item/weapon/robot_module/robot/clerical/butler/booze): New(KA-RA (/mob/living/silicon/robot))
[2023-02-19T19:56:35] RUNTIME:   BoozeHound robot module (/obj/item/weapon/robot_module/robot/clerical/butler/booze): New(KA-RA (/mob/living/silicon/robot))
[2023-02-19T19:56:35] RUNTIME:   KA-RA (/mob/living/silicon/robot): pick module()
[2023-02-19T19:56:35] RUNTIME:   the module (/obj/screen): Click(null, "mapwindow.map", "icon-x=17;icon-y=21;left=1;but...")
