[2023-02-18T20:14:25] START: Starting up data/logs/2023/02-February/18-Saturday/round-20-14-14.
[2023-02-18T20:14:27] DEBUG: Rebuilding Master Controller
[2023-02-18T20:15:27] DEBUG: Load: Could not find news channel Vir News Network to populate news articles.
[2023-02-18T20:20:00] DEBUG: Initialized shuttle Stargazer (/datum/shuttle/autodock/overmap/stargazer)
[2023-02-18T20:20:00] DEBUG: Initialized shuttle Baby_mammoth (/datum/shuttle/autodock/overmap/baby_mammoth)
[2023-02-18T20:20:00] DEBUG: Initialized shuttle Ursula (/datum/shuttle/autodock/overmap/ursula)
[2023-02-18T20:20:00] DEBUG: Initialized shuttle Needle (/datum/shuttle/autodock/overmap/needle)
[2023-02-18T20:20:00] DEBUG: Initialized shuttle Echidna (/datum/shuttle/autodock/overmap/echidna)
[2023-02-18T20:20:00] DEBUG: Initialized shuttle Escape Pod 1 (/datum/shuttle/autodock/ferry/escape_pod/escape_pod1)
[2023-02-18T20:20:00] DEBUG: Initialized shuttle Escape Pod 2 (/datum/shuttle/autodock/ferry/escape_pod/escape_pod2)
[2023-02-18T20:20:00] DEBUG: Initialized shuttle Escape Pod 3 (/datum/shuttle/autodock/ferry/escape_pod/escape_pod3)
[2023-02-18T20:20:00] DEBUG: Initialized shuttle Escape Pod 4 (/datum/shuttle/autodock/ferry/escape_pod/escape_pod4)
[2023-02-18T20:20:00] DEBUG: Initialized shuttle Escape Pod 5 (/datum/shuttle/autodock/ferry/escape_pod/escape_pod5)
[2023-02-18T20:20:00] DEBUG: Initialized shuttle Escape Pod 6 (/datum/shuttle/autodock/ferry/escape_pod/escape_pod6)
[2023-02-18T20:20:00] DEBUG: Initialized shuttle Escape Pod 7 (/datum/shuttle/autodock/ferry/escape_pod/escape_pod7)
[2023-02-18T20:20:00] DEBUG: Initialized shuttle Escape Pod 8 (/datum/shuttle/autodock/ferry/escape_pod/escape_pod8)
[2023-02-18T20:20:00] DEBUG: Initialized shuttle Cryostorage Shuttle (/datum/shuttle/autodock/ferry/escape_pod/escape_pod_cryo)
[2023-02-18T20:20:00] DEBUG: Initialized shuttle Large Escape Pod 1 (/datum/shuttle/autodock/ferry/escape_pod/large_escape_pod1)
[2023-02-18T20:20:00] DEBUG: Initialized shuttle Large Escape Pod 2 (/datum/shuttle/autodock/ferry/escape_pod/large_escape_pod2)
[2023-02-18T20:20:00] DEBUG: Initialized shuttle Arrivals (/datum/shuttle/autodock/ferry/arrivals/southern_cross)
[2023-02-18T20:20:00] DEBUG: Initialized shuttle Escape (/datum/shuttle/autodock/ferry/emergency/centcom)
[2023-02-18T20:20:00] DEBUG: Initialized shuttle Supply (/datum/shuttle/autodock/ferry/supply/cargo)
[2023-02-18T20:20:00] DEBUG: Initialized shuttle Exploration (/datum/shuttle/autodock/ferry/exploration)
[2023-02-18T20:20:00] DEBUG: Initialized shuttle Administration Shuttle (/datum/shuttle/autodock/multi/administration)
[2023-02-18T20:20:00] DEBUG: Initialized shuttle Centcom Transport Shuttle (/datum/shuttle/autodock/multi/centcom)
[2023-02-18T20:20:00] DEBUG: Initialized shuttle Merchant (/datum/shuttle/autodock/multi/merchant)
[2023-02-18T20:20:00] DEBUG: &lt;span class=&#39;danger&#39;&gt;warning: shuttle Skipjack can&#39;t find its controller with tag skipjack_shuttle!&lt;/span&gt;
[2023-02-18T20:20:00] DEBUG: Initialized shuttle Skipjack (/datum/shuttle/autodock/multi/heist)
[2023-02-18T20:20:00] DEBUG: Initialized shuttle Mercenary Ship (/datum/shuttle/autodock/multi/syndicate)
[2023-02-18T20:20:00] DEBUG: Initialized shuttle Ninja Shuttle (/datum/shuttle/autodock/multi/ninja)
[2023-02-18T20:20:00] DEBUG: Initialized shuttle Response Operations Shuttle (/datum/shuttle/autodock/multi/ert)
[2023-02-18T20:20:00] DEBUG: Initialized shuttle Shuttle 3 (/datum/shuttle/autodock/web_shuttle/shuttle3)
[2023-02-18T20:20:01] DEBUG: Generating cloud of 8 ion cloud overmap event hazards
[2023-02-18T20:20:01] DEBUG: Generating cloud of 16 dust cloud overmap event hazards
[2023-02-18T20:20:01] DEBUG: Generating cloud of 16 dust cloud overmap event hazards
[2023-02-18T20:20:01] DEBUG: Generating cloud of 15 asteroid field overmap event hazards
[2023-02-18T20:20:01] DEBUG: Generating cloud of 15 asteroid field overmap event hazards
[2023-02-18T20:20:01] DEBUG: Generating cloud of 15 asteroid field overmap event hazards
[2023-02-18T20:20:01] DEBUG: Generating cloud of 8 carp shoal overmap event hazards
[2023-02-18T20:20:01] DEBUG: Generating cloud of 8 carp shoal overmap event hazards
[2023-02-18T20:20:01] DEBUG: Generating cloud of 15 asteroid field overmap event hazards
[2023-02-18T20:20:01] DEBUG: Generating cloud of 15 asteroid field overmap event hazards
[2023-02-18T20:20:01] DEBUG: Generating cloud of 15 asteroid field overmap event hazards
[2023-02-18T20:20:01] DEBUG: Generating cloud of 5 carp school overmap event hazards
[2023-02-18T20:20:01] DEBUG: Generating cloud of 8 carp shoal overmap event hazards
[2023-02-18T20:20:01] DEBUG: Generating cloud of 8 ion cloud overmap event hazards
[2023-02-18T20:20:01] DEBUG: Generating cloud of 8 ion cloud overmap event hazards
[2023-02-18T20:20:01] DEBUG: Generating cloud of 15 asteroid field overmap event hazards
[2023-02-18T20:20:01] DEBUG: Generating cloud of 8 carp shoal overmap event hazards
[2023-02-18T20:20:01] DEBUG: Generating cloud of 16 dust cloud overmap event hazards
[2023-02-18T20:20:01] DEBUG: Generating cloud of 8 ion cloud overmap event hazards
[2023-02-18T20:20:01] DEBUG: Generating cloud of 8 ion cloud overmap event hazards
[2023-02-18T20:20:01] DEBUG: Generating cloud of 15 asteroid field overmap event hazards
[2023-02-18T20:20:01] DEBUG: Generating cloud of 8 carp shoal overmap event hazards
[2023-02-18T20:20:01] DEBUG: Generating cloud of 11 electrical storm overmap event hazards
[2023-02-18T20:20:01] DEBUG: Generating cloud of 8 ion cloud overmap event hazards
[2023-02-18T20:20:01] DEBUG: Generating cloud of 16 dust cloud overmap event hazards
[2023-02-18T20:20:01] DEBUG: Generating cloud of 8 ion cloud overmap event hazards
[2023-02-18T20:20:01] DEBUG: Generating cloud of 5 carp school overmap event hazards
[2023-02-18T20:20:01] DEBUG: Generating cloud of 8 ion cloud overmap event hazards
[2023-02-18T20:20:01] DEBUG: Generating cloud of 8 carp shoal overmap event hazards
[2023-02-18T20:20:01] DEBUG: Generating cloud of 16 dust cloud overmap event hazards
[2023-02-18T20:20:01] DEBUG: Generating cloud of 11 electrical storm overmap event hazards
[2023-02-18T20:20:01] DEBUG: Generating cloud of 11 electrical storm overmap event hazards
[2023-02-18T20:20:01] DEBUG: Generating cloud of 8 ion cloud overmap event hazards
[2023-02-18T20:20:01] DEBUG: Generating cloud of 5 carp school overmap event hazards
[2023-02-18T20:20:01] DEBUG: Generating cloud of 15 asteroid field overmap event hazards
[2023-02-18T20:20:01] DEBUG: Generating cloud of 5 carp school overmap event hazards
[2023-02-18T20:20:01] DEBUG: Generating cloud of 5 carp school overmap event hazards
[2023-02-18T20:20:01] DEBUG: Generating cloud of 5 carp school overmap event hazards
[2023-02-18T20:20:01] DEBUG: Generating cloud of 11 electrical storm overmap event hazards
[2023-02-18T20:20:01] DEBUG: Generating cloud of 16 dust cloud overmap event hazards
[2023-02-18T20:20:01] DEBUG: Generating cloud of 15 asteroid field overmap event hazards
[2023-02-18T20:20:01] DEBUG: Generating cloud of 16 dust cloud overmap event hazards
[2023-02-18T20:20:01] DEBUG: Generating cloud of 15 asteroid field overmap event hazards
[2023-02-18T20:20:01] DEBUG: Generating cloud of 11 electrical storm overmap event hazards
[2023-02-18T20:21:51] DEBUG: TiDi Starting Log
[2023-02-18T20:25:16] DEBUG: Next event of severity Mundane in 46.006 minutes.
[2023-02-18T20:25:16] DEBUG: Next event of severity Moderate in 30 minutes.
[2023-02-18T20:25:16] DEBUG: Next event of severity Major in 100 minutes.
[2023-02-18T20:25:16] DEBUG: Sif&#39;s weather is now overcast, with a temperature of 273.15&amp;deg;K (0&amp;deg;C | 32&amp;deg;F).
[2023-02-18T20:25:16] DEBUG: Sif&#39;s weather forecast is now &#39;clear, overcast,  then clear&#39;.
[2023-02-18T20:32:26] DEBUG: Sif&#39;s weather is now clear, with a temperature of 273.15&amp;deg;K (0&amp;deg;C | 32&amp;deg;F).
[2023-02-18T20:32:26] DEBUG: Sif&#39;s weather forecast is now &#39;overcast, clear,  then clear&#39;.
[2023-02-18T20:37:16] DEBUG: VChat: RiotScopez got: VChat Loaded!
[2023-02-18T20:41:43] DEBUG: Sif&#39;s weather is now overcast, with a temperature of 273.15&amp;deg;K (0&amp;deg;C | 32&amp;deg;F).
[2023-02-18T20:41:43] DEBUG: Sif&#39;s weather forecast is now &#39;clear, clear,  then overcast&#39;.
[2023-02-18T20:51:48] DEBUG: Sif&#39;s weather is now clear, with a temperature of 273.15&amp;deg;K (0&amp;deg;C | 32&amp;deg;F).
[2023-02-18T20:51:48] DEBUG: Sif&#39;s weather forecast is now &#39;clear, overcast,  then clear&#39;.
[2023-02-18T20:57:59] DEBUG: Sif&#39;s weather is now clear, with a temperature of 271.9&amp;deg;K (-1.25&amp;deg;C | 29.75&amp;deg;F).
[2023-02-18T20:57:59] DEBUG: Sif&#39;s weather forecast is now &#39;overcast, clear,  then overcast&#39;.
[2023-02-18T21:05:03] DEBUG: Sif&#39;s weather is now overcast, with a temperature of 271.9&amp;deg;K (-1.25&amp;deg;C | 29.75&amp;deg;F).
[2023-02-18T21:05:03] DEBUG: Sif&#39;s weather forecast is now &#39;clear, overcast,  then overcast&#39;.
[2023-02-18T21:15:09] DEBUG: Sif&#39;s weather is now clear, with a temperature of 271.9&amp;deg;K (-1.25&amp;deg;C | 29.75&amp;deg;F).
[2023-02-18T21:15:09] DEBUG: Sif&#39;s weather forecast is now &#39;overcast, overcast,  then clear&#39;.
[2023-02-18T21:20:11] DEBUG: Sif&#39;s weather is now overcast, with a temperature of 271.9&amp;deg;K (-1.25&amp;deg;C | 29.75&amp;deg;F).
[2023-02-18T21:20:11] DEBUG: Sif&#39;s weather forecast is now &#39;overcast, clear,  then clear&#39;.
[2023-02-18T21:28:16] DEBUG: Sif&#39;s weather is now overcast, with a temperature of 271.9&amp;deg;K (-1.25&amp;deg;C | 29.75&amp;deg;F).
[2023-02-18T21:28:16] DEBUG: Sif&#39;s weather forecast is now &#39;clear, clear,  then clear&#39;.
[2023-02-18T21:34:28] DEBUG: Sif&#39;s weather is now clear, with a temperature of 271.9&amp;deg;K (-1.25&amp;deg;C | 29.75&amp;deg;F).
[2023-02-18T21:34:28] DEBUG: Sif&#39;s weather forecast is now &#39;clear, clear,  then clear&#39;.
[2023-02-18T21:41:36] DEBUG: Sif&#39;s weather is now clear, with a temperature of 271.9&amp;deg;K (-1.25&amp;deg;C | 29.75&amp;deg;F).
[2023-02-18T21:41:36] DEBUG: Sif&#39;s weather forecast is now &#39;clear, clear,  then clear&#39;.
[2023-02-18T21:49:41] DEBUG: Sif&#39;s weather is now clear, with a temperature of 271.9&amp;deg;K (-1.25&amp;deg;C | 29.75&amp;deg;F).
[2023-02-18T21:49:41] DEBUG: Sif&#39;s weather forecast is now &#39;clear, clear,  then overcast&#39;.
[2023-02-18T21:54:43] DEBUG: Sif&#39;s weather is now clear, with a temperature of 271.9&amp;deg;K (-1.25&amp;deg;C | 29.75&amp;deg;F).
[2023-02-18T21:54:43] DEBUG: Sif&#39;s weather forecast is now &#39;clear, overcast,  then clear&#39;.
[2023-02-18T22:04:49] DEBUG: Sif&#39;s weather is now clear, with a temperature of 271.9&amp;deg;K (-1.25&amp;deg;C | 29.75&amp;deg;F).
[2023-02-18T22:04:49] DEBUG: Sif&#39;s weather forecast is now &#39;overcast, clear,  then overcast&#39;.
[2023-02-18T22:10:51] DEBUG: Sif&#39;s weather is now overcast, with a temperature of 271.9&amp;deg;K (-1.25&amp;deg;C | 29.75&amp;deg;F).
[2023-02-18T22:10:51] DEBUG: Sif&#39;s weather forecast is now &#39;clear, overcast,  then overcast&#39;.
[2023-02-18T22:17:54] DEBUG: Sif&#39;s weather is now clear, with a temperature of 270.65&amp;deg;K (-2.5&amp;deg;C | 27.5&amp;deg;F).
[2023-02-18T22:17:54] DEBUG: Sif&#39;s weather forecast is now &#39;overcast, overcast,  then overcast&#39;.
[2023-02-18T22:27:58] DEBUG: Sif&#39;s weather is now overcast, with a temperature of 270.65&amp;deg;K (-2.5&amp;deg;C | 27.5&amp;deg;F).
[2023-02-18T22:27:58] DEBUG: Sif&#39;s weather forecast is now &#39;overcast, overcast,  then overcast&#39;.
[2023-02-18T22:36:01] DEBUG: Sif&#39;s weather is now overcast, with a temperature of 270.65&amp;deg;K (-2.5&amp;deg;C | 27.5&amp;deg;F).
[2023-02-18T22:36:01] DEBUG: Sif&#39;s weather forecast is now &#39;overcast, overcast,  then clear&#39;.
[2023-02-18T22:41:03] DEBUG: Sif&#39;s weather is now overcast, with a temperature of 270.65&amp;deg;K (-2.5&amp;deg;C | 27.5&amp;deg;F).
[2023-02-18T22:41:03] DEBUG: Sif&#39;s weather forecast is now &#39;overcast, clear,  then overcast&#39;.
[2023-02-18T22:47:05] DEBUG: Sif&#39;s weather is now overcast, with a temperature of 270.65&amp;deg;K (-2.5&amp;deg;C | 27.5&amp;deg;F).
[2023-02-18T22:47:05] DEBUG: Sif&#39;s weather forecast is now &#39;clear, overcast,  then overcast&#39;.
[2023-02-18T22:54:08] DEBUG: Sif&#39;s weather is now clear, with a temperature of 270.65&amp;deg;K (-2.5&amp;deg;C | 27.5&amp;deg;F).
[2023-02-18T22:54:08] DEBUG: Sif&#39;s weather forecast is now &#39;overcast, overcast,  then overcast&#39;.
[2023-02-18T23:01:19] DEBUG: Sif&#39;s weather is now overcast, with a temperature of 269.4&amp;deg;K (-3.75&amp;deg;C | 25.25&amp;deg;F).
[2023-02-18T23:01:19] DEBUG: Sif&#39;s weather forecast is now &#39;overcast, overcast,  then clear&#39;.
[2023-02-18T23:10:26] DEBUG: Sif&#39;s weather is now overcast, with a temperature of 269.4&amp;deg;K (-3.75&amp;deg;C | 25.25&amp;deg;F).
[2023-02-18T23:10:26] DEBUG: Sif&#39;s weather forecast is now &#39;overcast, clear,  then clear&#39;.
[2023-02-18T23:19:35] DEBUG: Sif&#39;s weather is now overcast, with a temperature of 269.4&amp;deg;K (-3.75&amp;deg;C | 25.25&amp;deg;F).
[2023-02-18T23:19:35] DEBUG: Sif&#39;s weather forecast is now &#39;clear, clear,  then clear&#39;.
[2023-02-18T23:24:15] DEBUG: The server has called a crew transfer vote.
[2023-02-18T23:29:40] DEBUG: Sif&#39;s weather is now clear, with a temperature of 269.4&amp;deg;K (-3.75&amp;deg;C | 25.25&amp;deg;F).
[2023-02-18T23:29:40] DEBUG: Sif&#39;s weather forecast is now &#39;clear, clear,  then overcast&#39;.
[2023-02-18T23:35:42] DEBUG: Sif&#39;s weather is now clear, with a temperature of 269.4&amp;deg;K (-3.75&amp;deg;C | 25.25&amp;deg;F).
[2023-02-18T23:35:42] DEBUG: Sif&#39;s weather forecast is now &#39;clear, overcast,  then overcast&#39;.
[2023-02-18T23:43:43] DEBUG: Sif&#39;s weather is now clear, with a temperature of 269.4&amp;deg;K (-3.75&amp;deg;C | 25.25&amp;deg;F).
[2023-02-18T23:43:43] DEBUG: Sif&#39;s weather forecast is now &#39;overcast, overcast,  then clear&#39;.
