[2024-05-30 02:55:38.037] START: Starting up data/logs/2024/05-May/29-Wednesday/round-22-55-47.
[2024-05-30 02:55:39.902] ADMIN: Loading jobban_rank
[2024-05-30 02:55:39.902] ADMIN: jobban_keylist was empty
[2024-05-30 02:55:39.914] ADMIN: Loading Banlist
[2024-05-30 02:55:49.226] GAME: Supply Drop 1 loaded at at 157,97,5
[2024-05-30 02:55:53.077] GAME: Quarantined Shuttle loaded at at 205,36,5
[2024-05-30 02:55:53.171] GAME: Rat Den loaded at at 48,17,5
[2024-05-30 02:55:53.369] GAME: Spider Cave 1 loaded at at 21,35,5
[2024-05-30 02:55:53.397] GAME: Fenced Geyser loaded at at 25,12,5
[2024-05-30 02:55:53.698] GAME: Abandoned Mineshaft 1 loaded at at 40,60,5
[2024-05-30 02:55:53.935] GAME: Crashed Med Shuttle loaded at at 54,104,5
[2024-05-30 02:55:53.951] GAME: Mine Vault 2 loaded at at 11,83,5
[2024-05-30 02:55:54.042] GAME: Speakeasy loaded at at 15,110,5
[2024-05-30 02:55:54.221] GAME: The Killer Rabbit loaded at at 119,56,5
[2024-05-30 02:55:54.289] GAME: Excavation Site loaded at at 165,32,5
[2024-05-30 02:55:54.501] GAME: spatial anomaly loaded at at 207,156,5
[2024-05-30 02:55:54.518] GAME: Buried Treasure 2 loaded at at 112,88,4
[2024-05-30 02:55:54.594] GAME: Emergency Pod loaded at at 16,31,4
[2024-05-30 02:55:54.640] GAME: Snow 5 loaded at at 41,45,4
[2024-05-30 02:55:54.703] GAME: Ruptured Canister loaded at at 9,160,4
[2024-05-30 02:55:54.733] GAME: Ration Cache loaded at at 85,83,4
[2024-05-30 02:55:54.887] GAME: Mechpit loaded at at 67,93,4
[2024-05-30 02:55:55.025] GAME: Old Library loaded at at 140,40,4
[2024-05-30 02:55:55.177] GAME: Thieves' Cave loaded at at 169,18,4
[2024-05-30 02:55:55.239] GAME: Snow 3 loaded at at 70,70,4
[2024-05-30 02:55:55.383] GAME: Pride Rock loaded at at 51,157,4
[2024-05-30 02:55:56.865] GAME: Snow 2 loaded at at 192,63,4
[2024-05-30 02:55:56.895] GAME: Lone Kururak Den loaded at at 32,11,4
[2024-05-30 02:55:56.911] GAME: Old Supply Drop loaded at at 107,71,4
[2024-05-30 02:55:56.971] GAME: Construction Site loaded at at 12,108,4
[2024-05-30 02:55:57.014] GAME: Snow loaded at at 209,14,4
[2024-05-30 02:55:58.354] GAME: Boathouse loaded at at 72,10,4
[2024-05-30 02:55:58.726] GAME: Pooled Rocks loaded at at 12,71,4
[2024-05-30 02:55:58.752] GAME: Camp Site loaded at at 196,164,4
[2024-05-30 02:55:58.905] GAME: Hot Spring loaded at at 215,25,4
[2024-05-30 02:55:58.938] GAME: Rocky Outcrop loaded at at 110,94,4
[2024-05-30 02:55:59.117] GAME: Decoupled Engine loaded at at 50,47,9
[2024-05-30 02:55:59.236] GAME: Frost Oasis loaded at at 98,42,9
[2024-05-30 02:55:59.255] GAME: Spider Nest 1 loaded at at 88,84,9
[2024-05-30 02:55:59.303] GAME: Emergency Pod 4 loaded at at 42,15,9
[2024-05-30 02:55:59.376] GAME: Shack 1 loaded at at 80,72,9
[2024-05-30 02:55:59.404] GAME: Government Patrol loaded at at 110,61,9
[2024-05-30 02:55:59.767] GAME: Chasm loaded at at 213,56,9
[2024-05-30 02:55:59.911] GAME: Lab 1 loaded at at 87,22,9
[2024-05-30 02:55:59.946] GAME: Butcher Shack loaded at at 151,70,9
[2024-05-30 02:56:00.067] GAME: Rocky 2 loaded at at 166,69,9
[2024-05-30 02:56:00.442] GAME: Demon Pool loaded at at 21,70,9
[2024-05-30 02:56:00.450] GAME: Musk loaded at at 76,91,9
[2024-05-30 02:56:00.751] GAME: Forest Lake loaded at at 182,42,9
[2024-05-30 02:56:00.801] GAME: Empty Cabin loaded at at 209,16,9
[2024-05-30 02:56:00.888] GAME: Mudpit loaded at at 154,42,9
[2024-05-30 02:56:00.977] GAME: Rocky 3 loaded at at 116,29,9
[2024-05-30 02:56:01.089] GAME: Snowrock 1 loaded at at 185,23,9
[2024-05-30 02:56:01.138] GAME: Wolf Den loaded at at 51,90,9
[2024-05-30 02:56:01.691] GAME: Spider Nest 1 loaded at at 91,61,9
[2024-05-30 02:56:01.729] GAME: Frostfly Nest loaded at at 199,74,9
[2024-05-30 02:56:01.835] GAME: Rocky 4 loaded at at 132,80,9
[2024-05-30 02:56:02.860] GAME: Cragzone 1 loaded at at 11,33,9
[2024-05-30 02:56:02.922] GAME: Shelter 1 loaded at at 192,13,9
[2024-05-30 02:56:02.961] GAME: Smol 1 loaded at at 64,95,9
[2024-05-30 02:56:05.217] GAME: Rocky 1 loaded at at 104,78,9
[2024-05-30 02:56:05.262] GAME: Spider Nest 1 loaded at at 55,35,9
[2024-05-30 02:56:06.719] GAME: Kururak Den loaded at at 211,30,9
[2024-05-30 02:56:06.772] GAME: Spider Nest 1 loaded at at 30,15,9
[2024-05-30 02:56:06.794] GAME: Spider Nest 1 loaded at at 69,80,9
[2024-05-30 02:56:06.839] GAME: Spider Nest 1 loaded at at 40,100,9
[2024-05-30 02:56:06.987] GAME: Military Camp 1 loaded at at 122,48,9
[2024-05-30 02:56:07.297] GAME: Black Shuttle Down loaded at at 91,209,9
[2024-05-30 02:56:07.473] GAME: Leopardmander Den loaded at at 92,118,9
[2024-05-30 02:56:07.746] GAME: Spider Base loaded at at 106,151,9
[2024-05-30 02:56:07.793] GAME: Lone Wolf loaded at at 236,104,9
[2024-05-30 02:56:07.828] GAME: Emergency Pod 3 loaded at at 87,175,9
[2024-05-30 02:56:07.906] GAME: DJOutpost 1 loaded at at 213,197,9
[2024-05-30 02:56:08.205] GAME: Borg Lab loaded at at 164,195,9
[2024-05-30 02:56:09.317] GAME: Dragon Island loaded at at 131,118,9
[2024-05-30 02:56:10.520] GAME: Derelict Engine loaded at at 33,148,9
[2024-05-30 02:56:10.664] GAME: Otie Shelter loaded at at 74,141,9
[2024-05-30 02:56:10.725] GAME: Syndi Drone loaded at at 218,108,9
[2024-05-30 02:56:11.515] GAME: CaveS loaded at at 24,203,9
[2024-05-30 02:56:11.787] GAME: Burning Hadzard Zone loaded at at 189,125,9
[2024-05-30 02:56:13.812] GAME: Death Spice Den loaded at at 64,225,9
[2024-05-30 02:56:14.039] GAME: Maze loaded at at 40,20,10
[2024-05-30 02:56:14.230] GAME: Fallen Lab loaded at at 128,24,10
[2024-05-30 02:56:14.370] GAME: Clockwork Den loaded at at 203,18,10
[2024-05-30 02:56:14.742] GAME: Carrier Shuttle loaded at at 165,202,10
[2024-05-30 02:56:14.911] GAME: Blob Den loaded at at 97,217,10
[2024-05-30 02:56:15.317] GAME: Aquatic Xenos loaded at at 130,213,10
[2024-05-30 02:56:15.406] GAME: Solar Pond loaded at at 223,214,10
[2024-05-30 02:56:15.764] GAME: Drone Overlords loaded at at 29,221,10
[2024-05-30 02:56:16.412] GAME: Settlement loaded at at 80,78,10
[2024-05-30 02:56:16.673] GAME: Vox Pirates loaded at at 194,69,10
[2024-05-30 02:56:16.806] GAME: Spider Explo loaded at at 203,104,10
[2024-05-30 02:56:17.315] GAME: Red Shuttle Down loaded at at 193,140,10
[2024-05-30 02:56:18.147] GAME: Eclipse Base Mountain loaded at at 150,140,10
[2024-05-30 02:56:18.758] GAME: Cliff Manor loaded at at 142,90,10
[2024-05-30 02:56:19.535] GAME: Siege Point loaded at at 216,92,10
[2024-05-30 02:56:19.590] GAME: Raided Pod loaded at at 78,141,10
[2024-05-30 02:56:20.585] GAME: Unfinished Outpost loaded at at 10,101,10
[2024-05-30 02:57:16.275] GAME: Z-level VR World loaded at at 1,1,11
[2024-05-30 02:57:16.823] GAME: Z-level Fuel Depot - Z1 Space loaded at at 1,1,12
[2024-05-30 02:57:28.358] GAME: Z-level Thor Surface loaded at at 1,1,13
[2024-05-30 02:57:44.075] GAME: Z-level Distant Mining Facility loaded at at 1,1,14
[2024-05-30 02:58:16.934] MISC: a the gibber didn't find an input plate.
[2024-05-30 02:58:20.561] MISC: a the gibber didn't find an input plate.
[2024-05-30 03:03:57.479] GAME: TIDI: 16.1667;4.85;0.97;0.097
[2024-05-30 03:04:57.478] GAME: TIDI: 0;3.395;1.455;0.2328
[2024-05-30 03:05:57.479] GAME: TIDI: 0;2.3765;1.6393;0.37345
[2024-05-30 03:06:10.067] EMOTE: INVALID/(Cleanbot) (111,170,9): <B>Cleanbot</B> makes an excited booping sound!
[2024-05-30 03:06:10.483] ATTACK: INVALID/(guard hivebot) against INVALID/(mercenary): Shot with /obj/item/projectile/bullet/hivebot projectile
[2024-05-30 03:06:10.777] ATTACK: INVALID/(mercenary) against INVALID/(guard hivebot): Shot with /obj/item/projectile/bullet/pistol/medium projectile
[2024-05-30 03:06:30.740] EMOTE: INVALID/(Cleanbot) (111,170,9): <B>Cleanbot</B> makes an excited booping sound!
[2024-05-30 03:07:00.287] GAME: TIDI: 4.66667;3.06355;1.92415;0.52852
[2024-05-30 03:08:00.380] GAME: TIDI: 0.166667;2.19448;1.97822;0.67349
[2024-05-30 03:08:45.928] EMOTE: INVALID/(Cleanbot) (111,170,9): <B>Cleanbot</B> makes an excited booping sound!
[2024-05-30 03:09:05.235] GAME: TIDI: 8.16667;3.98614;2.3798;0.844121
[2024-05-30 03:10:11.064] GAME: TIDI: 9.66667;5.6903;3.0419;1.0639
[2024-05-30 03:11:11.853] GAME: TIDI: 1.33333;4.38321;3.31016;1.28853
[2024-05-30 03:12:14.263] GAME: TIDI: 4;4.26825;3.50178;1.50985
[2024-05-30 03:13:14.310] GAME: TIDI: 0.166667;3.03777;3.40898;1.69976
[2024-05-30 03:14:12.889] EMOTE: INVALID/(Cleanbot) (111,170,9): <B>Cleanbot</B> makes an excited booping sound!
[2024-05-30 03:14:14.423] GAME: TIDI: 0.166667;2.17644;3.16247;1.84603
[2024-05-30 03:14:26.902] EMOTE: INVALID/(Cleanbot) (111,170,9): <B>Cleanbot</B> makes an excited booping sound!
[2024-05-30 03:14:44.922] EMOTE: INVALID/(Cleanbot) (111,170,9): <B>Cleanbot</B> makes an excited booping sound!
[2024-05-30 03:15:14.490] GAME: TIDI: 0;1.52351;2.83468;1.9449
[2024-05-30 03:16:14.558] GAME: TIDI: 0.166667;1.11646;2.49103;1.99951
[2024-05-30 03:17:15.626] GAME: TIDI: 1.83333;1.33152;2.25913;2.02547
[2024-05-30 03:18:15.702] GAME: TIDI: 0.166667;0.982063;2.00372;2.0233
[2024-05-30 03:19:15.817] GAME: TIDI: 0.166667;0.737444;1.75046;1.99601
[2024-05-30 03:20:15.941] GAME: TIDI: 0.166667;0.566211;1.51361;1.94777
[2024-05-30 03:21:16.009] GAME: TIDI: 0.166667;0.446348;1.30016;1.88301
[2024-05-30 03:22:16.523] GAME: TIDI: 0.833333;0.562443;1.15262;1.80997
[2024-05-30 03:23:16.620] GAME: TIDI: 0.166667;0.44371;1.01083;1.73006
[2024-05-30 03:23:49.120] EMOTE: INVALID/(Cleanbot) (111,170,9): <B>Cleanbot</B> makes an excited booping sound!
[2024-05-30 03:24:16.686] GAME: TIDI: 0;0.310597;0.870787;1.64413
[2024-05-30 03:25:16.777] GAME: TIDI: 0.166667;0.267418;0.750114;1.55473
[2024-05-30 03:26:16.859] GAME: TIDI: 0.166667;0.237193;0.647529;1.46401
[2024-05-30 03:27:21.581] GAME: TIDI: 7.83333;2.51604;1.02123;1.41973
[2024-05-30 03:28:21.969] GAME: TIDI: 0.666667;1.96122;1.20923;1.39868
[2024-05-30 03:28:52.462] EMOTE: INVALID/(Cleanbot) (111,170,9): <B>Cleanbot</B> makes an excited booping sound!
[2024-05-30 03:29:22.018] GAME: TIDI: 0.166667;1.42286;1.25195;1.38401
[2024-05-30 03:30:06.559] EMOTE: INVALID/(Cleanbot) (111,170,9): <B>Cleanbot</B> makes an excited booping sound!
[2024-05-30 03:30:20.572] EMOTE: INVALID/(Cleanbot) (111,170,9): <B>Cleanbot</B> makes an excited booping sound!
[2024-05-30 03:30:22.107] GAME: TIDI: 0.166667;1.046;1.21076;1.36668
[2024-05-30 03:30:50.668] EMOTE: INVALID/(Cleanbot) (111,170,9): <B>Cleanbot</B> makes an excited booping sound!
[2024-05-30 03:31:22.241] GAME: TIDI: 0.166667;0.7822;1.12505;1.34252
[2024-05-30 03:32:22.334] GAME: TIDI: 0.166667;0.59754;1.01955;1.31022
[2024-05-30 03:33:22.403] GAME: TIDI: 0.166667;0.468278;0.909295;1.27013
[2024-05-30 03:33:40.900] EMOTE: INVALID/(Cleanbot) (111,170,9): <B>Cleanbot</B> makes an excited booping sound!
[2024-05-30 03:34:22.482] GAME: TIDI: 0;0.327795;0.792995;1.22242
[2024-05-30 03:35:22.535] GAME: TIDI: 0.166667;0.279456;0.690287;1.1692
[2024-05-30 03:36:22.832] GAME: TIDI: 0.5;0.345619;0.621353;1.11442
[2024-05-30 03:36:23.302] EMOTE: INVALID/(Cleanbot) (111,170,9): <B>Cleanbot</B> makes an excited booping sound!
[2024-05-30 03:37:21.808] EMOTE: INVALID/(Cleanbot) (111,170,9): <B>Cleanbot</B> makes an excited booping sound!
[2024-05-30 03:37:23.341] GAME: TIDI: 0.833333;0.491934;0.595469;1.06252
[2024-05-30 03:38:23.382] GAME: TIDI: 0;0.344353;0.545246;1.0108
[2024-05-30 03:39:23.478] GAME: TIDI: 0.166667;0.291047;0.494407;0.959157
[2024-05-30 03:40:23.549] GAME: TIDI: 0.166667;0.253733;0.446272;0.907869
[2024-05-30 03:40:54.064] EMOTE: INVALID/(Cleanbot) (111,170,9): <B>Cleanbot</B> makes an excited booping sound!
[2024-05-30 03:41:23.612] GAME: TIDI: 0.166667;0.227613;0.40254;0.857336
[2024-05-30 03:41:34.114] EMOTE: INVALID/(Cleanbot) (111,170,9): <B>Cleanbot</B> makes an excited booping sound!
[2024-05-30 03:42:23.755] GAME: TIDI: 0.166667;0.209329;0.363898;0.807992
[2024-05-30 03:42:28.227] EMOTE: INVALID/(Cleanbot) (111,170,9): <B>Cleanbot</B> makes an excited booping sound!
[2024-05-30 03:42:58.250] EMOTE: INVALID/(Cleanbot) (111,170,9): <B>Cleanbot</B> makes an excited booping sound!
[2024-05-30 03:43:23.826] GAME: TIDI: 0.166667;0.19653;0.330424;0.760235
[2024-05-30 03:44:23.900] GAME: TIDI: 0;0.137571;0.291854;0.713397
[2024-05-30 03:45:23.944] GAME: TIDI: 0.166667;0.1463;0.262743;0.668332
[2024-05-30 03:46:10.465] EMOTE: INVALID/(Cleanbot) (111,170,9): <B>Cleanbot</B> makes an excited booping sound!
[2024-05-30 03:46:24.008] GAME: TIDI: 0.166667;0.15241;0.240676;0.625566
[2024-05-30 03:47:24.072] GAME: TIDI: 0;0.106687;0.213879;0.584397
[2024-05-30 03:48:24.144] GAME: TIDI: 0.166667;0.124681;0.196039;0.545562
[2024-05-30 03:49:22.670] EMOTE: INVALID/(Cleanbot) (111,170,9): <B>Cleanbot</B> makes an excited booping sound!
[2024-05-30 03:49:24.203] GAME: TIDI: 0.166667;0.137277;0.184287;0.509434
[2024-05-30 03:50:04.713] EMOTE: INVALID/(Cleanbot) (111,170,9): <B>Cleanbot</B> makes an excited booping sound!
[2024-05-30 03:50:24.266] GAME: TIDI: 0;0.0960936;0.166648;0.475155
[2024-05-30 03:51:24.312] GAME: TIDI: 0.166667;0.117266;0.156771;0.443317
[2024-05-30 03:52:24.384] GAME: TIDI: 0;0.0820859;0.141834;0.413169
[2024-05-30 03:53:24.455] GAME: TIDI: 0.166667;0.10746;0.13496;0.385348
[2024-05-30 03:53:24.919] EMOTE: INVALID/(Cleanbot) (111,170,9): <B>Cleanbot</B> makes an excited booping sound!
[2024-05-30 03:54:21.047] EMOTE: INVALID/(Cleanbot) (111,170,9): <B>Cleanbot</B> makes an excited booping sound!
[2024-05-30 03:54:24.573] GAME: TIDI: 0.166667;0.125222;0.133012;0.360114
[2024-05-30 03:54:45.060] EMOTE: INVALID/(Cleanbot) (111,170,9): <B>Cleanbot</B> makes an excited booping sound!
[2024-05-30 03:55:24.644] GAME: TIDI: 0.166667;0.137655;0.133941;0.337497
[2024-05-30 03:55:51.137] EMOTE: INVALID/(Cleanbot) (111,170,9): <B>Cleanbot</B> makes an excited booping sound!
[2024-05-30 03:56:24.702] GAME: TIDI: 0.166667;0.146359;0.136424;0.31739
[2024-05-30 03:57:24.787] GAME: TIDI: 0;0.102451;0.12963;0.298614
[2024-05-30 03:58:24.919] GAME: TIDI: 0.333333;0.171716;0.138047;0.282557
[2024-05-30 03:59:24.973] GAME: TIDI: 0;0.120201;0.134478;0.267749
[2024-05-30 04:00:25.005] GAME: TIDI: 0.166667;0.134141;0.13441;0.254415
[2024-05-30 04:01:25.120] GAME: TIDI: 0.166667;0.143899;0.136308;0.242604
[2024-05-30 04:02:25.182] GAME: TIDI: 0;0.100729;0.129192;0.231263
[2024-05-30 04:03:25.267] GAME: TIDI: 0.166667;0.12051;0.127456;0.220882
[2024-05-30 04:03:37.743] EMOTE: INVALID/(Cleanbot) (111,170,9): <B>Cleanbot</B> makes an excited booping sound!
[2024-05-30 04:04:25.330] GAME: TIDI: 0.166667;0.134357;0.128836;0.211678
[2024-05-30 04:05:01.859] EMOTE: INVALID/(Cleanbot) (111,170,9): <B>Cleanbot</B> makes an excited booping sound!
[2024-05-30 04:05:15.876] EMOTE: INVALID/(Cleanbot) (111,170,9): <B>Cleanbot</B> makes an excited booping sound!
[2024-05-30 04:05:25.410] GAME: TIDI: 0.166667;0.14405;0.131879;0.203698
[2024-05-30 04:06:07.927] EMOTE: INVALID/(Cleanbot) (111,170,9): <B>Cleanbot</B> makes an excited booping sound!
[2024-05-30 04:06:25.460] GAME: TIDI: 0;0.100835;0.12567;0.195895
[2024-05-30 04:06:31.928] EMOTE: INVALID/(Cleanbot) (111,170,9): <B>Cleanbot</B> makes an excited booping sound!
[2024-05-30 04:07:09.965] EMOTE: INVALID/(Cleanbot) (111,170,9): <B>Cleanbot</B> makes an excited booping sound!
[2024-05-30 04:07:25.516] GAME: TIDI: 0.166667;0.120585;0.124653;0.188771
[2024-05-30 04:07:35.984] EMOTE: INVALID/(Cleanbot) (111,170,9): <B>Cleanbot</B> makes an excited booping sound!
[2024-05-30 04:08:25.674] GAME: TIDI: 0.166667;0.134409;0.126604;0.182554
[2024-05-30 04:09:12.203] EMOTE: INVALID/(Cleanbot) (111,170,9): <B>Cleanbot</B> makes an excited booping sound!
[2024-05-30 04:09:25.760] GAME: TIDI: 0.166667;0.144086;0.130101;0.177309
[2024-05-30 04:10:25.837] GAME: TIDI: 0.166667;0.15086;0.134253;0.173003
[2024-05-30 04:11:25.913] GAME: TIDI: 0.166667;0.155602;0.138523;0.169555
[2024-05-30 04:11:58.426] EMOTE: INVALID/(Cleanbot) (111,170,9): <B>Cleanbot</B> makes an excited booping sound!
[2024-05-30 04:12:12.458] EMOTE: INVALID/(Cleanbot) (111,170,9): <B>Cleanbot</B> makes an excited booping sound!
[2024-05-30 04:12:25.995] GAME: TIDI: 0;0.108922;0.132602;0.16586
[2024-05-30 04:13:26.115] GAME: TIDI: 0.333333;0.176245;0.141331;0.163407
[2024-05-30 04:14:26.168] GAME: TIDI: 0;0.123372;0.137739;0.16084
[2024-05-30 04:15:26.242] GAME: TIDI: 0.166667;0.13636;0.137463;0.158503
[2024-05-30 04:16:26.571] GAME: TIDI: 0.5;0.245452;0.159061;0.158558
[2024-05-30 04:16:43.074] EMOTE: INVALID/(Cleanbot) (111,170,9): <B>Cleanbot</B> makes an excited booping sound!
[2024-05-30 04:16:55.079] EMOTE: INVALID/(Cleanbot) (111,170,9): <B>Cleanbot</B> makes an excited booping sound!
[2024-05-30 04:16:59.094] EMOTE: INVALID/(Cleanbot) (111,170,9): <B>Cleanbot</B> makes an excited booping sound!
[2024-05-30 04:17:26.642] GAME: TIDI: 0.166667;0.221816;0.171612;0.159864
[2024-05-30 04:18:26.710] GAME: TIDI: 0.166667;0.205272;0.178344;0.161712
[2024-05-30 04:18:43.209] EMOTE: INVALID/(Cleanbot) (111,170,9): <B>Cleanbot</B> makes an excited booping sound!
[2024-05-30 04:19:01.240] EMOTE: INVALID/(Cleanbot) (111,170,9): <B>Cleanbot</B> makes an excited booping sound!
[2024-05-30 04:19:26.812] GAME: TIDI: 0.166667;0.19369;0.181413;0.163682
[2024-05-30 04:19:31.286] EMOTE: INVALID/(Cleanbot) (111,170,9): <B>Cleanbot</B> makes an excited booping sound!
[2024-05-30 04:20:26.871] GAME: TIDI: 0;0.135583;0.172247;0.164538
[2024-05-30 04:21:26.939] GAME: TIDI: 0.166667;0.144908;0.166779;0.164763
[2024-05-30 04:22:27.019] GAME: TIDI: 0.166667;0.151436;0.163711;0.164657
[2024-05-30 04:23:27.093] GAME: TIDI: 0;0.106005;0.15217;0.163409
[2024-05-30 04:24:27.147] GAME: TIDI: 0.166667;0.124203;0.146576;0.161725
[2024-05-30 04:24:35.620] EMOTE: INVALID/(Cleanbot) (111,170,9): <B>Cleanbot</B> makes an excited booping sound!
[2024-05-30 04:25:27.211] GAME: TIDI: 0.166667;0.136942;0.14465;0.160018
[2024-05-30 04:26:27.404] GAME: TIDI: 0.333333;0.19586;0.154892;0.159505
[2024-05-30 04:27:27.737] GAME: TIDI: 0.5;0.287102;0.181334;0.161688
[2024-05-30 04:28:08.562] EMOTE: INVALID/(Cleanbot) (111,170,9): <B>Cleanbot</B> makes an excited booping sound!
[2024-05-30 04:28:28.132] GAME: TIDI: 0.666667;0.400971;0.225261;0.168045
[2024-05-30 04:28:28.598] EMOTE: INVALID/(Cleanbot) (111,170,9): <B>Cleanbot</B> makes an excited booping sound!
[2024-05-30 04:28:38.067] GAME: TESLA(81,128,9) Shocked INVALID/(diyaab) for 11dmg.
[2024-05-30 04:29:28.272] GAME: TIDI: 0.166667;0.33068;0.246345;0.175875
[2024-05-30 04:30:20.809] EMOTE: INVALID/(Cleanbot) (111,170,9): <B>Cleanbot</B> makes an excited booping sound!
[2024-05-30 04:30:28.349] GAME: TIDI: 0.166667;0.281476;0.253371;0.183625
[2024-05-30 04:31:28.427] GAME: TIDI: 0.166667;0.247033;0.252104;0.190473
[2024-05-30 04:31:42.911] EMOTE: INVALID/(Cleanbot) (111,170,9): <B>Cleanbot</B> makes an excited booping sound!
[2024-05-30 04:31:48.913] EMOTE: INVALID/(Cleanbot) (111,170,9): <B>Cleanbot</B> makes an excited booping sound!
[2024-05-30 04:32:28.665] GAME: TIDI: 0.333333;0.272923;0.256267;0.197052
[2024-05-30 04:33:28.713] GAME: TIDI: 0.166667;0.241046;0.253223;0.202669
[2024-05-30 04:33:45.210] EMOTE: INVALID/(Cleanbot) (111,170,9): <B>Cleanbot</B> makes an excited booping sound!
[2024-05-30 04:34:28.829] GAME: TIDI: 0.166667;0.218732;0.246325;0.207035
[2024-05-30 04:34:29.297] EMOTE: INVALID/(Cleanbot) (111,170,9): <B>Cleanbot</B> makes an excited booping sound!
[2024-05-30 04:34:57.336] EMOTE: INVALID/(Cleanbot) (111,170,9): <B>Cleanbot</B> makes an excited booping sound!
[2024-05-30 04:35:28.888] GAME: TIDI: 0;0.153113;0.227683;0.2091
[2024-05-30 04:36:01.516] EMOTE: INVALID/(Cleanbot) (111,170,9): <B>Cleanbot</B> makes an excited booping sound!
[2024-05-30 04:36:09.518] EMOTE: INVALID/(Cleanbot) (111,170,9): <B>Cleanbot</B> makes an excited booping sound!
[2024-05-30 04:36:29.076] GAME: TIDI: 0.333333;0.207179;0.223582;0.210548
[2024-05-30 04:37:29.249] GAME: TIDI: 0.333333;0.245025;0.227871;0.21228
[2024-05-30 04:38:29.315] GAME: TIDI: 0.166667;0.221518;0.2266;0.213712
[2024-05-30 04:39:29.371] GAME: TIDI: 0;0.155062;0.212292;0.21357
[2024-05-30 04:39:43.856] EMOTE: INVALID/(Cleanbot) (111,170,9): <B>Cleanbot</B> makes an excited booping sound!
[2024-05-30 04:39:59.873] EMOTE: INVALID/(Cleanbot) (111,170,9): <B>Cleanbot</B> makes an excited booping sound!
[2024-05-30 04:40:29.425] GAME: TIDI: 0.166667;0.158544;0.201543;0.212367
[2024-05-30 04:41:29.494] GAME: TIDI: 0;0.110981;0.18343;0.209474
[2024-05-30 04:41:40.000] EMOTE: INVALID/(Cleanbot) (111,170,9): <B>Cleanbot</B> makes an excited booping sound!
[2024-05-30 04:42:29.559] GAME: TIDI: 0.166667;0.127686;0.172282;0.205754
[2024-05-30 04:42:40.053] EMOTE: INVALID/(Cleanbot) (111,170,9): <B>Cleanbot</B> makes an excited booping sound!
[2024-05-30 04:43:08.129] EMOTE: INVALID/(Cleanbot) (111,170,9): <B>Cleanbot</B> makes an excited booping sound!
[2024-05-30 04:43:29.668] GAME: TIDI: 0.166667;0.13938;0.165701;0.201749
[2024-05-30 04:44:29.830] GAME: TIDI: 0.333333;0.197566;0.172074;0.198782
[2024-05-30 04:44:58.340] EMOTE: INVALID/(Cleanbot) (111,170,9): <B>Cleanbot</B> makes an excited booping sound!
[2024-05-30 04:45:29.913] GAME: TIDI: 0.166667;0.188296;0.175319;0.196435
[2024-05-30 04:46:29.971] GAME: TIDI: 0;0.131808;0.166616;0.193453
[2024-05-30 04:47:30.203] GAME: TIDI: 0.5;0.242265;0.181746;0.192283
[2024-05-30 04:47:34.678] EMOTE: INVALID/(Cleanbot) (111,170,9): <B>Cleanbot</B> makes an excited booping sound!
[2024-05-30 04:48:30.343] GAME: TIDI: 0.166667;0.219586;0.189314;0.191986
[2024-05-30 04:48:49.794] GAME: TESLA(157,97,4) Shocked INVALID/(diyaab) for 12dmg.
[2024-05-30 04:49:30.530] GAME: TIDI: 0.333333;0.25371;0.202193;0.193007
[2024-05-30 04:50:17.064] EMOTE: INVALID/(Cleanbot) (111,170,9): <B>Cleanbot</B> makes an excited booping sound!
[2024-05-30 04:50:30.603] GAME: TIDI: 0.166667;0.227597;0.207274;0.194433
[2024-05-30 04:51:30.674] GAME: TIDI: 0;0.159318;0.197683;0.194758
[2024-05-30 04:52:30.786] GAME: TIDI: 0.166667;0.161523;0.190451;0.194328
[2024-05-30 04:53:30.868] GAME: TIDI: 0.166667;0.163066;0.184974;0.193392
[2024-05-30 04:53:47.366] EMOTE: INVALID/(Cleanbot) (111,170,9): <B>Cleanbot</B> makes an excited booping sound!
[2024-05-30 04:54:30.935] GAME: TIDI: 0.166667;0.164146;0.180808;0.192134
[2024-05-30 04:54:45.409] EMOTE: INVALID/(Cleanbot) (111,170,9): <B>Cleanbot</B> makes an excited booping sound!
[2024-05-30 04:55:15.437] EMOTE: INVALID/(Cleanbot) (111,170,9): <B>Cleanbot</B> makes an excited booping sound!
[2024-05-30 04:55:30.993] GAME: TIDI: 0;0.114902;0.167627;0.189683
[2024-05-30 04:56:09.484] EMOTE: INVALID/(Cleanbot) (111,170,9): <B>Cleanbot</B> makes an excited booping sound!
[2024-05-30 04:56:27.498] EMOTE: INVALID/(Cleanbot) (111,170,9): <B>Cleanbot</B> makes an excited booping sound!
[2024-05-30 04:56:31.050] GAME: TIDI: 0.166667;0.130432;0.160188;0.186734
[2024-05-30 04:57:31.099] GAME: TIDI: 0;0.0913021;0.146411;0.182701
[2024-05-30 04:58:31.164] GAME: TIDI: 0.166667;0.113911;0.139911;0.178422
[2024-05-30 04:58:31.631] EMOTE: INVALID/(Cleanbot) (111,170,9): <B>Cleanbot</B> makes an excited booping sound!
[2024-05-30 04:58:35.631] EMOTE: INVALID/(Cleanbot) (111,170,9): <B>Cleanbot</B> makes an excited booping sound!
[2024-05-30 04:59:07.671] EMOTE: INVALID/(Cleanbot) (111,170,9): <B>Cleanbot</B> makes an excited booping sound!
[2024-05-30 04:59:19.694] EMOTE: INVALID/(Cleanbot) (111,170,9): <B>Cleanbot</B> makes an excited booping sound!
[2024-05-30 04:59:31.233] GAME: TIDI: 0.166667;0.129738;0.137876;0.174368
[2024-05-30 04:59:57.715] EMOTE: INVALID/(Cleanbot) (111,170,9): <B>Cleanbot</B> makes an excited booping sound!
[2024-05-30 05:00:31.269] GAME: TIDI: 0;0.0908166;0.128464;0.169777
[2024-05-30 05:00:51.766] EMOTE: INVALID/(Cleanbot) (111,170,9): <B>Cleanbot</B> makes an excited booping sound!
[2024-05-30 05:01:31.348] GAME: TIDI: 0.166667;0.113572;0.125486;0.165348
[2024-05-30 05:02:35.020] GAME: TIDI: 6.16667;1.9295;0.486289;0.197442
[2024-05-30 05:03:35.072] GAME: TIDI: 0;1.35065;0.659161;0.243614
[2024-05-30 05:04:35.119] GAME: TIDI: 0.166667;0.995455;0.72642;0.291895
[2024-05-30 05:04:51.596] EMOTE: INVALID/(Cleanbot) (111,170,9): <B>Cleanbot</B> makes an excited booping sound!
[2024-05-30 05:05:35.159] GAME: TIDI: 0;0.696819;0.7205;0.334755
[2024-05-30 05:06:35.237] GAME: TIDI: 0.166667;0.537773;0.683954;0.369675
[2024-05-30 05:06:59.720] EMOTE: INVALID/(Cleanbot) (111,170,9): <B>Cleanbot</B> makes an excited booping sound!
[2024-05-30 05:07:35.292] GAME: TIDI: 0;0.376441;0.622452;0.394953
[2024-05-30 05:07:49.767] EMOTE: INVALID/(Cleanbot) (111,170,9): <B>Cleanbot</B> makes an excited booping sound!
[2024-05-30 05:07:51.767] EMOTE: INVALID/(Cleanbot) (111,170,9): <B>Cleanbot</B> makes an excited booping sound!
[2024-05-30 05:08:05.791] EMOTE: INVALID/(Cleanbot) (111,170,9): <B>Cleanbot</B> makes an excited booping sound!
[2024-05-30 05:08:13.784] EMOTE: INVALID/(Cleanbot) (111,170,9): <B>Cleanbot</B> makes an excited booping sound!
[2024-05-30 05:08:35.343] GAME: TIDI: 0.166667;0.313509;0.560663;0.411524
[2024-05-30 05:09:35.445] GAME: TIDI: 0.166667;0.269456;0.502422;0.420614
[2024-05-30 05:10:34.013] EMOTE: INVALID/(Cleanbot) (111,170,9): <B>Cleanbot</B> makes an excited booping sound!
[2024-05-30 05:10:35.549] GAME: TIDI: 0.166667;0.238619;0.449661;0.423518
[2024-05-30 05:10:40.016] EMOTE: INVALID/(Cleanbot) (111,170,9): <B>Cleanbot</B> makes an excited booping sound!
[2024-05-30 05:10:58.028] EMOTE: INVALID/(Cleanbot) (111,170,9): <B>Cleanbot</B> makes an excited booping sound!
[2024-05-30 05:11:35.606] GAME: TIDI: 0.166667;0.217034;0.403136;0.42148
[2024-05-30 05:12:06.092] EMOTE: INVALID/(Cleanbot) (111,170,9): <B>Cleanbot</B> makes an excited booping sound!
[2024-05-30 05:12:35.653] GAME: TIDI: 0;0.151923;0.352893;0.414621
[2024-05-30 05:13:10.137] EMOTE: INVALID/(Cleanbot) (111,170,9): <B>Cleanbot</B> makes an excited booping sound!
[2024-05-30 05:13:35.684] GAME: TIDI: 0;0.106346;0.303584;0.403518
[2024-05-30 05:14:35.728] GAME: TIDI: 0.166667;0.124442;0.267756;0.389941
[2024-05-30 05:14:36.193] EMOTE: INVALID/(Cleanbot) (111,170,9): <B>Cleanbot</B> makes an excited booping sound!
[2024-05-30 05:15:35.783] GAME: TIDI: 0;0.0871097;0.231626;0.37411
[2024-05-30 05:16:22.274] EMOTE: INVALID/(Cleanbot) (111,170,9): <B>Cleanbot</B> makes an excited booping sound!
[2024-05-30 05:16:35.825] GAME: TIDI: 0.166667;0.110977;0.207497;0.357449
[2024-05-30 05:16:38.293] EMOTE: INVALID/(Cleanbot) (111,170,9): <B>Cleanbot</B> makes an excited booping sound!
[2024-05-30 05:17:35.908] GAME: TIDI: 0.166667;0.127684;0.191534;0.340857
[2024-05-30 05:17:38.544] GAME: TESLA(158,100,10) Shocked INVALID/(Teshari Mage) for 27dmg.
[2024-05-30 05:17:38.631] GAME: TESLA(161,99,10) Shocked INVALID/(Teshari Mage) for 15dmg.
[2024-05-30 05:17:59.124] GAME: TESLA(117,95,10) Shocked INVALID/(space bat swarm) for 20dmg.
[2024-05-30 05:17:59.139] GAME: TESLA(115,93,10) Shocked INVALID/(Shade (75)) for 20dmg.
[2024-05-30 05:17:59.140] GAME: TESLA(116,97,10) Shocked INVALID/(Artificer (413)) for 11dmg.
[2024-05-30 05:17:59.233] GAME: TESLA(115,100,10) Shocked INVALID/(Shade (75)) for 10dmg.
[2024-05-30 05:18:36.269] GAME: TIDI: 0.5;0.239379;0.201103;0.326882
[2024-05-30 05:19:36.342] GAME: TIDI: 0.166667;0.217565;0.204395;0.314633
[2024-05-30 05:20:36.404] GAME: TIDI: 0.166667;0.202296;0.203975;0.303567
[2024-05-30 05:21:36.455] GAME: TIDI: 0;0.141607;0.191502;0.292361
[2024-05-30 05:22:36.541] GAME: TIDI: 0.166667;0.149125;0.183026;0.281427
[2024-05-30 05:22:38.463] GAME: TESLA(32,16,9) Shocked INVALID/(giant spider) for 28dmg.
[2024-05-30 05:22:38.463] GAME: TESLA(29,18,9) Shocked INVALID/(giant spider) for 15dmg.
[2024-05-30 05:22:38.464] GAME: TESLA(33,20,9) Shocked INVALID/(giant spider) for 10dmg.
[2024-05-30 05:22:38.464] GAME: TESLA(35,20,9) Shocked INVALID/(giant spider) for 8dmg.
[2024-05-30 05:22:38.464] GAME: TESLA(35,20,9) Shocked INVALID/(giant spider) for 5dmg.
[2024-05-30 05:22:38.465] GAME: TESLA(35,20,9) Shocked INVALID/(giant spider) for 8dmg.
[2024-05-30 05:23:45.946] GAME: Error: /mob/living/simple_mob/construct/shade([0x3000213]) took longer than 0.5 seconds to delete (took 33.2 seconds to delete)
[2024-05-30 05:24:10.257] GAME: TIDI: 56.1667;16.9544;3.5373;0.607014
[2024-05-30 05:25:10.347] GAME: TIDI: 0.166667;11.9181;5.21345;1.06766
[2024-05-30 05:26:10.427] GAME: TIDI: 0.166667;8.39265;5.84929;1.54582
[2024-05-30 05:26:22.920] EMOTE: INVALID/(Cleanbot) (111,170,9): <B>Cleanbot</B> makes an excited booping sound!
[2024-05-30 05:27:10.503] GAME: TIDI: 0.166667;5.92486;5.86441;1.97768
[2024-05-30 05:27:53.029] EMOTE: INVALID/(Cleanbot) (111,170,9): <B>Cleanbot</B> makes an excited booping sound!
[2024-05-30 05:28:10.567] GAME: TIDI: 0;4.1474;5.521;2.33201
[2024-05-30 05:28:41.076] EMOTE: INVALID/(Cleanbot) (111,170,9): <B>Cleanbot</B> makes an excited booping sound!
[2024-05-30 05:29:10.659] GAME: TIDI: 0.166667;2.95318;5.00744;2.59955
[2024-05-30 05:29:51.186] EMOTE: INVALID/(Cleanbot) (111,170,9): <B>Cleanbot</B> makes an excited booping sound!
[2024-05-30 05:30:10.860] GAME: TIDI: 0.333333;2.16723;4.4394;2.78354
[2024-05-30 05:31:10.965] GAME: TIDI: 0.166667;1.56706;3.86493;2.89168
[2024-05-30 05:32:11.038] GAME: TIDI: 0.166667;1.14694;3.32133;2.93464
[2024-05-30 05:33:01.641] EMOTE: INVALID/(Cleanbot) (111,170,9): <B>Cleanbot</B> makes an excited booping sound!
[2024-05-30 05:33:11.195] GAME: TIDI: 0.166667;0.852858;2.82764;2.92394
[2024-05-30 05:33:23.665] EMOTE: INVALID/(Cleanbot) (111,170,9): <B>Cleanbot</B> makes an excited booping sound!
[2024-05-30 05:34:11.280] GAME: TIDI: 0.166667;0.647001;2.39151;2.8707
[2024-05-30 05:35:11.359] GAME: TIDI: 0.166667;0.502901;2.01379;2.78501
[2024-05-30 05:36:11.431] GAME: TIDI: 0.166667;0.40203;1.69144;2.67565
[2024-05-30 05:36:37.916] EMOTE: INVALID/(Cleanbot) (111,170,9): <B>Cleanbot</B> makes an excited booping sound!
[2024-05-30 05:37:11.498] GAME: TIDI: 0;0.281421;1.40943;2.54903
[2024-05-30 05:37:33.998] EMOTE: INVALID/(Cleanbot) (111,170,9): <B>Cleanbot</B> makes an excited booping sound!
[2024-05-30 05:37:49.716] GAME: TESLA(170,114,10) Shocked INVALID/(space jellyfish) for 51dmg.
[2024-05-30 05:37:49.717] GAME: TESLA(170,115,10) Shocked INVALID/(space jellyfish) for 29dmg.
[2024-05-30 05:37:49.717] GAME: TESLA(173,112,10) Shocked INVALID/(space jellyfish) for 20dmg.
[2024-05-30 05:37:49.718] GAME: TESLA(170,115,10) Shocked INVALID/(space jellyfish) for 19dmg.
[2024-05-30 05:37:49.718] GAME: TESLA(173,112,10) Shocked INVALID/(space jellyfish) for 5dmg.
[2024-05-30 05:37:49.719] GAME: TESLA(170,115,10) Shocked INVALID/(space jellyfish) for 11dmg.
[2024-05-30 05:37:49.719] GAME: TESLA(173,112,10) Shocked INVALID/(space jellyfish) for 6dmg.
[2024-05-30 05:37:49.720] GAME: TESLA(170,115,10) Shocked INVALID/(space jellyfish) for 9dmg.
[2024-05-30 05:38:12.516] GAME: TIDI: 1.83333;0.746995;1.27695;2.42182
[2024-05-30 05:38:25.014] EMOTE: INVALID/(Cleanbot) (111,170,9): <B>Cleanbot</B> makes an excited booping sound!
[2024-05-30 05:39:11.781] GAME: TESLA(135,79,10) Shocked INVALID/(diyaab) for 30dmg.
[2024-05-30 05:39:11.781] GAME: TESLA(132,79,10) Shocked INVALID/(shantak) for 14dmg.
[2024-05-30 05:39:13.030] GAME: TIDI: 0.833333;0.772896;1.17614;2.29725
[2024-05-30 05:40:13.316] GAME: TIDI: 0.5;0.691028;1.07911;2.17544
[2024-05-30 05:41:13.394] GAME: TIDI: 0;0.483719;0.960035;2.0539
[2024-05-30 05:41:47.908] EMOTE: INVALID/(Cleanbot) (111,170,9): <B>Cleanbot</B> makes an excited booping sound!
[2024-05-30 05:42:13.455] GAME: TIDI: 0.166667;0.388603;0.845749;1.93308
[2024-05-30 05:43:14.857] GAME: TIDI: 2.33333;0.972022;0.871004;1.82687
[2024-05-30 05:43:45.385] EMOTE: INVALID/(Cleanbot) (111,170,9): <B>Cleanbot</B> makes an excited booping sound!
[2024-05-30 05:44:14.950] GAME: TIDI: 0.166667;0.730416;0.842886;1.72848
[2024-05-30 05:45:15.016] GAME: TIDI: 0.166667;0.561291;0.786567;1.63428
[2024-05-30 05:46:15.071] GAME: TIDI: 0;0.392904;0.707834;1.54164
[2024-05-30 05:47:05.609] EMOTE: INVALID/(Cleanbot) (111,170,9): <B>Cleanbot</B> makes an excited booping sound!
[2024-05-30 05:47:15.162] GAME: TIDI: 0.166667;0.325033;0.631274;1.4506
[2024-05-30 05:48:15.210] GAME: TIDI: 0.166667;0.277523;0.560524;1.3616
[2024-05-30 05:49:09.766] EMOTE: INVALID/(Cleanbot) (111,170,9): <B>Cleanbot</B> makes an excited booping sound!
[2024-05-30 05:49:15.310] GAME: TIDI: 0.166667;0.244266;0.497272;1.27516
[2024-05-30 05:50:15.358] GAME: TIDI: 0;0.170986;0.432015;1.19085
[2024-05-30 05:51:15.432] GAME: TIDI: 0.166667;0.16969;0.37955;1.10972
[2024-05-30 05:52:15.582] GAME: TIDI: 0.166667;0.168783;0.337397;1.03249
[2024-05-30 05:53:15.628] GAME: TIDI: 0.166667;0.168148;0.303547;0.959592
[2024-05-30 05:54:15.798] GAME: TIDI: 0.166667;0.167704;0.276378;0.891271
[2024-05-30 05:55:14.448] EMOTE: INVALID/(Cleanbot) (111,170,9): <B>Cleanbot</B> makes an excited booping sound!
[2024-05-30 05:55:15.984] GAME: TIDI: 0.333333;0.217393;0.264581;0.828602
[2024-05-30 05:56:16.050] GAME: TIDI: 0.166667;0.202175;0.2521;0.770952
[2024-05-30 05:57:16.097] GAME: TIDI: 0;0.141522;0.229984;0.716855
[2024-05-30 05:58:16.158] GAME: TIDI: 0.166667;0.149066;0.213801;0.666549
[2024-05-30 05:59:16.208] GAME: TIDI: 0.166667;0.154346;0.20191;0.620085
[2024-05-30 06:00:16.274] GAME: TIDI: 0;0.108042;0.183136;0.57639
[2024-05-30 06:01:16.882] GAME: TIDI: 1;0.37563;0.221635;0.540915
[2024-05-30 06:02:16.933] GAME: TIDI: 0.166667;0.312941;0.239896;0.510813
[2024-05-30 06:03:16.990] GAME: TIDI: 0;0.219058;0.235729;0.483305
[2024-05-30 06:03:39.472] EMOTE: INVALID/(Cleanbot) (111,170,9): <B>Cleanbot</B> makes an excited booping sound!
[2024-05-30 06:04:17.048] GAME: TIDI: 0.166667;0.203341;0.229251;0.457899
[2024-05-30 06:05:15.593] EMOTE: INVALID/(Cleanbot) (111,170,9): <B>Cleanbot</B> makes an excited booping sound!
[2024-05-30 06:05:17.144] GAME: TIDI: 0.166667;0.192339;0.221869;0.434296
[2024-05-30 06:05:25.608] EMOTE: INVALID/(Cleanbot) (111,170,9): <B>Cleanbot</B> makes an excited booping sound!
[2024-05-30 06:06:17.226] GAME: TIDI: 0.166667;0.184637;0.214422;0.412309
[2024-05-30 06:06:17.691] EMOTE: INVALID/(Cleanbot) (111,170,9): <B>Cleanbot</B> makes an excited booping sound!
[2024-05-30 06:07:17.290] GAME: TIDI: 0;0.129246;0.197387;0.390817
[2024-05-30 06:08:17.347] GAME: TIDI: 0.166667;0.140472;0.186004;0.370335
[2024-05-30 06:09:17.471] GAME: TIDI: 0.166667;0.148331;0.178469;0.351149
[2024-05-30 06:10:17.537] GAME: TIDI: 0.166667;0.153831;0.173542;0.333388
[2024-05-30 06:11:17.588] GAME: TIDI: 0;0.107682;0.16037;0.316086
[2024-05-30 06:11:38.088] EMOTE: INVALID/(Cleanbot) (111,170,9): <B>Cleanbot</B> makes an excited booping sound!
[2024-05-30 06:11:48.114] EMOTE: INVALID/(Cleanbot) (111,170,9): <B>Cleanbot</B> makes an excited booping sound!
[2024-05-30 06:12:17.673] GAME: TIDI: 0.166667;0.125377;0.153371;0.299815
[2024-05-30 06:13:17.737] GAME: TIDI: 0.166667;0.137764;0.15025;0.284858
[2024-05-30 06:14:17.868] GAME: TIDI: 0.166667;0.146435;0.149487;0.271321
[2024-05-30 06:15:17.932] GAME: TIDI: 0.166667;0.152504;0.15009;0.259198
[2024-05-30 06:16:18.015] GAME: TIDI: 0.166667;0.156753;0.151423;0.24842
[2024-05-30 06:17:18.072] GAME: TIDI: 0;0.109727;0.143084;0.237887
[2024-05-30 06:18:18.153] GAME: TIDI: 0.166667;0.126809;0.139829;0.228081
[2024-05-30 06:18:46.676] EMOTE: INVALID/(Cleanbot) (111,170,9): <B>Cleanbot</B> makes an excited booping sound!
[2024-05-30 06:19:02.692] EMOTE: INVALID/(Cleanbot) (111,170,9): <B>Cleanbot</B> makes an excited booping sound!
[2024-05-30 06:19:18.243] GAME: TIDI: 0.166667;0.138766;0.139616;0.219235
[2024-05-30 06:20:18.329] GAME: TIDI: 0.166667;0.147136;0.14112;0.211423
[2024-05-30 06:21:12.960] EMOTE: INVALID/(Cleanbot) (111,170,9): <B>Cleanbot</B> makes an excited booping sound!
[2024-05-30 06:21:18.503] GAME: TIDI: 0.333333;0.202996;0.153495;0.20563
[2024-05-30 06:22:07.096] EMOTE: INVALID/(Cleanbot) (111,170,9): <B>Cleanbot</B> makes an excited booping sound!
[2024-05-30 06:22:18.639] GAME: TIDI: 0.166667;0.192097;0.161216;0.201189
[2024-05-30 06:22:27.133] EMOTE: INVALID/(Cleanbot) (111,170,9): <B>Cleanbot</B> makes an excited booping sound!
[2024-05-30 06:23:18.752] GAME: TIDI: 0.166667;0.184468;0.165866;0.197657
[2024-05-30 06:24:05.294] EMOTE: INVALID/(Cleanbot) (111,170,9): <B>Cleanbot</B> makes an excited booping sound!
[2024-05-30 06:24:18.843] GAME: TIDI: 0.166667;0.179127;0.168518;0.194743
[2024-05-30 06:24:35.326] EMOTE: INVALID/(Cleanbot) (111,170,9): <B>Cleanbot</B> makes an excited booping sound!
[2024-05-30 06:25:18.887] GAME: TIDI: 0;0.125389;0.159893;0.191258
[2024-05-30 06:25:45.377] EMOTE: INVALID/(Cleanbot) (111,170,9): <B>Cleanbot</B> makes an excited booping sound!
[2024-05-30 06:26:18.944] GAME: TIDI: 0.166667;0.137772;0.155469;0.187679
[2024-05-30 06:27:19.024] GAME: TIDI: 0.166667;0.146441;0.153663;0.184277
[2024-05-30 06:28:19.099] GAME: TIDI: 0;0.102509;0.143432;0.180193
[2024-05-30 06:29:03.616] EMOTE: INVALID/(Cleanbot) (111,170,9): <B>Cleanbot</B> makes an excited booping sound!
[2024-05-30 06:29:13.626] EMOTE: INVALID/(Cleanbot) (111,170,9): <B>Cleanbot</B> makes an excited booping sound!
[2024-05-30 06:29:19.158] GAME: TIDI: 0.166667;0.121756;0.139097;0.176083
[2024-05-30 06:29:41.651] EMOTE: INVALID/(Cleanbot) (111,170,9): <B>Cleanbot</B> makes an excited booping sound!
[2024-05-30 06:29:53.670] EMOTE: INVALID/(Cleanbot) (111,170,9): <B>Cleanbot</B> makes an excited booping sound!
[2024-05-30 06:29:59.679] EMOTE: INVALID/(Cleanbot) (111,170,9): <B>Cleanbot</B> makes an excited booping sound!
[2024-05-30 06:30:19.228] GAME: TIDI: 0.166667;0.135229;0.138323;0.172307
[2024-05-30 06:31:19.485] GAME: TIDI: 0.333333;0.19466;0.149591;0.170036
[2024-05-30 06:31:46.000] EMOTE: INVALID/(Cleanbot) (111,170,9): <B>Cleanbot</B> makes an excited booping sound!
[2024-05-30 06:32:19.561] GAME: TIDI: 0.166667;0.186262;0.156925;0.168724
[2024-05-30 06:32:52.062] EMOTE: INVALID/(Cleanbot) (111,170,9): <B>Cleanbot</B> makes an excited booping sound!
[2024-05-30 06:32:58.062] EMOTE: INVALID/(Cleanbot) (111,170,9): <B>Cleanbot</B> makes an excited booping sound!
[2024-05-30 06:33:12.084] EMOTE: INVALID/(Cleanbot) (111,170,9): <B>Cleanbot</B> makes an excited booping sound!
[2024-05-30 06:33:19.630] GAME: TIDI: 0.166667;0.180384;0.161617;0.168014
[2024-05-30 06:34:19.690] GAME: TIDI: 0;0.126269;0.154547;0.166667
[2024-05-30 06:34:36.189] EMOTE: INVALID/(Cleanbot) (111,170,9): <B>Cleanbot</B> makes an excited booping sound!
[2024-05-30 06:35:10.286] EMOTE: INVALID/(Cleanbot) (111,170,9): <B>Cleanbot</B> makes an excited booping sound!
[2024-05-30 06:35:19.848] GAME: TIDI: 0.333333;0.188388;0.161315;0.166132
[2024-05-30 06:36:19.920] GAME: TIDI: 0.166667;0.181872;0.165427;0.166061
[2024-05-30 06:37:19.965] GAME: TIDI: 0;0.12731;0.157803;0.165236
[2024-05-30 06:37:56.491] EMOTE: INVALID/(Cleanbot) (111,170,9): <B>Cleanbot</B> makes an excited booping sound!
[2024-05-30 06:38:20.040] GAME: TIDI: 0.166667;0.139117;0.154066;0.164119
[2024-05-30 06:39:20.098] GAME: TIDI: 0;0.097382;0.142729;0.16198
[2024-05-30 06:39:28.570] EMOTE: INVALID/(Cleanbot) (111,170,9): <B>Cleanbot</B> makes an excited booping sound!
[2024-05-30 06:39:44.596] EMOTE: INVALID/(Cleanbot) (111,170,9): <B>Cleanbot</B> makes an excited booping sound!
[2024-05-30 06:40:20.167] GAME: TIDI: 0.166667;0.118167;0.137817;0.159563
[2024-05-30 06:41:14.691] EMOTE: INVALID/(Cleanbot) (111,170,9): <B>Cleanbot</B> makes an excited booping sound!
[2024-05-30 06:41:20.229] GAME: TIDI: 0.166667;0.132717;0.136797;0.157287
[2024-05-30 06:42:20.314] GAME: TIDI: 0.166667;0.142902;0.138018;0.15536
[2024-05-30 06:43:20.385] GAME: TIDI: 0;0.100031;0.130421;0.152866
[2024-05-30 06:44:20.477] GAME: TIDI: 0.166667;0.120022;0.128341;0.150413
[2024-05-30 06:45:20.557] GAME: TIDI: 0.166667;0.134015;0.129476;0.14832
[2024-05-30 06:46:20.611] GAME: TIDI: 0.166667;0.143811;0.132343;0.146722
[2024-05-30 06:47:20.680] GAME: TIDI: 0;0.100668;0.126008;0.144651
[2024-05-30 06:48:20.744] GAME: TIDI: 0.166667;0.120467;0.1249;0.142675
[2024-05-30 06:48:55.245] EMOTE: INVALID/(Cleanbot) (111,170,9): <B>Cleanbot</B> makes an excited booping sound!
[2024-05-30 06:49:20.807] GAME: TIDI: 0.166667;0.134327;0.126785;0.141086
[2024-05-30 06:50:20.869] GAME: TIDI: 0;0.094029;0.120234;0.139001
[2024-05-30 06:50:41.358] EMOTE: INVALID/(Cleanbot) (111,170,9): <B>Cleanbot</B> makes an excited booping sound!
[2024-05-30 06:51:11.379] EMOTE: INVALID/(Cleanbot) (111,170,9): <B>Cleanbot</B> makes an excited booping sound!
[2024-05-30 06:51:20.930] GAME: TIDI: 0.166667;0.11582;0.119351;0.137036
[2024-05-30 06:51:55.433] EMOTE: INVALID/(Cleanbot) (111,170,9): <B>Cleanbot</B> makes an excited booping sound!
[2024-05-30 06:52:21.003] GAME: TIDI: 0.166667;0.131074;0.121696;0.135502
[2024-05-30 06:52:47.481] EMOTE: INVALID/(Cleanbot) (111,170,9): <B>Cleanbot</B> makes an excited booping sound!
[2024-05-30 06:52:49.496] EMOTE: INVALID/(Cleanbot) (111,170,9): <B>Cleanbot</B> makes an excited booping sound!
[2024-05-30 06:53:21.081] GAME: TIDI: 0;0.0917519;0.115707;0.133523
[2024-05-30 06:54:17.672] EMOTE: INVALID/(Cleanbot) (111,170,9): <B>Cleanbot</B> makes an excited booping sound!
[2024-05-30 06:54:21.206] GAME: TIDI: 0.333333;0.164226;0.125411;0.132711
[2024-05-30 06:54:27.705] EMOTE: INVALID/(Cleanbot) (111,170,9): <B>Cleanbot</B> makes an excited booping sound!
[2024-05-30 06:55:21.283] GAME: TIDI: 0;0.114958;0.12332;0.131772
[2024-05-30 06:55:41.764] EMOTE: INVALID/(Cleanbot) (111,170,9): <B>Cleanbot</B> makes an excited booping sound!
[2024-05-30 06:55:43.768] EMOTE: INVALID/(Cleanbot) (111,170,9): <B>Cleanbot</B> makes an excited booping sound!
[2024-05-30 06:56:21.353] GAME: TIDI: 0.166667;0.130471;0.124751;0.13107
[2024-05-30 06:57:05.857] EMOTE: INVALID/(Cleanbot) (111,170,9): <B>Cleanbot</B> makes an excited booping sound!
[2024-05-30 06:57:21.413] GAME: TIDI: 0.166667;0.14133;0.128066;0.13077
[2024-05-30 06:58:21.485] GAME: TIDI: 0;0.0989308;0.122239;0.129917
[2024-05-30 06:58:31.970] EMOTE: INVALID/(Cleanbot) (111,170,9): <B>Cleanbot</B> makes an excited booping sound!
[2024-05-30 06:58:55.982] EMOTE: INVALID/(Cleanbot) (111,170,9): <B>Cleanbot</B> makes an excited booping sound!
[2024-05-30 06:59:21.551] GAME: TIDI: 0.166667;0.119252;0.121642;0.129089
[2024-05-30 07:00:21.639] GAME: TIDI: 0.166667;0.133476;0.124009;0.128581
[2024-05-30 07:01:21.779] GAME: TIDI: 0.166667;0.143433;0.127894;0.128512
[2024-05-30 07:02:21.876] GAME: TIDI: 0.166667;0.150403;0.132395;0.128901
[2024-05-30 07:03:21.961] GAME: TIDI: 0.166667;0.155282;0.136973;0.129708
[2024-05-30 07:03:48.458] EMOTE: INVALID/(Cleanbot) (111,170,9): <B>Cleanbot</B> makes an excited booping sound!
[2024-05-30 07:04:12.472] EMOTE: INVALID/(Cleanbot) (111,170,9): <B>Cleanbot</B> makes an excited booping sound!
[2024-05-30 07:04:14.475] EMOTE: INVALID/(Cleanbot) (111,170,9): <B>Cleanbot</B> makes an excited booping sound!
[2024-05-30 07:04:22.017] GAME: TIDI: 0.166667;0.158698;0.141318;0.130869
[2024-05-30 07:04:36.511] EMOTE: INVALID/(Cleanbot) (111,170,9): <B>Cleanbot</B> makes an excited booping sound!
[2024-05-30 07:04:38.511] EMOTE: INVALID/(Cleanbot) (111,170,9): <B>Cleanbot</B> makes an excited booping sound!
[2024-05-30 07:05:12.542] EMOTE: INVALID/(Cleanbot) (111,170,9): <B>Cleanbot</B> makes an excited booping sound!
[2024-05-30 07:05:22.087] GAME: TIDI: 0;0.111088;0.135272;0.131309
[2024-05-30 07:06:22.144] GAME: TIDI: 0.166667;0.127762;0.13377;0.131555
[2024-05-30 07:07:22.197] GAME: TIDI: 0;0.0894333;0.124903;0.13089
[2024-05-30 07:08:22.274] GAME: TIDI: 0.166667;0.112603;0.122443;0.130045
[2024-05-30 07:09:20.787] EMOTE: INVALID/(Cleanbot) (111,170,9): <B>Cleanbot</B> makes an excited booping sound!
[2024-05-30 07:09:22.325] GAME: TIDI: 0.166667;0.128822;0.123719;0.129413
[2024-05-30 07:10:22.549] GAME: TIDI: 0.333333;0.190176;0.13701;0.130172
[2024-05-30 07:11:13.111] EMOTE: INVALID/(Cleanbot) (111,170,9): <B>Cleanbot</B> makes an excited booping sound!
[2024-05-30 07:11:22.654] GAME: TIDI: 0.166667;0.183123;0.146233;0.131778
[2024-05-30 07:12:22.741] GAME: TIDI: 0.166667;0.178186;0.152623;0.133863
[2024-05-30 07:13:22.891] GAME: TIDI: 0.166667;0.17473;0.157045;0.136181
[2024-05-30 07:13:35.361] EMOTE: INVALID/(Cleanbot) (111,170,9): <B>Cleanbot</B> makes an excited booping sound!
[2024-05-30 07:14:05.406] EMOTE: INVALID/(Cleanbot) (111,170,9): <B>Cleanbot</B> makes an excited booping sound!
[2024-05-30 07:14:17.418] EMOTE: INVALID/(Cleanbot) (111,170,9): <B>Cleanbot</B> makes an excited booping sound!
[2024-05-30 07:14:22.949] GAME: TIDI: 0.166667;0.172311;0.160098;0.138573
[2024-05-30 07:15:23.032] GAME: TIDI: 0.166667;0.170618;0.162202;0.140936
[2024-05-30 07:15:47.541] EMOTE: INVALID/(Cleanbot) (111,170,9): <B>Cleanbot</B> makes an excited booping sound!
[2024-05-30 07:15:57.556] EMOTE: INVALID/(Cleanbot) (111,170,9): <B>Cleanbot</B> makes an excited booping sound!
[2024-05-30 07:16:23.132] GAME: TIDI: 0.166667;0.169432;0.163648;0.143207
[2024-05-30 07:17:23.209] GAME: TIDI: 0.166667;0.168603;0.164639;0.14535
[2024-05-30 07:18:23.327] GAME: TIDI: 0.166667;0.168022;0.165316;0.147347
[2024-05-30 07:19:23.427] GAME: TIDI: 0.166667;0.167615;0.165776;0.14919
[2024-05-30 07:20:23.494] GAME: TIDI: 0;0.117331;0.156087;0.149879
[2024-05-30 07:21:23.557] GAME: TIDI: 0.166667;0.132132;0.151296;0.150021
[2024-05-30 07:21:24.025] EMOTE: INVALID/(Cleanbot) (111,170,9): <B>Cleanbot</B> makes an excited booping sound!
[2024-05-30 07:22:04.081] EMOTE: INVALID/(Cleanbot) (111,170,9): <B>Cleanbot</B> makes an excited booping sound!
[2024-05-30 07:22:23.644] GAME: TIDI: 0.166667;0.142492;0.149535;0.149972
[2024-05-30 07:23:23.712] GAME: TIDI: 0.166667;0.149744;0.149577;0.149933
[2024-05-30 07:24:23.800] GAME: TIDI: 0.166667;0.154821;0.150626;0.150002
[2024-05-30 07:25:23.890] GAME: TIDI: 0;0.108375;0.142175;0.149219
[2024-05-30 07:25:24.361] EMOTE: INVALID/(Cleanbot) (111,170,9): <B>Cleanbot</B> makes an excited booping sound!
[2024-05-30 07:25:28.364] EMOTE: INVALID/(Cleanbot) (111,170,9): <B>Cleanbot</B> makes an excited booping sound!
[2024-05-30 07:26:23.954] GAME: TIDI: 0.166667;0.125862;0.138913;0.148189
[2024-05-30 07:27:24.035] GAME: TIDI: 0.166667;0.138104;0.138751;0.147245
[2024-05-30 07:27:32.506] EMOTE: INVALID/(Cleanbot) (111,170,9): <B>Cleanbot</B> makes an excited booping sound!
[2024-05-30 07:28:24.123] GAME: TIDI: 0.166667;0.146673;0.140335;0.146554
[2024-05-30 07:29:24.171] GAME: TIDI: 0;0.102671;0.132802;0.145179
[2024-05-30 07:30:24.217] GAME: TIDI: 0.166667;0.12187;0.130616;0.143722
[2024-05-30 07:31:24.371] GAME: TIDI: 0.166667;0.135309;0.131554;0.142506
[2024-05-30 07:32:24.456] GAME: TIDI: 0.166667;0.144716;0.134187;0.141674
[2024-05-30 07:32:54.977] EMOTE: INVALID/(Cleanbot) (111,170,9): <B>Cleanbot</B> makes an excited booping sound!
[2024-05-30 07:33:19.003] EMOTE: INVALID/(Cleanbot) (111,170,9): <B>Cleanbot</B> makes an excited booping sound!
[2024-05-30 07:33:24.544] GAME: TIDI: 0.166667;0.151301;0.13761;0.141267
[2024-05-30 07:33:33.020] EMOTE: INVALID/(Cleanbot) (111,170,9): <B>Cleanbot</B> makes an excited booping sound!
[2024-05-30 07:34:15.106] EMOTE: INVALID/(Cleanbot) (111,170,9): <B>Cleanbot</B> makes an excited booping sound!
[2024-05-30 07:34:24.642] GAME: TIDI: 0.166667;0.155911;0.14127;0.141268
[2024-05-30 07:34:47.157] EMOTE: INVALID/(Cleanbot) (111,170,9): <B>Cleanbot</B> makes an excited booping sound!
[2024-05-30 07:35:24.733] GAME: TIDI: 0.166667;0.159138;0.144843;0.141625
[2024-05-30 07:36:24.832] GAME: TIDI: 0.166667;0.161396;0.148154;0.142278
[2024-05-30 07:36:47.326] EMOTE: INVALID/(Cleanbot) (111,170,9): <B>Cleanbot</B> makes an excited booping sound!
[2024-05-30 07:37:25.002] GAME: TIDI: 0.333333;0.212977;0.161119;0.144162
[2024-05-30 07:38:01.522] EMOTE: INVALID/(Cleanbot) (111,170,9): <B>Cleanbot</B> makes an excited booping sound!
[2024-05-30 07:38:25.071] GAME: TIDI: 0;0.149084;0.158712;0.145617
[2024-05-30 07:38:35.555] EMOTE: INVALID/(Cleanbot) (111,170,9): <B>Cleanbot</B> makes an excited booping sound!
[2024-05-30 07:39:25.157] GAME: TIDI: 0.166667;0.154359;0.157841;0.14684
[2024-05-30 07:40:25.298] GAME: TIDI: 0.166667;0.158051;0.157883;0.147944
[2024-05-30 07:41:25.501] GAME: TIDI: 0.5;0.260636;0.178434;0.150993
[2024-05-30 07:42:25.558] GAME: TIDI: 0;0.182445;0.179236;0.153817
[2024-05-30 07:43:25.655] GAME: TIDI: 0.166667;0.177712;0.178931;0.156329
[2024-05-30 07:44:08.172] EMOTE: INVALID/(Cleanbot) (111,170,9): <B>Cleanbot</B> makes an excited booping sound!
[2024-05-30 07:44:25.735] GAME: TIDI: 0.166667;0.174398;0.178025;0.158498
[2024-05-30 07:44:58.230] EMOTE: INVALID/(Cleanbot) (111,170,9): <B>Cleanbot</B> makes an excited booping sound!
[2024-05-30 07:45:14.253] EMOTE: INVALID/(Cleanbot) (111,170,9): <B>Cleanbot</B> makes an excited booping sound!
[2024-05-30 07:45:25.790] GAME: TIDI: 0;0.122079;0.166835;0.159332
[2024-05-30 07:46:25.875] GAME: TIDI: 0.166667;0.135455;0.160559;0.159455
[2024-05-30 07:47:25.978] GAME: TIDI: 0.166667;0.144819;0.157411;0.15925
[2024-05-30 07:47:38.466] EMOTE: INVALID/(Cleanbot) (111,170,9): <B>Cleanbot</B> makes an excited booping sound!
[2024-05-30 07:48:26.063] GAME: TIDI: 0.166667;0.151373;0.156204;0.158946
[2024-05-30 07:48:36.530] EMOTE: INVALID/(Cleanbot) (111,170,9): <B>Cleanbot</B> makes an excited booping sound!
[2024-05-30 07:48:40.548] EMOTE: INVALID/(Cleanbot) (111,170,9): <B>Cleanbot</B> makes an excited booping sound!
[2024-05-30 07:49:00.582] EMOTE: INVALID/(Cleanbot) (111,170,9): <B>Cleanbot</B> makes an excited booping sound!
[2024-05-30 07:49:26.151] GAME: TIDI: 0.166667;0.155961;0.156155;0.158667
[2024-05-30 07:49:26.623] EMOTE: INVALID/(Cleanbot) (111,170,9): <B>Cleanbot</B> makes an excited booping sound!
[2024-05-30 07:50:26.220] GAME: TIDI: 0.166667;0.159173;0.156759;0.158476
[2024-05-30 07:51:26.306] GAME: TIDI: 0.166667;0.161421;0.157691;0.158397
[2024-05-30 07:52:26.480] GAME: TIDI: 0.166667;0.162995;0.158752;0.158433
[2024-05-30 07:53:26.549] GAME: TIDI: 0.166667;0.164096;0.159821;0.158572
[2024-05-30 07:54:25.117] EMOTE: INVALID/(Cleanbot) (111,170,9): <B>Cleanbot</B> makes an excited booping sound!
[2024-05-30 07:54:26.641] GAME: TIDI: 0.166667;0.164867;0.16083;0.158797
[2024-05-30 07:55:01.145] EMOTE: INVALID/(Cleanbot) (111,170,9): <B>Cleanbot</B> makes an excited booping sound!
[2024-05-30 07:55:26.726] GAME: TIDI: 0.166667;0.165407;0.161745;0.159092
[2024-05-30 07:56:26.813] GAME: TIDI: 0.166667;0.165785;0.162553;0.159438
[2024-05-30 07:57:26.880] GAME: TIDI: 0;0.11605;0.153253;0.15882
[2024-05-30 07:58:26.940] GAME: TIDI: 0.166667;0.131235;0.148849;0.157823
[2024-05-30 07:59:27.011] GAME: TIDI: 0.166667;0.141864;0.147452;0.156786
[2024-05-30 08:00:27.072] GAME: TIDI: 0;0.099305;0.137823;0.154889
[2024-05-30 08:00:29.539] EMOTE: INVALID/(Cleanbot) (111,170,9): <B>Cleanbot</B> makes an excited booping sound!
[2024-05-30 08:01:27.145] GAME: TIDI: 0.166667;0.119513;0.134161;0.152816
[2024-05-30 08:02:27.208] GAME: TIDI: 0.166667;0.133659;0.134061;0.150941
[2024-05-30 08:03:19.756] EMOTE: INVALID/(Cleanbot) (111,170,9): <B>Cleanbot</B> makes an excited booping sound!
[2024-05-30 08:03:27.300] GAME: TIDI: 0.166667;0.143562;0.135961;0.149443
[2024-05-30 08:04:27.379] GAME: TIDI: 0;0.100493;0.128867;0.147385
[2024-05-30 08:05:05.753] GAME: Autotransfer has called the shuttle.
[2024-05-30 08:05:27.848] GAME: TIDI: 0.833333;0.320345;0.167163;0.149363
[2024-05-30 08:06:27.923] GAME: TIDI: 0.166667;0.274242;0.188579;0.153285
[2024-05-30 08:07:27.999] GAME: TIDI: 0;0.191969;0.189257;0.156882
[2024-05-30 08:08:28.101] GAME: TIDI: 0.333333;0.234378;0.198281;0.161022
[2024-05-30 08:08:58.624] EMOTE: INVALID/(Cleanbot) (111,170,9): <B>Cleanbot</B> makes an excited booping sound!
[2024-05-30 08:09:24.646] EMOTE: INVALID/(Cleanbot) (111,170,9): <B>Cleanbot</B> makes an excited booping sound!
[2024-05-30 08:09:28.186] GAME: TIDI: 0;0.164065;0.191438;0.164063
[2024-05-30 08:09:46.687] EMOTE: INVALID/(Cleanbot) (111,170,9): <B>Cleanbot</B> makes an excited booping sound!
[2024-05-30 08:10:12.737] EMOTE: INVALID/(Cleanbot) (111,170,9): <B>Cleanbot</B> makes an excited booping sound!
[2024-05-30 08:10:28.986] GAME: TIDI: 1.33333;0.514845;0.256119;0.173269
[2024-05-30 08:11:21.480] EMOTE: INVALID/(Cleanbot) (111,170,9): <B>Cleanbot</B> makes an excited booping sound!
[2024-05-30 08:11:29.019] GAME: TIDI: 0.166667;0.410392;0.286974;0.184639
[2024-05-30 08:12:29.162] GAME: TIDI: 0.166667;0.337274;0.297034;0.195879
[2024-05-30 08:13:29.191] GAME: TIDI: 0;0.236092;0.284846;0.204776
[2024-05-30 08:13:49.668] EMOTE: INVALID/(Cleanbot) (111,170,9): <B>Cleanbot</B> makes an excited booping sound!
[2024-05-30 08:14:29.226] GAME: TIDI: 0.166667;0.215264;0.270929;0.211391
[2024-05-30 08:15:29.768] GAME: TIDI: 0.749376;0.375498;0.291843;0.219436
[2024-05-30 08:16:10.256] EMOTE: INVALID/(Cleanbot) (111,170,9): <B>Cleanbot</B> makes an excited booping sound!
[2024-05-30 08:16:29.869] GAME: TIDI: 0.166667;0.312848;0.296044;0.227097
[2024-05-30 08:17:29.964] GAME: TIDI: 0.166667;0.268994;0.290634;0.233451
[2024-05-30 08:18:20.462] EMOTE: INVALID/(Cleanbot) (111,170,9): <B>Cleanbot</B> makes an excited booping sound!
[2024-05-30 08:18:30.068] GAME: TIDI: 0.166667;0.238296;0.280166;0.238122
[2024-05-30 08:19:30.536] GAME: TIDI: 0.833333;0.416807;0.307495;0.245059
[2024-05-30 08:20:30.591] GAME: TIDI: 0;0.291765;0.304349;0.250988
[2024-05-30 08:20:45.019] EMOTE: INVALID/(Cleanbot) (111,170,9): <B>Cleanbot</B> makes an excited booping sound!
[2024-05-30 08:20:49.884] GAME: Antagonists at round end were...
[2024-05-30 08:21:30.915] GAME: TIDI: 0.666667;0.404235;0.324326;0.258322
[2024-05-30 08:22:07.413] EMOTE: INVALID/(Cleanbot) (111,170,9): <B>Cleanbot</B> makes an excited booping sound!
[2024-05-30 08:22:31.011] GAME: TIDI: 0.166667;0.332965;0.326054;0.265095
[2024-05-30 08:23:31.081] GAME: TIDI: 0;0.233075;0.307458;0.269332
[2024-05-30 08:23:47.507] EMOTE: INVALID/(Cleanbot) (111,170,9): <B>Cleanbot</B> makes an excited booping sound!
[2024-05-30 08:24:15.552] EMOTE: INVALID/(Cleanbot) (111,170,9): <B>Cleanbot</B> makes an excited booping sound!
[2024-05-30 08:24:31.162] GAME: TIDI: 0.166667;0.213153;0.288597;0.271258
