[2024-05-29 21:21:13.653] START: Starting up data/logs/2024/05-May/29-Wednesday/round-17-21-16.
[2024-05-29 21:24:17.780] RUNTIME: [2024-05-29T17:24:17] Runtime in code/modules/maps/tg/reader.dm,219: Undefined model key in DMM: virtual_reality/constructVR.dmm, hHa
[2024-05-29 21:26:05.427] RUNTIME: [2024-05-29T17:26:05] Runtime in code/controllers/subsystems/shuttles.dm,91: Attempted to register shuttle landmark with tag ship_Junker, but it is already registered!
[2024-05-29 21:26:05.433] RUNTIME:   proc name: register landmark (/datum/controller/subsystem/shuttles/proc/register_landmark)
[2024-05-29 21:26:05.453] RUNTIME:   src: Shuttles (/datum/controller/subsystem/shuttles)
[2024-05-29 21:26:05.462] RUNTIME:   call stack:
[2024-05-29 21:26:05.468] RUNTIME:   Shuttles (/datum/controller/subsystem/shuttles): register landmark("ship_Junker", Open Space (/obj/effect/shuttle_landmark/ship))
[2024-05-29 21:26:05.474] RUNTIME:   Open Space (/obj/effect/shuttle_landmark/ship): Initialize(1, "Junker")
[2024-05-29 21:26:05.479] RUNTIME:   Open Space (/obj/effect/shuttle_landmark/ship): Initialize(1, "Junker")
[2024-05-29 21:26:05.484] RUNTIME:   Atoms (/datum/controller/subsystem/atoms): InitAtom(Open Space (/obj/effect/shuttle_landmark/ship), /list (/list))
[2024-05-29 21:26:05.489] RUNTIME:   Open Space (/obj/effect/shuttle_landmark/ship): New(1, "Junker")
[2024-05-29 21:26:05.494] RUNTIME:   Open Space (/obj/effect/shuttle_landmark/ship): New(null, "Junker")
[2024-05-29 21:26:05.499] RUNTIME:   Junker (/obj/effect/overmap/visitable/ship/landable/junker): find z levels()
[2024-05-29 21:26:05.504] RUNTIME:   Junker (/obj/effect/overmap/visitable/ship/landable/junker): Initialize(1)
[2024-05-29 21:26:05.509] RUNTIME:   Junker (/obj/effect/overmap/visitable/ship/landable/junker): Initialize(1)
[2024-05-29 21:26:05.515] RUNTIME:   Junker (/obj/effect/overmap/visitable/ship/landable/junker): Initialize(1)
[2024-05-29 21:26:05.520] RUNTIME:   Junker (/obj/effect/overmap/visitable/ship/landable/junker): Initialize(1)
[2024-05-29 21:26:05.526] RUNTIME:   Atoms (/datum/controller/subsystem/atoms): InitAtom(Junker (/obj/effect/overmap/visitable/ship/landable/junker), /list (/list))
[2024-05-29 21:26:05.531] RUNTIME:   Atoms (/datum/controller/subsystem/atoms): InitializeAtoms(null)
[2024-05-29 21:26:05.537] RUNTIME:   Atoms (/datum/controller/subsystem/atoms): Initialize()
[2024-05-29 21:26:05.543] RUNTIME:   Master (/datum/controller/master): init subsystem(Atoms (/datum/controller/subsystem/atoms))
[2024-05-29 21:26:05.548] RUNTIME:   Master (/datum/controller/master): Initialize(10, 0, 1)
[2024-05-29 21:26:05.573] RUNTIME: [2024-05-29T17:26:05] Runtime in code/controllers/subsystems/shuttles.dm,91: Attempted to register shuttle landmark with tag junkspawn, but it is already registered!
[2024-05-29 21:26:05.579] RUNTIME:   proc name: register landmark (/datum/controller/subsystem/shuttles/proc/register_landmark)
[2024-05-29 21:26:05.584] RUNTIME:   src: Shuttles (/datum/controller/subsystem/shuttles)
[2024-05-29 21:26:05.589] RUNTIME:   call stack:
[2024-05-29 21:26:05.595] RUNTIME:   Shuttles (/datum/controller/subsystem/shuttles): register landmark("junkspawn", ??? (/obj/effect/shuttle_landmark))
[2024-05-29 21:26:05.600] RUNTIME:   ??? (/obj/effect/shuttle_landmark): Initialize(1)
[2024-05-29 21:26:05.606] RUNTIME:   Atoms (/datum/controller/subsystem/atoms): InitAtom(??? (/obj/effect/shuttle_landmark), /list (/list))
[2024-05-29 21:26:05.611] RUNTIME:   Atoms (/datum/controller/subsystem/atoms): InitializeAtoms(null)
[2024-05-29 21:26:05.616] RUNTIME:   Atoms (/datum/controller/subsystem/atoms): Initialize()
[2024-05-29 21:26:05.621] RUNTIME:   Master (/datum/controller/master): init subsystem(Atoms (/datum/controller/subsystem/atoms))
[2024-05-29 21:26:05.626] RUNTIME:   Master (/datum/controller/master): Initialize(10, 0, 1)
[2024-05-29 21:26:05.733] RUNTIME: [2024-05-29T17:26:05] Runtime in code/_helpers/unsorted.dm,1540: Docking controller tag junker had multiple associated programs.
[2024-05-29 21:26:05.745] RUNTIME:   proc name: stack trace (/datum/proc/stack_trace)
[2024-05-29 21:26:05.758] RUNTIME:   src: /datum/embedded_program/dockin... (/datum/embedded_program/docking/simple)
[2024-05-29 21:26:05.765] RUNTIME:   call stack:
[2024-05-29 21:26:05.772] RUNTIME:   /datum/embedded_program/dockin... (/datum/embedded_program/docking/simple): stack trace("Docking controller tag junker ...")
[2024-05-29 21:26:05.777] RUNTIME:   /datum/embedded_program/dockin... (/datum/embedded_program/docking/simple): New(the docking hatch controller (/obj/machinery/embedded_controller/radio/simple_docking_controller))
[2024-05-29 21:26:05.782] RUNTIME:   /datum/embedded_program/dockin... (/datum/embedded_program/docking/simple): New(the docking hatch controller (/obj/machinery/embedded_controller/radio/simple_docking_controller))
[2024-05-29 21:26:05.790] RUNTIME:   the docking hatch controller (/obj/machinery/embedded_controller/radio/simple_docking_controller): Initialize(1)
[2024-05-29 21:26:05.795] RUNTIME:   the docking hatch controller (/obj/machinery/embedded_controller/radio/simple_docking_controller): Initialize(1)
[2024-05-29 21:26:05.800] RUNTIME:   Atoms (/datum/controller/subsystem/atoms): InitAtom(the docking hatch controller (/obj/machinery/embedded_controller/radio/simple_docking_controller), /list (/list))
[2024-05-29 21:26:05.805] RUNTIME:   Atoms (/datum/controller/subsystem/atoms): InitializeAtoms(null)
[2024-05-29 21:26:05.811] RUNTIME:   Atoms (/datum/controller/subsystem/atoms): Initialize()
[2024-05-29 21:26:05.816] RUNTIME:   Master (/datum/controller/master): init subsystem(Atoms (/datum/controller/subsystem/atoms))
[2024-05-29 21:26:05.821] RUNTIME:   Master (/datum/controller/master): Initialize(10, 0, 1)
[2024-05-29 21:26:05.849] RUNTIME: [2024-05-29T17:26:05] Runtime in code/controllers/subsystems/shuttles.dm,91: Attempted to register shuttle landmark with tag thor_nw, but it is already registered!
[2024-05-29 21:26:05.855] RUNTIME:   proc name: register landmark (/datum/controller/subsystem/shuttles/proc/register_landmark)
[2024-05-29 21:26:05.860] RUNTIME:   src: Shuttles (/datum/controller/subsystem/shuttles)
[2024-05-29 21:26:05.865] RUNTIME:   call stack:
[2024-05-29 21:26:05.871] RUNTIME:   Shuttles (/datum/controller/subsystem/shuttles): register landmark("thor_nw", Thor Jungle Northwest (/obj/effect/shuttle_landmark))
[2024-05-29 21:26:05.878] RUNTIME:   Thor Jungle Northwest (/obj/effect/shuttle_landmark): Initialize(1)
[2024-05-29 21:26:05.884] RUNTIME:   Atoms (/datum/controller/subsystem/atoms): InitAtom(Thor Jungle Northwest (/obj/effect/shuttle_landmark), /list (/list))
[2024-05-29 21:26:05.889] RUNTIME:   Atoms (/datum/controller/subsystem/atoms): InitializeAtoms(null)
[2024-05-29 21:26:05.894] RUNTIME:   Atoms (/datum/controller/subsystem/atoms): Initialize()
[2024-05-29 21:26:05.901] RUNTIME:   Master (/datum/controller/master): init subsystem(Atoms (/datum/controller/subsystem/atoms))
[2024-05-29 21:26:05.909] RUNTIME:   Master (/datum/controller/master): Initialize(10, 0, 1)
[2024-05-29 21:26:05.971] RUNTIME: [2024-05-29T17:26:05] Runtime in code/controllers/subsystems/shuttles.dm,91: Attempted to register shuttle landmark with tag spacebus_jungle, but it is already registered!
[2024-05-29 21:26:05.978] RUNTIME:   proc name: register landmark (/datum/controller/subsystem/shuttles/proc/register_landmark)
[2024-05-29 21:26:05.984] RUNTIME:   src: Shuttles (/datum/controller/subsystem/shuttles)
[2024-05-29 21:26:05.990] RUNTIME:   call stack:
[2024-05-29 21:26:05.996] RUNTIME:   Shuttles (/datum/controller/subsystem/shuttles): register landmark("spacebus_jungle", Jungle Outpost Space Bus Landi... (/obj/effect/shuttle_landmark))
[2024-05-29 21:26:06.001] RUNTIME:   Jungle Outpost Space Bus Landi... (/obj/effect/shuttle_landmark): Initialize(1)
[2024-05-29 21:26:06.007] RUNTIME:   Atoms (/datum/controller/subsystem/atoms): InitAtom(Jungle Outpost Space Bus Landi... (/obj/effect/shuttle_landmark), /list (/list))
[2024-05-29 21:26:06.015] RUNTIME:   Atoms (/datum/controller/subsystem/atoms): InitializeAtoms(null)
[2024-05-29 21:26:06.019] RUNTIME:   Atoms (/datum/controller/subsystem/atoms): Initialize()
[2024-05-29 21:26:06.026] RUNTIME:   Master (/datum/controller/master): init subsystem(Atoms (/datum/controller/subsystem/atoms))
[2024-05-29 21:26:06.031] RUNTIME:   Master (/datum/controller/master): Initialize(10, 0, 1)
[2024-05-29 21:26:06.042] RUNTIME: [2024-05-29T17:26:06] Runtime in code/_helpers/unsorted.dm,1540: Docking controller tag spacebus_jungle had multiple associated programs.
[2024-05-29 21:26:06.047] RUNTIME:   proc name: stack trace (/datum/proc/stack_trace)
[2024-05-29 21:26:06.052] RUNTIME:   src: /datum/embedded_program/dockin... (/datum/embedded_program/docking/simple)
[2024-05-29 21:26:06.058] RUNTIME:   call stack:
[2024-05-29 21:26:06.063] RUNTIME:   /datum/embedded_program/dockin... (/datum/embedded_program/docking/simple): stack trace("Docking controller tag spacebu...")
[2024-05-29 21:26:06.069] RUNTIME:   /datum/embedded_program/dockin... (/datum/embedded_program/docking/simple): New(the shuttle bay controller (/obj/machinery/embedded_controller/radio/simple_docking_controller))
[2024-05-29 21:26:06.075] RUNTIME:   /datum/embedded_program/dockin... (/datum/embedded_program/docking/simple): New(the shuttle bay controller (/obj/machinery/embedded_controller/radio/simple_docking_controller))
[2024-05-29 21:26:06.081] RUNTIME:   the shuttle bay controller (/obj/machinery/embedded_controller/radio/simple_docking_controller): Initialize(1)
[2024-05-29 21:26:06.086] RUNTIME:   the shuttle bay controller (/obj/machinery/embedded_controller/radio/simple_docking_controller): Initialize(1)
[2024-05-29 21:26:06.092] RUNTIME:   Atoms (/datum/controller/subsystem/atoms): InitAtom(the shuttle bay controller (/obj/machinery/embedded_controller/radio/simple_docking_controller), /list (/list))
[2024-05-29 21:26:06.098] RUNTIME:   Atoms (/datum/controller/subsystem/atoms): InitializeAtoms(null)
[2024-05-29 21:26:06.103] RUNTIME:   Atoms (/datum/controller/subsystem/atoms): Initialize()
[2024-05-29 21:26:06.108] RUNTIME:   Master (/datum/controller/master): init subsystem(Atoms (/datum/controller/subsystem/atoms))
[2024-05-29 21:26:06.113] RUNTIME:   Master (/datum/controller/master): Initialize(10, 0, 1)
[2024-05-29 21:26:06.343] RUNTIME: [2024-05-29T17:26:06] Runtime in code/controllers/subsystems/shuttles.dm,91: Attempted to register shuttle landmark with tag thor_e, but it is already registered!
[2024-05-29 21:26:06.349] RUNTIME:   proc name: register landmark (/datum/controller/subsystem/shuttles/proc/register_landmark)
[2024-05-29 21:26:06.355] RUNTIME:   src: Shuttles (/datum/controller/subsystem/shuttles)
[2024-05-29 21:26:06.363] RUNTIME:   call stack:
[2024-05-29 21:26:06.368] RUNTIME:   Shuttles (/datum/controller/subsystem/shuttles): register landmark("thor_e", Thor Jungle Caves (/obj/effect/shuttle_landmark))
[2024-05-29 21:26:06.374] RUNTIME:   Thor Jungle Caves (/obj/effect/shuttle_landmark): Initialize(1)
[2024-05-29 21:26:06.380] RUNTIME:   Atoms (/datum/controller/subsystem/atoms): InitAtom(Thor Jungle Caves (/obj/effect/shuttle_landmark), /list (/list))
[2024-05-29 21:26:06.386] RUNTIME:   Atoms (/datum/controller/subsystem/atoms): InitializeAtoms(null)
[2024-05-29 21:26:06.392] RUNTIME:   Atoms (/datum/controller/subsystem/atoms): Initialize()
[2024-05-29 21:26:06.398] RUNTIME:   Master (/datum/controller/master): init subsystem(Atoms (/datum/controller/subsystem/atoms))
[2024-05-29 21:26:06.403] RUNTIME:   Master (/datum/controller/master): Initialize(10, 0, 1)
[2024-05-29 21:46:51.508] RUNTIME: [2024-05-29T17:46:51] Runtime in code/_helpers/unsorted.dm,1540: Docking controller tag spacebus_jungle had multiple associated programs.
[2024-05-29 21:46:51.516] RUNTIME:   proc name: stack trace (/datum/proc/stack_trace)
[2024-05-29 21:46:51.521] RUNTIME:   usr: Simple Mob (/mob/observer/dead) @ (the floor) (16,36,20) (/turf/simulated/floor/tiled/red) (ckey=riotscopez)
[2024-05-29 21:46:51.526] RUNTIME:   usr.loc: (the floor) (16,36,20) (/turf/simulated/floor/tiled/red)
[2024-05-29 21:46:51.532] RUNTIME:   src: /datum/embedded_program/dockin... (/datum/embedded_program/docking/simple)
[2024-05-29 21:46:51.537] RUNTIME:   call stack:
[2024-05-29 21:46:51.542] RUNTIME:   /datum/embedded_program/dockin... (/datum/embedded_program/docking/simple): stack trace("Docking controller tag spacebu...")
[2024-05-29 21:46:51.548] RUNTIME:   /datum/embedded_program/dockin... (/datum/embedded_program/docking/simple): New(the shuttle bay controller (/obj/machinery/embedded_controller/radio/simple_docking_controller))
[2024-05-29 21:46:51.553] RUNTIME:   /datum/embedded_program/dockin... (/datum/embedded_program/docking/simple): New(the shuttle bay controller (/obj/machinery/embedded_controller/radio/simple_docking_controller))
[2024-05-29 21:46:51.560] RUNTIME:   the shuttle bay controller (/obj/machinery/embedded_controller/radio/simple_docking_controller): Initialize(1)
[2024-05-29 21:46:51.565] RUNTIME:   the shuttle bay controller (/obj/machinery/embedded_controller/radio/simple_docking_controller): Initialize(1)
[2024-05-29 21:46:51.571] RUNTIME:   Atoms (/datum/controller/subsystem/atoms): InitAtom(the shuttle bay controller (/obj/machinery/embedded_controller/radio/simple_docking_controller), /list (/list))
[2024-05-29 21:46:51.577] RUNTIME:   Atoms (/datum/controller/subsystem/atoms): InitializeAtoms(/list (/list))
[2024-05-29 21:46:51.583] RUNTIME:   Thor Surface (/datum/map_template/sc_lateload/thor): initTemplateBounds(/list (/list))
[2024-05-29 21:46:51.588] RUNTIME:   Thor Surface (/datum/map_template/sc_lateload/thor): load new z(0, 0)
[2024-05-29 21:46:51.593] RUNTIME:   RiotScopez (/client): Map template - New Z()
[2024-05-29 21:46:51.933] RUNTIME: [2024-05-29T17:46:51] Runtime in code/controllers/subsystems/shuttles.dm,91: Attempted to register shuttle landmark with tag spacebus_jungle, but it is already registered!
[2024-05-29 21:46:51.939] RUNTIME:   proc name: register landmark (/datum/controller/subsystem/shuttles/proc/register_landmark)
[2024-05-29 21:46:51.944] RUNTIME:   usr: Simple Mob (/mob/observer/dead) @ (the floor) (16,36,20) (/turf/simulated/floor/tiled/red) (ckey=riotscopez)
[2024-05-29 21:46:51.949] RUNTIME:   usr.loc: (the floor) (16,36,20) (/turf/simulated/floor/tiled/red)
[2024-05-29 21:46:51.955] RUNTIME:   src: Shuttles (/datum/controller/subsystem/shuttles)
[2024-05-29 21:46:51.961] RUNTIME:   call stack:
[2024-05-29 21:46:51.966] RUNTIME:   Shuttles (/datum/controller/subsystem/shuttles): register landmark("spacebus_jungle", Jungle Outpost Space Bus Landi... (/obj/effect/shuttle_landmark))
[2024-05-29 21:46:51.973] RUNTIME:   Jungle Outpost Space Bus Landi... (/obj/effect/shuttle_landmark): Initialize(1)
[2024-05-29 21:46:51.978] RUNTIME:   Atoms (/datum/controller/subsystem/atoms): InitAtom(Jungle Outpost Space Bus Landi... (/obj/effect/shuttle_landmark), /list (/list))
[2024-05-29 21:46:51.984] RUNTIME:   Atoms (/datum/controller/subsystem/atoms): InitializeAtoms(/list (/list))
[2024-05-29 21:46:51.989] RUNTIME:   Thor Surface (/datum/map_template/sc_lateload/thor): initTemplateBounds(/list (/list))
[2024-05-29 21:46:51.994] RUNTIME:   Thor Surface (/datum/map_template/sc_lateload/thor): load new z(0, 0)
[2024-05-29 21:46:51.999] RUNTIME:   RiotScopez (/client): Map template - New Z()
[2024-05-29 21:46:55.135] RUNTIME: [2024-05-29T17:46:55] Runtime in code/controllers/subsystems/shuttles.dm,91: Attempted to register shuttle landmark with tag ship_Junker, but it is already registered!
[2024-05-29 21:46:55.141] RUNTIME:   proc name: register landmark (/datum/controller/subsystem/shuttles/proc/register_landmark)
[2024-05-29 21:46:55.147] RUNTIME:   usr: Simple Mob (/mob/observer/dead) @ (the floor) (16,36,20) (/turf/simulated/floor/tiled/red) (ckey=riotscopez)
[2024-05-29 21:46:55.152] RUNTIME:   usr.loc: (the floor) (16,36,20) (/turf/simulated/floor/tiled/red)
[2024-05-29 21:46:55.158] RUNTIME:   src: Shuttles (/datum/controller/subsystem/shuttles)
[2024-05-29 21:46:55.163] RUNTIME:   call stack:
[2024-05-29 21:46:55.169] RUNTIME:   Shuttles (/datum/controller/subsystem/shuttles): register landmark("ship_Junker", Open Space (/obj/effect/shuttle_landmark/ship))
[2024-05-29 21:46:55.177] RUNTIME:   Open Space (/obj/effect/shuttle_landmark/ship): Initialize(1, "Junker")
[2024-05-29 21:46:55.184] RUNTIME:   Open Space (/obj/effect/shuttle_landmark/ship): Initialize(1, "Junker")
[2024-05-29 21:46:55.190] RUNTIME:   Atoms (/datum/controller/subsystem/atoms): InitAtom(Open Space (/obj/effect/shuttle_landmark/ship), /list (/list))
[2024-05-29 21:46:55.196] RUNTIME:   Open Space (/obj/effect/shuttle_landmark/ship): New(1, "Junker")
[2024-05-29 21:46:55.202] RUNTIME:   Open Space (/obj/effect/shuttle_landmark/ship): New(null, "Junker")
[2024-05-29 21:46:55.208] RUNTIME:   Junker (/obj/effect/overmap/visitable/ship/landable/junker): find z levels()
[2024-05-29 21:46:55.215] RUNTIME:   Junker (/obj/effect/overmap/visitable/ship/landable/junker): Initialize(1)
[2024-05-29 21:46:55.220] RUNTIME:   Junker (/obj/effect/overmap/visitable/ship/landable/junker): Initialize(1)
[2024-05-29 21:46:55.229] RUNTIME:   Junker (/obj/effect/overmap/visitable/ship/landable/junker): Initialize(1)
[2024-05-29 21:46:55.242] RUNTIME:   Junker (/obj/effect/overmap/visitable/ship/landable/junker): Initialize(1)
[2024-05-29 21:46:55.253] RUNTIME:   Atoms (/datum/controller/subsystem/atoms): InitAtom(Junker (/obj/effect/overmap/visitable/ship/landable/junker), /list (/list))
[2024-05-29 21:46:55.259] RUNTIME:   Atoms (/datum/controller/subsystem/atoms): InitializeAtoms(/list (/list))
[2024-05-29 21:46:55.265] RUNTIME:   Thor Surface (/datum/map_template/sc_lateload/thor): initTemplateBounds(/list (/list))
[2024-05-29 21:46:55.271] RUNTIME:   Thor Surface (/datum/map_template/sc_lateload/thor): load new z(0, 0)
[2024-05-29 21:46:55.275] RUNTIME:   RiotScopez (/client): Map template - New Z()
[2024-05-29 21:46:55.392] RUNTIME: [2024-05-29T17:46:55] Runtime in code/controllers/subsystems/shuttles.dm,91: Attempted to register shuttle landmark with tag junkspawn, but it is already registered!
[2024-05-29 21:46:55.399] RUNTIME:   proc name: register landmark (/datum/controller/subsystem/shuttles/proc/register_landmark)
[2024-05-29 21:46:55.405] RUNTIME:   usr: Simple Mob (/mob/observer/dead) @ (the floor) (16,36,20) (/turf/simulated/floor/tiled/red) (ckey=riotscopez)
[2024-05-29 21:46:55.411] RUNTIME:   usr.loc: (the floor) (16,36,20) (/turf/simulated/floor/tiled/red)
[2024-05-29 21:46:55.417] RUNTIME:   src: Shuttles (/datum/controller/subsystem/shuttles)
[2024-05-29 21:46:55.422] RUNTIME:   call stack:
[2024-05-29 21:46:55.427] RUNTIME:   Shuttles (/datum/controller/subsystem/shuttles): register landmark("junkspawn", ??? (/obj/effect/shuttle_landmark))
[2024-05-29 21:46:55.433] RUNTIME:   ??? (/obj/effect/shuttle_landmark): Initialize(1)
[2024-05-29 21:46:55.438] RUNTIME:   Atoms (/datum/controller/subsystem/atoms): InitAtom(??? (/obj/effect/shuttle_landmark), /list (/list))
[2024-05-29 21:46:55.443] RUNTIME:   Atoms (/datum/controller/subsystem/atoms): InitializeAtoms(/list (/list))
[2024-05-29 21:46:55.448] RUNTIME:   Thor Surface (/datum/map_template/sc_lateload/thor): initTemplateBounds(/list (/list))
[2024-05-29 21:46:55.454] RUNTIME:   Thor Surface (/datum/map_template/sc_lateload/thor): load new z(0, 0)
[2024-05-29 21:46:55.463] RUNTIME:   RiotScopez (/client): Map template - New Z()
[2024-05-29 21:46:55.475] RUNTIME: [2024-05-29T17:46:55] Runtime in code/_helpers/unsorted.dm,1540: Docking controller tag junker had multiple associated programs.
[2024-05-29 21:46:55.480] RUNTIME:   proc name: stack trace (/datum/proc/stack_trace)
[2024-05-29 21:46:55.485] RUNTIME:   usr: Simple Mob (/mob/observer/dead) @ (the floor) (16,36,20) (/turf/simulated/floor/tiled/red) (ckey=riotscopez)
[2024-05-29 21:46:55.490] RUNTIME:   usr.loc: (the floor) (16,36,20) (/turf/simulated/floor/tiled/red)
[2024-05-29 21:46:55.496] RUNTIME:   src: /datum/embedded_program/dockin... (/datum/embedded_program/docking/simple)
[2024-05-29 21:46:55.501] RUNTIME:   call stack:
[2024-05-29 21:46:55.507] RUNTIME:   /datum/embedded_program/dockin... (/datum/embedded_program/docking/simple): stack trace("Docking controller tag junker ...")
[2024-05-29 21:46:55.512] RUNTIME:   /datum/embedded_program/dockin... (/datum/embedded_program/docking/simple): New(the docking hatch controller (/obj/machinery/embedded_controller/radio/simple_docking_controller))
[2024-05-29 21:46:55.518] RUNTIME:   /datum/embedded_program/dockin... (/datum/embedded_program/docking/simple): New(the docking hatch controller (/obj/machinery/embedded_controller/radio/simple_docking_controller))
[2024-05-29 21:46:55.523] RUNTIME:   the docking hatch controller (/obj/machinery/embedded_controller/radio/simple_docking_controller): Initialize(1)
[2024-05-29 21:46:55.529] RUNTIME:   the docking hatch controller (/obj/machinery/embedded_controller/radio/simple_docking_controller): Initialize(1)
[2024-05-29 21:46:55.534] RUNTIME:   Atoms (/datum/controller/subsystem/atoms): InitAtom(the docking hatch controller (/obj/machinery/embedded_controller/radio/simple_docking_controller), /list (/list))
[2024-05-29 21:46:55.539] RUNTIME:   Atoms (/datum/controller/subsystem/atoms): InitializeAtoms(/list (/list))
[2024-05-29 21:46:55.545] RUNTIME:   Thor Surface (/datum/map_template/sc_lateload/thor): initTemplateBounds(/list (/list))
[2024-05-29 21:46:55.550] RUNTIME:   Thor Surface (/datum/map_template/sc_lateload/thor): load new z(0, 0)
[2024-05-29 21:46:55.556] RUNTIME:   RiotScopez (/client): Map template - New Z()
[2024-05-29 21:46:58.731] RUNTIME: [2024-05-29T17:46:58] Runtime in code/controllers/subsystems/shuttles.dm,91: Attempted to register shuttle landmark with tag thor_nw, but it is already registered!
[2024-05-29 21:46:58.736] RUNTIME:   proc name: register landmark (/datum/controller/subsystem/shuttles/proc/register_landmark)
[2024-05-29 21:46:58.741] RUNTIME:   usr: Simple Mob (/mob/observer/dead) @ (the floor) (16,36,20) (/turf/simulated/floor/tiled/red) (ckey=riotscopez)
[2024-05-29 21:46:58.746] RUNTIME:   usr.loc: (the floor) (16,36,20) (/turf/simulated/floor/tiled/red)
[2024-05-29 21:46:58.798] RUNTIME:   src: Shuttles (/datum/controller/subsystem/shuttles)
[2024-05-29 21:46:58.803] RUNTIME:   call stack:
[2024-05-29 21:46:58.809] RUNTIME:   Shuttles (/datum/controller/subsystem/shuttles): register landmark("thor_nw", Thor Jungle Northwest (/obj/effect/shuttle_landmark))
[2024-05-29 21:46:58.814] RUNTIME:   Thor Jungle Northwest (/obj/effect/shuttle_landmark): Initialize(1)
[2024-05-29 21:46:58.819] RUNTIME:   Atoms (/datum/controller/subsystem/atoms): InitAtom(Thor Jungle Northwest (/obj/effect/shuttle_landmark), /list (/list))
[2024-05-29 21:46:58.824] RUNTIME:   Atoms (/datum/controller/subsystem/atoms): InitializeAtoms(/list (/list))
[2024-05-29 21:46:58.829] RUNTIME:   Thor Surface (/datum/map_template/sc_lateload/thor): initTemplateBounds(/list (/list))
[2024-05-29 21:46:58.834] RUNTIME:   Thor Surface (/datum/map_template/sc_lateload/thor): load new z(0, 0)
[2024-05-29 21:46:58.838] RUNTIME:   RiotScopez (/client): Map template - New Z()
[2024-05-29 21:46:59.216] RUNTIME: [2024-05-29T17:46:59] Runtime in code/controllers/subsystems/shuttles.dm,91: Attempted to register shuttle landmark with tag thor_e, but it is already registered!
[2024-05-29 21:46:59.222] RUNTIME:   proc name: register landmark (/datum/controller/subsystem/shuttles/proc/register_landmark)
[2024-05-29 21:46:59.230] RUNTIME:   usr: Simple Mob (/mob/observer/dead) @ (the floor) (16,36,20) (/turf/simulated/floor/tiled/red) (ckey=riotscopez)
[2024-05-29 21:46:59.235] RUNTIME:   usr.loc: (the floor) (16,36,20) (/turf/simulated/floor/tiled/red)
[2024-05-29 21:46:59.240] RUNTIME:   src: Shuttles (/datum/controller/subsystem/shuttles)
[2024-05-29 21:46:59.248] RUNTIME:   call stack:
[2024-05-29 21:46:59.259] RUNTIME:   Shuttles (/datum/controller/subsystem/shuttles): register landmark("thor_e", Thor Jungle Caves (/obj/effect/shuttle_landmark))
[2024-05-29 21:46:59.267] RUNTIME:   Thor Jungle Caves (/obj/effect/shuttle_landmark): Initialize(1)
[2024-05-29 21:46:59.275] RUNTIME:   Atoms (/datum/controller/subsystem/atoms): InitAtom(Thor Jungle Caves (/obj/effect/shuttle_landmark), /list (/list))
[2024-05-29 21:46:59.281] RUNTIME:   Atoms (/datum/controller/subsystem/atoms): InitializeAtoms(/list (/list))
[2024-05-29 21:46:59.287] RUNTIME:   Thor Surface (/datum/map_template/sc_lateload/thor): initTemplateBounds(/list (/list))
[2024-05-29 21:46:59.293] RUNTIME:   Thor Surface (/datum/map_template/sc_lateload/thor): load new z(0, 0)
[2024-05-29 21:46:59.298] RUNTIME:   RiotScopez (/client): Map template - New Z()
[2024-05-29 21:57:37.876] RUNTIME: [2024-05-29T17:57:37] Runtime in modular_chomp/code/modules/power/cells/device_cells.dm,182: Cannot create objects of type null.
[2024-05-29 21:57:37.882] RUNTIME:   proc name: attack self (/obj/item/weapon/cell/device/weapon/recharge/alien/attack_self)
[2024-05-29 21:57:37.887] RUNTIME:   usr: Slabadon Beefivich (/mob/living/carbon/human) @ (the floor) (11,228,7) (/turf/unsimulated/floor) (ckey=riotscopez)
[2024-05-29 21:57:37.892] RUNTIME:   usr.loc: (the floor) (11,228,7) (/turf/unsimulated/floor)
[2024-05-29 21:57:37.898] RUNTIME:   src: the omni weapon power cell (/obj/item/weapon/cell/device/weapon/recharge/alien/omni)
[2024-05-29 21:57:37.903] RUNTIME:   src.loc: the floor (11,228,7) (/turf/unsimulated/floor)
[2024-05-29 21:57:37.908] RUNTIME:   call stack:
[2024-05-29 21:57:37.945] RUNTIME:   the omni weapon power cell (/obj/item/weapon/cell/device/weapon/recharge/alien/omni): attack self(Slabadon Beefivich (/mob/living/carbon/human))
[2024-05-29 21:57:37.952] RUNTIME:   Slabadon Beefivich (/mob/living/carbon/human): ClickOn(the omni weapon power cell (/obj/item/weapon/cell/device/weapon/recharge/alien/omni), "icon-x=16;icon-y=16;left=1;but...")
[2024-05-29 21:57:37.959] RUNTIME:   the omni weapon power cell (/obj/item/weapon/cell/device/weapon/recharge/alien/omni): Click(null, "mapwindow.map", "icon-x=16;icon-y=16;left=1;but...")
[2024-05-29 21:57:43.814] RUNTIME: [2024-05-29T17:57:43] Runtime in modular_chomp/code/modules/power/cells/device_cells.dm,182: Cannot create objects of type null.
[2024-05-29 21:57:43.820] RUNTIME:   proc name: attack self (/obj/item/weapon/cell/device/weapon/recharge/alien/attack_self)
[2024-05-29 21:57:43.826] RUNTIME:   usr: Slabadon Beefivich (/mob/living/carbon/human) @ (the floor) (11,229,7) (/turf/unsimulated/floor) (ckey=riotscopez)
[2024-05-29 21:57:43.831] RUNTIME:   usr.loc: (the floor) (11,229,7) (/turf/unsimulated/floor)
[2024-05-29 21:57:43.837] RUNTIME:   src: the omni weapon power cell (/obj/item/weapon/cell/device/weapon/recharge/alien/omni)
[2024-05-29 21:57:43.842] RUNTIME:   src.loc: the floor (11,229,7) (/turf/unsimulated/floor)
[2024-05-29 21:57:43.848] RUNTIME:   call stack:
[2024-05-29 21:57:43.854] RUNTIME:   the omni weapon power cell (/obj/item/weapon/cell/device/weapon/recharge/alien/omni): attack self(Slabadon Beefivich (/mob/living/carbon/human))
[2024-05-29 21:57:43.859] RUNTIME:   Slabadon Beefivich (/mob/living/carbon/human): ClickOn(the omni weapon power cell (/obj/item/weapon/cell/device/weapon/recharge/alien/omni), "icon-x=16;icon-y=17;left=1;but...")
[2024-05-29 21:57:43.865] RUNTIME:   the omni weapon power cell (/obj/item/weapon/cell/device/weapon/recharge/alien/omni): Click(null, "mapwindow.map", "icon-x=16;icon-y=17;left=1;but...")
[2024-05-29 21:57:51.391] RUNTIME: [2024-05-29T17:57:51] Runtime in modular_chomp/code/modules/power/cells/device_cells.dm,182: Cannot create objects of type null.
[2024-05-29 21:57:51.397] RUNTIME:   proc name: attack self (/obj/item/weapon/cell/device/weapon/recharge/alien/attack_self)
[2024-05-29 21:57:51.405] RUNTIME:   usr: Slabadon Beefivich (/mob/living/carbon/human) @ (the floor) (11,230,7) (/turf/unsimulated/floor) (ckey=riotscopez)
[2024-05-29 21:57:51.410] RUNTIME:   usr.loc: (the floor) (11,230,7) (/turf/unsimulated/floor)
[2024-05-29 21:57:51.415] RUNTIME:   src: the omni weapon power cell (/obj/item/weapon/cell/device/weapon/recharge/alien/omni)
[2024-05-29 21:57:51.420] RUNTIME:   src.loc: the floor (11,230,7) (/turf/unsimulated/floor)
[2024-05-29 21:57:51.425] RUNTIME:   call stack:
[2024-05-29 21:57:51.430] RUNTIME:   the omni weapon power cell (/obj/item/weapon/cell/device/weapon/recharge/alien/omni): attack self(Slabadon Beefivich (/mob/living/carbon/human))
[2024-05-29 21:57:51.435] RUNTIME:   Slabadon Beefivich (/mob/living/carbon/human): ClickOn(the omni weapon power cell (/obj/item/weapon/cell/device/weapon/recharge/alien/omni), "icon-x=16;icon-y=18;left=1;but...")
[2024-05-29 21:57:51.441] RUNTIME:   the omni weapon power cell (/obj/item/weapon/cell/device/weapon/recharge/alien/omni): Click(null, "mapwindow.map", "icon-x=16;icon-y=18;left=1;but...")
[2024-05-29 21:57:56.161] RUNTIME: [2024-05-29T17:57:56] Runtime in modular_chomp/code/modules/power/cells/device_cells.dm,182: Cannot create objects of type null.
[2024-05-29 21:57:56.173] RUNTIME:   proc name: attack self (/obj/item/weapon/cell/device/weapon/recharge/alien/attack_self)
[2024-05-29 21:57:56.182] RUNTIME:   usr: Slabadon Beefivich (/mob/living/carbon/human) @ (the floor) (11,229,7) (/turf/unsimulated/floor) (ckey=riotscopez)
[2024-05-29 21:57:56.188] RUNTIME:   usr.loc: (the floor) (11,229,7) (/turf/unsimulated/floor)
[2024-05-29 21:57:56.195] RUNTIME:   src: the omni weapon power cell (/obj/item/weapon/cell/device/weapon/recharge/alien/omni)
[2024-05-29 21:57:56.203] RUNTIME:   src.loc: the floor (11,229,7) (/turf/unsimulated/floor)
[2024-05-29 21:57:56.210] RUNTIME:   call stack:
[2024-05-29 21:57:56.218] RUNTIME:   the omni weapon power cell (/obj/item/weapon/cell/device/weapon/recharge/alien/omni): attack self(Slabadon Beefivich (/mob/living/carbon/human))
[2024-05-29 21:57:56.224] RUNTIME:   Slabadon Beefivich (/mob/living/carbon/human): ClickOn(the omni weapon power cell (/obj/item/weapon/cell/device/weapon/recharge/alien/omni), "icon-x=14;icon-y=17;left=1;but...")
[2024-05-29 21:57:56.230] RUNTIME:   the omni weapon power cell (/obj/item/weapon/cell/device/weapon/recharge/alien/omni): Click(null, "mapwindow.map", "icon-x=14;icon-y=17;left=1;but...")
