[2024-04-05 20:22:42.123] START: Starting up data/logs/2024/04-April/05-Friday/round-16-22-24.
[2024-04-05 20:22:43.723] DEBUG: Rebuilding Master Controller
[2024-04-05 20:24:14.433] DEBUG: Load: Could not find news channel Vir News Network to populate news articles.
[2024-04-05 20:24:52.693] DEBUG: Duplicate firedoors at 160,118,1
[2024-04-05 20:27:34.636] DEBUG: Initialized shuttle Stargazer (/datum/shuttle/autodock/overmap/stargazer)
[2024-04-05 20:27:34.644] DEBUG: Initialized shuttle Baby_mammoth (/datum/shuttle/autodock/overmap/baby_mammoth)
[2024-04-05 20:27:34.651] DEBUG: Initialized shuttle Ursula (/datum/shuttle/autodock/overmap/ursula)
[2024-04-05 20:27:34.668] DEBUG: Initialized shuttle Needle (/datum/shuttle/autodock/overmap/needle)
[2024-04-05 20:27:34.675] DEBUG: Initialized shuttle Echidna (/datum/shuttle/autodock/overmap/echidna)
[2024-04-05 20:27:34.683] DEBUG: Initialized shuttle Space Bus (/datum/shuttle/autodock/overmap/spacebus)
[2024-04-05 20:27:34.683] DEBUG: Initialized shuttle Junker (/datum/shuttle/autodock/overmap/junker)
[2024-04-05 20:27:34.689] DEBUG: Initialized shuttle Escape Pod 1 (/datum/shuttle/autodock/ferry/escape_pod/escape_pod1)
[2024-04-05 20:27:34.695] DEBUG: Initialized shuttle Escape Pod 2 (/datum/shuttle/autodock/ferry/escape_pod/escape_pod2)
[2024-04-05 20:27:34.701] DEBUG: Initialized shuttle Escape Pod 3 (/datum/shuttle/autodock/ferry/escape_pod/escape_pod3)
[2024-04-05 20:27:34.706] DEBUG: Initialized shuttle Escape Pod 4 (/datum/shuttle/autodock/ferry/escape_pod/escape_pod4)
[2024-04-05 20:27:34.713] DEBUG: Initialized shuttle Escape Pod 5 (/datum/shuttle/autodock/ferry/escape_pod/escape_pod5)
[2024-04-05 20:27:34.719] DEBUG: Initialized shuttle Escape Pod 6 (/datum/shuttle/autodock/ferry/escape_pod/escape_pod6)
[2024-04-05 20:27:34.724] DEBUG: Initialized shuttle Escape Pod 7 (/datum/shuttle/autodock/ferry/escape_pod/escape_pod7)
[2024-04-05 20:27:34.730] DEBUG: Initialized shuttle Escape Pod 8 (/datum/shuttle/autodock/ferry/escape_pod/escape_pod8)
[2024-04-05 20:27:34.735] DEBUG: Initialized shuttle Cryostorage Shuttle (/datum/shuttle/autodock/ferry/escape_pod/escape_pod_cryo)
[2024-04-05 20:27:34.740] DEBUG: Initialized shuttle Large Escape Pod 1 (/datum/shuttle/autodock/ferry/escape_pod/large_escape_pod1)
[2024-04-05 20:27:34.744] DEBUG: Initialized shuttle Large Escape Pod 2 (/datum/shuttle/autodock/ferry/escape_pod/large_escape_pod2)
[2024-04-05 20:27:34.744] DEBUG: Initialized shuttle Arrivals (/datum/shuttle/autodock/ferry/arrivals/southern_cross)
[2024-04-05 20:27:34.749] DEBUG: Initialized shuttle Escape (/datum/shuttle/autodock/ferry/emergency/centcom)
[2024-04-05 20:27:34.749] DEBUG: Initialized shuttle Supply (/datum/shuttle/autodock/ferry/supply/cargo)
[2024-04-05 20:27:34.753] DEBUG: Initialized shuttle Exploration (/datum/shuttle/autodock/ferry/exploration)
[2024-04-05 20:27:34.758] DEBUG: Initialized shuttle Administration Shuttle (/datum/shuttle/autodock/multi/administration)
[2024-04-05 20:27:34.762] DEBUG: Initialized shuttle Centcom Transport Shuttle (/datum/shuttle/autodock/multi/centcom)
[2024-04-05 20:27:34.766] DEBUG: Initialized shuttle Merchant (/datum/shuttle/autodock/multi/merchant)
[2024-04-05 20:27:34.767] DEBUG: &lt;span class=&#39;danger&#39;&gt;warning: shuttle Skipjack can&#39;t find its controller with tag skipjack_shuttle!&lt;/span&gt;
[2024-04-05 20:27:34.767] DEBUG: Initialized shuttle Skipjack (/datum/shuttle/autodock/multi/heist)
[2024-04-05 20:27:34.767] DEBUG: Initialized shuttle Mercenary Ship (/datum/shuttle/autodock/multi/syndicate)
[2024-04-05 20:27:34.767] DEBUG: Initialized shuttle Ninja Shuttle (/datum/shuttle/autodock/multi/ninja)
[2024-04-05 20:27:34.771] DEBUG: Initialized shuttle Response Operations Shuttle (/datum/shuttle/autodock/multi/ert)
[2024-04-05 20:27:34.776] DEBUG: Initialized shuttle Shuttle 3 (/datum/shuttle/autodock/web_shuttle/shuttle3)
[2024-04-05 20:27:34.988] DEBUG: Generating cloud of 5 carp school overmap event hazards
[2024-04-05 20:27:34.989] DEBUG: Generating cloud of 8 ion cloud overmap event hazards
[2024-04-05 20:27:34.990] DEBUG: Generating cloud of 8 ion cloud overmap event hazards
[2024-04-05 20:27:34.991] DEBUG: Generating cloud of 16 dust cloud overmap event hazards
[2024-04-05 20:27:34.993] DEBUG: Generating cloud of 8 carp shoal overmap event hazards
[2024-04-05 20:27:34.994] DEBUG: Generating cloud of 5 carp school overmap event hazards
[2024-04-05 20:27:34.995] DEBUG: Generating cloud of 11 electrical storm overmap event hazards
[2024-04-05 20:27:34.996] DEBUG: Generating cloud of 16 dust cloud overmap event hazards
[2024-04-05 20:27:34.998] DEBUG: Generating cloud of 8 ion cloud overmap event hazards
[2024-04-05 20:27:34.999] DEBUG: Generating cloud of 5 carp school overmap event hazards
[2024-04-05 20:27:34.999] DEBUG: Generating cloud of 8 carp shoal overmap event hazards
[2024-04-05 20:27:35.000] DEBUG: Generating cloud of 16 dust cloud overmap event hazards
[2024-04-05 20:27:35.002] DEBUG: Generating cloud of 5 carp school overmap event hazards
[2024-04-05 20:27:35.003] DEBUG: Generating cloud of 11 electrical storm overmap event hazards
[2024-04-05 20:27:35.004] DEBUG: Generating cloud of 8 ion cloud overmap event hazards
[2024-04-05 20:27:35.004] DEBUG: Generating cloud of 5 carp school overmap event hazards
[2024-04-05 20:27:35.004] DEBUG: Generating cloud of 15 asteroid field overmap event hazards
[2024-04-05 20:27:35.007] DEBUG: Generating cloud of 15 asteroid field overmap event hazards
[2024-04-05 20:27:35.009] DEBUG: Generating cloud of 16 dust cloud overmap event hazards
[2024-04-05 20:27:35.011] DEBUG: Generating cloud of 11 electrical storm overmap event hazards
[2024-04-05 20:27:35.011] DEBUG: Generating cloud of 8 ion cloud overmap event hazards
[2024-04-05 20:27:35.012] DEBUG: Generating cloud of 11 electrical storm overmap event hazards
[2024-04-05 20:27:35.013] DEBUG: Generating cloud of 15 asteroid field overmap event hazards
[2024-04-05 20:27:35.015] DEBUG: Generating cloud of 11 electrical storm overmap event hazards
[2024-04-05 20:27:35.015] DEBUG: Generating cloud of 8 carp shoal overmap event hazards
[2024-04-05 20:27:35.016] DEBUG: Generating cloud of 15 asteroid field overmap event hazards
[2024-04-05 20:27:35.018] DEBUG: Generating cloud of 8 ion cloud overmap event hazards
[2024-04-05 20:27:35.018] DEBUG: Generating cloud of 16 dust cloud overmap event hazards
[2024-04-05 20:27:35.020] DEBUG: Generating cloud of 8 ion cloud overmap event hazards
[2024-04-05 20:27:35.021] DEBUG: Generating cloud of 15 asteroid field overmap event hazards
[2024-04-05 20:27:35.024] DEBUG: Generating cloud of 11 electrical storm overmap event hazards
[2024-04-05 20:27:35.024] DEBUG: Generating cloud of 11 electrical storm overmap event hazards
[2024-04-05 20:27:35.025] DEBUG: Generating cloud of 11 electrical storm overmap event hazards
[2024-04-05 20:27:35.026] DEBUG: Generating cloud of 5 carp school overmap event hazards
[2024-04-05 20:27:35.026] DEBUG: Generating cloud of 15 asteroid field overmap event hazards
[2024-04-05 20:27:35.028] DEBUG: Generating cloud of 8 carp shoal overmap event hazards
[2024-04-05 20:27:35.029] DEBUG: Generating cloud of 8 carp shoal overmap event hazards
[2024-04-05 20:27:35.029] DEBUG: Generating cloud of 16 dust cloud overmap event hazards
[2024-04-05 20:27:35.031] DEBUG: Generating cloud of 11 electrical storm overmap event hazards
[2024-04-05 20:27:35.032] DEBUG: Generating cloud of 8 carp shoal overmap event hazards
[2024-04-05 20:27:35.032] DEBUG: Generating cloud of 11 electrical storm overmap event hazards
[2024-04-05 20:27:35.033] DEBUG: Generating cloud of 15 asteroid field overmap event hazards
[2024-04-05 20:27:35.035] DEBUG: Generating cloud of 15 asteroid field overmap event hazards
[2024-04-05 20:27:35.037] DEBUG: Generating cloud of 16 dust cloud overmap event hazards
[2024-04-05 20:29:21.623] DEBUG: TiDi Starting Log
[2024-04-05 20:32:31.215] DEBUG: Next event of severity Mundane in 52.586 minutes.
[2024-04-05 20:32:31.215] DEBUG: Next event of severity Moderate in 30 minutes.
[2024-04-05 20:32:31.215] DEBUG: Next event of severity Major in 100 minutes.
[2024-04-05 20:32:31.680] DEBUG: Thor&#39;s weather is now rain, with a temperature of 298.983&amp;deg;K (25.8333&amp;deg;C | 78.5&amp;deg;F).
[2024-04-05 20:32:31.680] DEBUG: Thor&#39;s weather forecast is now &#39;rain, rain,  then rain&#39;.
[2024-04-05 20:32:31.680] DEBUG: Sif&#39;s weather is now overcast, with a temperature of 283.15&amp;deg;K (10&amp;deg;C | 50&amp;deg;F).
[2024-04-05 20:32:31.680] DEBUG: Sif&#39;s weather forecast is now &#39;overcast, overcast,  then fog&#39;.
[2024-04-05 20:40:46.177] DEBUG: Thor&#39;s weather is now rain, with a temperature of 298.983&amp;deg;K (25.8333&amp;deg;C | 78.5&amp;deg;F).
[2024-04-05 20:40:46.177] DEBUG: Thor&#39;s weather forecast is now &#39;rain, rain,  then rain&#39;.
[2024-04-05 20:42:47.447] DEBUG: Sif&#39;s weather is now overcast, with a temperature of 283.15&amp;deg;K (10&amp;deg;C | 50&amp;deg;F).
[2024-04-05 20:42:47.447] DEBUG: Sif&#39;s weather forecast is now &#39;overcast, fog,  then fog&#39;.
[2024-04-05 20:45:47.513] DEBUG: Thor&#39;s weather is now rain, with a temperature of 298.983&amp;deg;K (25.8333&amp;deg;C | 78.5&amp;deg;F).
[2024-04-05 20:45:47.513] DEBUG: Thor&#39;s weather forecast is now &#39;rain, rain,  then rain&#39;.
[2024-04-05 20:52:47.714] DEBUG: Thor&#39;s weather is now rain, with a temperature of 298.983&amp;deg;K (25.8333&amp;deg;C | 78.5&amp;deg;F).
[2024-04-05 20:52:47.715] DEBUG: Thor&#39;s weather forecast is now &#39;rain, rain,  then overcast&#39;.
[2024-04-05 20:52:47.715] DEBUG: Sif&#39;s weather is now overcast, with a temperature of 283.15&amp;deg;K (10&amp;deg;C | 50&amp;deg;F).
[2024-04-05 20:52:47.715] DEBUG: Sif&#39;s weather forecast is now &#39;fog, fog,  then clear&#39;.
[2024-04-05 20:58:47.901] DEBUG: Sif&#39;s weather is now fog, with a temperature of 273.15&amp;deg;K (0&amp;deg;C | 32&amp;deg;F).
[2024-04-05 20:58:47.901] DEBUG: Sif&#39;s weather forecast is now &#39;fog, clear,  then overcast&#39;.
[2024-04-05 21:00:48.503] DEBUG: Thor&#39;s weather is now rain, with a temperature of 298.983&amp;deg;K (25.8333&amp;deg;C | 78.5&amp;deg;F).
[2024-04-05 21:00:48.503] DEBUG: Thor&#39;s weather forecast is now &#39;rain, overcast,  then overcast&#39;.
[2024-04-05 21:05:48.624] DEBUG: Thor&#39;s weather is now rain, with a temperature of 298.983&amp;deg;K (25.8333&amp;deg;C | 78.5&amp;deg;F).
[2024-04-05 21:05:48.625] DEBUG: Thor&#39;s weather forecast is now &#39;overcast, overcast,  then overcast&#39;.
[2024-04-05 21:07:48.668] DEBUG: Sif&#39;s weather is now fog, with a temperature of 272.525&amp;deg;K (-0.625&amp;deg;C | 30.875&amp;deg;F).
[2024-04-05 21:07:48.668] DEBUG: Sif&#39;s weather forecast is now &#39;clear, overcast,  then overcast&#39;.
[2024-04-05 21:13:48.837] DEBUG: Thor&#39;s weather is now overcast, with a temperature of 298.983&amp;deg;K (25.8333&amp;deg;C | 78.5&amp;deg;F).
[2024-04-05 21:13:48.837] DEBUG: Thor&#39;s weather forecast is now &#39;overcast, overcast,  then rain&#39;.
[2024-04-05 21:16:49.023] DEBUG: Sif&#39;s weather is now clear, with a temperature of 281.9&amp;deg;K (8.75&amp;deg;C | 47.75&amp;deg;F).
[2024-04-05 21:16:49.023] DEBUG: Sif&#39;s weather forecast is now &#39;overcast, overcast,  then overcast&#39;.
[2024-04-05 21:18:49.418] DEBUG: Thor&#39;s weather is now overcast, with a temperature of 298.15&amp;deg;K (25&amp;deg;C | 77&amp;deg;F).
[2024-04-05 21:18:49.418] DEBUG: Thor&#39;s weather forecast is now &#39;overcast, rain,  then overcast&#39;.
[2024-04-05 21:23:49.557] DEBUG: Thor&#39;s weather is now overcast, with a temperature of 298.15&amp;deg;K (25&amp;deg;C | 77&amp;deg;F).
[2024-04-05 21:23:49.557] DEBUG: Thor&#39;s weather forecast is now &#39;rain, overcast,  then overcast&#39;.
[2024-04-05 21:26:49.668] DEBUG: Sif&#39;s weather is now overcast, with a temperature of 281.9&amp;deg;K (8.75&amp;deg;C | 47.75&amp;deg;F).
[2024-04-05 21:26:49.669] DEBUG: Sif&#39;s weather forecast is now &#39;overcast, overcast,  then fog&#39;.
[2024-04-05 21:29:50.092] DEBUG: Thor&#39;s weather is now rain, with a temperature of 298.15&amp;deg;K (25&amp;deg;C | 77&amp;deg;F).
[2024-04-05 21:29:50.092] DEBUG: Thor&#39;s weather forecast is now &#39;overcast, overcast,  then clear&#39;.
[2024-04-05 21:33:50.237] DEBUG: Sif&#39;s weather is now overcast, with a temperature of 280.65&amp;deg;K (7.5&amp;deg;C | 45.5&amp;deg;F).
[2024-04-05 21:33:50.237] DEBUG: Sif&#39;s weather forecast is now &#39;overcast, fog,  then fog&#39;.
[2024-04-05 21:34:50.254] DEBUG: Thor&#39;s weather is now overcast, with a temperature of 298.15&amp;deg;K (25&amp;deg;C | 77&amp;deg;F).
[2024-04-05 21:34:50.254] DEBUG: Thor&#39;s weather forecast is now &#39;overcast, clear,  then overcast&#39;.
[2024-04-05 21:41:50.461] DEBUG: Thor&#39;s weather is now overcast, with a temperature of 298.15&amp;deg;K (25&amp;deg;C | 77&amp;deg;F).
[2024-04-05 21:41:50.462] DEBUG: Thor&#39;s weather forecast is now &#39;clear, overcast,  then overcast&#39;.
[2024-04-05 21:41:50.462] DEBUG: Sif&#39;s weather is now overcast, with a temperature of 280.65&amp;deg;K (7.5&amp;deg;C | 45.5&amp;deg;F).
[2024-04-05 21:41:50.462] DEBUG: Sif&#39;s weather forecast is now &#39;fog, fog,  then clear&#39;.
[2024-04-05 21:49:50.722] DEBUG: Thor&#39;s weather is now clear, with a temperature of 298.15&amp;deg;K (25&amp;deg;C | 77&amp;deg;F).
[2024-04-05 21:49:50.722] DEBUG: Thor&#39;s weather forecast is now &#39;overcast, overcast,  then rain&#39;.
[2024-04-05 21:51:50.803] DEBUG: Sif&#39;s weather is now fog, with a temperature of 271.9&amp;deg;K (-1.25&amp;deg;C | 29.75&amp;deg;F).
[2024-04-05 21:51:50.803] DEBUG: Sif&#39;s weather forecast is now &#39;fog, clear,  then overcast&#39;.
[2024-04-05 21:55:51.339] DEBUG: Thor&#39;s weather is now overcast, with a temperature of 298.15&amp;deg;K (25&amp;deg;C | 77&amp;deg;F).
[2024-04-05 21:55:51.339] DEBUG: Thor&#39;s weather forecast is now &#39;overcast, rain,  then rain&#39;.
[2024-04-05 21:59:51.495] DEBUG: Sif&#39;s weather is now fog, with a temperature of 271.9&amp;deg;K (-1.25&amp;deg;C | 29.75&amp;deg;F).
[2024-04-05 21:59:51.495] DEBUG: Sif&#39;s weather forecast is now &#39;clear, overcast,  then overcast&#39;.
[2024-04-05 22:00:51.516] DEBUG: Thor&#39;s weather is now overcast, with a temperature of 298.983&amp;deg;K (25.8333&amp;deg;C | 78.5&amp;deg;F).
[2024-04-05 22:00:51.516] DEBUG: Thor&#39;s weather forecast is now &#39;rain, rain,  then rain&#39;.
[2024-04-05 22:05:51.648] DEBUG: Thor&#39;s weather is now rain, with a temperature of 298.983&amp;deg;K (25.8333&amp;deg;C | 78.5&amp;deg;F).
[2024-04-05 22:05:51.648] DEBUG: Thor&#39;s weather forecast is now &#39;rain, rain,  then rain&#39;.
[2024-04-05 22:09:51.798] DEBUG: Sif&#39;s weather is now clear, with a temperature of 280.65&amp;deg;K (7.5&amp;deg;C | 45.5&amp;deg;F).
[2024-04-05 22:09:51.799] DEBUG: Sif&#39;s weather forecast is now &#39;overcast, overcast,  then overcast&#39;.
[2024-04-05 22:14:52.515] DEBUG: Thor&#39;s weather is now rain, with a temperature of 298.983&amp;deg;K (25.8333&amp;deg;C | 78.5&amp;deg;F).
[2024-04-05 22:14:52.515] DEBUG: Thor&#39;s weather forecast is now &#39;rain, rain,  then rain&#39;.
[2024-04-05 22:17:52.573] DEBUG: Sif&#39;s weather is now overcast, with a temperature of 280.65&amp;deg;K (7.5&amp;deg;C | 45.5&amp;deg;F).
[2024-04-05 22:17:52.573] DEBUG: Sif&#39;s weather forecast is now &#39;overcast, overcast,  then fog&#39;.
[2024-04-05 22:20:53.038] DEBUG: Thor&#39;s weather is now rain, with a temperature of 298.983&amp;deg;K (25.8333&amp;deg;C | 78.5&amp;deg;F).
[2024-04-05 22:20:53.038] DEBUG: Thor&#39;s weather forecast is now &#39;rain, rain,  then rain&#39;.
[2024-04-05 22:26:53.236] DEBUG: Thor&#39;s weather is now rain, with a temperature of 298.983&amp;deg;K (25.8333&amp;deg;C | 78.5&amp;deg;F).
[2024-04-05 22:26:53.236] DEBUG: Thor&#39;s weather forecast is now &#39;rain, rain,  then rain&#39;.
[2024-04-05 22:26:53.237] DEBUG: Sif&#39;s weather is now overcast, with a temperature of 280.65&amp;deg;K (7.5&amp;deg;C | 45.5&amp;deg;F).
[2024-04-05 22:26:53.237] DEBUG: Sif&#39;s weather forecast is now &#39;overcast, fog,  then overcast&#39;.
[2024-04-05 22:31:53.367] DEBUG: Sif&#39;s weather is now overcast, with a temperature of 280.65&amp;deg;K (7.5&amp;deg;C | 45.5&amp;deg;F).
[2024-04-05 22:31:53.367] DEBUG: Sif&#39;s weather forecast is now &#39;fog, overcast,  then snow&#39;.
[2024-04-05 22:36:53.516] DEBUG: Thor&#39;s weather is now rain, with a temperature of 298.983&amp;deg;K (25.8333&amp;deg;C | 78.5&amp;deg;F).
[2024-04-05 22:36:53.516] DEBUG: Thor&#39;s weather forecast is now &#39;rain, rain,  then overcast&#39;.
[2024-04-05 22:39:53.642] DEBUG: Sif&#39;s weather is now fog, with a temperature of 271.9&amp;deg;K (-1.25&amp;deg;C | 29.75&amp;deg;F).
[2024-04-05 22:39:53.642] DEBUG: Sif&#39;s weather forecast is now &#39;overcast, snow,  then snow&#39;.
[2024-04-05 22:41:54.095] DEBUG: Thor&#39;s weather is now rain, with a temperature of 298.983&amp;deg;K (25.8333&amp;deg;C | 78.5&amp;deg;F).
[2024-04-05 22:41:54.095] DEBUG: Thor&#39;s weather forecast is now &#39;rain, overcast,  then overcast&#39;.
[2024-04-05 22:45:54.180] DEBUG: Sif&#39;s weather is now overcast, with a temperature of 279.4&amp;deg;K (6.25&amp;deg;C | 43.25&amp;deg;F).
[2024-04-05 22:45:54.180] DEBUG: Sif&#39;s weather forecast is now &#39;snow, snow,  then snow&#39;.
[2024-04-05 22:49:54.845] DEBUG: Thor&#39;s weather is now rain, with a temperature of 298.983&amp;deg;K (25.8333&amp;deg;C | 78.5&amp;deg;F).
[2024-04-05 22:49:54.845] DEBUG: Thor&#39;s weather forecast is now &#39;overcast, overcast,  then overcast&#39;.
[2024-04-05 22:52:54.939] DEBUG: Sif&#39;s weather is now snow, with a temperature of 267.525&amp;deg;K (-5.625&amp;deg;C | 21.875&amp;deg;F).
[2024-04-05 22:52:54.940] DEBUG: Sif&#39;s weather forecast is now &#39;snow, snow,  then snow&#39;.
[2024-04-05 22:55:55.885] DEBUG: Thor&#39;s weather is now overcast, with a temperature of 298.983&amp;deg;K (25.8333&amp;deg;C | 78.5&amp;deg;F).
[2024-04-05 22:55:55.885] DEBUG: Thor&#39;s weather forecast is now &#39;overcast, overcast,  then rain&#39;.
[2024-04-05 22:59:56.035] DEBUG: Sif&#39;s weather is now snow, with a temperature of 267.525&amp;deg;K (-5.625&amp;deg;C | 21.875&amp;deg;F).
[2024-04-05 22:59:56.036] DEBUG: Sif&#39;s weather forecast is now &#39;snow, snow,  then hail&#39;.
[2024-04-05 23:04:56.205] DEBUG: Thor&#39;s weather is now overcast, with a temperature of 299.817&amp;deg;K (26.6667&amp;deg;C | 80&amp;deg;F).
[2024-04-05 23:04:56.205] DEBUG: Thor&#39;s weather forecast is now &#39;overcast, rain,  then rain&#39;.
[2024-04-05 23:06:56.243] DEBUG: Sif&#39;s weather is now snow, with a temperature of 267.525&amp;deg;K (-5.625&amp;deg;C | 21.875&amp;deg;F).
[2024-04-05 23:06:56.243] DEBUG: Sif&#39;s weather forecast is now &#39;snow, hail,  then rain&#39;.
[2024-04-05 23:12:56.549] DEBUG: Sif&#39;s weather is now snow, with a temperature of 267.525&amp;deg;K (-5.625&amp;deg;C | 21.875&amp;deg;F).
[2024-04-05 23:12:56.549] DEBUG: Sif&#39;s weather forecast is now &#39;hail, rain,  then rain&#39;.
[2024-04-05 23:14:56.667] DEBUG: Thor&#39;s weather is now overcast, with a temperature of 299.817&amp;deg;K (26.6667&amp;deg;C | 80&amp;deg;F).
[2024-04-05 23:14:56.667] DEBUG: Thor&#39;s weather forecast is now &#39;rain, rain,  then rain&#39;.
[2024-04-05 23:17:56.794] DEBUG: Sif&#39;s weather is now hail, with a temperature of 267.525&amp;deg;K (-5.625&amp;deg;C | 21.875&amp;deg;F).
[2024-04-05 23:17:56.795] DEBUG: Sif&#39;s weather forecast is now &#39;rain, rain,  then rain&#39;.
[2024-04-05 23:20:57.290] DEBUG: Thor&#39;s weather is now rain, with a temperature of 299.817&amp;deg;K (26.6667&amp;deg;C | 80&amp;deg;F).
[2024-04-05 23:20:57.290] DEBUG: Thor&#39;s weather forecast is now &#39;rain, rain,  then rain&#39;.
[2024-04-05 23:22:57.389] DEBUG: Sif&#39;s weather is now rain, with a temperature of 279.4&amp;deg;K (6.25&amp;deg;C | 43.25&amp;deg;F).
[2024-04-05 23:22:57.389] DEBUG: Sif&#39;s weather forecast is now &#39;rain, rain,  then rain&#39;.
[2024-04-05 23:25:58.795] DEBUG: Thor&#39;s weather is now rain, with a temperature of 299.817&amp;deg;K (26.6667&amp;deg;C | 80&amp;deg;F).
[2024-04-05 23:25:58.795] DEBUG: Thor&#39;s weather forecast is now &#39;rain, rain,  then rain&#39;.
[2024-04-05 23:30:08.321] DEBUG: Sif&#39;s weather is now rain, with a temperature of 279.4&amp;deg;K (6.25&amp;deg;C | 43.25&amp;deg;F).
[2024-04-05 23:30:08.321] DEBUG: Sif&#39;s weather forecast is now &#39;rain, rain,  then rain&#39;.
[2024-04-05 23:31:31.195] DEBUG: The crew transfer shuttle would have been called at vote time due to no players being present.
[2024-04-05 23:32:08.366] DEBUG: Thor&#39;s weather is now rain, with a temperature of 299.817&amp;deg;K (26.6667&amp;deg;C | 80&amp;deg;F).
[2024-04-05 23:32:08.366] DEBUG: Thor&#39;s weather forecast is now &#39;rain, rain,  then rain&#39;.
[2024-04-05 23:36:08.569] DEBUG: Sif&#39;s weather is now rain, with a temperature of 279.4&amp;deg;K (6.25&amp;deg;C | 43.25&amp;deg;F).
[2024-04-05 23:36:08.569] DEBUG: Sif&#39;s weather forecast is now &#39;rain, rain,  then overcast&#39;.
[2024-04-05 23:38:08.647] DEBUG: Thor&#39;s weather is now rain, with a temperature of 299.817&amp;deg;K (26.6667&amp;deg;C | 80&amp;deg;F).
[2024-04-05 23:38:08.647] DEBUG: Thor&#39;s weather forecast is now &#39;rain, rain,  then overcast&#39;.
[2024-04-05 23:44:08.831] DEBUG: Thor&#39;s weather is now rain, with a temperature of 299.817&amp;deg;K (26.6667&amp;deg;C | 80&amp;deg;F).
[2024-04-05 23:44:08.831] DEBUG: Thor&#39;s weather forecast is now &#39;rain, overcast,  then overcast&#39;.
[2024-04-05 23:46:08.931] DEBUG: Sif&#39;s weather is now rain, with a temperature of 279.4&amp;deg;K (6.25&amp;deg;C | 43.25&amp;deg;F).
[2024-04-05 23:46:08.931] DEBUG: Sif&#39;s weather forecast is now &#39;rain, overcast,  then overcast&#39;.
[2024-04-05 23:51:09.055] DEBUG: Thor&#39;s weather is now rain, with a temperature of 299.817&amp;deg;K (26.6667&amp;deg;C | 80&amp;deg;F).
[2024-04-05 23:51:09.055] DEBUG: Thor&#39;s weather forecast is now &#39;overcast, overcast,  then overcast&#39;.
[2024-04-05 23:53:09.084] DEBUG: Sif&#39;s weather is now rain, with a temperature of 279.4&amp;deg;K (6.25&amp;deg;C | 43.25&amp;deg;F).
[2024-04-05 23:53:09.084] DEBUG: Sif&#39;s weather forecast is now &#39;overcast, overcast,  then fog&#39;.
[2024-04-05 23:58:09.239] DEBUG: Thor&#39;s weather is now overcast, with a temperature of 299.817&amp;deg;K (26.6667&amp;deg;C | 80&amp;deg;F).
[2024-04-05 23:58:09.239] DEBUG: Thor&#39;s weather forecast is now &#39;overcast, overcast,  then overcast&#39;.
[2024-04-06 00:02:09.378] DEBUG: Sif&#39;s weather is now overcast, with a temperature of 279.4&amp;deg;K (6.25&amp;deg;C | 43.25&amp;deg;F).
[2024-04-06 00:02:09.378] DEBUG: Sif&#39;s weather forecast is now &#39;overcast, fog,  then fog&#39;.
[2024-04-06 00:07:09.988] DEBUG: Sif&#39;s weather is now overcast, with a temperature of 278.15&amp;deg;K (5&amp;deg;C | 41&amp;deg;F).
[2024-04-06 00:07:09.988] DEBUG: Sif&#39;s weather forecast is now &#39;fog, fog,  then fog&#39;.
[2024-04-06 00:08:10.253] DEBUG: Thor&#39;s weather is now overcast, with a temperature of 300.65&amp;deg;K (27.5&amp;deg;C | 81.5&amp;deg;F).
[2024-04-06 00:08:10.253] DEBUG: Thor&#39;s weather forecast is now &#39;overcast, overcast,  then overcast&#39;.
[2024-04-06 00:17:10.502] DEBUG: Sif&#39;s weather is now fog, with a temperature of 270.65&amp;deg;K (-2.5&amp;deg;C | 27.5&amp;deg;F).
[2024-04-06 00:17:10.502] DEBUG: Sif&#39;s weather forecast is now &#39;fog, fog,  then rain&#39;.
[2024-04-06 00:18:10.902] DEBUG: Thor&#39;s weather is now overcast, with a temperature of 300.65&amp;deg;K (27.5&amp;deg;C | 81.5&amp;deg;F).
[2024-04-06 00:18:10.902] DEBUG: Thor&#39;s weather forecast is now &#39;overcast, overcast,  then rain&#39;.
[2024-04-06 00:23:11.099] DEBUG: Thor&#39;s weather is now overcast, with a temperature of 300.65&amp;deg;K (27.5&amp;deg;C | 81.5&amp;deg;F).
[2024-04-06 00:23:11.099] DEBUG: Thor&#39;s weather forecast is now &#39;overcast, rain,  then overcast&#39;.
[2024-04-06 00:23:11.100] DEBUG: Sif&#39;s weather is now fog, with a temperature of 270.65&amp;deg;K (-2.5&amp;deg;C | 27.5&amp;deg;F).
[2024-04-06 00:23:11.100] DEBUG: Sif&#39;s weather forecast is now &#39;fog, rain,  then overcast&#39;.
[2024-04-06 00:31:31.336] DEBUG: The crew transfer shuttle would have been called at vote time due to no players being present.
[2024-04-06 00:33:11.377] DEBUG: Thor&#39;s weather is now overcast, with a temperature of 300.65&amp;deg;K (27.5&amp;deg;C | 81.5&amp;deg;F).
[2024-04-06 00:33:11.378] DEBUG: Thor&#39;s weather forecast is now &#39;rain, overcast,  then rain&#39;.
[2024-04-06 00:33:11.378] DEBUG: Sif&#39;s weather is now fog, with a temperature of 270.65&amp;deg;K (-2.5&amp;deg;C | 27.5&amp;deg;F).
[2024-04-06 00:33:11.378] DEBUG: Sif&#39;s weather forecast is now &#39;rain, overcast,  then overcast&#39;.
[2024-04-06 00:40:11.516] DEBUG: Thor&#39;s weather is now rain, with a temperature of 300.65&amp;deg;K (27.5&amp;deg;C | 81.5&amp;deg;F).
[2024-04-06 00:40:11.516] DEBUG: Thor&#39;s weather forecast is now &#39;overcast, rain,  then rain&#39;.
[2024-04-06 00:41:11.655] DEBUG: Sif&#39;s weather is now rain, with a temperature of 278.15&amp;deg;K (5&amp;deg;C | 41&amp;deg;F).
[2024-04-06 00:41:11.655] DEBUG: Sif&#39;s weather forecast is now &#39;overcast, overcast,  then overcast&#39;.
[2024-04-06 00:47:12.217] DEBUG: Sif&#39;s weather is now overcast, with a temperature of 276.9&amp;deg;K (3.75&amp;deg;C | 38.75&amp;deg;F).
[2024-04-06 00:47:12.218] DEBUG: Sif&#39;s weather forecast is now &#39;overcast, overcast,  then light snow&#39;.
[2024-04-06 00:48:12.583] DEBUG: Thor&#39;s weather is now overcast, with a temperature of 300.65&amp;deg;K (27.5&amp;deg;C | 81.5&amp;deg;F).
[2024-04-06 00:48:12.583] DEBUG: Thor&#39;s weather forecast is now &#39;rain, rain,  then rain&#39;.
[2024-04-06 00:55:12.727] DEBUG: Sif&#39;s weather is now overcast, with a temperature of 276.9&amp;deg;K (3.75&amp;deg;C | 38.75&amp;deg;F).
[2024-04-06 00:55:12.728] DEBUG: Sif&#39;s weather forecast is now &#39;overcast, light snow,  then light snow&#39;.
[2024-04-06 00:56:12.752] DEBUG: Thor&#39;s weather is now rain, with a temperature of 300.65&amp;deg;K (27.5&amp;deg;C | 81.5&amp;deg;F).
[2024-04-06 00:56:12.753] DEBUG: Thor&#39;s weather forecast is now &#39;rain, rain,  then rain&#39;.
[2024-04-06 01:04:12.959] DEBUG: Thor&#39;s weather is now rain, with a temperature of 301.483&amp;deg;K (28.3333&amp;deg;C | 83&amp;deg;F).
[2024-04-06 01:04:12.959] DEBUG: Thor&#39;s weather forecast is now &#39;rain, rain,  then rain&#39;.
[2024-04-06 01:05:12.990] DEBUG: Sif&#39;s weather is now overcast, with a temperature of 276.9&amp;deg;K (3.75&amp;deg;C | 38.75&amp;deg;F).
[2024-04-06 01:05:12.991] DEBUG: Sif&#39;s weather forecast is now &#39;light snow, light snow,  then light snow&#39;.
[2024-04-06 01:09:13.041] DEBUG: Thor&#39;s weather is now rain, with a temperature of 301.483&amp;deg;K (28.3333&amp;deg;C | 83&amp;deg;F).
[2024-04-06 01:09:13.041] DEBUG: Thor&#39;s weather forecast is now &#39;rain, rain,  then rain&#39;.
[2024-04-06 01:14:13.126] DEBUG: Sif&#39;s weather is now light snow, with a temperature of 268.462&amp;deg;K (-4.6875&amp;deg;C | 23.5625&amp;deg;F).
[2024-04-06 01:14:13.126] DEBUG: Sif&#39;s weather forecast is now &#39;light snow, light snow,  then fog&#39;.
[2024-04-06 01:18:13.698] DEBUG: Thor&#39;s weather is now rain, with a temperature of 301.483&amp;deg;K (28.3333&amp;deg;C | 83&amp;deg;F).
[2024-04-06 01:18:13.698] DEBUG: Thor&#39;s weather forecast is now &#39;rain, rain,  then overcast&#39;.
[2024-04-06 01:20:13.739] DEBUG: Sif&#39;s weather is now light snow, with a temperature of 268.462&amp;deg;K (-4.6875&amp;deg;C | 23.5625&amp;deg;F).
[2024-04-06 01:20:13.739] DEBUG: Sif&#39;s weather forecast is now &#39;light snow, fog,  then clear&#39;.
[2024-04-06 01:26:13.906] DEBUG: Thor&#39;s weather is now rain, with a temperature of 301.483&amp;deg;K (28.3333&amp;deg;C | 83&amp;deg;F).
[2024-04-06 01:26:13.906] DEBUG: Thor&#39;s weather forecast is now &#39;rain, overcast,  then overcast&#39;.
[2024-04-06 01:26:13.906] DEBUG: Sif&#39;s weather is now light snow, with a temperature of 268.462&amp;deg;K (-4.6875&amp;deg;C | 23.5625&amp;deg;F).
[2024-04-06 01:26:13.907] DEBUG: Sif&#39;s weather forecast is now &#39;fog, clear,  then clear&#39;.
[2024-04-06 01:31:14.023] DEBUG: Thor&#39;s weather is now rain, with a temperature of 301.483&amp;deg;K (28.3333&amp;deg;C | 83&amp;deg;F).
[2024-04-06 01:31:14.023] DEBUG: Thor&#39;s weather forecast is now &#39;overcast, overcast,  then rain&#39;.
[2024-04-06 01:31:14.024] DEBUG: Sif&#39;s weather is now fog, with a temperature of 270.025&amp;deg;K (-3.125&amp;deg;C | 26.375&amp;deg;F).
[2024-04-06 01:31:14.024] DEBUG: Sif&#39;s weather forecast is now &#39;clear, clear,  then overcast&#39;.
[2024-04-06 01:40:15.981] DEBUG: Thor&#39;s weather is now overcast, with a temperature of 301.483&amp;deg;K (28.3333&amp;deg;C | 83&amp;deg;F).
[2024-04-06 01:40:15.981] DEBUG: Thor&#39;s weather forecast is now &#39;overcast, rain,  then rain&#39;.
[2024-04-06 01:40:15.982] DEBUG: Sif&#39;s weather is now clear, with a temperature of 276.9&amp;deg;K (3.75&amp;deg;C | 38.75&amp;deg;F).
[2024-04-06 01:40:15.982] DEBUG: Sif&#39;s weather forecast is now &#39;clear, overcast,  then fog&#39;.
[2024-04-06 01:45:16.995] DEBUG: Thor&#39;s weather is now overcast, with a temperature of 301.483&amp;deg;K (28.3333&amp;deg;C | 83&amp;deg;F).
[2024-04-06 01:45:16.995] DEBUG: Thor&#39;s weather forecast is now &#39;rain, rain,  then rain&#39;.
[2024-04-06 01:47:21.296] DEBUG: Stopping all playing media...
[2024-04-06 01:50:17.547] DEBUG: Sif&#39;s weather is now clear, with a temperature of 275.65&amp;deg;K (2.5&amp;deg;C | 36.5&amp;deg;F).
[2024-04-06 01:50:17.547] DEBUG: Sif&#39;s weather forecast is now &#39;overcast, fog,  then clear&#39;.
[2024-04-06 01:51:24.285] DEBUG: 
[2024-04-06 01:51:24.290] DEBUG: Clearing DB queries standby:0 active: 0 all: 0
[2024-04-06 01:51:24.290] DEBUG: Done clearing DB queries standby:0 active: 0 all: 0
